This file contains any messages produced by compilers while
running configure, to aid debugging if configure makes a mistake.

It was created by readline configure 8.0, which was
generated by GNU Autoconf 2.69.  Invocation command line was

  $ ./configure --prefix=/home/cc/ee147/fl21/class/ee147-aaf/software/python/1 --with-curses=/home/cc/ee147/fl21/class/ee147-aaf/software/python/1 --enable-shared --enable-static

## --------- ##
## Platform. ##
## --------- ##

hostname = eda-1.EECS.Berkeley.EDU
uname -m = x86_64
uname -r = 3.10.0-1160.45.1.el7.x86_64
uname -s = Linux
uname -v = #1 SMP Wed Oct 13 17:20:51 UTC 2021

/usr/bin/uname -p = x86_64
/bin/uname -X     = unknown

/bin/arch              = x86_64
/usr/bin/arch -k       = unknown
/usr/convex/getsysinfo = unknown
/usr/bin/hostinfo      = unknown
/bin/machine           = unknown
/usr/bin/oslevel       = unknown
/bin/universe          = unknown

PATH: /home/cc/ee147/fl21/class/ee147-aaf/software/Python-3.10.0/python3.10/bin
PATH: /share/b/grading/bin
PATH: /home/ff/ee147/bin
PATH: /home/ff/ee147/bin/arch/x86_64
PATH: /usr/local/bin
PATH: /usr/sww/bin
PATH: /usr/bin
PATH: /bin
PATH: /usr/ucb
PATH: /usr/sfw/bin
PATH: /share/b/grading/bin
PATH: /share/b/grading/sbin
PATH: /share/b/runas/x86_64
PATH: /share/b/bin
PATH: /home/aa/projects/scheme/bin
PATH: /share/instsww/mgc/tanner/bin


## ----------- ##
## Core tests. ##
## ----------- ##

configure:2485: checking build system type
configure:2499: result: x86_64-pc-linux-gnu
configure:2519: checking host system type
configure:2532: result: x86_64-pc-linux-gnu
configure:2631: checking whether make sets $(MAKE)
configure:2653: result: yes
configure:2710: checking for gcc
configure:2726: found /usr/bin/gcc
configure:2737: result: gcc
configure:2966: checking for C compiler version
configure:2975: gcc --version >&5
gcc (GCC) 4.8.5 20150623 (Red Hat 4.8.5-44)
Copyright (C) 2015 Free Software Foundation, Inc.
This is free software; see the source for copying conditions.  There is NO
warranty; not even for MERCHANTABILITY or FITNESS FOR A PARTICULAR PURPOSE.

configure:2986: $? = 0
configure:2975: gcc -v >&5
Using built-in specs.
COLLECT_GCC=gcc
COLLECT_LTO_WRAPPER=/usr/libexec/gcc/x86_64-redhat-linux/4.8.5/lto-wrapper
Target: x86_64-redhat-linux
Configured with: ../configure --prefix=/usr --mandir=/usr/share/man --infodir=/usr/share/info --with-bugurl=http://bugzilla.redhat.com/bugzilla --enable-bootstrap --enable-shared --enable-threads=posix --enable-checking=release --with-system-zlib --enable-__cxa_atexit --disable-libunwind-exceptions --enable-gnu-unique-object --enable-linker-build-id --with-linker-hash-style=gnu --enable-languages=c,c++,objc,obj-c++,java,fortran,ada,go,lto --enable-plugin --enable-initfini-array --disable-libgcj --with-isl=/builddir/build/BUILD/gcc-4.8.5-20150702/obj-x86_64-redhat-linux/isl-install --with-cloog=/builddir/build/BUILD/gcc-4.8.5-20150702/obj-x86_64-redhat-linux/cloog-install --enable-gnu-indirect-function --with-tune=generic --with-arch_32=x86-64 --build=x86_64-redhat-linux
Thread model: posix
gcc version 4.8.5 20150623 (Red Hat 4.8.5-44) (GCC) 
configure:2986: $? = 0
configure:2975: gcc -V >&5
gcc: error: unrecognized command line option '-V'
gcc: fatal error: no input files
compilation terminated.
configure:2986: $? = 4
configure:2975: gcc -qversion >&5
gcc: error: unrecognized command line option '-qversion'
gcc: fatal error: no input files
compilation terminated.
configure:2986: $? = 4
configure:3006: checking whether the C compiler works
configure:3028: gcc -Wl,-rpath,/home/cc/ee147/fl21/class/ee147-aaf/software/python/1/lib:/home/cc/ee147/fl21/class/ee147-aaf/software/python/1/lib64 -I/home/cc/ee147/fl21/class/ee147-aaf/software/python/1/include -Wl,-rpath,/home/cc/ee147/fl21/class/ee147-aaf/software/python/1/lib:/home/cc/ee147/fl21/class/ee147-aaf/software/python/1/lib64 -I/home/cc/ee147/fl21/class/ee147-aaf/software/python/1/include -Wl,-rpath,/home/cc/ee147/fl21/class/ee147-aaf/software/python/1/lib:/home/cc/ee147/fl21/class/ee147-aaf/software/python/1/lib64 -L/home/cc/ee147/fl21/class/ee147-aaf/software/python/1/lib:/home/cc/ee147/fl21/class/ee147-aaf/software/python/1/lib64 conftest.c  >&5
configure:3032: $? = 0
configure:3080: result: yes
configure:3083: checking for C compiler default output file name
configure:3085: result: a.out
configure:3091: checking for suffix of executables
configure:3098: gcc -o conftest -Wl,-rpath,/home/cc/ee147/fl21/class/ee147-aaf/software/python/1/lib:/home/cc/ee147/fl21/class/ee147-aaf/software/python/1/lib64 -I/home/cc/ee147/fl21/class/ee147-aaf/software/python/1/include -Wl,-rpath,/home/cc/ee147/fl21/class/ee147-aaf/software/python/1/lib:/home/cc/ee147/fl21/class/ee147-aaf/software/python/1/lib64 -I/home/cc/ee147/fl21/class/ee147-aaf/software/python/1/include -Wl,-rpath,/home/cc/ee147/fl21/class/ee147-aaf/software/python/1/lib:/home/cc/ee147/fl21/class/ee147-aaf/software/python/1/lib64 -L/home/cc/ee147/fl21/class/ee147-aaf/software/python/1/lib:/home/cc/ee147/fl21/class/ee147-aaf/software/python/1/lib64 conftest.c  >&5
configure:3102: $? = 0
configure:3124: result: 
configure:3146: checking whether we are cross compiling
configure:3154: gcc -o conftest -Wl,-rpath,/home/cc/ee147/fl21/class/ee147-aaf/software/python/1/lib:/home/cc/ee147/fl21/class/ee147-aaf/software/python/1/lib64 -I/home/cc/ee147/fl21/class/ee147-aaf/software/python/1/include -Wl,-rpath,/home/cc/ee147/fl21/class/ee147-aaf/software/python/1/lib:/home/cc/ee147/fl21/class/ee147-aaf/software/python/1/lib64 -I/home/cc/ee147/fl21/class/ee147-aaf/software/python/1/include -Wl,-rpath,/home/cc/ee147/fl21/class/ee147-aaf/software/python/1/lib:/home/cc/ee147/fl21/class/ee147-aaf/software/python/1/lib64 -L/home/cc/ee147/fl21/class/ee147-aaf/software/python/1/lib:/home/cc/ee147/fl21/class/ee147-aaf/software/python/1/lib64 conftest.c  >&5
configure:3158: $? = 0
configure:3165: ./conftest
configure:3169: $? = 0
configure:3184: result: no
configure:3189: checking for suffix of object files
configure:3211: gcc -c -Wl,-rpath,/home/cc/ee147/fl21/class/ee147-aaf/software/python/1/lib:/home/cc/ee147/fl21/class/ee147-aaf/software/python/1/lib64 -I/home/cc/ee147/fl21/class/ee147-aaf/software/python/1/include -Wl,-rpath,/home/cc/ee147/fl21/class/ee147-aaf/software/python/1/lib:/home/cc/ee147/fl21/class/ee147-aaf/software/python/1/lib64 -I/home/cc/ee147/fl21/class/ee147-aaf/software/python/1/include conftest.c >&5
configure:3215: $? = 0
configure:3236: result: o
configure:3240: checking whether we are using the GNU C compiler
configure:3259: gcc -c -Wl,-rpath,/home/cc/ee147/fl21/class/ee147-aaf/software/python/1/lib:/home/cc/ee147/fl21/class/ee147-aaf/software/python/1/lib64 -I/home/cc/ee147/fl21/class/ee147-aaf/software/python/1/include -Wl,-rpath,/home/cc/ee147/fl21/class/ee147-aaf/software/python/1/lib:/home/cc/ee147/fl21/class/ee147-aaf/software/python/1/lib64 -I/home/cc/ee147/fl21/class/ee147-aaf/software/python/1/include conftest.c >&5
configure:3259: $? = 0
configure:3268: result: yes
configure:3277: checking whether gcc accepts -g
configure:3297: gcc -c -g -Wl,-rpath,/home/cc/ee147/fl21/class/ee147-aaf/software/python/1/lib:/home/cc/ee147/fl21/class/ee147-aaf/software/python/1/lib64 -I/home/cc/ee147/fl21/class/ee147-aaf/software/python/1/include conftest.c >&5
configure:3297: $? = 0
configure:3338: result: yes
configure:3355: checking for gcc option to accept ISO C89
configure:3418: gcc  -c -Wl,-rpath,/home/cc/ee147/fl21/class/ee147-aaf/software/python/1/lib:/home/cc/ee147/fl21/class/ee147-aaf/software/python/1/lib64 -I/home/cc/ee147/fl21/class/ee147-aaf/software/python/1/include -Wl,-rpath,/home/cc/ee147/fl21/class/ee147-aaf/software/python/1/lib:/home/cc/ee147/fl21/class/ee147-aaf/software/python/1/lib64 -I/home/cc/ee147/fl21/class/ee147-aaf/software/python/1/include conftest.c >&5
configure:3418: $? = 0
configure:3431: result: none needed
configure:3457: checking how to run the C preprocessor
configure:3488: gcc -E -Wl,-rpath,/home/cc/ee147/fl21/class/ee147-aaf/software/python/1/lib:/home/cc/ee147/fl21/class/ee147-aaf/software/python/1/lib64 -I/home/cc/ee147/fl21/class/ee147-aaf/software/python/1/include conftest.c
configure:3488: $? = 0
configure:3502: gcc -E -Wl,-rpath,/home/cc/ee147/fl21/class/ee147-aaf/software/python/1/lib:/home/cc/ee147/fl21/class/ee147-aaf/software/python/1/lib64 -I/home/cc/ee147/fl21/class/ee147-aaf/software/python/1/include conftest.c
conftest.c:9:28: fatal error: ac_nonexistent.h: No such file or directory
 #include <ac_nonexistent.h>
                            ^
compilation terminated.
configure:3502: $? = 1
configure: failed program was:
| /* confdefs.h */
| #define PACKAGE_NAME "readline"
| #define PACKAGE_TARNAME "readline"
| #define PACKAGE_VERSION "8.0"
| #define PACKAGE_STRING "readline 8.0"
| #define PACKAGE_BUGREPORT "bug-readline@gnu.org"
| #define PACKAGE_URL ""
| /* end confdefs.h.  */
| #include <ac_nonexistent.h>
configure:3527: result: gcc -E
configure:3547: gcc -E -Wl,-rpath,/home/cc/ee147/fl21/class/ee147-aaf/software/python/1/lib:/home/cc/ee147/fl21/class/ee147-aaf/software/python/1/lib64 -I/home/cc/ee147/fl21/class/ee147-aaf/software/python/1/include conftest.c
configure:3547: $? = 0
configure:3561: gcc -E -Wl,-rpath,/home/cc/ee147/fl21/class/ee147-aaf/software/python/1/lib:/home/cc/ee147/fl21/class/ee147-aaf/software/python/1/lib64 -I/home/cc/ee147/fl21/class/ee147-aaf/software/python/1/include conftest.c
conftest.c:9:28: fatal error: ac_nonexistent.h: No such file or directory
 #include <ac_nonexistent.h>
                            ^
compilation terminated.
configure:3561: $? = 1
configure: failed program was:
| /* confdefs.h */
| #define PACKAGE_NAME "readline"
| #define PACKAGE_TARNAME "readline"
| #define PACKAGE_VERSION "8.0"
| #define PACKAGE_STRING "readline 8.0"
| #define PACKAGE_BUGREPORT "bug-readline@gnu.org"
| #define PACKAGE_URL ""
| /* end confdefs.h.  */
| #include <ac_nonexistent.h>
configure:3590: checking for grep that handles long lines and -e
configure:3648: result: /usr/bin/grep
configure:3653: checking for egrep
configure:3715: result: /usr/bin/grep -E
configure:3720: checking for ANSI C header files
configure:3740: gcc -c -Wl,-rpath,/home/cc/ee147/fl21/class/ee147-aaf/software/python/1/lib:/home/cc/ee147/fl21/class/ee147-aaf/software/python/1/lib64 -I/home/cc/ee147/fl21/class/ee147-aaf/software/python/1/include -Wl,-rpath,/home/cc/ee147/fl21/class/ee147-aaf/software/python/1/lib:/home/cc/ee147/fl21/class/ee147-aaf/software/python/1/lib64 -I/home/cc/ee147/fl21/class/ee147-aaf/software/python/1/include conftest.c >&5
configure:3740: $? = 0
configure:3813: gcc -o conftest -Wl,-rpath,/home/cc/ee147/fl21/class/ee147-aaf/software/python/1/lib:/home/cc/ee147/fl21/class/ee147-aaf/software/python/1/lib64 -I/home/cc/ee147/fl21/class/ee147-aaf/software/python/1/include -Wl,-rpath,/home/cc/ee147/fl21/class/ee147-aaf/software/python/1/lib:/home/cc/ee147/fl21/class/ee147-aaf/software/python/1/lib64 -I/home/cc/ee147/fl21/class/ee147-aaf/software/python/1/include -Wl,-rpath,/home/cc/ee147/fl21/class/ee147-aaf/software/python/1/lib:/home/cc/ee147/fl21/class/ee147-aaf/software/python/1/lib64 -L/home/cc/ee147/fl21/class/ee147-aaf/software/python/1/lib:/home/cc/ee147/fl21/class/ee147-aaf/software/python/1/lib64 conftest.c  >&5
configure:3813: $? = 0
configure:3813: ./conftest
configure:3813: $? = 0
configure:3824: result: yes
configure:3837: checking for sys/types.h
configure:3837: gcc -c -Wl,-rpath,/home/cc/ee147/fl21/class/ee147-aaf/software/python/1/lib:/home/cc/ee147/fl21/class/ee147-aaf/software/python/1/lib64 -I/home/cc/ee147/fl21/class/ee147-aaf/software/python/1/include -Wl,-rpath,/home/cc/ee147/fl21/class/ee147-aaf/software/python/1/lib:/home/cc/ee147/fl21/class/ee147-aaf/software/python/1/lib64 -I/home/cc/ee147/fl21/class/ee147-aaf/software/python/1/include conftest.c >&5
configure:3837: $? = 0
configure:3837: result: yes
configure:3837: checking for sys/stat.h
configure:3837: gcc -c -Wl,-rpath,/home/cc/ee147/fl21/class/ee147-aaf/software/python/1/lib:/home/cc/ee147/fl21/class/ee147-aaf/software/python/1/lib64 -I/home/cc/ee147/fl21/class/ee147-aaf/software/python/1/include -Wl,-rpath,/home/cc/ee147/fl21/class/ee147-aaf/software/python/1/lib:/home/cc/ee147/fl21/class/ee147-aaf/software/python/1/lib64 -I/home/cc/ee147/fl21/class/ee147-aaf/software/python/1/include conftest.c >&5
configure:3837: $? = 0
configure:3837: result: yes
configure:3837: checking for stdlib.h
configure:3837: gcc -c -Wl,-rpath,/home/cc/ee147/fl21/class/ee147-aaf/software/python/1/lib:/home/cc/ee147/fl21/class/ee147-aaf/software/python/1/lib64 -I/home/cc/ee147/fl21/class/ee147-aaf/software/python/1/include -Wl,-rpath,/home/cc/ee147/fl21/class/ee147-aaf/software/python/1/lib:/home/cc/ee147/fl21/class/ee147-aaf/software/python/1/lib64 -I/home/cc/ee147/fl21/class/ee147-aaf/software/python/1/include conftest.c >&5
configure:3837: $? = 0
configure:3837: result: yes
configure:3837: checking for string.h
configure:3837: gcc -c -Wl,-rpath,/home/cc/ee147/fl21/class/ee147-aaf/software/python/1/lib:/home/cc/ee147/fl21/class/ee147-aaf/software/python/1/lib64 -I/home/cc/ee147/fl21/class/ee147-aaf/software/python/1/include -Wl,-rpath,/home/cc/ee147/fl21/class/ee147-aaf/software/python/1/lib:/home/cc/ee147/fl21/class/ee147-aaf/software/python/1/lib64 -I/home/cc/ee147/fl21/class/ee147-aaf/software/python/1/include conftest.c >&5
configure:3837: $? = 0
configure:3837: result: yes
configure:3837: checking for memory.h
configure:3837: gcc -c -Wl,-rpath,/home/cc/ee147/fl21/class/ee147-aaf/software/python/1/lib:/home/cc/ee147/fl21/class/ee147-aaf/software/python/1/lib64 -I/home/cc/ee147/fl21/class/ee147-aaf/software/python/1/include -Wl,-rpath,/home/cc/ee147/fl21/class/ee147-aaf/software/python/1/lib:/home/cc/ee147/fl21/class/ee147-aaf/software/python/1/lib64 -I/home/cc/ee147/fl21/class/ee147-aaf/software/python/1/include conftest.c >&5
configure:3837: $? = 0
configure:3837: result: yes
configure:3837: checking for strings.h
configure:3837: gcc -c -Wl,-rpath,/home/cc/ee147/fl21/class/ee147-aaf/software/python/1/lib:/home/cc/ee147/fl21/class/ee147-aaf/software/python/1/lib64 -I/home/cc/ee147/fl21/class/ee147-aaf/software/python/1/include -Wl,-rpath,/home/cc/ee147/fl21/class/ee147-aaf/software/python/1/lib:/home/cc/ee147/fl21/class/ee147-aaf/software/python/1/lib64 -I/home/cc/ee147/fl21/class/ee147-aaf/software/python/1/include conftest.c >&5
configure:3837: $? = 0
configure:3837: result: yes
configure:3837: checking for inttypes.h
configure:3837: gcc -c -Wl,-rpath,/home/cc/ee147/fl21/class/ee147-aaf/software/python/1/lib:/home/cc/ee147/fl21/class/ee147-aaf/software/python/1/lib64 -I/home/cc/ee147/fl21/class/ee147-aaf/software/python/1/include -Wl,-rpath,/home/cc/ee147/fl21/class/ee147-aaf/software/python/1/lib:/home/cc/ee147/fl21/class/ee147-aaf/software/python/1/lib64 -I/home/cc/ee147/fl21/class/ee147-aaf/software/python/1/include conftest.c >&5
configure:3837: $? = 0
configure:3837: result: yes
configure:3837: checking for stdint.h
configure:3837: gcc -c -Wl,-rpath,/home/cc/ee147/fl21/class/ee147-aaf/software/python/1/lib:/home/cc/ee147/fl21/class/ee147-aaf/software/python/1/lib64 -I/home/cc/ee147/fl21/class/ee147-aaf/software/python/1/include -Wl,-rpath,/home/cc/ee147/fl21/class/ee147-aaf/software/python/1/lib:/home/cc/ee147/fl21/class/ee147-aaf/software/python/1/lib64 -I/home/cc/ee147/fl21/class/ee147-aaf/software/python/1/include conftest.c >&5
configure:3837: $? = 0
configure:3837: result: yes
configure:3837: checking for unistd.h
configure:3837: gcc -c -Wl,-rpath,/home/cc/ee147/fl21/class/ee147-aaf/software/python/1/lib:/home/cc/ee147/fl21/class/ee147-aaf/software/python/1/lib64 -I/home/cc/ee147/fl21/class/ee147-aaf/software/python/1/include -Wl,-rpath,/home/cc/ee147/fl21/class/ee147-aaf/software/python/1/lib:/home/cc/ee147/fl21/class/ee147-aaf/software/python/1/lib64 -I/home/cc/ee147/fl21/class/ee147-aaf/software/python/1/include conftest.c >&5
configure:3837: $? = 0
configure:3837: result: yes
configure:3850: checking minix/config.h usability
configure:3850: gcc -c -Wl,-rpath,/home/cc/ee147/fl21/class/ee147-aaf/software/python/1/lib:/home/cc/ee147/fl21/class/ee147-aaf/software/python/1/lib64 -I/home/cc/ee147/fl21/class/ee147-aaf/software/python/1/include -Wl,-rpath,/home/cc/ee147/fl21/class/ee147-aaf/software/python/1/lib:/home/cc/ee147/fl21/class/ee147-aaf/software/python/1/lib64 -I/home/cc/ee147/fl21/class/ee147-aaf/software/python/1/include conftest.c >&5
conftest.c:52:26: fatal error: minix/config.h: No such file or directory
 #include <minix/config.h>
                          ^
compilation terminated.
configure:3850: $? = 1
configure: failed program was:
| /* confdefs.h */
| #define PACKAGE_NAME "readline"
| #define PACKAGE_TARNAME "readline"
| #define PACKAGE_VERSION "8.0"
| #define PACKAGE_STRING "readline 8.0"
| #define PACKAGE_BUGREPORT "bug-readline@gnu.org"
| #define PACKAGE_URL ""
| #define STDC_HEADERS 1
| #define HAVE_SYS_TYPES_H 1
| #define HAVE_SYS_STAT_H 1
| #define HAVE_STDLIB_H 1
| #define HAVE_STRING_H 1
| #define HAVE_MEMORY_H 1
| #define HAVE_STRINGS_H 1
| #define HAVE_INTTYPES_H 1
| #define HAVE_STDINT_H 1
| #define HAVE_UNISTD_H 1
| /* end confdefs.h.  */
| #include <stdio.h>
| #ifdef HAVE_SYS_TYPES_H
| # include <sys/types.h>
| #endif
| #ifdef HAVE_SYS_STAT_H
| # include <sys/stat.h>
| #endif
| #ifdef STDC_HEADERS
| # include <stdlib.h>
| # include <stddef.h>
| #else
| # ifdef HAVE_STDLIB_H
| #  include <stdlib.h>
| # endif
| #endif
| #ifdef HAVE_STRING_H
| # if !defined STDC_HEADERS && defined HAVE_MEMORY_H
| #  include <memory.h>
| # endif
| # include <string.h>
| #endif
| #ifdef HAVE_STRINGS_H
| # include <strings.h>
| #endif
| #ifdef HAVE_INTTYPES_H
| # include <inttypes.h>
| #endif
| #ifdef HAVE_STDINT_H
| # include <stdint.h>
| #endif
| #ifdef HAVE_UNISTD_H
| # include <unistd.h>
| #endif
| #include <minix/config.h>
configure:3850: result: no
configure:3850: checking minix/config.h presence
configure:3850: gcc -E -Wl,-rpath,/home/cc/ee147/fl21/class/ee147-aaf/software/python/1/lib:/home/cc/ee147/fl21/class/ee147-aaf/software/python/1/lib64 -I/home/cc/ee147/fl21/class/ee147-aaf/software/python/1/include conftest.c
conftest.c:19:26: fatal error: minix/config.h: No such file or directory
 #include <minix/config.h>
                          ^
compilation terminated.
configure:3850: $? = 1
configure: failed program was:
| /* confdefs.h */
| #define PACKAGE_NAME "readline"
| #define PACKAGE_TARNAME "readline"
| #define PACKAGE_VERSION "8.0"
| #define PACKAGE_STRING "readline 8.0"
| #define PACKAGE_BUGREPORT "bug-readline@gnu.org"
| #define PACKAGE_URL ""
| #define STDC_HEADERS 1
| #define HAVE_SYS_TYPES_H 1
| #define HAVE_SYS_STAT_H 1
| #define HAVE_STDLIB_H 1
| #define HAVE_STRING_H 1
| #define HAVE_MEMORY_H 1
| #define HAVE_STRINGS_H 1
| #define HAVE_INTTYPES_H 1
| #define HAVE_STDINT_H 1
| #define HAVE_UNISTD_H 1
| /* end confdefs.h.  */
| #include <minix/config.h>
configure:3850: result: no
configure:3850: checking for minix/config.h
configure:3850: result: no
configure:3871: checking whether it is safe to define __EXTENSIONS__
configure:3889: gcc -c -Wl,-rpath,/home/cc/ee147/fl21/class/ee147-aaf/software/python/1/lib:/home/cc/ee147/fl21/class/ee147-aaf/software/python/1/lib64 -I/home/cc/ee147/fl21/class/ee147-aaf/software/python/1/include -Wl,-rpath,/home/cc/ee147/fl21/class/ee147-aaf/software/python/1/lib:/home/cc/ee147/fl21/class/ee147-aaf/software/python/1/lib64 -I/home/cc/ee147/fl21/class/ee147-aaf/software/python/1/include conftest.c >&5
configure:3889: $? = 0
configure:3896: result: yes
configure:3916: checking whether gcc needs -traditional
configure:3950: result: no
configure:3971: checking for a BSD-compatible install
configure:4039: result: /usr/bin/install -c
configure:4093: checking for ar
configure:4109: found /usr/bin/ar
configure:4120: result: ar
configure:4186: checking for ranlib
configure:4202: found /usr/bin/ranlib
configure:4213: result: ranlib
configure:4239: checking for an ANSI C-conforming const
configure:4305: gcc -c -Wl,-rpath,/home/cc/ee147/fl21/class/ee147-aaf/software/python/1/lib:/home/cc/ee147/fl21/class/ee147-aaf/software/python/1/lib64 -I/home/cc/ee147/fl21/class/ee147-aaf/software/python/1/include -Wl,-rpath,/home/cc/ee147/fl21/class/ee147-aaf/software/python/1/lib:/home/cc/ee147/fl21/class/ee147-aaf/software/python/1/lib64 -I/home/cc/ee147/fl21/class/ee147-aaf/software/python/1/include conftest.c >&5
configure:4305: $? = 0
configure:4312: result: yes
configure:4320: checking for function prototypes
configure:4323: result: yes
configure:4336: checking whether char is unsigned
configure:4355: gcc -c -Wl,-rpath,/home/cc/ee147/fl21/class/ee147-aaf/software/python/1/lib:/home/cc/ee147/fl21/class/ee147-aaf/software/python/1/lib64 -I/home/cc/ee147/fl21/class/ee147-aaf/software/python/1/include -Wl,-rpath,/home/cc/ee147/fl21/class/ee147-aaf/software/python/1/lib:/home/cc/ee147/fl21/class/ee147-aaf/software/python/1/lib64 -I/home/cc/ee147/fl21/class/ee147-aaf/software/python/1/include conftest.c >&5
configure:4355: $? = 0
configure:4362: result: no
configure:4369: checking for working volatile
configure:4388: gcc -c -Wl,-rpath,/home/cc/ee147/fl21/class/ee147-aaf/software/python/1/lib:/home/cc/ee147/fl21/class/ee147-aaf/software/python/1/lib64 -I/home/cc/ee147/fl21/class/ee147-aaf/software/python/1/include -Wl,-rpath,/home/cc/ee147/fl21/class/ee147-aaf/software/python/1/lib:/home/cc/ee147/fl21/class/ee147-aaf/software/python/1/lib64 -I/home/cc/ee147/fl21/class/ee147-aaf/software/python/1/include conftest.c >&5
configure:4388: $? = 0
configure:4395: result: yes
configure:4404: checking return type of signal handlers
configure:4422: gcc -c -Wl,-rpath,/home/cc/ee147/fl21/class/ee147-aaf/software/python/1/lib:/home/cc/ee147/fl21/class/ee147-aaf/software/python/1/lib64 -I/home/cc/ee147/fl21/class/ee147-aaf/software/python/1/include -Wl,-rpath,/home/cc/ee147/fl21/class/ee147-aaf/software/python/1/lib:/home/cc/ee147/fl21/class/ee147-aaf/software/python/1/lib64 -I/home/cc/ee147/fl21/class/ee147-aaf/software/python/1/include conftest.c >&5
conftest.c: In function 'main':
conftest.c:32:1: error: void value not ignored as it ought to be
 return *(signal (0, 0)) (0) == 1;
 ^
configure:4422: $? = 1
configure: failed program was:
| /* confdefs.h */
| #define PACKAGE_NAME "readline"
| #define PACKAGE_TARNAME "readline"
| #define PACKAGE_VERSION "8.0"
| #define PACKAGE_STRING "readline 8.0"
| #define PACKAGE_BUGREPORT "bug-readline@gnu.org"
| #define PACKAGE_URL ""
| #define STDC_HEADERS 1
| #define HAVE_SYS_TYPES_H 1
| #define HAVE_SYS_STAT_H 1
| #define HAVE_STDLIB_H 1
| #define HAVE_STRING_H 1
| #define HAVE_MEMORY_H 1
| #define HAVE_STRINGS_H 1
| #define HAVE_INTTYPES_H 1
| #define HAVE_STDINT_H 1
| #define HAVE_UNISTD_H 1
| #define __EXTENSIONS__ 1
| #define _ALL_SOURCE 1
| #define _GNU_SOURCE 1
| #define _POSIX_PTHREAD_SEMANTICS 1
| #define _TANDEM_SOURCE 1
| #define PROTOTYPES 1
| #define __PROTOTYPES 1
| /* end confdefs.h.  */
| #include <sys/types.h>
| #include <signal.h>
| 
| int
| main ()
| {
| return *(signal (0, 0)) (0) == 1;
|   ;
|   return 0;
| }
configure:4429: result: void
configure:4438: checking for size_t
configure:4438: gcc -c -Wl,-rpath,/home/cc/ee147/fl21/class/ee147-aaf/software/python/1/lib:/home/cc/ee147/fl21/class/ee147-aaf/software/python/1/lib64 -I/home/cc/ee147/fl21/class/ee147-aaf/software/python/1/include -Wl,-rpath,/home/cc/ee147/fl21/class/ee147-aaf/software/python/1/lib:/home/cc/ee147/fl21/class/ee147-aaf/software/python/1/lib64 -I/home/cc/ee147/fl21/class/ee147-aaf/software/python/1/include conftest.c >&5
configure:4438: $? = 0
configure:4438: gcc -c -Wl,-rpath,/home/cc/ee147/fl21/class/ee147-aaf/software/python/1/lib:/home/cc/ee147/fl21/class/ee147-aaf/software/python/1/lib64 -I/home/cc/ee147/fl21/class/ee147-aaf/software/python/1/include -Wl,-rpath,/home/cc/ee147/fl21/class/ee147-aaf/software/python/1/lib:/home/cc/ee147/fl21/class/ee147-aaf/software/python/1/lib64 -I/home/cc/ee147/fl21/class/ee147-aaf/software/python/1/include conftest.c >&5
conftest.c: In function 'main':
conftest.c:63:21: error: expected expression before ')' token
 if (sizeof ((size_t)))
                     ^
configure:4438: $? = 1
configure: failed program was:
| /* confdefs.h */
| #define PACKAGE_NAME "readline"
| #define PACKAGE_TARNAME "readline"
| #define PACKAGE_VERSION "8.0"
| #define PACKAGE_STRING "readline 8.0"
| #define PACKAGE_BUGREPORT "bug-readline@gnu.org"
| #define PACKAGE_URL ""
| #define STDC_HEADERS 1
| #define HAVE_SYS_TYPES_H 1
| #define HAVE_SYS_STAT_H 1
| #define HAVE_STDLIB_H 1
| #define HAVE_STRING_H 1
| #define HAVE_MEMORY_H 1
| #define HAVE_STRINGS_H 1
| #define HAVE_INTTYPES_H 1
| #define HAVE_STDINT_H 1
| #define HAVE_UNISTD_H 1
| #define __EXTENSIONS__ 1
| #define _ALL_SOURCE 1
| #define _GNU_SOURCE 1
| #define _POSIX_PTHREAD_SEMANTICS 1
| #define _TANDEM_SOURCE 1
| #define PROTOTYPES 1
| #define __PROTOTYPES 1
| #define RETSIGTYPE void
| /* end confdefs.h.  */
| #include <stdio.h>
| #ifdef HAVE_SYS_TYPES_H
| # include <sys/types.h>
| #endif
| #ifdef HAVE_SYS_STAT_H
| # include <sys/stat.h>
| #endif
| #ifdef STDC_HEADERS
| # include <stdlib.h>
| # include <stddef.h>
| #else
| # ifdef HAVE_STDLIB_H
| #  include <stdlib.h>
| # endif
| #endif
| #ifdef HAVE_STRING_H
| # if !defined STDC_HEADERS && defined HAVE_MEMORY_H
| #  include <memory.h>
| # endif
| # include <string.h>
| #endif
| #ifdef HAVE_STRINGS_H
| # include <strings.h>
| #endif
| #ifdef HAVE_INTTYPES_H
| # include <inttypes.h>
| #endif
| #ifdef HAVE_STDINT_H
| # include <stdint.h>
| #endif
| #ifdef HAVE_UNISTD_H
| # include <unistd.h>
| #endif
| int
| main ()
| {
| if (sizeof ((size_t)))
| 	    return 0;
|   ;
|   return 0;
| }
configure:4438: result: yes
configure:4449: checking for ssize_t
configure:4449: gcc -c -Wl,-rpath,/home/cc/ee147/fl21/class/ee147-aaf/software/python/1/lib:/home/cc/ee147/fl21/class/ee147-aaf/software/python/1/lib64 -I/home/cc/ee147/fl21/class/ee147-aaf/software/python/1/include -Wl,-rpath,/home/cc/ee147/fl21/class/ee147-aaf/software/python/1/lib:/home/cc/ee147/fl21/class/ee147-aaf/software/python/1/lib64 -I/home/cc/ee147/fl21/class/ee147-aaf/software/python/1/include conftest.c >&5
configure:4449: $? = 0
configure:4449: gcc -c -Wl,-rpath,/home/cc/ee147/fl21/class/ee147-aaf/software/python/1/lib:/home/cc/ee147/fl21/class/ee147-aaf/software/python/1/lib64 -I/home/cc/ee147/fl21/class/ee147-aaf/software/python/1/include -Wl,-rpath,/home/cc/ee147/fl21/class/ee147-aaf/software/python/1/lib:/home/cc/ee147/fl21/class/ee147-aaf/software/python/1/lib64 -I/home/cc/ee147/fl21/class/ee147-aaf/software/python/1/include conftest.c >&5
conftest.c: In function 'main':
conftest.c:63:22: error: expected expression before ')' token
 if (sizeof ((ssize_t)))
                      ^
configure:4449: $? = 1
configure: failed program was:
| /* confdefs.h */
| #define PACKAGE_NAME "readline"
| #define PACKAGE_TARNAME "readline"
| #define PACKAGE_VERSION "8.0"
| #define PACKAGE_STRING "readline 8.0"
| #define PACKAGE_BUGREPORT "bug-readline@gnu.org"
| #define PACKAGE_URL ""
| #define STDC_HEADERS 1
| #define HAVE_SYS_TYPES_H 1
| #define HAVE_SYS_STAT_H 1
| #define HAVE_STDLIB_H 1
| #define HAVE_STRING_H 1
| #define HAVE_MEMORY_H 1
| #define HAVE_STRINGS_H 1
| #define HAVE_INTTYPES_H 1
| #define HAVE_STDINT_H 1
| #define HAVE_UNISTD_H 1
| #define __EXTENSIONS__ 1
| #define _ALL_SOURCE 1
| #define _GNU_SOURCE 1
| #define _POSIX_PTHREAD_SEMANTICS 1
| #define _TANDEM_SOURCE 1
| #define PROTOTYPES 1
| #define __PROTOTYPES 1
| #define RETSIGTYPE void
| /* end confdefs.h.  */
| #include <stdio.h>
| #ifdef HAVE_SYS_TYPES_H
| # include <sys/types.h>
| #endif
| #ifdef HAVE_SYS_STAT_H
| # include <sys/stat.h>
| #endif
| #ifdef STDC_HEADERS
| # include <stdlib.h>
| # include <stddef.h>
| #else
| # ifdef HAVE_STDLIB_H
| #  include <stdlib.h>
| # endif
| #endif
| #ifdef HAVE_STRING_H
| # if !defined STDC_HEADERS && defined HAVE_MEMORY_H
| #  include <memory.h>
| # endif
| # include <string.h>
| #endif
| #ifdef HAVE_STRINGS_H
| # include <strings.h>
| #endif
| #ifdef HAVE_INTTYPES_H
| # include <inttypes.h>
| #endif
| #ifdef HAVE_STDINT_H
| # include <stdint.h>
| #endif
| #ifdef HAVE_UNISTD_H
| # include <unistd.h>
| #endif
| int
| main ()
| {
| if (sizeof ((ssize_t)))
| 	    return 0;
|   ;
|   return 0;
| }
configure:4449: result: yes
configure:4461: checking for ANSI C header files
configure:4565: result: yes
configure:4574: checking whether stat file-mode macros are broken
configure:4601: gcc -c -Wl,-rpath,/home/cc/ee147/fl21/class/ee147-aaf/software/python/1/lib:/home/cc/ee147/fl21/class/ee147-aaf/software/python/1/lib64 -I/home/cc/ee147/fl21/class/ee147-aaf/software/python/1/include -Wl,-rpath,/home/cc/ee147/fl21/class/ee147-aaf/software/python/1/lib:/home/cc/ee147/fl21/class/ee147-aaf/software/python/1/lib64 -I/home/cc/ee147/fl21/class/ee147-aaf/software/python/1/include conftest.c >&5
configure:4601: $? = 0
configure:4608: result: no
configure:4619: checking for dirent.h that defines DIR
configure:4638: gcc -c -Wl,-rpath,/home/cc/ee147/fl21/class/ee147-aaf/software/python/1/lib:/home/cc/ee147/fl21/class/ee147-aaf/software/python/1/lib64 -I/home/cc/ee147/fl21/class/ee147-aaf/software/python/1/include -Wl,-rpath,/home/cc/ee147/fl21/class/ee147-aaf/software/python/1/lib:/home/cc/ee147/fl21/class/ee147-aaf/software/python/1/lib64 -I/home/cc/ee147/fl21/class/ee147-aaf/software/python/1/include conftest.c >&5
configure:4638: $? = 0
configure:4646: result: yes
configure:4659: checking for library containing opendir
configure:4690: gcc -o conftest -Wl,-rpath,/home/cc/ee147/fl21/class/ee147-aaf/software/python/1/lib:/home/cc/ee147/fl21/class/ee147-aaf/software/python/1/lib64 -I/home/cc/ee147/fl21/class/ee147-aaf/software/python/1/include -Wl,-rpath,/home/cc/ee147/fl21/class/ee147-aaf/software/python/1/lib:/home/cc/ee147/fl21/class/ee147-aaf/software/python/1/lib64 -I/home/cc/ee147/fl21/class/ee147-aaf/software/python/1/include -Wl,-rpath,/home/cc/ee147/fl21/class/ee147-aaf/software/python/1/lib:/home/cc/ee147/fl21/class/ee147-aaf/software/python/1/lib64 -L/home/cc/ee147/fl21/class/ee147-aaf/software/python/1/lib:/home/cc/ee147/fl21/class/ee147-aaf/software/python/1/lib64 conftest.c  >&5
configure:4690: $? = 0
configure:4707: result: none required
configure:4778: checking for fcntl
configure:4778: gcc -o conftest -Wl,-rpath,/home/cc/ee147/fl21/class/ee147-aaf/software/python/1/lib:/home/cc/ee147/fl21/class/ee147-aaf/software/python/1/lib64 -I/home/cc/ee147/fl21/class/ee147-aaf/software/python/1/include -Wl,-rpath,/home/cc/ee147/fl21/class/ee147-aaf/software/python/1/lib:/home/cc/ee147/fl21/class/ee147-aaf/software/python/1/lib64 -I/home/cc/ee147/fl21/class/ee147-aaf/software/python/1/include -Wl,-rpath,/home/cc/ee147/fl21/class/ee147-aaf/software/python/1/lib:/home/cc/ee147/fl21/class/ee147-aaf/software/python/1/lib64 -L/home/cc/ee147/fl21/class/ee147-aaf/software/python/1/lib:/home/cc/ee147/fl21/class/ee147-aaf/software/python/1/lib64 conftest.c  >&5
configure:4778: $? = 0
configure:4778: result: yes
configure:4778: checking for kill
configure:4778: gcc -o conftest -Wl,-rpath,/home/cc/ee147/fl21/class/ee147-aaf/software/python/1/lib:/home/cc/ee147/fl21/class/ee147-aaf/software/python/1/lib64 -I/home/cc/ee147/fl21/class/ee147-aaf/software/python/1/include -Wl,-rpath,/home/cc/ee147/fl21/class/ee147-aaf/software/python/1/lib:/home/cc/ee147/fl21/class/ee147-aaf/software/python/1/lib64 -I/home/cc/ee147/fl21/class/ee147-aaf/software/python/1/include -Wl,-rpath,/home/cc/ee147/fl21/class/ee147-aaf/software/python/1/lib:/home/cc/ee147/fl21/class/ee147-aaf/software/python/1/lib64 -L/home/cc/ee147/fl21/class/ee147-aaf/software/python/1/lib:/home/cc/ee147/fl21/class/ee147-aaf/software/python/1/lib64 conftest.c  >&5
configure:4778: $? = 0
configure:4778: result: yes
configure:4778: checking for lstat
configure:4778: gcc -o conftest -Wl,-rpath,/home/cc/ee147/fl21/class/ee147-aaf/software/python/1/lib:/home/cc/ee147/fl21/class/ee147-aaf/software/python/1/lib64 -I/home/cc/ee147/fl21/class/ee147-aaf/software/python/1/include -Wl,-rpath,/home/cc/ee147/fl21/class/ee147-aaf/software/python/1/lib:/home/cc/ee147/fl21/class/ee147-aaf/software/python/1/lib64 -I/home/cc/ee147/fl21/class/ee147-aaf/software/python/1/include -Wl,-rpath,/home/cc/ee147/fl21/class/ee147-aaf/software/python/1/lib:/home/cc/ee147/fl21/class/ee147-aaf/software/python/1/lib64 -L/home/cc/ee147/fl21/class/ee147-aaf/software/python/1/lib:/home/cc/ee147/fl21/class/ee147-aaf/software/python/1/lib64 conftest.c  >&5
configure:4778: $? = 0
configure:4778: result: yes
configure:4778: checking for readlink
configure:4778: gcc -o conftest -Wl,-rpath,/home/cc/ee147/fl21/class/ee147-aaf/software/python/1/lib:/home/cc/ee147/fl21/class/ee147-aaf/software/python/1/lib64 -I/home/cc/ee147/fl21/class/ee147-aaf/software/python/1/include -Wl,-rpath,/home/cc/ee147/fl21/class/ee147-aaf/software/python/1/lib:/home/cc/ee147/fl21/class/ee147-aaf/software/python/1/lib64 -I/home/cc/ee147/fl21/class/ee147-aaf/software/python/1/include -Wl,-rpath,/home/cc/ee147/fl21/class/ee147-aaf/software/python/1/lib:/home/cc/ee147/fl21/class/ee147-aaf/software/python/1/lib64 -L/home/cc/ee147/fl21/class/ee147-aaf/software/python/1/lib:/home/cc/ee147/fl21/class/ee147-aaf/software/python/1/lib64 conftest.c  >&5
configure:4778: $? = 0
configure:4778: result: yes
configure:4791: checking for fnmatch
configure:4791: gcc -o conftest -Wl,-rpath,/home/cc/ee147/fl21/class/ee147-aaf/software/python/1/lib:/home/cc/ee147/fl21/class/ee147-aaf/software/python/1/lib64 -I/home/cc/ee147/fl21/class/ee147-aaf/software/python/1/include -Wl,-rpath,/home/cc/ee147/fl21/class/ee147-aaf/software/python/1/lib:/home/cc/ee147/fl21/class/ee147-aaf/software/python/1/lib64 -I/home/cc/ee147/fl21/class/ee147-aaf/software/python/1/include -Wl,-rpath,/home/cc/ee147/fl21/class/ee147-aaf/software/python/1/lib:/home/cc/ee147/fl21/class/ee147-aaf/software/python/1/lib64 -L/home/cc/ee147/fl21/class/ee147-aaf/software/python/1/lib:/home/cc/ee147/fl21/class/ee147-aaf/software/python/1/lib64 conftest.c  >&5
configure:4791: $? = 0
configure:4791: result: yes
configure:4791: checking for memmove
configure:4791: gcc -o conftest -Wl,-rpath,/home/cc/ee147/fl21/class/ee147-aaf/software/python/1/lib:/home/cc/ee147/fl21/class/ee147-aaf/software/python/1/lib64 -I/home/cc/ee147/fl21/class/ee147-aaf/software/python/1/include -Wl,-rpath,/home/cc/ee147/fl21/class/ee147-aaf/software/python/1/lib:/home/cc/ee147/fl21/class/ee147-aaf/software/python/1/lib64 -I/home/cc/ee147/fl21/class/ee147-aaf/software/python/1/include -Wl,-rpath,/home/cc/ee147/fl21/class/ee147-aaf/software/python/1/lib:/home/cc/ee147/fl21/class/ee147-aaf/software/python/1/lib64 -L/home/cc/ee147/fl21/class/ee147-aaf/software/python/1/lib:/home/cc/ee147/fl21/class/ee147-aaf/software/python/1/lib64 conftest.c  >&5
conftest.c:57:6: warning: conflicting types for built-in function 'memmove' [enabled by default]
 char memmove ();
      ^
configure:4791: $? = 0
configure:4791: result: yes
configure:4791: checking for pselect
configure:4791: gcc -o conftest -Wl,-rpath,/home/cc/ee147/fl21/class/ee147-aaf/software/python/1/lib:/home/cc/ee147/fl21/class/ee147-aaf/software/python/1/lib64 -I/home/cc/ee147/fl21/class/ee147-aaf/software/python/1/include -Wl,-rpath,/home/cc/ee147/fl21/class/ee147-aaf/software/python/1/lib:/home/cc/ee147/fl21/class/ee147-aaf/software/python/1/lib64 -I/home/cc/ee147/fl21/class/ee147-aaf/software/python/1/include -Wl,-rpath,/home/cc/ee147/fl21/class/ee147-aaf/software/python/1/lib:/home/cc/ee147/fl21/class/ee147-aaf/software/python/1/lib64 -L/home/cc/ee147/fl21/class/ee147-aaf/software/python/1/lib:/home/cc/ee147/fl21/class/ee147-aaf/software/python/1/lib64 conftest.c  >&5
configure:4791: $? = 0
configure:4791: result: yes
configure:4791: checking for putenv
configure:4791: gcc -o conftest -Wl,-rpath,/home/cc/ee147/fl21/class/ee147-aaf/software/python/1/lib:/home/cc/ee147/fl21/class/ee147-aaf/software/python/1/lib64 -I/home/cc/ee147/fl21/class/ee147-aaf/software/python/1/include -Wl,-rpath,/home/cc/ee147/fl21/class/ee147-aaf/software/python/1/lib:/home/cc/ee147/fl21/class/ee147-aaf/software/python/1/lib64 -I/home/cc/ee147/fl21/class/ee147-aaf/software/python/1/include -Wl,-rpath,/home/cc/ee147/fl21/class/ee147-aaf/software/python/1/lib:/home/cc/ee147/fl21/class/ee147-aaf/software/python/1/lib64 -L/home/cc/ee147/fl21/class/ee147-aaf/software/python/1/lib:/home/cc/ee147/fl21/class/ee147-aaf/software/python/1/lib64 conftest.c  >&5
configure:4791: $? = 0
configure:4791: result: yes
configure:4791: checking for select
configure:4791: gcc -o conftest -Wl,-rpath,/home/cc/ee147/fl21/class/ee147-aaf/software/python/1/lib:/home/cc/ee147/fl21/class/ee147-aaf/software/python/1/lib64 -I/home/cc/ee147/fl21/class/ee147-aaf/software/python/1/include -Wl,-rpath,/home/cc/ee147/fl21/class/ee147-aaf/software/python/1/lib:/home/cc/ee147/fl21/class/ee147-aaf/software/python/1/lib64 -I/home/cc/ee147/fl21/class/ee147-aaf/software/python/1/include -Wl,-rpath,/home/cc/ee147/fl21/class/ee147-aaf/software/python/1/lib:/home/cc/ee147/fl21/class/ee147-aaf/software/python/1/lib64 -L/home/cc/ee147/fl21/class/ee147-aaf/software/python/1/lib:/home/cc/ee147/fl21/class/ee147-aaf/software/python/1/lib64 conftest.c  >&5
configure:4791: $? = 0
configure:4791: result: yes
configure:4791: checking for setenv
configure:4791: gcc -o conftest -Wl,-rpath,/home/cc/ee147/fl21/class/ee147-aaf/software/python/1/lib:/home/cc/ee147/fl21/class/ee147-aaf/software/python/1/lib64 -I/home/cc/ee147/fl21/class/ee147-aaf/software/python/1/include -Wl,-rpath,/home/cc/ee147/fl21/class/ee147-aaf/software/python/1/lib:/home/cc/ee147/fl21/class/ee147-aaf/software/python/1/lib64 -I/home/cc/ee147/fl21/class/ee147-aaf/software/python/1/include -Wl,-rpath,/home/cc/ee147/fl21/class/ee147-aaf/software/python/1/lib:/home/cc/ee147/fl21/class/ee147-aaf/software/python/1/lib64 -L/home/cc/ee147/fl21/class/ee147-aaf/software/python/1/lib:/home/cc/ee147/fl21/class/ee147-aaf/software/python/1/lib64 conftest.c  >&5
configure:4791: $? = 0
configure:4791: result: yes
configure:4791: checking for setlocale
configure:4791: gcc -o conftest -Wl,-rpath,/home/cc/ee147/fl21/class/ee147-aaf/software/python/1/lib:/home/cc/ee147/fl21/class/ee147-aaf/software/python/1/lib64 -I/home/cc/ee147/fl21/class/ee147-aaf/software/python/1/include -Wl,-rpath,/home/cc/ee147/fl21/class/ee147-aaf/software/python/1/lib:/home/cc/ee147/fl21/class/ee147-aaf/software/python/1/lib64 -I/home/cc/ee147/fl21/class/ee147-aaf/software/python/1/include -Wl,-rpath,/home/cc/ee147/fl21/class/ee147-aaf/software/python/1/lib:/home/cc/ee147/fl21/class/ee147-aaf/software/python/1/lib64 -L/home/cc/ee147/fl21/class/ee147-aaf/software/python/1/lib:/home/cc/ee147/fl21/class/ee147-aaf/software/python/1/lib64 conftest.c  >&5
configure:4791: $? = 0
configure:4791: result: yes
configure:4791: checking for strcasecmp
configure:4791: gcc -o conftest -Wl,-rpath,/home/cc/ee147/fl21/class/ee147-aaf/software/python/1/lib:/home/cc/ee147/fl21/class/ee147-aaf/software/python/1/lib64 -I/home/cc/ee147/fl21/class/ee147-aaf/software/python/1/include -Wl,-rpath,/home/cc/ee147/fl21/class/ee147-aaf/software/python/1/lib:/home/cc/ee147/fl21/class/ee147-aaf/software/python/1/lib64 -I/home/cc/ee147/fl21/class/ee147-aaf/software/python/1/include -Wl,-rpath,/home/cc/ee147/fl21/class/ee147-aaf/software/python/1/lib:/home/cc/ee147/fl21/class/ee147-aaf/software/python/1/lib64 -L/home/cc/ee147/fl21/class/ee147-aaf/software/python/1/lib:/home/cc/ee147/fl21/class/ee147-aaf/software/python/1/lib64 conftest.c  >&5
conftest.c:63:6: warning: conflicting types for built-in function 'strcasecmp' [enabled by default]
 char strcasecmp ();
      ^
configure:4791: $? = 0
configure:4791: result: yes
configure:4791: checking for strpbrk
configure:4791: gcc -o conftest -Wl,-rpath,/home/cc/ee147/fl21/class/ee147-aaf/software/python/1/lib:/home/cc/ee147/fl21/class/ee147-aaf/software/python/1/lib64 -I/home/cc/ee147/fl21/class/ee147-aaf/software/python/1/include -Wl,-rpath,/home/cc/ee147/fl21/class/ee147-aaf/software/python/1/lib:/home/cc/ee147/fl21/class/ee147-aaf/software/python/1/lib64 -I/home/cc/ee147/fl21/class/ee147-aaf/software/python/1/include -Wl,-rpath,/home/cc/ee147/fl21/class/ee147-aaf/software/python/1/lib:/home/cc/ee147/fl21/class/ee147-aaf/software/python/1/lib64 -L/home/cc/ee147/fl21/class/ee147-aaf/software/python/1/lib:/home/cc/ee147/fl21/class/ee147-aaf/software/python/1/lib64 conftest.c  >&5
conftest.c:64:6: warning: conflicting types for built-in function 'strpbrk' [enabled by default]
 char strpbrk ();
      ^
configure:4791: $? = 0
configure:4791: result: yes
configure:4791: checking for tcgetattr
configure:4791: gcc -o conftest -Wl,-rpath,/home/cc/ee147/fl21/class/ee147-aaf/software/python/1/lib:/home/cc/ee147/fl21/class/ee147-aaf/software/python/1/lib64 -I/home/cc/ee147/fl21/class/ee147-aaf/software/python/1/include -Wl,-rpath,/home/cc/ee147/fl21/class/ee147-aaf/software/python/1/lib:/home/cc/ee147/fl21/class/ee147-aaf/software/python/1/lib64 -I/home/cc/ee147/fl21/class/ee147-aaf/software/python/1/include -Wl,-rpath,/home/cc/ee147/fl21/class/ee147-aaf/software/python/1/lib:/home/cc/ee147/fl21/class/ee147-aaf/software/python/1/lib64 -L/home/cc/ee147/fl21/class/ee147-aaf/software/python/1/lib:/home/cc/ee147/fl21/class/ee147-aaf/software/python/1/lib64 conftest.c  >&5
configure:4791: $? = 0
configure:4791: result: yes
configure:4791: checking for vsnprintf
configure:4791: gcc -o conftest -Wl,-rpath,/home/cc/ee147/fl21/class/ee147-aaf/software/python/1/lib:/home/cc/ee147/fl21/class/ee147-aaf/software/python/1/lib64 -I/home/cc/ee147/fl21/class/ee147-aaf/software/python/1/include -Wl,-rpath,/home/cc/ee147/fl21/class/ee147-aaf/software/python/1/lib:/home/cc/ee147/fl21/class/ee147-aaf/software/python/1/lib64 -I/home/cc/ee147/fl21/class/ee147-aaf/software/python/1/include -Wl,-rpath,/home/cc/ee147/fl21/class/ee147-aaf/software/python/1/lib:/home/cc/ee147/fl21/class/ee147-aaf/software/python/1/lib64 -L/home/cc/ee147/fl21/class/ee147-aaf/software/python/1/lib:/home/cc/ee147/fl21/class/ee147-aaf/software/python/1/lib64 conftest.c  >&5
conftest.c:66:6: warning: conflicting types for built-in function 'vsnprintf' [enabled by default]
 char vsnprintf ();
      ^
configure:4791: $? = 0
configure:4791: result: yes
configure:4803: checking for isascii
configure:4803: gcc -o conftest -Wl,-rpath,/home/cc/ee147/fl21/class/ee147-aaf/software/python/1/lib:/home/cc/ee147/fl21/class/ee147-aaf/software/python/1/lib64 -I/home/cc/ee147/fl21/class/ee147-aaf/software/python/1/include -Wl,-rpath,/home/cc/ee147/fl21/class/ee147-aaf/software/python/1/lib:/home/cc/ee147/fl21/class/ee147-aaf/software/python/1/lib64 -I/home/cc/ee147/fl21/class/ee147-aaf/software/python/1/include -Wl,-rpath,/home/cc/ee147/fl21/class/ee147-aaf/software/python/1/lib:/home/cc/ee147/fl21/class/ee147-aaf/software/python/1/lib64 -L/home/cc/ee147/fl21/class/ee147-aaf/software/python/1/lib:/home/cc/ee147/fl21/class/ee147-aaf/software/python/1/lib64 conftest.c  >&5
conftest.c:67:6: warning: conflicting types for built-in function 'isascii' [enabled by default]
 char isascii ();
      ^
configure:4803: $? = 0
configure:4803: result: yes
configure:4803: checking for isxdigit
configure:4803: gcc -o conftest -Wl,-rpath,/home/cc/ee147/fl21/class/ee147-aaf/software/python/1/lib:/home/cc/ee147/fl21/class/ee147-aaf/software/python/1/lib64 -I/home/cc/ee147/fl21/class/ee147-aaf/software/python/1/include -Wl,-rpath,/home/cc/ee147/fl21/class/ee147-aaf/software/python/1/lib:/home/cc/ee147/fl21/class/ee147-aaf/software/python/1/lib64 -I/home/cc/ee147/fl21/class/ee147-aaf/software/python/1/include -Wl,-rpath,/home/cc/ee147/fl21/class/ee147-aaf/software/python/1/lib:/home/cc/ee147/fl21/class/ee147-aaf/software/python/1/lib64 -L/home/cc/ee147/fl21/class/ee147-aaf/software/python/1/lib:/home/cc/ee147/fl21/class/ee147-aaf/software/python/1/lib64 conftest.c  >&5
conftest.c:68:6: warning: conflicting types for built-in function 'isxdigit' [enabled by default]
 char isxdigit ();
      ^
configure:4803: $? = 0
configure:4803: result: yes
configure:4815: checking for getpwent
configure:4815: gcc -o conftest -Wl,-rpath,/home/cc/ee147/fl21/class/ee147-aaf/software/python/1/lib:/home/cc/ee147/fl21/class/ee147-aaf/software/python/1/lib64 -I/home/cc/ee147/fl21/class/ee147-aaf/software/python/1/include -Wl,-rpath,/home/cc/ee147/fl21/class/ee147-aaf/software/python/1/lib:/home/cc/ee147/fl21/class/ee147-aaf/software/python/1/lib64 -I/home/cc/ee147/fl21/class/ee147-aaf/software/python/1/include -Wl,-rpath,/home/cc/ee147/fl21/class/ee147-aaf/software/python/1/lib:/home/cc/ee147/fl21/class/ee147-aaf/software/python/1/lib64 -L/home/cc/ee147/fl21/class/ee147-aaf/software/python/1/lib:/home/cc/ee147/fl21/class/ee147-aaf/software/python/1/lib64 conftest.c  >&5
configure:4815: $? = 0
configure:4815: result: yes
configure:4815: checking for getpwnam
configure:4815: gcc -o conftest -Wl,-rpath,/home/cc/ee147/fl21/class/ee147-aaf/software/python/1/lib:/home/cc/ee147/fl21/class/ee147-aaf/software/python/1/lib64 -I/home/cc/ee147/fl21/class/ee147-aaf/software/python/1/include -Wl,-rpath,/home/cc/ee147/fl21/class/ee147-aaf/software/python/1/lib:/home/cc/ee147/fl21/class/ee147-aaf/software/python/1/lib64 -I/home/cc/ee147/fl21/class/ee147-aaf/software/python/1/include -Wl,-rpath,/home/cc/ee147/fl21/class/ee147-aaf/software/python/1/lib:/home/cc/ee147/fl21/class/ee147-aaf/software/python/1/lib64 -L/home/cc/ee147/fl21/class/ee147-aaf/software/python/1/lib:/home/cc/ee147/fl21/class/ee147-aaf/software/python/1/lib64 conftest.c  >&5
configure:4815: $? = 0
configure:4815: result: yes
configure:4815: checking for getpwuid
configure:4815: gcc -o conftest -Wl,-rpath,/home/cc/ee147/fl21/class/ee147-aaf/software/python/1/lib:/home/cc/ee147/fl21/class/ee147-aaf/software/python/1/lib64 -I/home/cc/ee147/fl21/class/ee147-aaf/software/python/1/include -Wl,-rpath,/home/cc/ee147/fl21/class/ee147-aaf/software/python/1/lib:/home/cc/ee147/fl21/class/ee147-aaf/software/python/1/lib64 -I/home/cc/ee147/fl21/class/ee147-aaf/software/python/1/include -Wl,-rpath,/home/cc/ee147/fl21/class/ee147-aaf/software/python/1/lib:/home/cc/ee147/fl21/class/ee147-aaf/software/python/1/lib64 -L/home/cc/ee147/fl21/class/ee147-aaf/software/python/1/lib:/home/cc/ee147/fl21/class/ee147-aaf/software/python/1/lib64 conftest.c  >&5
configure:4815: $? = 0
configure:4815: result: yes
configure:4825: checking for uid_t in sys/types.h
configure:4844: result: yes
configure:4857: checking for unistd.h
configure:4857: result: yes
configure:4867: checking for working chown
configure:4900: gcc -o conftest -Wl,-rpath,/home/cc/ee147/fl21/class/ee147-aaf/software/python/1/lib:/home/cc/ee147/fl21/class/ee147-aaf/software/python/1/lib64 -I/home/cc/ee147/fl21/class/ee147-aaf/software/python/1/include -Wl,-rpath,/home/cc/ee147/fl21/class/ee147-aaf/software/python/1/lib:/home/cc/ee147/fl21/class/ee147-aaf/software/python/1/lib64 -I/home/cc/ee147/fl21/class/ee147-aaf/software/python/1/include -Wl,-rpath,/home/cc/ee147/fl21/class/ee147-aaf/software/python/1/lib:/home/cc/ee147/fl21/class/ee147-aaf/software/python/1/lib64 -L/home/cc/ee147/fl21/class/ee147-aaf/software/python/1/lib:/home/cc/ee147/fl21/class/ee147-aaf/software/python/1/lib64 conftest.c  >&5
configure:4900: $? = 0
configure:4900: ./conftest
configure:4900: $? = 0
configure:4912: result: yes
configure:4920: checking for working strcoll
configure:4941: gcc -o conftest -Wl,-rpath,/home/cc/ee147/fl21/class/ee147-aaf/software/python/1/lib:/home/cc/ee147/fl21/class/ee147-aaf/software/python/1/lib64 -I/home/cc/ee147/fl21/class/ee147-aaf/software/python/1/include -Wl,-rpath,/home/cc/ee147/fl21/class/ee147-aaf/software/python/1/lib:/home/cc/ee147/fl21/class/ee147-aaf/software/python/1/lib64 -I/home/cc/ee147/fl21/class/ee147-aaf/software/python/1/include -Wl,-rpath,/home/cc/ee147/fl21/class/ee147-aaf/software/python/1/lib:/home/cc/ee147/fl21/class/ee147-aaf/software/python/1/lib64 -L/home/cc/ee147/fl21/class/ee147-aaf/software/python/1/lib:/home/cc/ee147/fl21/class/ee147-aaf/software/python/1/lib64 conftest.c  >&5
configure:4941: $? = 0
configure:4941: ./conftest
configure:4941: $? = 0
configure:4951: result: yes
configure:4965: checking fcntl.h usability
configure:4965: gcc -c -Wl,-rpath,/home/cc/ee147/fl21/class/ee147-aaf/software/python/1/lib:/home/cc/ee147/fl21/class/ee147-aaf/software/python/1/lib64 -I/home/cc/ee147/fl21/class/ee147-aaf/software/python/1/include -Wl,-rpath,/home/cc/ee147/fl21/class/ee147-aaf/software/python/1/lib:/home/cc/ee147/fl21/class/ee147-aaf/software/python/1/lib64 -I/home/cc/ee147/fl21/class/ee147-aaf/software/python/1/include conftest.c >&5
configure:4965: $? = 0
configure:4965: result: yes
configure:4965: checking fcntl.h presence
configure:4965: gcc -E -Wl,-rpath,/home/cc/ee147/fl21/class/ee147-aaf/software/python/1/lib:/home/cc/ee147/fl21/class/ee147-aaf/software/python/1/lib64 -I/home/cc/ee147/fl21/class/ee147-aaf/software/python/1/include conftest.c
configure:4965: $? = 0
configure:4965: result: yes
configure:4965: checking for fcntl.h
configure:4965: result: yes
configure:4965: checking for unistd.h
configure:4965: result: yes
configure:4965: checking for stdlib.h
configure:4965: result: yes
configure:4965: checking varargs.h usability
configure:4965: gcc -c -Wl,-rpath,/home/cc/ee147/fl21/class/ee147-aaf/software/python/1/lib:/home/cc/ee147/fl21/class/ee147-aaf/software/python/1/lib64 -I/home/cc/ee147/fl21/class/ee147-aaf/software/python/1/include -Wl,-rpath,/home/cc/ee147/fl21/class/ee147-aaf/software/python/1/lib:/home/cc/ee147/fl21/class/ee147-aaf/software/python/1/lib64 -I/home/cc/ee147/fl21/class/ee147-aaf/software/python/1/include conftest.c >&5
In file included from conftest.c:88:0:
/usr/lib/gcc/x86_64-redhat-linux/4.8.5/include/varargs.h:4:2: error: #error "GCC no longer implements <varargs.h>."
 #error "GCC no longer implements <varargs.h>."
  ^
/usr/lib/gcc/x86_64-redhat-linux/4.8.5/include/varargs.h:5:2: error: #error "Revise your code to use <stdarg.h>."
 #error "Revise your code to use <stdarg.h>."
  ^
configure:4965: $? = 1
configure: failed program was:
| /* confdefs.h */
| #define PACKAGE_NAME "readline"
| #define PACKAGE_TARNAME "readline"
| #define PACKAGE_VERSION "8.0"
| #define PACKAGE_STRING "readline 8.0"
| #define PACKAGE_BUGREPORT "bug-readline@gnu.org"
| #define PACKAGE_URL ""
| #define STDC_HEADERS 1
| #define HAVE_SYS_TYPES_H 1
| #define HAVE_SYS_STAT_H 1
| #define HAVE_STDLIB_H 1
| #define HAVE_STRING_H 1
| #define HAVE_MEMORY_H 1
| #define HAVE_STRINGS_H 1
| #define HAVE_INTTYPES_H 1
| #define HAVE_STDINT_H 1
| #define HAVE_UNISTD_H 1
| #define __EXTENSIONS__ 1
| #define _ALL_SOURCE 1
| #define _GNU_SOURCE 1
| #define _POSIX_PTHREAD_SEMANTICS 1
| #define _TANDEM_SOURCE 1
| #define PROTOTYPES 1
| #define __PROTOTYPES 1
| #define RETSIGTYPE void
| #define STDC_HEADERS 1
| #define HAVE_DIRENT_H 1
| #define HAVE_FCNTL 1
| #define HAVE_KILL 1
| #define HAVE_LSTAT 1
| #define HAVE_READLINK 1
| #define HAVE_FNMATCH 1
| #define HAVE_MEMMOVE 1
| #define HAVE_PSELECT 1
| #define HAVE_PUTENV 1
| #define HAVE_SELECT 1
| #define HAVE_SETENV 1
| #define HAVE_SETLOCALE 1
| #define HAVE_STRCASECMP 1
| #define HAVE_STRPBRK 1
| #define HAVE_TCGETATTR 1
| #define HAVE_VSNPRINTF 1
| #define HAVE_ISASCII 1
| #define HAVE_ISXDIGIT 1
| #define HAVE_GETPWENT 1
| #define HAVE_GETPWNAM 1
| #define HAVE_GETPWUID 1
| #define HAVE_UNISTD_H 1
| #define HAVE_CHOWN 1
| #define HAVE_STRCOLL 1
| #define HAVE_FCNTL_H 1
| #define HAVE_UNISTD_H 1
| #define HAVE_STDLIB_H 1
| /* end confdefs.h.  */
| #include <stdio.h>
| #ifdef HAVE_SYS_TYPES_H
| # include <sys/types.h>
| #endif
| #ifdef HAVE_SYS_STAT_H
| # include <sys/stat.h>
| #endif
| #ifdef STDC_HEADERS
| # include <stdlib.h>
| # include <stddef.h>
| #else
| # ifdef HAVE_STDLIB_H
| #  include <stdlib.h>
| # endif
| #endif
| #ifdef HAVE_STRING_H
| # if !defined STDC_HEADERS && defined HAVE_MEMORY_H
| #  include <memory.h>
| # endif
| # include <string.h>
| #endif
| #ifdef HAVE_STRINGS_H
| # include <strings.h>
| #endif
| #ifdef HAVE_INTTYPES_H
| # include <inttypes.h>
| #endif
| #ifdef HAVE_STDINT_H
| # include <stdint.h>
| #endif
| #ifdef HAVE_UNISTD_H
| # include <unistd.h>
| #endif
| #include <varargs.h>
configure:4965: result: no
configure:4965: checking varargs.h presence
configure:4965: gcc -E -Wl,-rpath,/home/cc/ee147/fl21/class/ee147-aaf/software/python/1/lib:/home/cc/ee147/fl21/class/ee147-aaf/software/python/1/lib64 -I/home/cc/ee147/fl21/class/ee147-aaf/software/python/1/include conftest.c
In file included from conftest.c:55:0:
/usr/lib/gcc/x86_64-redhat-linux/4.8.5/include/varargs.h:4:2: error: #error "GCC no longer implements <varargs.h>."
 #error "GCC no longer implements <varargs.h>."
  ^
/usr/lib/gcc/x86_64-redhat-linux/4.8.5/include/varargs.h:5:2: error: #error "Revise your code to use <stdarg.h>."
 #error "Revise your code to use <stdarg.h>."
  ^
configure:4965: $? = 1
configure: failed program was:
| /* confdefs.h */
| #define PACKAGE_NAME "readline"
| #define PACKAGE_TARNAME "readline"
| #define PACKAGE_VERSION "8.0"
| #define PACKAGE_STRING "readline 8.0"
| #define PACKAGE_BUGREPORT "bug-readline@gnu.org"
| #define PACKAGE_URL ""
| #define STDC_HEADERS 1
| #define HAVE_SYS_TYPES_H 1
| #define HAVE_SYS_STAT_H 1
| #define HAVE_STDLIB_H 1
| #define HAVE_STRING_H 1
| #define HAVE_MEMORY_H 1
| #define HAVE_STRINGS_H 1
| #define HAVE_INTTYPES_H 1
| #define HAVE_STDINT_H 1
| #define HAVE_UNISTD_H 1
| #define __EXTENSIONS__ 1
| #define _ALL_SOURCE 1
| #define _GNU_SOURCE 1
| #define _POSIX_PTHREAD_SEMANTICS 1
| #define _TANDEM_SOURCE 1
| #define PROTOTYPES 1
| #define __PROTOTYPES 1
| #define RETSIGTYPE void
| #define STDC_HEADERS 1
| #define HAVE_DIRENT_H 1
| #define HAVE_FCNTL 1
| #define HAVE_KILL 1
| #define HAVE_LSTAT 1
| #define HAVE_READLINK 1
| #define HAVE_FNMATCH 1
| #define HAVE_MEMMOVE 1
| #define HAVE_PSELECT 1
| #define HAVE_PUTENV 1
| #define HAVE_SELECT 1
| #define HAVE_SETENV 1
| #define HAVE_SETLOCALE 1
| #define HAVE_STRCASECMP 1
| #define HAVE_STRPBRK 1
| #define HAVE_TCGETATTR 1
| #define HAVE_VSNPRINTF 1
| #define HAVE_ISASCII 1
| #define HAVE_ISXDIGIT 1
| #define HAVE_GETPWENT 1
| #define HAVE_GETPWNAM 1
| #define HAVE_GETPWUID 1
| #define HAVE_UNISTD_H 1
| #define HAVE_CHOWN 1
| #define HAVE_STRCOLL 1
| #define HAVE_FCNTL_H 1
| #define HAVE_UNISTD_H 1
| #define HAVE_STDLIB_H 1
| /* end confdefs.h.  */
| #include <varargs.h>
configure:4965: result: no
configure:4965: checking for varargs.h
configure:4965: result: no
configure:4965: checking stdarg.h usability
configure:4965: gcc -c -Wl,-rpath,/home/cc/ee147/fl21/class/ee147-aaf/software/python/1/lib:/home/cc/ee147/fl21/class/ee147-aaf/software/python/1/lib64 -I/home/cc/ee147/fl21/class/ee147-aaf/software/python/1/include -Wl,-rpath,/home/cc/ee147/fl21/class/ee147-aaf/software/python/1/lib:/home/cc/ee147/fl21/class/ee147-aaf/software/python/1/lib64 -I/home/cc/ee147/fl21/class/ee147-aaf/software/python/1/include conftest.c >&5
configure:4965: $? = 0
configure:4965: result: yes
configure:4965: checking stdarg.h presence
configure:4965: gcc -E -Wl,-rpath,/home/cc/ee147/fl21/class/ee147-aaf/software/python/1/lib:/home/cc/ee147/fl21/class/ee147-aaf/software/python/1/lib64 -I/home/cc/ee147/fl21/class/ee147-aaf/software/python/1/include conftest.c
configure:4965: $? = 0
configure:4965: result: yes
configure:4965: checking for stdarg.h
configure:4965: result: yes
configure:4965: checking stdbool.h usability
configure:4965: gcc -c -Wl,-rpath,/home/cc/ee147/fl21/class/ee147-aaf/software/python/1/lib:/home/cc/ee147/fl21/class/ee147-aaf/software/python/1/lib64 -I/home/cc/ee147/fl21/class/ee147-aaf/software/python/1/include -Wl,-rpath,/home/cc/ee147/fl21/class/ee147-aaf/software/python/1/lib:/home/cc/ee147/fl21/class/ee147-aaf/software/python/1/lib64 -I/home/cc/ee147/fl21/class/ee147-aaf/software/python/1/include conftest.c >&5
configure:4965: $? = 0
configure:4965: result: yes
configure:4965: checking stdbool.h presence
configure:4965: gcc -E -Wl,-rpath,/home/cc/ee147/fl21/class/ee147-aaf/software/python/1/lib:/home/cc/ee147/fl21/class/ee147-aaf/software/python/1/lib64 -I/home/cc/ee147/fl21/class/ee147-aaf/software/python/1/include conftest.c
configure:4965: $? = 0
configure:4965: result: yes
configure:4965: checking for stdbool.h
configure:4965: result: yes
configure:4965: checking for string.h
configure:4965: result: yes
configure:4965: checking for strings.h
configure:4965: result: yes
configure:4965: checking limits.h usability
configure:4965: gcc -c -Wl,-rpath,/home/cc/ee147/fl21/class/ee147-aaf/software/python/1/lib:/home/cc/ee147/fl21/class/ee147-aaf/software/python/1/lib64 -I/home/cc/ee147/fl21/class/ee147-aaf/software/python/1/include -Wl,-rpath,/home/cc/ee147/fl21/class/ee147-aaf/software/python/1/lib:/home/cc/ee147/fl21/class/ee147-aaf/software/python/1/lib64 -I/home/cc/ee147/fl21/class/ee147-aaf/software/python/1/include conftest.c >&5
configure:4965: $? = 0
configure:4965: result: yes
configure:4965: checking limits.h presence
configure:4965: gcc -E -Wl,-rpath,/home/cc/ee147/fl21/class/ee147-aaf/software/python/1/lib:/home/cc/ee147/fl21/class/ee147-aaf/software/python/1/lib64 -I/home/cc/ee147/fl21/class/ee147-aaf/software/python/1/include conftest.c
configure:4965: $? = 0
configure:4965: result: yes
configure:4965: checking for limits.h
configure:4965: result: yes
configure:4965: checking locale.h usability
configure:4965: gcc -c -Wl,-rpath,/home/cc/ee147/fl21/class/ee147-aaf/software/python/1/lib:/home/cc/ee147/fl21/class/ee147-aaf/software/python/1/lib64 -I/home/cc/ee147/fl21/class/ee147-aaf/software/python/1/include -Wl,-rpath,/home/cc/ee147/fl21/class/ee147-aaf/software/python/1/lib:/home/cc/ee147/fl21/class/ee147-aaf/software/python/1/lib64 -I/home/cc/ee147/fl21/class/ee147-aaf/software/python/1/include conftest.c >&5
configure:4965: $? = 0
configure:4965: result: yes
configure:4965: checking locale.h presence
configure:4965: gcc -E -Wl,-rpath,/home/cc/ee147/fl21/class/ee147-aaf/software/python/1/lib:/home/cc/ee147/fl21/class/ee147-aaf/software/python/1/lib64 -I/home/cc/ee147/fl21/class/ee147-aaf/software/python/1/include conftest.c
configure:4965: $? = 0
configure:4965: result: yes
configure:4965: checking for locale.h
configure:4965: result: yes
configure:4965: checking pwd.h usability
configure:4965: gcc -c -Wl,-rpath,/home/cc/ee147/fl21/class/ee147-aaf/software/python/1/lib:/home/cc/ee147/fl21/class/ee147-aaf/software/python/1/lib64 -I/home/cc/ee147/fl21/class/ee147-aaf/software/python/1/include -Wl,-rpath,/home/cc/ee147/fl21/class/ee147-aaf/software/python/1/lib:/home/cc/ee147/fl21/class/ee147-aaf/software/python/1/lib64 -I/home/cc/ee147/fl21/class/ee147-aaf/software/python/1/include conftest.c >&5
configure:4965: $? = 0
configure:4965: result: yes
configure:4965: checking pwd.h presence
configure:4965: gcc -E -Wl,-rpath,/home/cc/ee147/fl21/class/ee147-aaf/software/python/1/lib:/home/cc/ee147/fl21/class/ee147-aaf/software/python/1/lib64 -I/home/cc/ee147/fl21/class/ee147-aaf/software/python/1/include conftest.c
configure:4965: $? = 0
configure:4965: result: yes
configure:4965: checking for pwd.h
configure:4965: result: yes
configure:4965: checking for memory.h
configure:4965: result: yes
configure:4965: checking termcap.h usability
configure:4965: gcc -c -Wl,-rpath,/home/cc/ee147/fl21/class/ee147-aaf/software/python/1/lib:/home/cc/ee147/fl21/class/ee147-aaf/software/python/1/lib64 -I/home/cc/ee147/fl21/class/ee147-aaf/software/python/1/include -Wl,-rpath,/home/cc/ee147/fl21/class/ee147-aaf/software/python/1/lib:/home/cc/ee147/fl21/class/ee147-aaf/software/python/1/lib64 -I/home/cc/ee147/fl21/class/ee147-aaf/software/python/1/include conftest.c >&5
configure:4965: $? = 0
configure:4965: result: yes
configure:4965: checking termcap.h presence
configure:4965: gcc -E -Wl,-rpath,/home/cc/ee147/fl21/class/ee147-aaf/software/python/1/lib:/home/cc/ee147/fl21/class/ee147-aaf/software/python/1/lib64 -I/home/cc/ee147/fl21/class/ee147-aaf/software/python/1/include conftest.c
configure:4965: $? = 0
configure:4965: result: yes
configure:4965: checking for termcap.h
configure:4965: result: yes
configure:4965: checking termios.h usability
configure:4965: gcc -c -Wl,-rpath,/home/cc/ee147/fl21/class/ee147-aaf/software/python/1/lib:/home/cc/ee147/fl21/class/ee147-aaf/software/python/1/lib64 -I/home/cc/ee147/fl21/class/ee147-aaf/software/python/1/include -Wl,-rpath,/home/cc/ee147/fl21/class/ee147-aaf/software/python/1/lib:/home/cc/ee147/fl21/class/ee147-aaf/software/python/1/lib64 -I/home/cc/ee147/fl21/class/ee147-aaf/software/python/1/include conftest.c >&5
configure:4965: $? = 0
configure:4965: result: yes
configure:4965: checking termios.h presence
configure:4965: gcc -E -Wl,-rpath,/home/cc/ee147/fl21/class/ee147-aaf/software/python/1/lib:/home/cc/ee147/fl21/class/ee147-aaf/software/python/1/lib64 -I/home/cc/ee147/fl21/class/ee147-aaf/software/python/1/include conftest.c
configure:4965: $? = 0
configure:4965: result: yes
configure:4965: checking for termios.h
configure:4965: result: yes
configure:4965: checking termio.h usability
configure:4965: gcc -c -Wl,-rpath,/home/cc/ee147/fl21/class/ee147-aaf/software/python/1/lib:/home/cc/ee147/fl21/class/ee147-aaf/software/python/1/lib64 -I/home/cc/ee147/fl21/class/ee147-aaf/software/python/1/include -Wl,-rpath,/home/cc/ee147/fl21/class/ee147-aaf/software/python/1/lib:/home/cc/ee147/fl21/class/ee147-aaf/software/python/1/lib64 -I/home/cc/ee147/fl21/class/ee147-aaf/software/python/1/include conftest.c >&5
configure:4965: $? = 0
configure:4965: result: yes
configure:4965: checking termio.h presence
configure:4965: gcc -E -Wl,-rpath,/home/cc/ee147/fl21/class/ee147-aaf/software/python/1/lib:/home/cc/ee147/fl21/class/ee147-aaf/software/python/1/lib64 -I/home/cc/ee147/fl21/class/ee147-aaf/software/python/1/include conftest.c
configure:4965: $? = 0
configure:4965: result: yes
configure:4965: checking for termio.h
configure:4965: result: yes
configure:4978: checking sys/ioctl.h usability
configure:4978: gcc -c -Wl,-rpath,/home/cc/ee147/fl21/class/ee147-aaf/software/python/1/lib:/home/cc/ee147/fl21/class/ee147-aaf/software/python/1/lib64 -I/home/cc/ee147/fl21/class/ee147-aaf/software/python/1/include -Wl,-rpath,/home/cc/ee147/fl21/class/ee147-aaf/software/python/1/lib:/home/cc/ee147/fl21/class/ee147-aaf/software/python/1/lib64 -I/home/cc/ee147/fl21/class/ee147-aaf/software/python/1/include conftest.c >&5
configure:4978: $? = 0
configure:4978: result: yes
configure:4978: checking sys/ioctl.h presence
configure:4978: gcc -E -Wl,-rpath,/home/cc/ee147/fl21/class/ee147-aaf/software/python/1/lib:/home/cc/ee147/fl21/class/ee147-aaf/software/python/1/lib64 -I/home/cc/ee147/fl21/class/ee147-aaf/software/python/1/include conftest.c
configure:4978: $? = 0
configure:4978: result: yes
configure:4978: checking for sys/ioctl.h
configure:4978: result: yes
configure:4978: checking sys/pte.h usability
configure:4978: gcc -c -Wl,-rpath,/home/cc/ee147/fl21/class/ee147-aaf/software/python/1/lib:/home/cc/ee147/fl21/class/ee147-aaf/software/python/1/lib64 -I/home/cc/ee147/fl21/class/ee147-aaf/software/python/1/include -Wl,-rpath,/home/cc/ee147/fl21/class/ee147-aaf/software/python/1/lib:/home/cc/ee147/fl21/class/ee147-aaf/software/python/1/lib64 -I/home/cc/ee147/fl21/class/ee147-aaf/software/python/1/include conftest.c >&5
conftest.c:100:21: fatal error: sys/pte.h: No such file or directory
 #include <sys/pte.h>
                     ^
compilation terminated.
configure:4978: $? = 1
configure: failed program was:
| /* confdefs.h */
| #define PACKAGE_NAME "readline"
| #define PACKAGE_TARNAME "readline"
| #define PACKAGE_VERSION "8.0"
| #define PACKAGE_STRING "readline 8.0"
| #define PACKAGE_BUGREPORT "bug-readline@gnu.org"
| #define PACKAGE_URL ""
| #define STDC_HEADERS 1
| #define HAVE_SYS_TYPES_H 1
| #define HAVE_SYS_STAT_H 1
| #define HAVE_STDLIB_H 1
| #define HAVE_STRING_H 1
| #define HAVE_MEMORY_H 1
| #define HAVE_STRINGS_H 1
| #define HAVE_INTTYPES_H 1
| #define HAVE_STDINT_H 1
| #define HAVE_UNISTD_H 1
| #define __EXTENSIONS__ 1
| #define _ALL_SOURCE 1
| #define _GNU_SOURCE 1
| #define _POSIX_PTHREAD_SEMANTICS 1
| #define _TANDEM_SOURCE 1
| #define PROTOTYPES 1
| #define __PROTOTYPES 1
| #define RETSIGTYPE void
| #define STDC_HEADERS 1
| #define HAVE_DIRENT_H 1
| #define HAVE_FCNTL 1
| #define HAVE_KILL 1
| #define HAVE_LSTAT 1
| #define HAVE_READLINK 1
| #define HAVE_FNMATCH 1
| #define HAVE_MEMMOVE 1
| #define HAVE_PSELECT 1
| #define HAVE_PUTENV 1
| #define HAVE_SELECT 1
| #define HAVE_SETENV 1
| #define HAVE_SETLOCALE 1
| #define HAVE_STRCASECMP 1
| #define HAVE_STRPBRK 1
| #define HAVE_TCGETATTR 1
| #define HAVE_VSNPRINTF 1
| #define HAVE_ISASCII 1
| #define HAVE_ISXDIGIT 1
| #define HAVE_GETPWENT 1
| #define HAVE_GETPWNAM 1
| #define HAVE_GETPWUID 1
| #define HAVE_UNISTD_H 1
| #define HAVE_CHOWN 1
| #define HAVE_STRCOLL 1
| #define HAVE_FCNTL_H 1
| #define HAVE_UNISTD_H 1
| #define HAVE_STDLIB_H 1
| #define HAVE_STDARG_H 1
| #define HAVE_STDBOOL_H 1
| #define HAVE_STRING_H 1
| #define HAVE_STRINGS_H 1
| #define HAVE_LIMITS_H 1
| #define HAVE_LOCALE_H 1
| #define HAVE_PWD_H 1
| #define HAVE_MEMORY_H 1
| #define HAVE_TERMCAP_H 1
| #define HAVE_TERMIOS_H 1
| #define HAVE_TERMIO_H 1
| #define HAVE_SYS_IOCTL_H 1
| /* end confdefs.h.  */
| #include <stdio.h>
| #ifdef HAVE_SYS_TYPES_H
| # include <sys/types.h>
| #endif
| #ifdef HAVE_SYS_STAT_H
| # include <sys/stat.h>
| #endif
| #ifdef STDC_HEADERS
| # include <stdlib.h>
| # include <stddef.h>
| #else
| # ifdef HAVE_STDLIB_H
| #  include <stdlib.h>
| # endif
| #endif
| #ifdef HAVE_STRING_H
| # if !defined STDC_HEADERS && defined HAVE_MEMORY_H
| #  include <memory.h>
| # endif
| # include <string.h>
| #endif
| #ifdef HAVE_STRINGS_H
| # include <strings.h>
| #endif
| #ifdef HAVE_INTTYPES_H
| # include <inttypes.h>
| #endif
| #ifdef HAVE_STDINT_H
| # include <stdint.h>
| #endif
| #ifdef HAVE_UNISTD_H
| # include <unistd.h>
| #endif
| #include <sys/pte.h>
configure:4978: result: no
configure:4978: checking sys/pte.h presence
configure:4978: gcc -E -Wl,-rpath,/home/cc/ee147/fl21/class/ee147-aaf/software/python/1/lib:/home/cc/ee147/fl21/class/ee147-aaf/software/python/1/lib64 -I/home/cc/ee147/fl21/class/ee147-aaf/software/python/1/include conftest.c
conftest.c:67:21: fatal error: sys/pte.h: No such file or directory
 #include <sys/pte.h>
                     ^
compilation terminated.
configure:4978: $? = 1
configure: failed program was:
| /* confdefs.h */
| #define PACKAGE_NAME "readline"
| #define PACKAGE_TARNAME "readline"
| #define PACKAGE_VERSION "8.0"
| #define PACKAGE_STRING "readline 8.0"
| #define PACKAGE_BUGREPORT "bug-readline@gnu.org"
| #define PACKAGE_URL ""
| #define STDC_HEADERS 1
| #define HAVE_SYS_TYPES_H 1
| #define HAVE_SYS_STAT_H 1
| #define HAVE_STDLIB_H 1
| #define HAVE_STRING_H 1
| #define HAVE_MEMORY_H 1
| #define HAVE_STRINGS_H 1
| #define HAVE_INTTYPES_H 1
| #define HAVE_STDINT_H 1
| #define HAVE_UNISTD_H 1
| #define __EXTENSIONS__ 1
| #define _ALL_SOURCE 1
| #define _GNU_SOURCE 1
| #define _POSIX_PTHREAD_SEMANTICS 1
| #define _TANDEM_SOURCE 1
| #define PROTOTYPES 1
| #define __PROTOTYPES 1
| #define RETSIGTYPE void
| #define STDC_HEADERS 1
| #define HAVE_DIRENT_H 1
| #define HAVE_FCNTL 1
| #define HAVE_KILL 1
| #define HAVE_LSTAT 1
| #define HAVE_READLINK 1
| #define HAVE_FNMATCH 1
| #define HAVE_MEMMOVE 1
| #define HAVE_PSELECT 1
| #define HAVE_PUTENV 1
| #define HAVE_SELECT 1
| #define HAVE_SETENV 1
| #define HAVE_SETLOCALE 1
| #define HAVE_STRCASECMP 1
| #define HAVE_STRPBRK 1
| #define HAVE_TCGETATTR 1
| #define HAVE_VSNPRINTF 1
| #define HAVE_ISASCII 1
| #define HAVE_ISXDIGIT 1
| #define HAVE_GETPWENT 1
| #define HAVE_GETPWNAM 1
| #define HAVE_GETPWUID 1
| #define HAVE_UNISTD_H 1
| #define HAVE_CHOWN 1
| #define HAVE_STRCOLL 1
| #define HAVE_FCNTL_H 1
| #define HAVE_UNISTD_H 1
| #define HAVE_STDLIB_H 1
| #define HAVE_STDARG_H 1
| #define HAVE_STDBOOL_H 1
| #define HAVE_STRING_H 1
| #define HAVE_STRINGS_H 1
| #define HAVE_LIMITS_H 1
| #define HAVE_LOCALE_H 1
| #define HAVE_PWD_H 1
| #define HAVE_MEMORY_H 1
| #define HAVE_TERMCAP_H 1
| #define HAVE_TERMIOS_H 1
| #define HAVE_TERMIO_H 1
| #define HAVE_SYS_IOCTL_H 1
| /* end confdefs.h.  */
| #include <sys/pte.h>
configure:4978: result: no
configure:4978: checking for sys/pte.h
configure:4978: result: no
configure:4978: checking sys/stream.h usability
configure:4978: gcc -c -Wl,-rpath,/home/cc/ee147/fl21/class/ee147-aaf/software/python/1/lib:/home/cc/ee147/fl21/class/ee147-aaf/software/python/1/lib64 -I/home/cc/ee147/fl21/class/ee147-aaf/software/python/1/include -Wl,-rpath,/home/cc/ee147/fl21/class/ee147-aaf/software/python/1/lib:/home/cc/ee147/fl21/class/ee147-aaf/software/python/1/lib64 -I/home/cc/ee147/fl21/class/ee147-aaf/software/python/1/include conftest.c >&5
conftest.c:100:24: fatal error: sys/stream.h: No such file or directory
 #include <sys/stream.h>
                        ^
compilation terminated.
configure:4978: $? = 1
configure: failed program was:
| /* confdefs.h */
| #define PACKAGE_NAME "readline"
| #define PACKAGE_TARNAME "readline"
| #define PACKAGE_VERSION "8.0"
| #define PACKAGE_STRING "readline 8.0"
| #define PACKAGE_BUGREPORT "bug-readline@gnu.org"
| #define PACKAGE_URL ""
| #define STDC_HEADERS 1
| #define HAVE_SYS_TYPES_H 1
| #define HAVE_SYS_STAT_H 1
| #define HAVE_STDLIB_H 1
| #define HAVE_STRING_H 1
| #define HAVE_MEMORY_H 1
| #define HAVE_STRINGS_H 1
| #define HAVE_INTTYPES_H 1
| #define HAVE_STDINT_H 1
| #define HAVE_UNISTD_H 1
| #define __EXTENSIONS__ 1
| #define _ALL_SOURCE 1
| #define _GNU_SOURCE 1
| #define _POSIX_PTHREAD_SEMANTICS 1
| #define _TANDEM_SOURCE 1
| #define PROTOTYPES 1
| #define __PROTOTYPES 1
| #define RETSIGTYPE void
| #define STDC_HEADERS 1
| #define HAVE_DIRENT_H 1
| #define HAVE_FCNTL 1
| #define HAVE_KILL 1
| #define HAVE_LSTAT 1
| #define HAVE_READLINK 1
| #define HAVE_FNMATCH 1
| #define HAVE_MEMMOVE 1
| #define HAVE_PSELECT 1
| #define HAVE_PUTENV 1
| #define HAVE_SELECT 1
| #define HAVE_SETENV 1
| #define HAVE_SETLOCALE 1
| #define HAVE_STRCASECMP 1
| #define HAVE_STRPBRK 1
| #define HAVE_TCGETATTR 1
| #define HAVE_VSNPRINTF 1
| #define HAVE_ISASCII 1
| #define HAVE_ISXDIGIT 1
| #define HAVE_GETPWENT 1
| #define HAVE_GETPWNAM 1
| #define HAVE_GETPWUID 1
| #define HAVE_UNISTD_H 1
| #define HAVE_CHOWN 1
| #define HAVE_STRCOLL 1
| #define HAVE_FCNTL_H 1
| #define HAVE_UNISTD_H 1
| #define HAVE_STDLIB_H 1
| #define HAVE_STDARG_H 1
| #define HAVE_STDBOOL_H 1
| #define HAVE_STRING_H 1
| #define HAVE_STRINGS_H 1
| #define HAVE_LIMITS_H 1
| #define HAVE_LOCALE_H 1
| #define HAVE_PWD_H 1
| #define HAVE_MEMORY_H 1
| #define HAVE_TERMCAP_H 1
| #define HAVE_TERMIOS_H 1
| #define HAVE_TERMIO_H 1
| #define HAVE_SYS_IOCTL_H 1
| /* end confdefs.h.  */
| #include <stdio.h>
| #ifdef HAVE_SYS_TYPES_H
| # include <sys/types.h>
| #endif
| #ifdef HAVE_SYS_STAT_H
| # include <sys/stat.h>
| #endif
| #ifdef STDC_HEADERS
| # include <stdlib.h>
| # include <stddef.h>
| #else
| # ifdef HAVE_STDLIB_H
| #  include <stdlib.h>
| # endif
| #endif
| #ifdef HAVE_STRING_H
| # if !defined STDC_HEADERS && defined HAVE_MEMORY_H
| #  include <memory.h>
| # endif
| # include <string.h>
| #endif
| #ifdef HAVE_STRINGS_H
| # include <strings.h>
| #endif
| #ifdef HAVE_INTTYPES_H
| # include <inttypes.h>
| #endif
| #ifdef HAVE_STDINT_H
| # include <stdint.h>
| #endif
| #ifdef HAVE_UNISTD_H
| # include <unistd.h>
| #endif
| #include <sys/stream.h>
configure:4978: result: no
configure:4978: checking sys/stream.h presence
configure:4978: gcc -E -Wl,-rpath,/home/cc/ee147/fl21/class/ee147-aaf/software/python/1/lib:/home/cc/ee147/fl21/class/ee147-aaf/software/python/1/lib64 -I/home/cc/ee147/fl21/class/ee147-aaf/software/python/1/include conftest.c
conftest.c:67:24: fatal error: sys/stream.h: No such file or directory
 #include <sys/stream.h>
                        ^
compilation terminated.
configure:4978: $? = 1
configure: failed program was:
| /* confdefs.h */
| #define PACKAGE_NAME "readline"
| #define PACKAGE_TARNAME "readline"
| #define PACKAGE_VERSION "8.0"
| #define PACKAGE_STRING "readline 8.0"
| #define PACKAGE_BUGREPORT "bug-readline@gnu.org"
| #define PACKAGE_URL ""
| #define STDC_HEADERS 1
| #define HAVE_SYS_TYPES_H 1
| #define HAVE_SYS_STAT_H 1
| #define HAVE_STDLIB_H 1
| #define HAVE_STRING_H 1
| #define HAVE_MEMORY_H 1
| #define HAVE_STRINGS_H 1
| #define HAVE_INTTYPES_H 1
| #define HAVE_STDINT_H 1
| #define HAVE_UNISTD_H 1
| #define __EXTENSIONS__ 1
| #define _ALL_SOURCE 1
| #define _GNU_SOURCE 1
| #define _POSIX_PTHREAD_SEMANTICS 1
| #define _TANDEM_SOURCE 1
| #define PROTOTYPES 1
| #define __PROTOTYPES 1
| #define RETSIGTYPE void
| #define STDC_HEADERS 1
| #define HAVE_DIRENT_H 1
| #define HAVE_FCNTL 1
| #define HAVE_KILL 1
| #define HAVE_LSTAT 1
| #define HAVE_READLINK 1
| #define HAVE_FNMATCH 1
| #define HAVE_MEMMOVE 1
| #define HAVE_PSELECT 1
| #define HAVE_PUTENV 1
| #define HAVE_SELECT 1
| #define HAVE_SETENV 1
| #define HAVE_SETLOCALE 1
| #define HAVE_STRCASECMP 1
| #define HAVE_STRPBRK 1
| #define HAVE_TCGETATTR 1
| #define HAVE_VSNPRINTF 1
| #define HAVE_ISASCII 1
| #define HAVE_ISXDIGIT 1
| #define HAVE_GETPWENT 1
| #define HAVE_GETPWNAM 1
| #define HAVE_GETPWUID 1
| #define HAVE_UNISTD_H 1
| #define HAVE_CHOWN 1
| #define HAVE_STRCOLL 1
| #define HAVE_FCNTL_H 1
| #define HAVE_UNISTD_H 1
| #define HAVE_STDLIB_H 1
| #define HAVE_STDARG_H 1
| #define HAVE_STDBOOL_H 1
| #define HAVE_STRING_H 1
| #define HAVE_STRINGS_H 1
| #define HAVE_LIMITS_H 1
| #define HAVE_LOCALE_H 1
| #define HAVE_PWD_H 1
| #define HAVE_MEMORY_H 1
| #define HAVE_TERMCAP_H 1
| #define HAVE_TERMIOS_H 1
| #define HAVE_TERMIO_H 1
| #define HAVE_SYS_IOCTL_H 1
| /* end confdefs.h.  */
| #include <sys/stream.h>
configure:4978: result: no
configure:4978: checking for sys/stream.h
configure:4978: result: no
configure:4978: checking sys/select.h usability
configure:4978: gcc -c -Wl,-rpath,/home/cc/ee147/fl21/class/ee147-aaf/software/python/1/lib:/home/cc/ee147/fl21/class/ee147-aaf/software/python/1/lib64 -I/home/cc/ee147/fl21/class/ee147-aaf/software/python/1/include -Wl,-rpath,/home/cc/ee147/fl21/class/ee147-aaf/software/python/1/lib:/home/cc/ee147/fl21/class/ee147-aaf/software/python/1/lib64 -I/home/cc/ee147/fl21/class/ee147-aaf/software/python/1/include conftest.c >&5
configure:4978: $? = 0
configure:4978: result: yes
configure:4978: checking sys/select.h presence
configure:4978: gcc -E -Wl,-rpath,/home/cc/ee147/fl21/class/ee147-aaf/software/python/1/lib:/home/cc/ee147/fl21/class/ee147-aaf/software/python/1/lib64 -I/home/cc/ee147/fl21/class/ee147-aaf/software/python/1/include conftest.c
configure:4978: $? = 0
configure:4978: result: yes
configure:4978: checking for sys/select.h
configure:4978: result: yes
configure:4978: checking sys/file.h usability
configure:4978: gcc -c -Wl,-rpath,/home/cc/ee147/fl21/class/ee147-aaf/software/python/1/lib:/home/cc/ee147/fl21/class/ee147-aaf/software/python/1/lib64 -I/home/cc/ee147/fl21/class/ee147-aaf/software/python/1/include -Wl,-rpath,/home/cc/ee147/fl21/class/ee147-aaf/software/python/1/lib:/home/cc/ee147/fl21/class/ee147-aaf/software/python/1/lib64 -I/home/cc/ee147/fl21/class/ee147-aaf/software/python/1/include conftest.c >&5
configure:4978: $? = 0
configure:4978: result: yes
configure:4978: checking sys/file.h presence
configure:4978: gcc -E -Wl,-rpath,/home/cc/ee147/fl21/class/ee147-aaf/software/python/1/lib:/home/cc/ee147/fl21/class/ee147-aaf/software/python/1/lib64 -I/home/cc/ee147/fl21/class/ee147-aaf/software/python/1/include conftest.c
configure:4978: $? = 0
configure:4978: result: yes
configure:4978: checking for sys/file.h
configure:4978: result: yes
configure:4991: checking for sys/ptem.h
configure:4991: gcc -c -Wl,-rpath,/home/cc/ee147/fl21/class/ee147-aaf/software/python/1/lib:/home/cc/ee147/fl21/class/ee147-aaf/software/python/1/lib64 -I/home/cc/ee147/fl21/class/ee147-aaf/software/python/1/include -Wl,-rpath,/home/cc/ee147/fl21/class/ee147-aaf/software/python/1/lib:/home/cc/ee147/fl21/class/ee147-aaf/software/python/1/lib64 -I/home/cc/ee147/fl21/class/ee147-aaf/software/python/1/include conftest.c >&5
conftest.c:75:22: fatal error: sys/ptem.h: No such file or directory
 #include <sys/ptem.h>
                      ^
compilation terminated.
configure:4991: $? = 1
configure: failed program was:
| /* confdefs.h */
| #define PACKAGE_NAME "readline"
| #define PACKAGE_TARNAME "readline"
| #define PACKAGE_VERSION "8.0"
| #define PACKAGE_STRING "readline 8.0"
| #define PACKAGE_BUGREPORT "bug-readline@gnu.org"
| #define PACKAGE_URL ""
| #define STDC_HEADERS 1
| #define HAVE_SYS_TYPES_H 1
| #define HAVE_SYS_STAT_H 1
| #define HAVE_STDLIB_H 1
| #define HAVE_STRING_H 1
| #define HAVE_MEMORY_H 1
| #define HAVE_STRINGS_H 1
| #define HAVE_INTTYPES_H 1
| #define HAVE_STDINT_H 1
| #define HAVE_UNISTD_H 1
| #define __EXTENSIONS__ 1
| #define _ALL_SOURCE 1
| #define _GNU_SOURCE 1
| #define _POSIX_PTHREAD_SEMANTICS 1
| #define _TANDEM_SOURCE 1
| #define PROTOTYPES 1
| #define __PROTOTYPES 1
| #define RETSIGTYPE void
| #define STDC_HEADERS 1
| #define HAVE_DIRENT_H 1
| #define HAVE_FCNTL 1
| #define HAVE_KILL 1
| #define HAVE_LSTAT 1
| #define HAVE_READLINK 1
| #define HAVE_FNMATCH 1
| #define HAVE_MEMMOVE 1
| #define HAVE_PSELECT 1
| #define HAVE_PUTENV 1
| #define HAVE_SELECT 1
| #define HAVE_SETENV 1
| #define HAVE_SETLOCALE 1
| #define HAVE_STRCASECMP 1
| #define HAVE_STRPBRK 1
| #define HAVE_TCGETATTR 1
| #define HAVE_VSNPRINTF 1
| #define HAVE_ISASCII 1
| #define HAVE_ISXDIGIT 1
| #define HAVE_GETPWENT 1
| #define HAVE_GETPWNAM 1
| #define HAVE_GETPWUID 1
| #define HAVE_UNISTD_H 1
| #define HAVE_CHOWN 1
| #define HAVE_STRCOLL 1
| #define HAVE_FCNTL_H 1
| #define HAVE_UNISTD_H 1
| #define HAVE_STDLIB_H 1
| #define HAVE_STDARG_H 1
| #define HAVE_STDBOOL_H 1
| #define HAVE_STRING_H 1
| #define HAVE_STRINGS_H 1
| #define HAVE_LIMITS_H 1
| #define HAVE_LOCALE_H 1
| #define HAVE_PWD_H 1
| #define HAVE_MEMORY_H 1
| #define HAVE_TERMCAP_H 1
| #define HAVE_TERMIOS_H 1
| #define HAVE_TERMIO_H 1
| #define HAVE_SYS_IOCTL_H 1
| #define HAVE_SYS_SELECT_H 1
| #define HAVE_SYS_FILE_H 1
| /* end confdefs.h.  */
| 
| #if HAVE_SYS_STREAM_H
| #  include <sys/stream.h>
| #endif
| 
| 
| #include <sys/ptem.h>
configure:4991: result: no
configure:5014: checking for special C compiler options needed for large files
configure:5059: result: no
configure:5065: checking for _FILE_OFFSET_BITS value needed for large files
configure:5090: gcc -c -Wl,-rpath,/home/cc/ee147/fl21/class/ee147-aaf/software/python/1/lib:/home/cc/ee147/fl21/class/ee147-aaf/software/python/1/lib64 -I/home/cc/ee147/fl21/class/ee147-aaf/software/python/1/include -Wl,-rpath,/home/cc/ee147/fl21/class/ee147-aaf/software/python/1/lib:/home/cc/ee147/fl21/class/ee147-aaf/software/python/1/lib64 -I/home/cc/ee147/fl21/class/ee147-aaf/software/python/1/include conftest.c >&5
configure:5090: $? = 0
configure:5122: result: no
configure:5209: checking for type of signal functions
configure:5232: gcc -o conftest -Wl,-rpath,/home/cc/ee147/fl21/class/ee147-aaf/software/python/1/lib:/home/cc/ee147/fl21/class/ee147-aaf/software/python/1/lib64 -I/home/cc/ee147/fl21/class/ee147-aaf/software/python/1/include -Wl,-rpath,/home/cc/ee147/fl21/class/ee147-aaf/software/python/1/lib:/home/cc/ee147/fl21/class/ee147-aaf/software/python/1/lib64 -I/home/cc/ee147/fl21/class/ee147-aaf/software/python/1/include -Wl,-rpath,/home/cc/ee147/fl21/class/ee147-aaf/software/python/1/lib:/home/cc/ee147/fl21/class/ee147-aaf/software/python/1/lib64 -L/home/cc/ee147/fl21/class/ee147-aaf/software/python/1/lib:/home/cc/ee147/fl21/class/ee147-aaf/software/python/1/lib64 conftest.c  >&5
configure:5232: $? = 0
configure:5290: result: posix
configure:5305: checking if signal handlers must be reinstalled when invoked
configure:5363: gcc -o conftest -Wl,-rpath,/home/cc/ee147/fl21/class/ee147-aaf/software/python/1/lib:/home/cc/ee147/fl21/class/ee147-aaf/software/python/1/lib64 -I/home/cc/ee147/fl21/class/ee147-aaf/software/python/1/include -Wl,-rpath,/home/cc/ee147/fl21/class/ee147-aaf/software/python/1/lib:/home/cc/ee147/fl21/class/ee147-aaf/software/python/1/lib64 -I/home/cc/ee147/fl21/class/ee147-aaf/software/python/1/include -Wl,-rpath,/home/cc/ee147/fl21/class/ee147-aaf/software/python/1/lib:/home/cc/ee147/fl21/class/ee147-aaf/software/python/1/lib64 -L/home/cc/ee147/fl21/class/ee147-aaf/software/python/1/lib:/home/cc/ee147/fl21/class/ee147-aaf/software/python/1/lib64 conftest.c  >&5
conftest.c: In function 'main':
conftest.c:111:2: warning: incompatible implicit declaration of built-in function 'exit' [enabled by default]
  exit(nsigint != 2);
  ^
configure:5363: $? = 0
configure:5363: ./conftest
configure:5363: $? = 0
configure:5374: result: no
configure:5383: checking for presence of POSIX-style sigsetjmp/siglongjmp
configure:5435: gcc -o conftest -Wl,-rpath,/home/cc/ee147/fl21/class/ee147-aaf/software/python/1/lib:/home/cc/ee147/fl21/class/ee147-aaf/software/python/1/lib64 -I/home/cc/ee147/fl21/class/ee147-aaf/software/python/1/include -Wl,-rpath,/home/cc/ee147/fl21/class/ee147-aaf/software/python/1/lib:/home/cc/ee147/fl21/class/ee147-aaf/software/python/1/lib64 -I/home/cc/ee147/fl21/class/ee147-aaf/software/python/1/include -Wl,-rpath,/home/cc/ee147/fl21/class/ee147-aaf/software/python/1/lib:/home/cc/ee147/fl21/class/ee147-aaf/software/python/1/lib64 -L/home/cc/ee147/fl21/class/ee147-aaf/software/python/1/lib:/home/cc/ee147/fl21/class/ee147-aaf/software/python/1/lib64 conftest.c  >&5
conftest.c: In function 'main':
conftest.c:97:3: warning: incompatible implicit declaration of built-in function 'exit' [enabled by default]
   exit(0); /* could get sigmask and compare to oset here. */
   ^
configure:5435: $? = 0
configure:5435: ./conftest
configure:5435: $? = 0
configure:5446: result: present
configure:5453: checking for lstat
configure:5472: gcc -o conftest -Wl,-rpath,/home/cc/ee147/fl21/class/ee147-aaf/software/python/1/lib:/home/cc/ee147/fl21/class/ee147-aaf/software/python/1/lib64 -I/home/cc/ee147/fl21/class/ee147-aaf/software/python/1/include -Wl,-rpath,/home/cc/ee147/fl21/class/ee147-aaf/software/python/1/lib:/home/cc/ee147/fl21/class/ee147-aaf/software/python/1/lib64 -I/home/cc/ee147/fl21/class/ee147-aaf/software/python/1/include -Wl,-rpath,/home/cc/ee147/fl21/class/ee147-aaf/software/python/1/lib:/home/cc/ee147/fl21/class/ee147-aaf/software/python/1/lib64 -L/home/cc/ee147/fl21/class/ee147-aaf/software/python/1/lib:/home/cc/ee147/fl21/class/ee147-aaf/software/python/1/lib64 conftest.c  >&5
configure:5472: $? = 0
configure:5480: result: yes
configure:5488: checking whether or not strcoll and strcmp differ
configure:5538: gcc -o conftest -Wl,-rpath,/home/cc/ee147/fl21/class/ee147-aaf/software/python/1/lib:/home/cc/ee147/fl21/class/ee147-aaf/software/python/1/lib64 -I/home/cc/ee147/fl21/class/ee147-aaf/software/python/1/include -Wl,-rpath,/home/cc/ee147/fl21/class/ee147-aaf/software/python/1/lib:/home/cc/ee147/fl21/class/ee147-aaf/software/python/1/lib64 -I/home/cc/ee147/fl21/class/ee147-aaf/software/python/1/include -Wl,-rpath,/home/cc/ee147/fl21/class/ee147-aaf/software/python/1/lib:/home/cc/ee147/fl21/class/ee147-aaf/software/python/1/lib64 -L/home/cc/ee147/fl21/class/ee147-aaf/software/python/1/lib:/home/cc/ee147/fl21/class/ee147-aaf/software/python/1/lib64 conftest.c  >&5
conftest.c: In function 'main':
conftest.c:105:2: warning: incompatible implicit declaration of built-in function 'exit' [enabled by default]
  exit (r1 > 0 && r2 > 0);
  ^
configure:5538: $? = 0
configure:5538: ./conftest
configure:5538: $? = 1
configure: program exited with status 1
configure: failed program was:
| /* confdefs.h */
| #define PACKAGE_NAME "readline"
| #define PACKAGE_TARNAME "readline"
| #define PACKAGE_VERSION "8.0"
| #define PACKAGE_STRING "readline 8.0"
| #define PACKAGE_BUGREPORT "bug-readline@gnu.org"
| #define PACKAGE_URL ""
| #define STDC_HEADERS 1
| #define HAVE_SYS_TYPES_H 1
| #define HAVE_SYS_STAT_H 1
| #define HAVE_STDLIB_H 1
| #define HAVE_STRING_H 1
| #define HAVE_MEMORY_H 1
| #define HAVE_STRINGS_H 1
| #define HAVE_INTTYPES_H 1
| #define HAVE_STDINT_H 1
| #define HAVE_UNISTD_H 1
| #define __EXTENSIONS__ 1
| #define _ALL_SOURCE 1
| #define _GNU_SOURCE 1
| #define _POSIX_PTHREAD_SEMANTICS 1
| #define _TANDEM_SOURCE 1
| #define PROTOTYPES 1
| #define __PROTOTYPES 1
| #define RETSIGTYPE void
| #define STDC_HEADERS 1
| #define HAVE_DIRENT_H 1
| #define HAVE_FCNTL 1
| #define HAVE_KILL 1
| #define HAVE_LSTAT 1
| #define HAVE_READLINK 1
| #define HAVE_FNMATCH 1
| #define HAVE_MEMMOVE 1
| #define HAVE_PSELECT 1
| #define HAVE_PUTENV 1
| #define HAVE_SELECT 1
| #define HAVE_SETENV 1
| #define HAVE_SETLOCALE 1
| #define HAVE_STRCASECMP 1
| #define HAVE_STRPBRK 1
| #define HAVE_TCGETATTR 1
| #define HAVE_VSNPRINTF 1
| #define HAVE_ISASCII 1
| #define HAVE_ISXDIGIT 1
| #define HAVE_GETPWENT 1
| #define HAVE_GETPWNAM 1
| #define HAVE_GETPWUID 1
| #define HAVE_UNISTD_H 1
| #define HAVE_CHOWN 1
| #define HAVE_STRCOLL 1
| #define HAVE_FCNTL_H 1
| #define HAVE_UNISTD_H 1
| #define HAVE_STDLIB_H 1
| #define HAVE_STDARG_H 1
| #define HAVE_STDBOOL_H 1
| #define HAVE_STRING_H 1
| #define HAVE_STRINGS_H 1
| #define HAVE_LIMITS_H 1
| #define HAVE_LOCALE_H 1
| #define HAVE_PWD_H 1
| #define HAVE_MEMORY_H 1
| #define HAVE_TERMCAP_H 1
| #define HAVE_TERMIOS_H 1
| #define HAVE_TERMIO_H 1
| #define HAVE_SYS_IOCTL_H 1
| #define HAVE_SYS_SELECT_H 1
| #define HAVE_SYS_FILE_H 1
| #define HAVE_POSIX_SIGNALS 1
| #define HAVE_POSIX_SIGSETJMP 1
| #define HAVE_LSTAT 1
| /* end confdefs.h.  */
| 
| #include <stdio.h>
| #if defined (HAVE_LOCALE_H)
| #include <locale.h>
| #endif
| 
| main(c, v)
| int     c;
| char    *v[];
| {
|         int     r1, r2;
|         char    *deflocale, *defcoll;
| 
| #ifdef HAVE_SETLOCALE
|         deflocale = setlocale(LC_ALL, "");
| 	defcoll = setlocale(LC_COLLATE, "");
| #endif
| 
| #ifdef HAVE_STRCOLL
| 	/* These two values are taken from tests/glob-test. */
|         r1 = strcoll("abd", "aXd");
| #else
| 	r1 = 0;
| #endif
|         r2 = strcmp("abd", "aXd");
| 
| 	/* These two should both be greater than 0.  It is permissible for
| 	   a system to return different values, as long as the sign is the
| 	   same. */
| 
|         /* Exit with 1 (failure) if these two values are both > 0, since
| 	   this tests whether strcoll(3) is broken with respect to strcmp(3)
| 	   in the default locale. */
| 	exit (r1 > 0 && r2 > 0);
| }
| 
configure:5549: result: no
configure:5557: checking whether the ctype macros accept non-ascii characters
configure:5602: gcc -o conftest -Wl,-rpath,/home/cc/ee147/fl21/class/ee147-aaf/software/python/1/lib:/home/cc/ee147/fl21/class/ee147-aaf/software/python/1/lib64 -I/home/cc/ee147/fl21/class/ee147-aaf/software/python/1/include -Wl,-rpath,/home/cc/ee147/fl21/class/ee147-aaf/software/python/1/lib:/home/cc/ee147/fl21/class/ee147-aaf/software/python/1/lib64 -I/home/cc/ee147/fl21/class/ee147-aaf/software/python/1/include -Wl,-rpath,/home/cc/ee147/fl21/class/ee147-aaf/software/python/1/lib:/home/cc/ee147/fl21/class/ee147-aaf/software/python/1/lib64 -L/home/cc/ee147/fl21/class/ee147-aaf/software/python/1/lib:/home/cc/ee147/fl21/class/ee147-aaf/software/python/1/lib64 conftest.c  >&5
conftest.c: In function 'main':
conftest.c:100:2: warning: incompatible implicit declaration of built-in function 'exit' [enabled by default]
  exit (r1 == 0 || r2 == 0);
  ^
configure:5602: $? = 0
configure:5602: ./conftest
configure:5602: $? = 0
configure:5613: result: yes
configure:5621: checking whether getpw functions are declared in pwd.h
configure:5646: result: yes
configure:5654: checking whether termios.h defines TIOCGWINSZ
configure:5677: result: no
configure:5681: checking whether sys/ioctl.h defines TIOCGWINSZ
configure:5704: result: yes
configure:5715: checking for sig_atomic_t in signal.h
configure:5733: gcc -o conftest -Wl,-rpath,/home/cc/ee147/fl21/class/ee147-aaf/software/python/1/lib:/home/cc/ee147/fl21/class/ee147-aaf/software/python/1/lib64 -I/home/cc/ee147/fl21/class/ee147-aaf/software/python/1/include -Wl,-rpath,/home/cc/ee147/fl21/class/ee147-aaf/software/python/1/lib:/home/cc/ee147/fl21/class/ee147-aaf/software/python/1/lib64 -I/home/cc/ee147/fl21/class/ee147-aaf/software/python/1/include -Wl,-rpath,/home/cc/ee147/fl21/class/ee147-aaf/software/python/1/lib:/home/cc/ee147/fl21/class/ee147-aaf/software/python/1/lib64 -L/home/cc/ee147/fl21/class/ee147-aaf/software/python/1/lib:/home/cc/ee147/fl21/class/ee147-aaf/software/python/1/lib64 conftest.c  >&5
configure:5733: $? = 0
configure:5741: result: yes
configure:5758: checking whether signal handlers are of type void
configure:5782: gcc -c -Wl,-rpath,/home/cc/ee147/fl21/class/ee147-aaf/software/python/1/lib:/home/cc/ee147/fl21/class/ee147-aaf/software/python/1/lib64 -I/home/cc/ee147/fl21/class/ee147-aaf/software/python/1/include -Wl,-rpath,/home/cc/ee147/fl21/class/ee147-aaf/software/python/1/lib:/home/cc/ee147/fl21/class/ee147-aaf/software/python/1/lib64 -I/home/cc/ee147/fl21/class/ee147-aaf/software/python/1/include conftest.c >&5
configure:5782: $? = 0
configure:5789: result: yes
configure:5797: checking for TIOCSTAT in sys/ioctl.h
configure:5814: gcc -c -Wl,-rpath,/home/cc/ee147/fl21/class/ee147-aaf/software/python/1/lib:/home/cc/ee147/fl21/class/ee147-aaf/software/python/1/lib64 -I/home/cc/ee147/fl21/class/ee147-aaf/software/python/1/include -Wl,-rpath,/home/cc/ee147/fl21/class/ee147-aaf/software/python/1/lib:/home/cc/ee147/fl21/class/ee147-aaf/software/python/1/lib64 -I/home/cc/ee147/fl21/class/ee147-aaf/software/python/1/include conftest.c >&5
conftest.c: In function 'main':
conftest.c:81:9: error: 'TIOCSTAT' undeclared (first use in this function)
 int x = TIOCSTAT;
         ^
conftest.c:81:9: note: each undeclared identifier is reported only once for each function it appears in
configure:5814: $? = 1
configure: failed program was:
| /* confdefs.h */
| #define PACKAGE_NAME "readline"
| #define PACKAGE_TARNAME "readline"
| #define PACKAGE_VERSION "8.0"
| #define PACKAGE_STRING "readline 8.0"
| #define PACKAGE_BUGREPORT "bug-readline@gnu.org"
| #define PACKAGE_URL ""
| #define STDC_HEADERS 1
| #define HAVE_SYS_TYPES_H 1
| #define HAVE_SYS_STAT_H 1
| #define HAVE_STDLIB_H 1
| #define HAVE_STRING_H 1
| #define HAVE_MEMORY_H 1
| #define HAVE_STRINGS_H 1
| #define HAVE_INTTYPES_H 1
| #define HAVE_STDINT_H 1
| #define HAVE_UNISTD_H 1
| #define __EXTENSIONS__ 1
| #define _ALL_SOURCE 1
| #define _GNU_SOURCE 1
| #define _POSIX_PTHREAD_SEMANTICS 1
| #define _TANDEM_SOURCE 1
| #define PROTOTYPES 1
| #define __PROTOTYPES 1
| #define RETSIGTYPE void
| #define STDC_HEADERS 1
| #define HAVE_DIRENT_H 1
| #define HAVE_FCNTL 1
| #define HAVE_KILL 1
| #define HAVE_LSTAT 1
| #define HAVE_READLINK 1
| #define HAVE_FNMATCH 1
| #define HAVE_MEMMOVE 1
| #define HAVE_PSELECT 1
| #define HAVE_PUTENV 1
| #define HAVE_SELECT 1
| #define HAVE_SETENV 1
| #define HAVE_SETLOCALE 1
| #define HAVE_STRCASECMP 1
| #define HAVE_STRPBRK 1
| #define HAVE_TCGETATTR 1
| #define HAVE_VSNPRINTF 1
| #define HAVE_ISASCII 1
| #define HAVE_ISXDIGIT 1
| #define HAVE_GETPWENT 1
| #define HAVE_GETPWNAM 1
| #define HAVE_GETPWUID 1
| #define HAVE_UNISTD_H 1
| #define HAVE_CHOWN 1
| #define HAVE_STRCOLL 1
| #define HAVE_FCNTL_H 1
| #define HAVE_UNISTD_H 1
| #define HAVE_STDLIB_H 1
| #define HAVE_STDARG_H 1
| #define HAVE_STDBOOL_H 1
| #define HAVE_STRING_H 1
| #define HAVE_STRINGS_H 1
| #define HAVE_LIMITS_H 1
| #define HAVE_LOCALE_H 1
| #define HAVE_PWD_H 1
| #define HAVE_MEMORY_H 1
| #define HAVE_TERMCAP_H 1
| #define HAVE_TERMIOS_H 1
| #define HAVE_TERMIO_H 1
| #define HAVE_SYS_IOCTL_H 1
| #define HAVE_SYS_SELECT_H 1
| #define HAVE_SYS_FILE_H 1
| #define HAVE_POSIX_SIGNALS 1
| #define HAVE_POSIX_SIGSETJMP 1
| #define HAVE_LSTAT 1
| #define CTYPE_NON_ASCII 1
| #define HAVE_GETPW_DECLS 1
| #define GWINSZ_IN_SYS_IOCTL 1
| #define VOID_SIGHANDLER 1
| /* end confdefs.h.  */
| #include <sys/types.h>
| #include <sys/ioctl.h>
| int
| main ()
| {
| int x = TIOCSTAT;
|   ;
|   return 0;
| }
configure:5822: result: no
configure:5829: checking for FIONREAD in sys/ioctl.h
configure:5846: gcc -c -Wl,-rpath,/home/cc/ee147/fl21/class/ee147-aaf/software/python/1/lib:/home/cc/ee147/fl21/class/ee147-aaf/software/python/1/lib64 -I/home/cc/ee147/fl21/class/ee147-aaf/software/python/1/include -Wl,-rpath,/home/cc/ee147/fl21/class/ee147-aaf/software/python/1/lib:/home/cc/ee147/fl21/class/ee147-aaf/software/python/1/lib64 -I/home/cc/ee147/fl21/class/ee147-aaf/software/python/1/include conftest.c >&5
configure:5846: $? = 0
configure:5854: result: yes
configure:5861: checking for speed_t in sys/types.h
configure:5877: gcc -c -Wl,-rpath,/home/cc/ee147/fl21/class/ee147-aaf/software/python/1/lib:/home/cc/ee147/fl21/class/ee147-aaf/software/python/1/lib64 -I/home/cc/ee147/fl21/class/ee147-aaf/software/python/1/include -Wl,-rpath,/home/cc/ee147/fl21/class/ee147-aaf/software/python/1/lib:/home/cc/ee147/fl21/class/ee147-aaf/software/python/1/lib64 -I/home/cc/ee147/fl21/class/ee147-aaf/software/python/1/include conftest.c >&5
conftest.c: In function 'main':
conftest.c:81:1: error: unknown type name 'speed_t'
 speed_t x;
 ^
configure:5877: $? = 1
configure: failed program was:
| /* confdefs.h */
| #define PACKAGE_NAME "readline"
| #define PACKAGE_TARNAME "readline"
| #define PACKAGE_VERSION "8.0"
| #define PACKAGE_STRING "readline 8.0"
| #define PACKAGE_BUGREPORT "bug-readline@gnu.org"
| #define PACKAGE_URL ""
| #define STDC_HEADERS 1
| #define HAVE_SYS_TYPES_H 1
| #define HAVE_SYS_STAT_H 1
| #define HAVE_STDLIB_H 1
| #define HAVE_STRING_H 1
| #define HAVE_MEMORY_H 1
| #define HAVE_STRINGS_H 1
| #define HAVE_INTTYPES_H 1
| #define HAVE_STDINT_H 1
| #define HAVE_UNISTD_H 1
| #define __EXTENSIONS__ 1
| #define _ALL_SOURCE 1
| #define _GNU_SOURCE 1
| #define _POSIX_PTHREAD_SEMANTICS 1
| #define _TANDEM_SOURCE 1
| #define PROTOTYPES 1
| #define __PROTOTYPES 1
| #define RETSIGTYPE void
| #define STDC_HEADERS 1
| #define HAVE_DIRENT_H 1
| #define HAVE_FCNTL 1
| #define HAVE_KILL 1
| #define HAVE_LSTAT 1
| #define HAVE_READLINK 1
| #define HAVE_FNMATCH 1
| #define HAVE_MEMMOVE 1
| #define HAVE_PSELECT 1
| #define HAVE_PUTENV 1
| #define HAVE_SELECT 1
| #define HAVE_SETENV 1
| #define HAVE_SETLOCALE 1
| #define HAVE_STRCASECMP 1
| #define HAVE_STRPBRK 1
| #define HAVE_TCGETATTR 1
| #define HAVE_VSNPRINTF 1
| #define HAVE_ISASCII 1
| #define HAVE_ISXDIGIT 1
| #define HAVE_GETPWENT 1
| #define HAVE_GETPWNAM 1
| #define HAVE_GETPWUID 1
| #define HAVE_UNISTD_H 1
| #define HAVE_CHOWN 1
| #define HAVE_STRCOLL 1
| #define HAVE_FCNTL_H 1
| #define HAVE_UNISTD_H 1
| #define HAVE_STDLIB_H 1
| #define HAVE_STDARG_H 1
| #define HAVE_STDBOOL_H 1
| #define HAVE_STRING_H 1
| #define HAVE_STRINGS_H 1
| #define HAVE_LIMITS_H 1
| #define HAVE_LOCALE_H 1
| #define HAVE_PWD_H 1
| #define HAVE_MEMORY_H 1
| #define HAVE_TERMCAP_H 1
| #define HAVE_TERMIOS_H 1
| #define HAVE_TERMIO_H 1
| #define HAVE_SYS_IOCTL_H 1
| #define HAVE_SYS_SELECT_H 1
| #define HAVE_SYS_FILE_H 1
| #define HAVE_POSIX_SIGNALS 1
| #define HAVE_POSIX_SIGSETJMP 1
| #define HAVE_LSTAT 1
| #define CTYPE_NON_ASCII 1
| #define HAVE_GETPW_DECLS 1
| #define GWINSZ_IN_SYS_IOCTL 1
| #define VOID_SIGHANDLER 1
| #define FIONREAD_IN_SYS_IOCTL 1
| /* end confdefs.h.  */
| #include <sys/types.h>
| int
| main ()
| {
| speed_t x;
|   ;
|   return 0;
| }
configure:5885: result: no
configure:5892: checking for struct winsize in sys/ioctl.h and termios.h
configure:5909: gcc -c -Wl,-rpath,/home/cc/ee147/fl21/class/ee147-aaf/software/python/1/lib:/home/cc/ee147/fl21/class/ee147-aaf/software/python/1/lib64 -I/home/cc/ee147/fl21/class/ee147-aaf/software/python/1/include -Wl,-rpath,/home/cc/ee147/fl21/class/ee147-aaf/software/python/1/lib:/home/cc/ee147/fl21/class/ee147-aaf/software/python/1/lib64 -I/home/cc/ee147/fl21/class/ee147-aaf/software/python/1/include conftest.c >&5
configure:5909: $? = 0
configure:5936: result: sys/ioctl.h
configure:5951: checking for struct dirent.d_ino
configure:5989: gcc -c -Wl,-rpath,/home/cc/ee147/fl21/class/ee147-aaf/software/python/1/lib:/home/cc/ee147/fl21/class/ee147-aaf/software/python/1/lib64 -I/home/cc/ee147/fl21/class/ee147-aaf/software/python/1/include -Wl,-rpath,/home/cc/ee147/fl21/class/ee147-aaf/software/python/1/lib:/home/cc/ee147/fl21/class/ee147-aaf/software/python/1/lib64 -I/home/cc/ee147/fl21/class/ee147-aaf/software/python/1/include conftest.c >&5
configure:5989: $? = 0
configure:5997: result: yes
configure:6005: checking for struct dirent.d_fileno
configure:6043: gcc -c -Wl,-rpath,/home/cc/ee147/fl21/class/ee147-aaf/software/python/1/lib:/home/cc/ee147/fl21/class/ee147-aaf/software/python/1/lib64 -I/home/cc/ee147/fl21/class/ee147-aaf/software/python/1/include -Wl,-rpath,/home/cc/ee147/fl21/class/ee147-aaf/software/python/1/lib:/home/cc/ee147/fl21/class/ee147-aaf/software/python/1/lib64 -I/home/cc/ee147/fl21/class/ee147-aaf/software/python/1/include conftest.c >&5
configure:6043: $? = 0
configure:6051: result: yes
configure:6061: checking libaudit.h usability
configure:6061: gcc -c -Wl,-rpath,/home/cc/ee147/fl21/class/ee147-aaf/software/python/1/lib:/home/cc/ee147/fl21/class/ee147-aaf/software/python/1/lib64 -I/home/cc/ee147/fl21/class/ee147-aaf/software/python/1/include -Wl,-rpath,/home/cc/ee147/fl21/class/ee147-aaf/software/python/1/lib:/home/cc/ee147/fl21/class/ee147-aaf/software/python/1/lib64 -I/home/cc/ee147/fl21/class/ee147-aaf/software/python/1/include conftest.c >&5
conftest.c:113:22: fatal error: libaudit.h: No such file or directory
 #include <libaudit.h>
                      ^
compilation terminated.
configure:6061: $? = 1
configure: failed program was:
| /* confdefs.h */
| #define PACKAGE_NAME "readline"
| #define PACKAGE_TARNAME "readline"
| #define PACKAGE_VERSION "8.0"
| #define PACKAGE_STRING "readline 8.0"
| #define PACKAGE_BUGREPORT "bug-readline@gnu.org"
| #define PACKAGE_URL ""
| #define STDC_HEADERS 1
| #define HAVE_SYS_TYPES_H 1
| #define HAVE_SYS_STAT_H 1
| #define HAVE_STDLIB_H 1
| #define HAVE_STRING_H 1
| #define HAVE_MEMORY_H 1
| #define HAVE_STRINGS_H 1
| #define HAVE_INTTYPES_H 1
| #define HAVE_STDINT_H 1
| #define HAVE_UNISTD_H 1
| #define __EXTENSIONS__ 1
| #define _ALL_SOURCE 1
| #define _GNU_SOURCE 1
| #define _POSIX_PTHREAD_SEMANTICS 1
| #define _TANDEM_SOURCE 1
| #define PROTOTYPES 1
| #define __PROTOTYPES 1
| #define RETSIGTYPE void
| #define STDC_HEADERS 1
| #define HAVE_DIRENT_H 1
| #define HAVE_FCNTL 1
| #define HAVE_KILL 1
| #define HAVE_LSTAT 1
| #define HAVE_READLINK 1
| #define HAVE_FNMATCH 1
| #define HAVE_MEMMOVE 1
| #define HAVE_PSELECT 1
| #define HAVE_PUTENV 1
| #define HAVE_SELECT 1
| #define HAVE_SETENV 1
| #define HAVE_SETLOCALE 1
| #define HAVE_STRCASECMP 1
| #define HAVE_STRPBRK 1
| #define HAVE_TCGETATTR 1
| #define HAVE_VSNPRINTF 1
| #define HAVE_ISASCII 1
| #define HAVE_ISXDIGIT 1
| #define HAVE_GETPWENT 1
| #define HAVE_GETPWNAM 1
| #define HAVE_GETPWUID 1
| #define HAVE_UNISTD_H 1
| #define HAVE_CHOWN 1
| #define HAVE_STRCOLL 1
| #define HAVE_FCNTL_H 1
| #define HAVE_UNISTD_H 1
| #define HAVE_STDLIB_H 1
| #define HAVE_STDARG_H 1
| #define HAVE_STDBOOL_H 1
| #define HAVE_STRING_H 1
| #define HAVE_STRINGS_H 1
| #define HAVE_LIMITS_H 1
| #define HAVE_LOCALE_H 1
| #define HAVE_PWD_H 1
| #define HAVE_MEMORY_H 1
| #define HAVE_TERMCAP_H 1
| #define HAVE_TERMIOS_H 1
| #define HAVE_TERMIO_H 1
| #define HAVE_SYS_IOCTL_H 1
| #define HAVE_SYS_SELECT_H 1
| #define HAVE_SYS_FILE_H 1
| #define HAVE_POSIX_SIGNALS 1
| #define HAVE_POSIX_SIGSETJMP 1
| #define HAVE_LSTAT 1
| #define CTYPE_NON_ASCII 1
| #define HAVE_GETPW_DECLS 1
| #define GWINSZ_IN_SYS_IOCTL 1
| #define VOID_SIGHANDLER 1
| #define FIONREAD_IN_SYS_IOCTL 1
| #define STRUCT_WINSIZE_IN_SYS_IOCTL 1
| #define HAVE_STRUCT_DIRENT_D_INO 1
| #define HAVE_STRUCT_DIRENT_D_FILENO 1
| /* end confdefs.h.  */
| #include <stdio.h>
| #ifdef HAVE_SYS_TYPES_H
| # include <sys/types.h>
| #endif
| #ifdef HAVE_SYS_STAT_H
| # include <sys/stat.h>
| #endif
| #ifdef STDC_HEADERS
| # include <stdlib.h>
| # include <stddef.h>
| #else
| # ifdef HAVE_STDLIB_H
| #  include <stdlib.h>
| # endif
| #endif
| #ifdef HAVE_STRING_H
| # if !defined STDC_HEADERS && defined HAVE_MEMORY_H
| #  include <memory.h>
| # endif
| # include <string.h>
| #endif
| #ifdef HAVE_STRINGS_H
| # include <strings.h>
| #endif
| #ifdef HAVE_INTTYPES_H
| # include <inttypes.h>
| #endif
| #ifdef HAVE_STDINT_H
| # include <stdint.h>
| #endif
| #ifdef HAVE_UNISTD_H
| # include <unistd.h>
| #endif
| #include <libaudit.h>
configure:6061: result: no
configure:6061: checking libaudit.h presence
configure:6061: gcc -E -Wl,-rpath,/home/cc/ee147/fl21/class/ee147-aaf/software/python/1/lib:/home/cc/ee147/fl21/class/ee147-aaf/software/python/1/lib64 -I/home/cc/ee147/fl21/class/ee147-aaf/software/python/1/include conftest.c
conftest.c:80:22: fatal error: libaudit.h: No such file or directory
 #include <libaudit.h>
                      ^
compilation terminated.
configure:6061: $? = 1
configure: failed program was:
| /* confdefs.h */
| #define PACKAGE_NAME "readline"
| #define PACKAGE_TARNAME "readline"
| #define PACKAGE_VERSION "8.0"
| #define PACKAGE_STRING "readline 8.0"
| #define PACKAGE_BUGREPORT "bug-readline@gnu.org"
| #define PACKAGE_URL ""
| #define STDC_HEADERS 1
| #define HAVE_SYS_TYPES_H 1
| #define HAVE_SYS_STAT_H 1
| #define HAVE_STDLIB_H 1
| #define HAVE_STRING_H 1
| #define HAVE_MEMORY_H 1
| #define HAVE_STRINGS_H 1
| #define HAVE_INTTYPES_H 1
| #define HAVE_STDINT_H 1
| #define HAVE_UNISTD_H 1
| #define __EXTENSIONS__ 1
| #define _ALL_SOURCE 1
| #define _GNU_SOURCE 1
| #define _POSIX_PTHREAD_SEMANTICS 1
| #define _TANDEM_SOURCE 1
| #define PROTOTYPES 1
| #define __PROTOTYPES 1
| #define RETSIGTYPE void
| #define STDC_HEADERS 1
| #define HAVE_DIRENT_H 1
| #define HAVE_FCNTL 1
| #define HAVE_KILL 1
| #define HAVE_LSTAT 1
| #define HAVE_READLINK 1
| #define HAVE_FNMATCH 1
| #define HAVE_MEMMOVE 1
| #define HAVE_PSELECT 1
| #define HAVE_PUTENV 1
| #define HAVE_SELECT 1
| #define HAVE_SETENV 1
| #define HAVE_SETLOCALE 1
| #define HAVE_STRCASECMP 1
| #define HAVE_STRPBRK 1
| #define HAVE_TCGETATTR 1
| #define HAVE_VSNPRINTF 1
| #define HAVE_ISASCII 1
| #define HAVE_ISXDIGIT 1
| #define HAVE_GETPWENT 1
| #define HAVE_GETPWNAM 1
| #define HAVE_GETPWUID 1
| #define HAVE_UNISTD_H 1
| #define HAVE_CHOWN 1
| #define HAVE_STRCOLL 1
| #define HAVE_FCNTL_H 1
| #define HAVE_UNISTD_H 1
| #define HAVE_STDLIB_H 1
| #define HAVE_STDARG_H 1
| #define HAVE_STDBOOL_H 1
| #define HAVE_STRING_H 1
| #define HAVE_STRINGS_H 1
| #define HAVE_LIMITS_H 1
| #define HAVE_LOCALE_H 1
| #define HAVE_PWD_H 1
| #define HAVE_MEMORY_H 1
| #define HAVE_TERMCAP_H 1
| #define HAVE_TERMIOS_H 1
| #define HAVE_TERMIO_H 1
| #define HAVE_SYS_IOCTL_H 1
| #define HAVE_SYS_SELECT_H 1
| #define HAVE_SYS_FILE_H 1
| #define HAVE_POSIX_SIGNALS 1
| #define HAVE_POSIX_SIGSETJMP 1
| #define HAVE_LSTAT 1
| #define CTYPE_NON_ASCII 1
| #define HAVE_GETPW_DECLS 1
| #define GWINSZ_IN_SYS_IOCTL 1
| #define VOID_SIGHANDLER 1
| #define FIONREAD_IN_SYS_IOCTL 1
| #define STRUCT_WINSIZE_IN_SYS_IOCTL 1
| #define HAVE_STRUCT_DIRENT_D_INO 1
| #define HAVE_STRUCT_DIRENT_D_FILENO 1
| /* end confdefs.h.  */
| #include <libaudit.h>
configure:6061: result: no
configure:6061: checking for libaudit.h
configure:6061: result: no
configure:6071: checking whether AUDIT_USER_TTY is declared
configure:6071: gcc -c -Wl,-rpath,/home/cc/ee147/fl21/class/ee147-aaf/software/python/1/lib:/home/cc/ee147/fl21/class/ee147-aaf/software/python/1/lib64 -I/home/cc/ee147/fl21/class/ee147-aaf/software/python/1/include -Wl,-rpath,/home/cc/ee147/fl21/class/ee147-aaf/software/python/1/lib:/home/cc/ee147/fl21/class/ee147-aaf/software/python/1/lib64 -I/home/cc/ee147/fl21/class/ee147-aaf/software/python/1/include conftest.c >&5
configure:6071: $? = 0
configure:6071: result: yes
configure:6098: checking for tgetent
configure:6098: gcc -o conftest -Wl,-rpath,/home/cc/ee147/fl21/class/ee147-aaf/software/python/1/lib:/home/cc/ee147/fl21/class/ee147-aaf/software/python/1/lib64 -I/home/cc/ee147/fl21/class/ee147-aaf/software/python/1/include -Wl,-rpath,/home/cc/ee147/fl21/class/ee147-aaf/software/python/1/lib:/home/cc/ee147/fl21/class/ee147-aaf/software/python/1/lib64 -I/home/cc/ee147/fl21/class/ee147-aaf/software/python/1/include -Wl,-rpath,/home/cc/ee147/fl21/class/ee147-aaf/software/python/1/lib:/home/cc/ee147/fl21/class/ee147-aaf/software/python/1/lib64 -L/home/cc/ee147/fl21/class/ee147-aaf/software/python/1/lib:/home/cc/ee147/fl21/class/ee147-aaf/software/python/1/lib64 conftest.c  >&5
/tmp/ccxF64PF.o: In function `main':
conftest.c:(.text+0xa): undefined reference to `tgetent'
collect2: error: ld returned 1 exit status
configure:6098: $? = 1
configure: failed program was:
| /* confdefs.h */
| #define PACKAGE_NAME "readline"
| #define PACKAGE_TARNAME "readline"
| #define PACKAGE_VERSION "8.0"
| #define PACKAGE_STRING "readline 8.0"
| #define PACKAGE_BUGREPORT "bug-readline@gnu.org"
| #define PACKAGE_URL ""
| #define STDC_HEADERS 1
| #define HAVE_SYS_TYPES_H 1
| #define HAVE_SYS_STAT_H 1
| #define HAVE_STDLIB_H 1
| #define HAVE_STRING_H 1
| #define HAVE_MEMORY_H 1
| #define HAVE_STRINGS_H 1
| #define HAVE_INTTYPES_H 1
| #define HAVE_STDINT_H 1
| #define HAVE_UNISTD_H 1
| #define __EXTENSIONS__ 1
| #define _ALL_SOURCE 1
| #define _GNU_SOURCE 1
| #define _POSIX_PTHREAD_SEMANTICS 1
| #define _TANDEM_SOURCE 1
| #define PROTOTYPES 1
| #define __PROTOTYPES 1
| #define RETSIGTYPE void
| #define STDC_HEADERS 1
| #define HAVE_DIRENT_H 1
| #define HAVE_FCNTL 1
| #define HAVE_KILL 1
| #define HAVE_LSTAT 1
| #define HAVE_READLINK 1
| #define HAVE_FNMATCH 1
| #define HAVE_MEMMOVE 1
| #define HAVE_PSELECT 1
| #define HAVE_PUTENV 1
| #define HAVE_SELECT 1
| #define HAVE_SETENV 1
| #define HAVE_SETLOCALE 1
| #define HAVE_STRCASECMP 1
| #define HAVE_STRPBRK 1
| #define HAVE_TCGETATTR 1
| #define HAVE_VSNPRINTF 1
| #define HAVE_ISASCII 1
| #define HAVE_ISXDIGIT 1
| #define HAVE_GETPWENT 1
| #define HAVE_GETPWNAM 1
| #define HAVE_GETPWUID 1
| #define HAVE_UNISTD_H 1
| #define HAVE_CHOWN 1
| #define HAVE_STRCOLL 1
| #define HAVE_FCNTL_H 1
| #define HAVE_UNISTD_H 1
| #define HAVE_STDLIB_H 1
| #define HAVE_STDARG_H 1
| #define HAVE_STDBOOL_H 1
| #define HAVE_STRING_H 1
| #define HAVE_STRINGS_H 1
| #define HAVE_LIMITS_H 1
| #define HAVE_LOCALE_H 1
| #define HAVE_PWD_H 1
| #define HAVE_MEMORY_H 1
| #define HAVE_TERMCAP_H 1
| #define HAVE_TERMIOS_H 1
| #define HAVE_TERMIO_H 1
| #define HAVE_SYS_IOCTL_H 1
| #define HAVE_SYS_SELECT_H 1
| #define HAVE_SYS_FILE_H 1
| #define HAVE_POSIX_SIGNALS 1
| #define HAVE_POSIX_SIGSETJMP 1
| #define HAVE_LSTAT 1
| #define CTYPE_NON_ASCII 1
| #define HAVE_GETPW_DECLS 1
| #define GWINSZ_IN_SYS_IOCTL 1
| #define VOID_SIGHANDLER 1
| #define FIONREAD_IN_SYS_IOCTL 1
| #define STRUCT_WINSIZE_IN_SYS_IOCTL 1
| #define HAVE_STRUCT_DIRENT_D_INO 1
| #define HAVE_STRUCT_DIRENT_D_FILENO 1
| #define HAVE_DECL_AUDIT_USER_TTY 1
| /* end confdefs.h.  */
| /* Define tgetent to an innocuous variant, in case <limits.h> declares tgetent.
|    For example, HP-UX 11i <limits.h> declares gettimeofday.  */
| #define tgetent innocuous_tgetent
| 
| /* System header to define __stub macros and hopefully few prototypes,
|     which can conflict with char tgetent (); below.
|     Prefer <limits.h> to <assert.h> if __STDC__ is defined, since
|     <limits.h> exists even on freestanding compilers.  */
| 
| #ifdef __STDC__
| # include <limits.h>
| #else
| # include <assert.h>
| #endif
| 
| #undef tgetent
| 
| /* Override any GCC internal prototype to avoid an error.
|    Use char because int might match the return type of a GCC
|    builtin and then its argument prototype would still apply.  */
| #ifdef __cplusplus
| extern "C"
| #endif
| char tgetent ();
| /* The GNU C library defines this for functions which it implements
|     to always fail with ENOSYS.  Some functions are actually named
|     something starting with __ and the normal name is an alias.  */
| #if defined __stub_tgetent || defined __stub___tgetent
| choke me
| #endif
| 
| int
| main ()
| {
| return tgetent ();
|   ;
|   return 0;
| }
configure:6098: result: no
configure:6102: checking for tgetent in -ltermcap
configure:6127: gcc -o conftest -Wl,-rpath,/home/cc/ee147/fl21/class/ee147-aaf/software/python/1/lib:/home/cc/ee147/fl21/class/ee147-aaf/software/python/1/lib64 -I/home/cc/ee147/fl21/class/ee147-aaf/software/python/1/include -Wl,-rpath,/home/cc/ee147/fl21/class/ee147-aaf/software/python/1/lib:/home/cc/ee147/fl21/class/ee147-aaf/software/python/1/lib64 -I/home/cc/ee147/fl21/class/ee147-aaf/software/python/1/include -Wl,-rpath,/home/cc/ee147/fl21/class/ee147-aaf/software/python/1/lib:/home/cc/ee147/fl21/class/ee147-aaf/software/python/1/lib64 -L/home/cc/ee147/fl21/class/ee147-aaf/software/python/1/lib:/home/cc/ee147/fl21/class/ee147-aaf/software/python/1/lib64 conftest.c -ltermcap   >&5
configure:6127: $? = 0
configure:6136: result: yes
configure:6313: checking which library has the termcap functions
configure:6316: result: using libtermcap
configure:6373: checking wctype.h usability
configure:6373: gcc -c -Wl,-rpath,/home/cc/ee147/fl21/class/ee147-aaf/software/python/1/lib:/home/cc/ee147/fl21/class/ee147-aaf/software/python/1/lib64 -I/home/cc/ee147/fl21/class/ee147-aaf/software/python/1/include -Wl,-rpath,/home/cc/ee147/fl21/class/ee147-aaf/software/python/1/lib:/home/cc/ee147/fl21/class/ee147-aaf/software/python/1/lib64 -I/home/cc/ee147/fl21/class/ee147-aaf/software/python/1/include conftest.c >&5
configure:6373: $? = 0
configure:6373: result: yes
configure:6373: checking wctype.h presence
configure:6373: gcc -E -Wl,-rpath,/home/cc/ee147/fl21/class/ee147-aaf/software/python/1/lib:/home/cc/ee147/fl21/class/ee147-aaf/software/python/1/lib64 -I/home/cc/ee147/fl21/class/ee147-aaf/software/python/1/include conftest.c
configure:6373: $? = 0
configure:6373: result: yes
configure:6373: checking for wctype.h
configure:6373: result: yes
configure:6385: checking wchar.h usability
configure:6385: gcc -c -Wl,-rpath,/home/cc/ee147/fl21/class/ee147-aaf/software/python/1/lib:/home/cc/ee147/fl21/class/ee147-aaf/software/python/1/lib64 -I/home/cc/ee147/fl21/class/ee147-aaf/software/python/1/include -Wl,-rpath,/home/cc/ee147/fl21/class/ee147-aaf/software/python/1/lib:/home/cc/ee147/fl21/class/ee147-aaf/software/python/1/lib64 -I/home/cc/ee147/fl21/class/ee147-aaf/software/python/1/include conftest.c >&5
configure:6385: $? = 0
configure:6385: result: yes
configure:6385: checking wchar.h presence
configure:6385: gcc -E -Wl,-rpath,/home/cc/ee147/fl21/class/ee147-aaf/software/python/1/lib:/home/cc/ee147/fl21/class/ee147-aaf/software/python/1/lib64 -I/home/cc/ee147/fl21/class/ee147-aaf/software/python/1/include conftest.c
configure:6385: $? = 0
configure:6385: result: yes
configure:6385: checking for wchar.h
configure:6385: result: yes
configure:6397: checking langinfo.h usability
configure:6397: gcc -c -Wl,-rpath,/home/cc/ee147/fl21/class/ee147-aaf/software/python/1/lib:/home/cc/ee147/fl21/class/ee147-aaf/software/python/1/lib64 -I/home/cc/ee147/fl21/class/ee147-aaf/software/python/1/include -Wl,-rpath,/home/cc/ee147/fl21/class/ee147-aaf/software/python/1/lib:/home/cc/ee147/fl21/class/ee147-aaf/software/python/1/lib64 -I/home/cc/ee147/fl21/class/ee147-aaf/software/python/1/include conftest.c >&5
configure:6397: $? = 0
configure:6397: result: yes
configure:6397: checking langinfo.h presence
configure:6397: gcc -E -Wl,-rpath,/home/cc/ee147/fl21/class/ee147-aaf/software/python/1/lib:/home/cc/ee147/fl21/class/ee147-aaf/software/python/1/lib64 -I/home/cc/ee147/fl21/class/ee147-aaf/software/python/1/include conftest.c
configure:6397: $? = 0
configure:6397: result: yes
configure:6397: checking for langinfo.h
configure:6397: result: yes
configure:6410: checking mbstr.h usability
configure:6410: gcc -c -Wl,-rpath,/home/cc/ee147/fl21/class/ee147-aaf/software/python/1/lib:/home/cc/ee147/fl21/class/ee147-aaf/software/python/1/lib64 -I/home/cc/ee147/fl21/class/ee147-aaf/software/python/1/include -Wl,-rpath,/home/cc/ee147/fl21/class/ee147-aaf/software/python/1/lib:/home/cc/ee147/fl21/class/ee147-aaf/software/python/1/lib64 -I/home/cc/ee147/fl21/class/ee147-aaf/software/python/1/include conftest.c >&5
conftest.c:117:19: fatal error: mbstr.h: No such file or directory
 #include <mbstr.h>
                   ^
compilation terminated.
configure:6410: $? = 1
configure: failed program was:
| /* confdefs.h */
| #define PACKAGE_NAME "readline"
| #define PACKAGE_TARNAME "readline"
| #define PACKAGE_VERSION "8.0"
| #define PACKAGE_STRING "readline 8.0"
| #define PACKAGE_BUGREPORT "bug-readline@gnu.org"
| #define PACKAGE_URL ""
| #define STDC_HEADERS 1
| #define HAVE_SYS_TYPES_H 1
| #define HAVE_SYS_STAT_H 1
| #define HAVE_STDLIB_H 1
| #define HAVE_STRING_H 1
| #define HAVE_MEMORY_H 1
| #define HAVE_STRINGS_H 1
| #define HAVE_INTTYPES_H 1
| #define HAVE_STDINT_H 1
| #define HAVE_UNISTD_H 1
| #define __EXTENSIONS__ 1
| #define _ALL_SOURCE 1
| #define _GNU_SOURCE 1
| #define _POSIX_PTHREAD_SEMANTICS 1
| #define _TANDEM_SOURCE 1
| #define PROTOTYPES 1
| #define __PROTOTYPES 1
| #define RETSIGTYPE void
| #define STDC_HEADERS 1
| #define HAVE_DIRENT_H 1
| #define HAVE_FCNTL 1
| #define HAVE_KILL 1
| #define HAVE_LSTAT 1
| #define HAVE_READLINK 1
| #define HAVE_FNMATCH 1
| #define HAVE_MEMMOVE 1
| #define HAVE_PSELECT 1
| #define HAVE_PUTENV 1
| #define HAVE_SELECT 1
| #define HAVE_SETENV 1
| #define HAVE_SETLOCALE 1
| #define HAVE_STRCASECMP 1
| #define HAVE_STRPBRK 1
| #define HAVE_TCGETATTR 1
| #define HAVE_VSNPRINTF 1
| #define HAVE_ISASCII 1
| #define HAVE_ISXDIGIT 1
| #define HAVE_GETPWENT 1
| #define HAVE_GETPWNAM 1
| #define HAVE_GETPWUID 1
| #define HAVE_UNISTD_H 1
| #define HAVE_CHOWN 1
| #define HAVE_STRCOLL 1
| #define HAVE_FCNTL_H 1
| #define HAVE_UNISTD_H 1
| #define HAVE_STDLIB_H 1
| #define HAVE_STDARG_H 1
| #define HAVE_STDBOOL_H 1
| #define HAVE_STRING_H 1
| #define HAVE_STRINGS_H 1
| #define HAVE_LIMITS_H 1
| #define HAVE_LOCALE_H 1
| #define HAVE_PWD_H 1
| #define HAVE_MEMORY_H 1
| #define HAVE_TERMCAP_H 1
| #define HAVE_TERMIOS_H 1
| #define HAVE_TERMIO_H 1
| #define HAVE_SYS_IOCTL_H 1
| #define HAVE_SYS_SELECT_H 1
| #define HAVE_SYS_FILE_H 1
| #define HAVE_POSIX_SIGNALS 1
| #define HAVE_POSIX_SIGSETJMP 1
| #define HAVE_LSTAT 1
| #define CTYPE_NON_ASCII 1
| #define HAVE_GETPW_DECLS 1
| #define GWINSZ_IN_SYS_IOCTL 1
| #define VOID_SIGHANDLER 1
| #define FIONREAD_IN_SYS_IOCTL 1
| #define STRUCT_WINSIZE_IN_SYS_IOCTL 1
| #define HAVE_STRUCT_DIRENT_D_INO 1
| #define HAVE_STRUCT_DIRENT_D_FILENO 1
| #define HAVE_DECL_AUDIT_USER_TTY 1
| #define HAVE_WCTYPE_H 1
| #define HAVE_WCHAR_H 1
| #define HAVE_LANGINFO_H 1
| /* end confdefs.h.  */
| #include <stdio.h>
| #ifdef HAVE_SYS_TYPES_H
| # include <sys/types.h>
| #endif
| #ifdef HAVE_SYS_STAT_H
| # include <sys/stat.h>
| #endif
| #ifdef STDC_HEADERS
| # include <stdlib.h>
| # include <stddef.h>
| #else
| # ifdef HAVE_STDLIB_H
| #  include <stdlib.h>
| # endif
| #endif
| #ifdef HAVE_STRING_H
| # if !defined STDC_HEADERS && defined HAVE_MEMORY_H
| #  include <memory.h>
| # endif
| # include <string.h>
| #endif
| #ifdef HAVE_STRINGS_H
| # include <strings.h>
| #endif
| #ifdef HAVE_INTTYPES_H
| # include <inttypes.h>
| #endif
| #ifdef HAVE_STDINT_H
| # include <stdint.h>
| #endif
| #ifdef HAVE_UNISTD_H
| # include <unistd.h>
| #endif
| #include <mbstr.h>
configure:6410: result: no
configure:6410: checking mbstr.h presence
configure:6410: gcc -E -Wl,-rpath,/home/cc/ee147/fl21/class/ee147-aaf/software/python/1/lib:/home/cc/ee147/fl21/class/ee147-aaf/software/python/1/lib64 -I/home/cc/ee147/fl21/class/ee147-aaf/software/python/1/include conftest.c
conftest.c:84:19: fatal error: mbstr.h: No such file or directory
 #include <mbstr.h>
                   ^
compilation terminated.
configure:6410: $? = 1
configure: failed program was:
| /* confdefs.h */
| #define PACKAGE_NAME "readline"
| #define PACKAGE_TARNAME "readline"
| #define PACKAGE_VERSION "8.0"
| #define PACKAGE_STRING "readline 8.0"
| #define PACKAGE_BUGREPORT "bug-readline@gnu.org"
| #define PACKAGE_URL ""
| #define STDC_HEADERS 1
| #define HAVE_SYS_TYPES_H 1
| #define HAVE_SYS_STAT_H 1
| #define HAVE_STDLIB_H 1
| #define HAVE_STRING_H 1
| #define HAVE_MEMORY_H 1
| #define HAVE_STRINGS_H 1
| #define HAVE_INTTYPES_H 1
| #define HAVE_STDINT_H 1
| #define HAVE_UNISTD_H 1
| #define __EXTENSIONS__ 1
| #define _ALL_SOURCE 1
| #define _GNU_SOURCE 1
| #define _POSIX_PTHREAD_SEMANTICS 1
| #define _TANDEM_SOURCE 1
| #define PROTOTYPES 1
| #define __PROTOTYPES 1
| #define RETSIGTYPE void
| #define STDC_HEADERS 1
| #define HAVE_DIRENT_H 1
| #define HAVE_FCNTL 1
| #define HAVE_KILL 1
| #define HAVE_LSTAT 1
| #define HAVE_READLINK 1
| #define HAVE_FNMATCH 1
| #define HAVE_MEMMOVE 1
| #define HAVE_PSELECT 1
| #define HAVE_PUTENV 1
| #define HAVE_SELECT 1
| #define HAVE_SETENV 1
| #define HAVE_SETLOCALE 1
| #define HAVE_STRCASECMP 1
| #define HAVE_STRPBRK 1
| #define HAVE_TCGETATTR 1
| #define HAVE_VSNPRINTF 1
| #define HAVE_ISASCII 1
| #define HAVE_ISXDIGIT 1
| #define HAVE_GETPWENT 1
| #define HAVE_GETPWNAM 1
| #define HAVE_GETPWUID 1
| #define HAVE_UNISTD_H 1
| #define HAVE_CHOWN 1
| #define HAVE_STRCOLL 1
| #define HAVE_FCNTL_H 1
| #define HAVE_UNISTD_H 1
| #define HAVE_STDLIB_H 1
| #define HAVE_STDARG_H 1
| #define HAVE_STDBOOL_H 1
| #define HAVE_STRING_H 1
| #define HAVE_STRINGS_H 1
| #define HAVE_LIMITS_H 1
| #define HAVE_LOCALE_H 1
| #define HAVE_PWD_H 1
| #define HAVE_MEMORY_H 1
| #define HAVE_TERMCAP_H 1
| #define HAVE_TERMIOS_H 1
| #define HAVE_TERMIO_H 1
| #define HAVE_SYS_IOCTL_H 1
| #define HAVE_SYS_SELECT_H 1
| #define HAVE_SYS_FILE_H 1
| #define HAVE_POSIX_SIGNALS 1
| #define HAVE_POSIX_SIGSETJMP 1
| #define HAVE_LSTAT 1
| #define CTYPE_NON_ASCII 1
| #define HAVE_GETPW_DECLS 1
| #define GWINSZ_IN_SYS_IOCTL 1
| #define VOID_SIGHANDLER 1
| #define FIONREAD_IN_SYS_IOCTL 1
| #define STRUCT_WINSIZE_IN_SYS_IOCTL 1
| #define HAVE_STRUCT_DIRENT_D_INO 1
| #define HAVE_STRUCT_DIRENT_D_FILENO 1
| #define HAVE_DECL_AUDIT_USER_TTY 1
| #define HAVE_WCTYPE_H 1
| #define HAVE_WCHAR_H 1
| #define HAVE_LANGINFO_H 1
| /* end confdefs.h.  */
| #include <mbstr.h>
configure:6410: result: no
configure:6410: checking for mbstr.h
configure:6410: result: no
configure:6421: checking for mbrlen
configure:6421: gcc -o conftest -Wl,-rpath,/home/cc/ee147/fl21/class/ee147-aaf/software/python/1/lib:/home/cc/ee147/fl21/class/ee147-aaf/software/python/1/lib64 -I/home/cc/ee147/fl21/class/ee147-aaf/software/python/1/include -Wl,-rpath,/home/cc/ee147/fl21/class/ee147-aaf/software/python/1/lib:/home/cc/ee147/fl21/class/ee147-aaf/software/python/1/lib64 -I/home/cc/ee147/fl21/class/ee147-aaf/software/python/1/include -Wl,-rpath,/home/cc/ee147/fl21/class/ee147-aaf/software/python/1/lib:/home/cc/ee147/fl21/class/ee147-aaf/software/python/1/lib64 -L/home/cc/ee147/fl21/class/ee147-aaf/software/python/1/lib:/home/cc/ee147/fl21/class/ee147-aaf/software/python/1/lib64 conftest.c  >&5
configure:6421: $? = 0
configure:6421: result: yes
configure:6427: checking for mbscasecmp
configure:6427: gcc -o conftest -Wl,-rpath,/home/cc/ee147/fl21/class/ee147-aaf/software/python/1/lib:/home/cc/ee147/fl21/class/ee147-aaf/software/python/1/lib64 -I/home/cc/ee147/fl21/class/ee147-aaf/software/python/1/include -Wl,-rpath,/home/cc/ee147/fl21/class/ee147-aaf/software/python/1/lib:/home/cc/ee147/fl21/class/ee147-aaf/software/python/1/lib64 -I/home/cc/ee147/fl21/class/ee147-aaf/software/python/1/include -Wl,-rpath,/home/cc/ee147/fl21/class/ee147-aaf/software/python/1/lib:/home/cc/ee147/fl21/class/ee147-aaf/software/python/1/lib64 -L/home/cc/ee147/fl21/class/ee147-aaf/software/python/1/lib:/home/cc/ee147/fl21/class/ee147-aaf/software/python/1/lib64 conftest.c  >&5
/tmp/cc8rFukl.o: In function `main':
conftest.c:(.text+0xa): undefined reference to `mbscasecmp'
collect2: error: ld returned 1 exit status
configure:6427: $? = 1
configure: failed program was:
| /* confdefs.h */
| #define PACKAGE_NAME "readline"
| #define PACKAGE_TARNAME "readline"
| #define PACKAGE_VERSION "8.0"
| #define PACKAGE_STRING "readline 8.0"
| #define PACKAGE_BUGREPORT "bug-readline@gnu.org"
| #define PACKAGE_URL ""
| #define STDC_HEADERS 1
| #define HAVE_SYS_TYPES_H 1
| #define HAVE_SYS_STAT_H 1
| #define HAVE_STDLIB_H 1
| #define HAVE_STRING_H 1
| #define HAVE_MEMORY_H 1
| #define HAVE_STRINGS_H 1
| #define HAVE_INTTYPES_H 1
| #define HAVE_STDINT_H 1
| #define HAVE_UNISTD_H 1
| #define __EXTENSIONS__ 1
| #define _ALL_SOURCE 1
| #define _GNU_SOURCE 1
| #define _POSIX_PTHREAD_SEMANTICS 1
| #define _TANDEM_SOURCE 1
| #define PROTOTYPES 1
| #define __PROTOTYPES 1
| #define RETSIGTYPE void
| #define STDC_HEADERS 1
| #define HAVE_DIRENT_H 1
| #define HAVE_FCNTL 1
| #define HAVE_KILL 1
| #define HAVE_LSTAT 1
| #define HAVE_READLINK 1
| #define HAVE_FNMATCH 1
| #define HAVE_MEMMOVE 1
| #define HAVE_PSELECT 1
| #define HAVE_PUTENV 1
| #define HAVE_SELECT 1
| #define HAVE_SETENV 1
| #define HAVE_SETLOCALE 1
| #define HAVE_STRCASECMP 1
| #define HAVE_STRPBRK 1
| #define HAVE_TCGETATTR 1
| #define HAVE_VSNPRINTF 1
| #define HAVE_ISASCII 1
| #define HAVE_ISXDIGIT 1
| #define HAVE_GETPWENT 1
| #define HAVE_GETPWNAM 1
| #define HAVE_GETPWUID 1
| #define HAVE_UNISTD_H 1
| #define HAVE_CHOWN 1
| #define HAVE_STRCOLL 1
| #define HAVE_FCNTL_H 1
| #define HAVE_UNISTD_H 1
| #define HAVE_STDLIB_H 1
| #define HAVE_STDARG_H 1
| #define HAVE_STDBOOL_H 1
| #define HAVE_STRING_H 1
| #define HAVE_STRINGS_H 1
| #define HAVE_LIMITS_H 1
| #define HAVE_LOCALE_H 1
| #define HAVE_PWD_H 1
| #define HAVE_MEMORY_H 1
| #define HAVE_TERMCAP_H 1
| #define HAVE_TERMIOS_H 1
| #define HAVE_TERMIO_H 1
| #define HAVE_SYS_IOCTL_H 1
| #define HAVE_SYS_SELECT_H 1
| #define HAVE_SYS_FILE_H 1
| #define HAVE_POSIX_SIGNALS 1
| #define HAVE_POSIX_SIGSETJMP 1
| #define HAVE_LSTAT 1
| #define CTYPE_NON_ASCII 1
| #define HAVE_GETPW_DECLS 1
| #define GWINSZ_IN_SYS_IOCTL 1
| #define VOID_SIGHANDLER 1
| #define FIONREAD_IN_SYS_IOCTL 1
| #define STRUCT_WINSIZE_IN_SYS_IOCTL 1
| #define HAVE_STRUCT_DIRENT_D_INO 1
| #define HAVE_STRUCT_DIRENT_D_FILENO 1
| #define HAVE_DECL_AUDIT_USER_TTY 1
| #define HAVE_WCTYPE_H 1
| #define HAVE_WCHAR_H 1
| #define HAVE_LANGINFO_H 1
| #define HAVE_MBRLEN 1
| /* end confdefs.h.  */
| /* Define mbscasecmp to an innocuous variant, in case <limits.h> declares mbscasecmp.
|    For example, HP-UX 11i <limits.h> declares gettimeofday.  */
| #define mbscasecmp innocuous_mbscasecmp
| 
| /* System header to define __stub macros and hopefully few prototypes,
|     which can conflict with char mbscasecmp (); below.
|     Prefer <limits.h> to <assert.h> if __STDC__ is defined, since
|     <limits.h> exists even on freestanding compilers.  */
| 
| #ifdef __STDC__
| # include <limits.h>
| #else
| # include <assert.h>
| #endif
| 
| #undef mbscasecmp
| 
| /* Override any GCC internal prototype to avoid an error.
|    Use char because int might match the return type of a GCC
|    builtin and then its argument prototype would still apply.  */
| #ifdef __cplusplus
| extern "C"
| #endif
| char mbscasecmp ();
| /* The GNU C library defines this for functions which it implements
|     to always fail with ENOSYS.  Some functions are actually named
|     something starting with __ and the normal name is an alias.  */
| #if defined __stub_mbscasecmp || defined __stub___mbscasecmp
| choke me
| #endif
| 
| int
| main ()
| {
| return mbscasecmp ();
|   ;
|   return 0;
| }
configure:6427: result: no
configure:6433: checking for mbscmp
configure:6433: gcc -o conftest -Wl,-rpath,/home/cc/ee147/fl21/class/ee147-aaf/software/python/1/lib:/home/cc/ee147/fl21/class/ee147-aaf/software/python/1/lib64 -I/home/cc/ee147/fl21/class/ee147-aaf/software/python/1/include -Wl,-rpath,/home/cc/ee147/fl21/class/ee147-aaf/software/python/1/lib:/home/cc/ee147/fl21/class/ee147-aaf/software/python/1/lib64 -I/home/cc/ee147/fl21/class/ee147-aaf/software/python/1/include -Wl,-rpath,/home/cc/ee147/fl21/class/ee147-aaf/software/python/1/lib:/home/cc/ee147/fl21/class/ee147-aaf/software/python/1/lib64 -L/home/cc/ee147/fl21/class/ee147-aaf/software/python/1/lib:/home/cc/ee147/fl21/class/ee147-aaf/software/python/1/lib64 conftest.c  >&5
/tmp/ccC0S9Kw.o: In function `main':
conftest.c:(.text+0xa): undefined reference to `mbscmp'
collect2: error: ld returned 1 exit status
configure:6433: $? = 1
configure: failed program was:
| /* confdefs.h */
| #define PACKAGE_NAME "readline"
| #define PACKAGE_TARNAME "readline"
| #define PACKAGE_VERSION "8.0"
| #define PACKAGE_STRING "readline 8.0"
| #define PACKAGE_BUGREPORT "bug-readline@gnu.org"
| #define PACKAGE_URL ""
| #define STDC_HEADERS 1
| #define HAVE_SYS_TYPES_H 1
| #define HAVE_SYS_STAT_H 1
| #define HAVE_STDLIB_H 1
| #define HAVE_STRING_H 1
| #define HAVE_MEMORY_H 1
| #define HAVE_STRINGS_H 1
| #define HAVE_INTTYPES_H 1
| #define HAVE_STDINT_H 1
| #define HAVE_UNISTD_H 1
| #define __EXTENSIONS__ 1
| #define _ALL_SOURCE 1
| #define _GNU_SOURCE 1
| #define _POSIX_PTHREAD_SEMANTICS 1
| #define _TANDEM_SOURCE 1
| #define PROTOTYPES 1
| #define __PROTOTYPES 1
| #define RETSIGTYPE void
| #define STDC_HEADERS 1
| #define HAVE_DIRENT_H 1
| #define HAVE_FCNTL 1
| #define HAVE_KILL 1
| #define HAVE_LSTAT 1
| #define HAVE_READLINK 1
| #define HAVE_FNMATCH 1
| #define HAVE_MEMMOVE 1
| #define HAVE_PSELECT 1
| #define HAVE_PUTENV 1
| #define HAVE_SELECT 1
| #define HAVE_SETENV 1
| #define HAVE_SETLOCALE 1
| #define HAVE_STRCASECMP 1
| #define HAVE_STRPBRK 1
| #define HAVE_TCGETATTR 1
| #define HAVE_VSNPRINTF 1
| #define HAVE_ISASCII 1
| #define HAVE_ISXDIGIT 1
| #define HAVE_GETPWENT 1
| #define HAVE_GETPWNAM 1
| #define HAVE_GETPWUID 1
| #define HAVE_UNISTD_H 1
| #define HAVE_CHOWN 1
| #define HAVE_STRCOLL 1
| #define HAVE_FCNTL_H 1
| #define HAVE_UNISTD_H 1
| #define HAVE_STDLIB_H 1
| #define HAVE_STDARG_H 1
| #define HAVE_STDBOOL_H 1
| #define HAVE_STRING_H 1
| #define HAVE_STRINGS_H 1
| #define HAVE_LIMITS_H 1
| #define HAVE_LOCALE_H 1
| #define HAVE_PWD_H 1
| #define HAVE_MEMORY_H 1
| #define HAVE_TERMCAP_H 1
| #define HAVE_TERMIOS_H 1
| #define HAVE_TERMIO_H 1
| #define HAVE_SYS_IOCTL_H 1
| #define HAVE_SYS_SELECT_H 1
| #define HAVE_SYS_FILE_H 1
| #define HAVE_POSIX_SIGNALS 1
| #define HAVE_POSIX_SIGSETJMP 1
| #define HAVE_LSTAT 1
| #define CTYPE_NON_ASCII 1
| #define HAVE_GETPW_DECLS 1
| #define GWINSZ_IN_SYS_IOCTL 1
| #define VOID_SIGHANDLER 1
| #define FIONREAD_IN_SYS_IOCTL 1
| #define STRUCT_WINSIZE_IN_SYS_IOCTL 1
| #define HAVE_STRUCT_DIRENT_D_INO 1
| #define HAVE_STRUCT_DIRENT_D_FILENO 1
| #define HAVE_DECL_AUDIT_USER_TTY 1
| #define HAVE_WCTYPE_H 1
| #define HAVE_WCHAR_H 1
| #define HAVE_LANGINFO_H 1
| #define HAVE_MBRLEN 1
| /* end confdefs.h.  */
| /* Define mbscmp to an innocuous variant, in case <limits.h> declares mbscmp.
|    For example, HP-UX 11i <limits.h> declares gettimeofday.  */
| #define mbscmp innocuous_mbscmp
| 
| /* System header to define __stub macros and hopefully few prototypes,
|     which can conflict with char mbscmp (); below.
|     Prefer <limits.h> to <assert.h> if __STDC__ is defined, since
|     <limits.h> exists even on freestanding compilers.  */
| 
| #ifdef __STDC__
| # include <limits.h>
| #else
| # include <assert.h>
| #endif
| 
| #undef mbscmp
| 
| /* Override any GCC internal prototype to avoid an error.
|    Use char because int might match the return type of a GCC
|    builtin and then its argument prototype would still apply.  */
| #ifdef __cplusplus
| extern "C"
| #endif
| char mbscmp ();
| /* The GNU C library defines this for functions which it implements
|     to always fail with ENOSYS.  Some functions are actually named
|     something starting with __ and the normal name is an alias.  */
| #if defined __stub_mbscmp || defined __stub___mbscmp
| choke me
| #endif
| 
| int
| main ()
| {
| return mbscmp ();
|   ;
|   return 0;
| }
configure:6433: result: no
configure:6439: checking for mbsnrtowcs
configure:6439: gcc -o conftest -Wl,-rpath,/home/cc/ee147/fl21/class/ee147-aaf/software/python/1/lib:/home/cc/ee147/fl21/class/ee147-aaf/software/python/1/lib64 -I/home/cc/ee147/fl21/class/ee147-aaf/software/python/1/include -Wl,-rpath,/home/cc/ee147/fl21/class/ee147-aaf/software/python/1/lib:/home/cc/ee147/fl21/class/ee147-aaf/software/python/1/lib64 -I/home/cc/ee147/fl21/class/ee147-aaf/software/python/1/include -Wl,-rpath,/home/cc/ee147/fl21/class/ee147-aaf/software/python/1/lib:/home/cc/ee147/fl21/class/ee147-aaf/software/python/1/lib64 -L/home/cc/ee147/fl21/class/ee147-aaf/software/python/1/lib:/home/cc/ee147/fl21/class/ee147-aaf/software/python/1/lib64 conftest.c  >&5
configure:6439: $? = 0
configure:6439: result: yes
configure:6445: checking for mbsrtowcs
configure:6445: gcc -o conftest -Wl,-rpath,/home/cc/ee147/fl21/class/ee147-aaf/software/python/1/lib:/home/cc/ee147/fl21/class/ee147-aaf/software/python/1/lib64 -I/home/cc/ee147/fl21/class/ee147-aaf/software/python/1/include -Wl,-rpath,/home/cc/ee147/fl21/class/ee147-aaf/software/python/1/lib:/home/cc/ee147/fl21/class/ee147-aaf/software/python/1/lib64 -I/home/cc/ee147/fl21/class/ee147-aaf/software/python/1/include -Wl,-rpath,/home/cc/ee147/fl21/class/ee147-aaf/software/python/1/lib:/home/cc/ee147/fl21/class/ee147-aaf/software/python/1/lib64 -L/home/cc/ee147/fl21/class/ee147-aaf/software/python/1/lib:/home/cc/ee147/fl21/class/ee147-aaf/software/python/1/lib64 conftest.c  >&5
configure:6445: $? = 0
configure:6445: result: yes
configure:6452: checking for mbschr
configure:6452: gcc -o conftest -Wl,-rpath,/home/cc/ee147/fl21/class/ee147-aaf/software/python/1/lib:/home/cc/ee147/fl21/class/ee147-aaf/software/python/1/lib64 -I/home/cc/ee147/fl21/class/ee147-aaf/software/python/1/include -Wl,-rpath,/home/cc/ee147/fl21/class/ee147-aaf/software/python/1/lib:/home/cc/ee147/fl21/class/ee147-aaf/software/python/1/lib64 -I/home/cc/ee147/fl21/class/ee147-aaf/software/python/1/include -Wl,-rpath,/home/cc/ee147/fl21/class/ee147-aaf/software/python/1/lib:/home/cc/ee147/fl21/class/ee147-aaf/software/python/1/lib64 -L/home/cc/ee147/fl21/class/ee147-aaf/software/python/1/lib:/home/cc/ee147/fl21/class/ee147-aaf/software/python/1/lib64 conftest.c  >&5
/tmp/ccsbGGuN.o: In function `main':
conftest.c:(.text+0xa): undefined reference to `mbschr'
collect2: error: ld returned 1 exit status
configure:6452: $? = 1
configure: failed program was:
| /* confdefs.h */
| #define PACKAGE_NAME "readline"
| #define PACKAGE_TARNAME "readline"
| #define PACKAGE_VERSION "8.0"
| #define PACKAGE_STRING "readline 8.0"
| #define PACKAGE_BUGREPORT "bug-readline@gnu.org"
| #define PACKAGE_URL ""
| #define STDC_HEADERS 1
| #define HAVE_SYS_TYPES_H 1
| #define HAVE_SYS_STAT_H 1
| #define HAVE_STDLIB_H 1
| #define HAVE_STRING_H 1
| #define HAVE_MEMORY_H 1
| #define HAVE_STRINGS_H 1
| #define HAVE_INTTYPES_H 1
| #define HAVE_STDINT_H 1
| #define HAVE_UNISTD_H 1
| #define __EXTENSIONS__ 1
| #define _ALL_SOURCE 1
| #define _GNU_SOURCE 1
| #define _POSIX_PTHREAD_SEMANTICS 1
| #define _TANDEM_SOURCE 1
| #define PROTOTYPES 1
| #define __PROTOTYPES 1
| #define RETSIGTYPE void
| #define STDC_HEADERS 1
| #define HAVE_DIRENT_H 1
| #define HAVE_FCNTL 1
| #define HAVE_KILL 1
| #define HAVE_LSTAT 1
| #define HAVE_READLINK 1
| #define HAVE_FNMATCH 1
| #define HAVE_MEMMOVE 1
| #define HAVE_PSELECT 1
| #define HAVE_PUTENV 1
| #define HAVE_SELECT 1
| #define HAVE_SETENV 1
| #define HAVE_SETLOCALE 1
| #define HAVE_STRCASECMP 1
| #define HAVE_STRPBRK 1
| #define HAVE_TCGETATTR 1
| #define HAVE_VSNPRINTF 1
| #define HAVE_ISASCII 1
| #define HAVE_ISXDIGIT 1
| #define HAVE_GETPWENT 1
| #define HAVE_GETPWNAM 1
| #define HAVE_GETPWUID 1
| #define HAVE_UNISTD_H 1
| #define HAVE_CHOWN 1
| #define HAVE_STRCOLL 1
| #define HAVE_FCNTL_H 1
| #define HAVE_UNISTD_H 1
| #define HAVE_STDLIB_H 1
| #define HAVE_STDARG_H 1
| #define HAVE_STDBOOL_H 1
| #define HAVE_STRING_H 1
| #define HAVE_STRINGS_H 1
| #define HAVE_LIMITS_H 1
| #define HAVE_LOCALE_H 1
| #define HAVE_PWD_H 1
| #define HAVE_MEMORY_H 1
| #define HAVE_TERMCAP_H 1
| #define HAVE_TERMIOS_H 1
| #define HAVE_TERMIO_H 1
| #define HAVE_SYS_IOCTL_H 1
| #define HAVE_SYS_SELECT_H 1
| #define HAVE_SYS_FILE_H 1
| #define HAVE_POSIX_SIGNALS 1
| #define HAVE_POSIX_SIGSETJMP 1
| #define HAVE_LSTAT 1
| #define CTYPE_NON_ASCII 1
| #define HAVE_GETPW_DECLS 1
| #define GWINSZ_IN_SYS_IOCTL 1
| #define VOID_SIGHANDLER 1
| #define FIONREAD_IN_SYS_IOCTL 1
| #define STRUCT_WINSIZE_IN_SYS_IOCTL 1
| #define HAVE_STRUCT_DIRENT_D_INO 1
| #define HAVE_STRUCT_DIRENT_D_FILENO 1
| #define HAVE_DECL_AUDIT_USER_TTY 1
| #define HAVE_WCTYPE_H 1
| #define HAVE_WCHAR_H 1
| #define HAVE_LANGINFO_H 1
| #define HAVE_MBRLEN 1
| #define HAVE_MBSNRTOWCS 1
| #define HAVE_MBSRTOWCS 1
| /* end confdefs.h.  */
| /* Define mbschr to an innocuous variant, in case <limits.h> declares mbschr.
|    For example, HP-UX 11i <limits.h> declares gettimeofday.  */
| #define mbschr innocuous_mbschr
| 
| /* System header to define __stub macros and hopefully few prototypes,
|     which can conflict with char mbschr (); below.
|     Prefer <limits.h> to <assert.h> if __STDC__ is defined, since
|     <limits.h> exists even on freestanding compilers.  */
| 
| #ifdef __STDC__
| # include <limits.h>
| #else
| # include <assert.h>
| #endif
| 
| #undef mbschr
| 
| /* Override any GCC internal prototype to avoid an error.
|    Use char because int might match the return type of a GCC
|    builtin and then its argument prototype would still apply.  */
| #ifdef __cplusplus
| extern "C"
| #endif
| char mbschr ();
| /* The GNU C library defines this for functions which it implements
|     to always fail with ENOSYS.  Some functions are actually named
|     something starting with __ and the normal name is an alias.  */
| #if defined __stub_mbschr || defined __stub___mbschr
| choke me
| #endif
| 
| int
| main ()
| {
| return mbschr ();
|   ;
|   return 0;
| }
configure:6452: result: no
configure:6467: checking for wcrtomb
configure:6467: gcc -o conftest -Wl,-rpath,/home/cc/ee147/fl21/class/ee147-aaf/software/python/1/lib:/home/cc/ee147/fl21/class/ee147-aaf/software/python/1/lib64 -I/home/cc/ee147/fl21/class/ee147-aaf/software/python/1/include -Wl,-rpath,/home/cc/ee147/fl21/class/ee147-aaf/software/python/1/lib:/home/cc/ee147/fl21/class/ee147-aaf/software/python/1/lib64 -I/home/cc/ee147/fl21/class/ee147-aaf/software/python/1/include -Wl,-rpath,/home/cc/ee147/fl21/class/ee147-aaf/software/python/1/lib:/home/cc/ee147/fl21/class/ee147-aaf/software/python/1/lib64 -L/home/cc/ee147/fl21/class/ee147-aaf/software/python/1/lib:/home/cc/ee147/fl21/class/ee147-aaf/software/python/1/lib64 conftest.c  >&5
configure:6467: $? = 0
configure:6467: result: yes
configure:6473: checking for wcscoll
configure:6473: gcc -o conftest -Wl,-rpath,/home/cc/ee147/fl21/class/ee147-aaf/software/python/1/lib:/home/cc/ee147/fl21/class/ee147-aaf/software/python/1/lib64 -I/home/cc/ee147/fl21/class/ee147-aaf/software/python/1/include -Wl,-rpath,/home/cc/ee147/fl21/class/ee147-aaf/software/python/1/lib:/home/cc/ee147/fl21/class/ee147-aaf/software/python/1/lib64 -I/home/cc/ee147/fl21/class/ee147-aaf/software/python/1/include -Wl,-rpath,/home/cc/ee147/fl21/class/ee147-aaf/software/python/1/lib:/home/cc/ee147/fl21/class/ee147-aaf/software/python/1/lib64 -L/home/cc/ee147/fl21/class/ee147-aaf/software/python/1/lib:/home/cc/ee147/fl21/class/ee147-aaf/software/python/1/lib64 conftest.c  >&5
configure:6473: $? = 0
configure:6473: result: yes
configure:6479: checking for wcsdup
configure:6479: gcc -o conftest -Wl,-rpath,/home/cc/ee147/fl21/class/ee147-aaf/software/python/1/lib:/home/cc/ee147/fl21/class/ee147-aaf/software/python/1/lib64 -I/home/cc/ee147/fl21/class/ee147-aaf/software/python/1/include -Wl,-rpath,/home/cc/ee147/fl21/class/ee147-aaf/software/python/1/lib:/home/cc/ee147/fl21/class/ee147-aaf/software/python/1/lib64 -I/home/cc/ee147/fl21/class/ee147-aaf/software/python/1/include -Wl,-rpath,/home/cc/ee147/fl21/class/ee147-aaf/software/python/1/lib:/home/cc/ee147/fl21/class/ee147-aaf/software/python/1/lib64 -L/home/cc/ee147/fl21/class/ee147-aaf/software/python/1/lib:/home/cc/ee147/fl21/class/ee147-aaf/software/python/1/lib64 conftest.c  >&5
configure:6479: $? = 0
configure:6479: result: yes
configure:6485: checking for wcwidth
configure:6485: gcc -o conftest -Wl,-rpath,/home/cc/ee147/fl21/class/ee147-aaf/software/python/1/lib:/home/cc/ee147/fl21/class/ee147-aaf/software/python/1/lib64 -I/home/cc/ee147/fl21/class/ee147-aaf/software/python/1/include -Wl,-rpath,/home/cc/ee147/fl21/class/ee147-aaf/software/python/1/lib:/home/cc/ee147/fl21/class/ee147-aaf/software/python/1/lib64 -I/home/cc/ee147/fl21/class/ee147-aaf/software/python/1/include -Wl,-rpath,/home/cc/ee147/fl21/class/ee147-aaf/software/python/1/lib:/home/cc/ee147/fl21/class/ee147-aaf/software/python/1/lib64 -L/home/cc/ee147/fl21/class/ee147-aaf/software/python/1/lib:/home/cc/ee147/fl21/class/ee147-aaf/software/python/1/lib64 conftest.c  >&5
configure:6485: $? = 0
configure:6485: result: yes
configure:6491: checking for wctype
configure:6491: gcc -o conftest -Wl,-rpath,/home/cc/ee147/fl21/class/ee147-aaf/software/python/1/lib:/home/cc/ee147/fl21/class/ee147-aaf/software/python/1/lib64 -I/home/cc/ee147/fl21/class/ee147-aaf/software/python/1/include -Wl,-rpath,/home/cc/ee147/fl21/class/ee147-aaf/software/python/1/lib:/home/cc/ee147/fl21/class/ee147-aaf/software/python/1/lib64 -I/home/cc/ee147/fl21/class/ee147-aaf/software/python/1/include -Wl,-rpath,/home/cc/ee147/fl21/class/ee147-aaf/software/python/1/lib:/home/cc/ee147/fl21/class/ee147-aaf/software/python/1/lib64 -L/home/cc/ee147/fl21/class/ee147-aaf/software/python/1/lib:/home/cc/ee147/fl21/class/ee147-aaf/software/python/1/lib64 conftest.c  >&5
configure:6491: $? = 0
configure:6491: result: yes
configure:6498: checking for wcswidth
configure:6498: gcc -o conftest -Wl,-rpath,/home/cc/ee147/fl21/class/ee147-aaf/software/python/1/lib:/home/cc/ee147/fl21/class/ee147-aaf/software/python/1/lib64 -I/home/cc/ee147/fl21/class/ee147-aaf/software/python/1/include -Wl,-rpath,/home/cc/ee147/fl21/class/ee147-aaf/software/python/1/lib:/home/cc/ee147/fl21/class/ee147-aaf/software/python/1/lib64 -I/home/cc/ee147/fl21/class/ee147-aaf/software/python/1/include -Wl,-rpath,/home/cc/ee147/fl21/class/ee147-aaf/software/python/1/lib:/home/cc/ee147/fl21/class/ee147-aaf/software/python/1/lib64 -L/home/cc/ee147/fl21/class/ee147-aaf/software/python/1/lib:/home/cc/ee147/fl21/class/ee147-aaf/software/python/1/lib64 conftest.c  >&5
configure:6498: $? = 0
configure:6498: result: yes
configure:6514: checking whether mbrtowc and mbstate_t are properly declared
configure:6534: gcc -o conftest -Wl,-rpath,/home/cc/ee147/fl21/class/ee147-aaf/software/python/1/lib:/home/cc/ee147/fl21/class/ee147-aaf/software/python/1/lib64 -I/home/cc/ee147/fl21/class/ee147-aaf/software/python/1/include -Wl,-rpath,/home/cc/ee147/fl21/class/ee147-aaf/software/python/1/lib:/home/cc/ee147/fl21/class/ee147-aaf/software/python/1/lib64 -I/home/cc/ee147/fl21/class/ee147-aaf/software/python/1/include -Wl,-rpath,/home/cc/ee147/fl21/class/ee147-aaf/software/python/1/lib:/home/cc/ee147/fl21/class/ee147-aaf/software/python/1/lib64 -L/home/cc/ee147/fl21/class/ee147-aaf/software/python/1/lib:/home/cc/ee147/fl21/class/ee147-aaf/software/python/1/lib64 conftest.c  >&5
configure:6534: $? = 0
configure:6542: result: yes
configure:6558: checking for iswlower
configure:6558: gcc -o conftest -Wl,-rpath,/home/cc/ee147/fl21/class/ee147-aaf/software/python/1/lib:/home/cc/ee147/fl21/class/ee147-aaf/software/python/1/lib64 -I/home/cc/ee147/fl21/class/ee147-aaf/software/python/1/include -Wl,-rpath,/home/cc/ee147/fl21/class/ee147-aaf/software/python/1/lib:/home/cc/ee147/fl21/class/ee147-aaf/software/python/1/lib64 -I/home/cc/ee147/fl21/class/ee147-aaf/software/python/1/include -Wl,-rpath,/home/cc/ee147/fl21/class/ee147-aaf/software/python/1/lib:/home/cc/ee147/fl21/class/ee147-aaf/software/python/1/lib64 -L/home/cc/ee147/fl21/class/ee147-aaf/software/python/1/lib:/home/cc/ee147/fl21/class/ee147-aaf/software/python/1/lib64 conftest.c  >&5
conftest.c:118:6: warning: conflicting types for built-in function 'iswlower' [enabled by default]
 char iswlower ();
      ^
configure:6558: $? = 0
configure:6558: result: yes
configure:6558: checking for iswupper
configure:6558: gcc -o conftest -Wl,-rpath,/home/cc/ee147/fl21/class/ee147-aaf/software/python/1/lib:/home/cc/ee147/fl21/class/ee147-aaf/software/python/1/lib64 -I/home/cc/ee147/fl21/class/ee147-aaf/software/python/1/include -Wl,-rpath,/home/cc/ee147/fl21/class/ee147-aaf/software/python/1/lib:/home/cc/ee147/fl21/class/ee147-aaf/software/python/1/lib64 -I/home/cc/ee147/fl21/class/ee147-aaf/software/python/1/include -Wl,-rpath,/home/cc/ee147/fl21/class/ee147-aaf/software/python/1/lib:/home/cc/ee147/fl21/class/ee147-aaf/software/python/1/lib64 -L/home/cc/ee147/fl21/class/ee147-aaf/software/python/1/lib:/home/cc/ee147/fl21/class/ee147-aaf/software/python/1/lib64 conftest.c  >&5
conftest.c:119:6: warning: conflicting types for built-in function 'iswupper' [enabled by default]
 char iswupper ();
      ^
configure:6558: $? = 0
configure:6558: result: yes
configure:6558: checking for towlower
configure:6558: gcc -o conftest -Wl,-rpath,/home/cc/ee147/fl21/class/ee147-aaf/software/python/1/lib:/home/cc/ee147/fl21/class/ee147-aaf/software/python/1/lib64 -I/home/cc/ee147/fl21/class/ee147-aaf/software/python/1/include -Wl,-rpath,/home/cc/ee147/fl21/class/ee147-aaf/software/python/1/lib:/home/cc/ee147/fl21/class/ee147-aaf/software/python/1/lib64 -I/home/cc/ee147/fl21/class/ee147-aaf/software/python/1/include -Wl,-rpath,/home/cc/ee147/fl21/class/ee147-aaf/software/python/1/lib:/home/cc/ee147/fl21/class/ee147-aaf/software/python/1/lib64 -L/home/cc/ee147/fl21/class/ee147-aaf/software/python/1/lib:/home/cc/ee147/fl21/class/ee147-aaf/software/python/1/lib64 conftest.c  >&5
conftest.c:120:6: warning: conflicting types for built-in function 'towlower' [enabled by default]
 char towlower ();
      ^
configure:6558: $? = 0
configure:6558: result: yes
configure:6558: checking for towupper
configure:6558: gcc -o conftest -Wl,-rpath,/home/cc/ee147/fl21/class/ee147-aaf/software/python/1/lib:/home/cc/ee147/fl21/class/ee147-aaf/software/python/1/lib64 -I/home/cc/ee147/fl21/class/ee147-aaf/software/python/1/include -Wl,-rpath,/home/cc/ee147/fl21/class/ee147-aaf/software/python/1/lib:/home/cc/ee147/fl21/class/ee147-aaf/software/python/1/lib64 -I/home/cc/ee147/fl21/class/ee147-aaf/software/python/1/include -Wl,-rpath,/home/cc/ee147/fl21/class/ee147-aaf/software/python/1/lib:/home/cc/ee147/fl21/class/ee147-aaf/software/python/1/lib64 -L/home/cc/ee147/fl21/class/ee147-aaf/software/python/1/lib:/home/cc/ee147/fl21/class/ee147-aaf/software/python/1/lib64 conftest.c  >&5
conftest.c:121:6: warning: conflicting types for built-in function 'towupper' [enabled by default]
 char towupper ();
      ^
configure:6558: $? = 0
configure:6558: result: yes
configure:6558: checking for iswctype
configure:6558: gcc -o conftest -Wl,-rpath,/home/cc/ee147/fl21/class/ee147-aaf/software/python/1/lib:/home/cc/ee147/fl21/class/ee147-aaf/software/python/1/lib64 -I/home/cc/ee147/fl21/class/ee147-aaf/software/python/1/include -Wl,-rpath,/home/cc/ee147/fl21/class/ee147-aaf/software/python/1/lib:/home/cc/ee147/fl21/class/ee147-aaf/software/python/1/lib64 -I/home/cc/ee147/fl21/class/ee147-aaf/software/python/1/include -Wl,-rpath,/home/cc/ee147/fl21/class/ee147-aaf/software/python/1/lib:/home/cc/ee147/fl21/class/ee147-aaf/software/python/1/lib64 -L/home/cc/ee147/fl21/class/ee147-aaf/software/python/1/lib:/home/cc/ee147/fl21/class/ee147-aaf/software/python/1/lib64 conftest.c  >&5
configure:6558: $? = 0
configure:6558: result: yes
configure:6568: checking for nl_langinfo and CODESET
configure:6584: gcc -o conftest -Wl,-rpath,/home/cc/ee147/fl21/class/ee147-aaf/software/python/1/lib:/home/cc/ee147/fl21/class/ee147-aaf/software/python/1/lib64 -I/home/cc/ee147/fl21/class/ee147-aaf/software/python/1/include -Wl,-rpath,/home/cc/ee147/fl21/class/ee147-aaf/software/python/1/lib:/home/cc/ee147/fl21/class/ee147-aaf/software/python/1/lib64 -I/home/cc/ee147/fl21/class/ee147-aaf/software/python/1/include -Wl,-rpath,/home/cc/ee147/fl21/class/ee147-aaf/software/python/1/lib:/home/cc/ee147/fl21/class/ee147-aaf/software/python/1/lib64 -L/home/cc/ee147/fl21/class/ee147-aaf/software/python/1/lib:/home/cc/ee147/fl21/class/ee147-aaf/software/python/1/lib64 conftest.c  >&5
configure:6584: $? = 0
configure:6592: result: yes
configure:6599: checking for wchar_t in wchar.h
configure:6619: gcc -c -Wl,-rpath,/home/cc/ee147/fl21/class/ee147-aaf/software/python/1/lib:/home/cc/ee147/fl21/class/ee147-aaf/software/python/1/lib64 -I/home/cc/ee147/fl21/class/ee147-aaf/software/python/1/include -Wl,-rpath,/home/cc/ee147/fl21/class/ee147-aaf/software/python/1/lib:/home/cc/ee147/fl21/class/ee147-aaf/software/python/1/lib64 -I/home/cc/ee147/fl21/class/ee147-aaf/software/python/1/include conftest.c >&5
configure:6619: $? = 0
configure:6626: result: yes
configure:6634: checking for wctype_t in wctype.h
configure:6653: gcc -c -Wl,-rpath,/home/cc/ee147/fl21/class/ee147-aaf/software/python/1/lib:/home/cc/ee147/fl21/class/ee147-aaf/software/python/1/lib64 -I/home/cc/ee147/fl21/class/ee147-aaf/software/python/1/include -Wl,-rpath,/home/cc/ee147/fl21/class/ee147-aaf/software/python/1/lib:/home/cc/ee147/fl21/class/ee147-aaf/software/python/1/lib64 -I/home/cc/ee147/fl21/class/ee147-aaf/software/python/1/include conftest.c >&5
configure:6653: $? = 0
configure:6660: result: yes
configure:6668: checking for wint_t in wctype.h
configure:6687: gcc -c -Wl,-rpath,/home/cc/ee147/fl21/class/ee147-aaf/software/python/1/lib:/home/cc/ee147/fl21/class/ee147-aaf/software/python/1/lib64 -I/home/cc/ee147/fl21/class/ee147-aaf/software/python/1/include -Wl,-rpath,/home/cc/ee147/fl21/class/ee147-aaf/software/python/1/lib:/home/cc/ee147/fl21/class/ee147-aaf/software/python/1/lib64 -I/home/cc/ee147/fl21/class/ee147-aaf/software/python/1/include conftest.c >&5
configure:6687: $? = 0
configure:6694: result: yes
configure:6702: checking for wcwidth broken with unicode combining characters
configure:6732: gcc -o conftest -Wl,-rpath,/home/cc/ee147/fl21/class/ee147-aaf/software/python/1/lib:/home/cc/ee147/fl21/class/ee147-aaf/software/python/1/lib64 -I/home/cc/ee147/fl21/class/ee147-aaf/software/python/1/include -Wl,-rpath,/home/cc/ee147/fl21/class/ee147-aaf/software/python/1/lib:/home/cc/ee147/fl21/class/ee147-aaf/software/python/1/lib64 -I/home/cc/ee147/fl21/class/ee147-aaf/software/python/1/include -Wl,-rpath,/home/cc/ee147/fl21/class/ee147-aaf/software/python/1/lib:/home/cc/ee147/fl21/class/ee147-aaf/software/python/1/lib64 -L/home/cc/ee147/fl21/class/ee147-aaf/software/python/1/lib:/home/cc/ee147/fl21/class/ee147-aaf/software/python/1/lib64 conftest.c  >&5
configure:6732: $? = 0
configure:6732: ./conftest
configure:6732: $? = 1
configure: program exited with status 1
configure: failed program was:
| /* confdefs.h */
| #define PACKAGE_NAME "readline"
| #define PACKAGE_TARNAME "readline"
| #define PACKAGE_VERSION "8.0"
| #define PACKAGE_STRING "readline 8.0"
| #define PACKAGE_BUGREPORT "bug-readline@gnu.org"
| #define PACKAGE_URL ""
| #define STDC_HEADERS 1
| #define HAVE_SYS_TYPES_H 1
| #define HAVE_SYS_STAT_H 1
| #define HAVE_STDLIB_H 1
| #define HAVE_STRING_H 1
| #define HAVE_MEMORY_H 1
| #define HAVE_STRINGS_H 1
| #define HAVE_INTTYPES_H 1
| #define HAVE_STDINT_H 1
| #define HAVE_UNISTD_H 1
| #define __EXTENSIONS__ 1
| #define _ALL_SOURCE 1
| #define _GNU_SOURCE 1
| #define _POSIX_PTHREAD_SEMANTICS 1
| #define _TANDEM_SOURCE 1
| #define PROTOTYPES 1
| #define __PROTOTYPES 1
| #define RETSIGTYPE void
| #define STDC_HEADERS 1
| #define HAVE_DIRENT_H 1
| #define HAVE_FCNTL 1
| #define HAVE_KILL 1
| #define HAVE_LSTAT 1
| #define HAVE_READLINK 1
| #define HAVE_FNMATCH 1
| #define HAVE_MEMMOVE 1
| #define HAVE_PSELECT 1
| #define HAVE_PUTENV 1
| #define HAVE_SELECT 1
| #define HAVE_SETENV 1
| #define HAVE_SETLOCALE 1
| #define HAVE_STRCASECMP 1
| #define HAVE_STRPBRK 1
| #define HAVE_TCGETATTR 1
| #define HAVE_VSNPRINTF 1
| #define HAVE_ISASCII 1
| #define HAVE_ISXDIGIT 1
| #define HAVE_GETPWENT 1
| #define HAVE_GETPWNAM 1
| #define HAVE_GETPWUID 1
| #define HAVE_UNISTD_H 1
| #define HAVE_CHOWN 1
| #define HAVE_STRCOLL 1
| #define HAVE_FCNTL_H 1
| #define HAVE_UNISTD_H 1
| #define HAVE_STDLIB_H 1
| #define HAVE_STDARG_H 1
| #define HAVE_STDBOOL_H 1
| #define HAVE_STRING_H 1
| #define HAVE_STRINGS_H 1
| #define HAVE_LIMITS_H 1
| #define HAVE_LOCALE_H 1
| #define HAVE_PWD_H 1
| #define HAVE_MEMORY_H 1
| #define HAVE_TERMCAP_H 1
| #define HAVE_TERMIOS_H 1
| #define HAVE_TERMIO_H 1
| #define HAVE_SYS_IOCTL_H 1
| #define HAVE_SYS_SELECT_H 1
| #define HAVE_SYS_FILE_H 1
| #define HAVE_POSIX_SIGNALS 1
| #define HAVE_POSIX_SIGSETJMP 1
| #define HAVE_LSTAT 1
| #define CTYPE_NON_ASCII 1
| #define HAVE_GETPW_DECLS 1
| #define GWINSZ_IN_SYS_IOCTL 1
| #define VOID_SIGHANDLER 1
| #define FIONREAD_IN_SYS_IOCTL 1
| #define STRUCT_WINSIZE_IN_SYS_IOCTL 1
| #define HAVE_STRUCT_DIRENT_D_INO 1
| #define HAVE_STRUCT_DIRENT_D_FILENO 1
| #define HAVE_DECL_AUDIT_USER_TTY 1
| #define HAVE_WCTYPE_H 1
| #define HAVE_WCHAR_H 1
| #define HAVE_LANGINFO_H 1
| #define HAVE_MBRLEN 1
| #define HAVE_MBSNRTOWCS 1
| #define HAVE_MBSRTOWCS 1
| #define HAVE_WCRTOMB 1
| #define HAVE_WCSCOLL 1
| #define HAVE_WCSDUP 1
| #define HAVE_WCWIDTH 1
| #define HAVE_WCTYPE 1
| #define HAVE_WCSWIDTH 1
| #define HAVE_MBRTOWC 1
| #define HAVE_MBSTATE_T 1
| #define HAVE_ISWLOWER 1
| #define HAVE_ISWUPPER 1
| #define HAVE_TOWLOWER 1
| #define HAVE_TOWUPPER 1
| #define HAVE_ISWCTYPE 1
| #define HAVE_LANGINFO_CODESET 1
| #define HAVE_WCHAR_T 1
| #define HAVE_WCTYPE_T 1
| #define HAVE_WINT_T 1
| /* end confdefs.h.  */
| 
| #include <unistd.h>
| #include <stdlib.h>
| #include <stdio.h>
| 
| #include <locale.h>
| #include <wchar.h>
| 
| main(c, v)
| int     c;
| char    **v;
| {
|         int     w;
| 
|         setlocale(LC_ALL, "en_US.UTF-8");
|         w = wcwidth (0x0301);
|         exit (w == 0);  /* exit 0 if wcwidth broken */
| }
| 
configure:6742: result: no
configure:6771: checking size of wchar_t
configure:6776: gcc -o conftest -Wl,-rpath,/home/cc/ee147/fl21/class/ee147-aaf/software/python/1/lib:/home/cc/ee147/fl21/class/ee147-aaf/software/python/1/lib64 -I/home/cc/ee147/fl21/class/ee147-aaf/software/python/1/include -Wl,-rpath,/home/cc/ee147/fl21/class/ee147-aaf/software/python/1/lib:/home/cc/ee147/fl21/class/ee147-aaf/software/python/1/lib64 -I/home/cc/ee147/fl21/class/ee147-aaf/software/python/1/include -Wl,-rpath,/home/cc/ee147/fl21/class/ee147-aaf/software/python/1/lib:/home/cc/ee147/fl21/class/ee147-aaf/software/python/1/lib64 -L/home/cc/ee147/fl21/class/ee147-aaf/software/python/1/lib:/home/cc/ee147/fl21/class/ee147-aaf/software/python/1/lib64 conftest.c  >&5
configure:6776: $? = 0
configure:6776: ./conftest
configure:6776: $? = 0
configure:6790: result: 4
configure:6818: checking configuration for building shared libraries
configure:6842: result: supported
configure:6960: creating ./config.status

## ---------------------- ##
## Running config.status. ##
## ---------------------- ##

This file was extended by readline config.status 8.0, which was
generated by GNU Autoconf 2.69.  Invocation command line was

  CONFIG_FILES    = 
  CONFIG_HEADERS  = 
  CONFIG_LINKS    = 
  CONFIG_COMMANDS = 
  $ ./config.status 

on eda-1.EECS.Berkeley.EDU

config.status:943: creating Makefile
config.status:943: creating doc/Makefile
config.status:943: creating examples/Makefile
config.status:943: creating shlib/Makefile
config.status:943: creating readline.pc
config.status:943: creating config.h
config.status:1132: executing default commands

## ---------------- ##
## Cache variables. ##
## ---------------- ##


## ----------------- ##
## Output variables. ##
## ----------------- ##

AR='ar'
ARFLAGS='cr'
BUILD_DIR='/home/cc/ee147/fl21/class/ee147-aaf/software/readline-8.0'
CC='gcc'
CFLAGS='-Wl,-rpath,/home/cc/ee147/fl21/class/ee147-aaf/software/python/1/lib:/home/cc/ee147/fl21/class/ee147-aaf/software/python/1/lib64 -I/home/cc/ee147/fl21/class/ee147-aaf/software/python/1/include'
CPP='gcc -E'
CPPFLAGS='-Wl,-rpath,/home/cc/ee147/fl21/class/ee147-aaf/software/python/1/lib:/home/cc/ee147/fl21/class/ee147-aaf/software/python/1/lib64 -I/home/cc/ee147/fl21/class/ee147-aaf/software/python/1/include'
CROSS_COMPILE=''
DEFS='-DHAVE_CONFIG_H'
ECHO_C=''
ECHO_N='-n'
ECHO_T=''
EGREP='/usr/bin/grep -E'
EXAMPLES_INSTALL_TARGET='install-examples'
EXEEXT=''
GREP='/usr/bin/grep'
INSTALL_DATA='${INSTALL} -m 644'
INSTALL_PROGRAM='${INSTALL}'
INSTALL_SCRIPT='${INSTALL}'
LDFLAGS='-Wl,-rpath,/home/cc/ee147/fl21/class/ee147-aaf/software/python/1/lib:/home/cc/ee147/fl21/class/ee147-aaf/software/python/1/lib64 -L/home/cc/ee147/fl21/class/ee147-aaf/software/python/1/lib:/home/cc/ee147/fl21/class/ee147-aaf/software/python/1/lib64'
LIBOBJS=' ${LIBOBJDIR}mbschr$U.o'
LIBS=''
LIBVERSION='8.0'
LOCAL_CFLAGS=''
LOCAL_DEFS=''
LOCAL_LDFLAGS=''
LTLIBOBJS=' ${LIBOBJDIR}mbschr$U.lo'
MAKE_SHELL='/bin/sh'
OBJEXT='o'
PACKAGE_BUGREPORT='bug-readline@gnu.org'
PACKAGE_NAME='readline'
PACKAGE_STRING='readline 8.0'
PACKAGE_TARNAME='readline'
PACKAGE_URL=''
PACKAGE_VERSION='8.0'
PATH_SEPARATOR=':'
RANLIB='ranlib'
SET_MAKE=''
SHARED_INSTALL_TARGET='install-shared'
SHARED_TARGET='shared'
SHELL='/usr/bin/ksh'
SHLIB_DLLVERSION='$(SHLIB_MAJOR)'
SHLIB_DOT='.'
SHLIB_LIBPREF='lib'
SHLIB_LIBS=''
SHLIB_LIBSUFF='so'
SHLIB_LIBVERSION='$(SHLIB_LIBSUFF).$(SHLIB_MAJOR)$(SHLIB_MINOR)'
SHLIB_MAJOR='8'
SHLIB_MINOR='0'
SHLIB_STATUS='supported'
SHLIB_XLDFLAGS='-Wl,-rpath,$(libdir) -Wl,-soname,`basename $@ $(SHLIB_MINOR)`'
SHOBJ_CC='gcc'
SHOBJ_CFLAGS='-fPIC'
SHOBJ_LD='${CC}'
SHOBJ_LDFLAGS='-shared -Wl,-soname,$@'
SHOBJ_LIBS=''
SHOBJ_STATUS='supported'
SHOBJ_XLDFLAGS=''
STATIC_INSTALL_TARGET='install-static'
STATIC_TARGET='static'
TERMCAP_LIB='-ltermcap'
TERMCAP_PKG_CONFIG_LIB='termcap'
ac_ct_CC='gcc'
bindir='${exec_prefix}/bin'
build='x86_64-pc-linux-gnu'
build_alias=''
build_cpu='x86_64'
build_os='linux-gnu'
build_vendor='pc'
datadir='${datarootdir}'
datarootdir='${prefix}/share'
docdir='${datarootdir}/doc/${PACKAGE_TARNAME}'
dvidir='${docdir}'
exec_prefix='${prefix}'
host='x86_64-pc-linux-gnu'
host_alias=''
host_cpu='x86_64'
host_os='linux-gnu'
host_vendor='pc'
htmldir='${docdir}'
includedir='${prefix}/include'
infodir='${datarootdir}/info'
libdir='${exec_prefix}/lib'
libexecdir='${exec_prefix}/libexec'
localedir='${datarootdir}/locale'
localstatedir='${prefix}/var'
mandir='${datarootdir}/man'
oldincludedir='/usr/include'
pdfdir='${docdir}'
prefix='/home/cc/ee147/fl21/class/ee147-aaf/software/python/1'
program_transform_name='s,x,x,'
psdir='${docdir}'
sbindir='${exec_prefix}/sbin'
sharedstatedir='${prefix}/com'
sysconfdir='${prefix}/etc'
target_alias=''

## ----------- ##
## confdefs.h. ##
## ----------- ##

/* confdefs.h */
#define PACKAGE_NAME "readline"
#define PACKAGE_TARNAME "readline"
#define PACKAGE_VERSION "8.0"
#define PACKAGE_STRING "readline 8.0"
#define PACKAGE_BUGREPORT "bug-readline@gnu.org"
#define PACKAGE_URL ""
#define STDC_HEADERS 1
#define HAVE_SYS_TYPES_H 1
#define HAVE_SYS_STAT_H 1
#define HAVE_STDLIB_H 1
#define HAVE_STRING_H 1
#define HAVE_MEMORY_H 1
#define HAVE_STRINGS_H 1
#define HAVE_INTTYPES_H 1
#define HAVE_STDINT_H 1
#define HAVE_UNISTD_H 1
#define __EXTENSIONS__ 1
#define _ALL_SOURCE 1
#define _GNU_SOURCE 1
#define _POSIX_PTHREAD_SEMANTICS 1
#define _TANDEM_SOURCE 1
#define PROTOTYPES 1
#define __PROTOTYPES 1
#define RETSIGTYPE void
#define STDC_HEADERS 1
#define HAVE_DIRENT_H 1
#define HAVE_FCNTL 1
#define HAVE_KILL 1
#define HAVE_LSTAT 1
#define HAVE_READLINK 1
#define HAVE_FNMATCH 1
#define HAVE_MEMMOVE 1
#define HAVE_PSELECT 1
#define HAVE_PUTENV 1
#define HAVE_SELECT 1
#define HAVE_SETENV 1
#define HAVE_SETLOCALE 1
#define HAVE_STRCASECMP 1
#define HAVE_STRPBRK 1
#define HAVE_TCGETATTR 1
#define HAVE_VSNPRINTF 1
#define HAVE_ISASCII 1
#define HAVE_ISXDIGIT 1
#define HAVE_GETPWENT 1
#define HAVE_GETPWNAM 1
#define HAVE_GETPWUID 1
#define HAVE_UNISTD_H 1
#define HAVE_CHOWN 1
#define HAVE_STRCOLL 1
#define HAVE_FCNTL_H 1
#define HAVE_UNISTD_H 1
#define HAVE_STDLIB_H 1
#define HAVE_STDARG_H 1
#define HAVE_STDBOOL_H 1
#define HAVE_STRING_H 1
#define HAVE_STRINGS_H 1
#define HAVE_LIMITS_H 1
#define HAVE_LOCALE_H 1
#define HAVE_PWD_H 1
#define HAVE_MEMORY_H 1
#define HAVE_TERMCAP_H 1
#define HAVE_TERMIOS_H 1
#define HAVE_TERMIO_H 1
#define HAVE_SYS_IOCTL_H 1
#define HAVE_SYS_SELECT_H 1
#define HAVE_SYS_FILE_H 1
#define HAVE_POSIX_SIGNALS 1
#define HAVE_POSIX_SIGSETJMP 1
#define HAVE_LSTAT 1
#define CTYPE_NON_ASCII 1
#define HAVE_GETPW_DECLS 1
#define GWINSZ_IN_SYS_IOCTL 1
#define VOID_SIGHANDLER 1
#define FIONREAD_IN_SYS_IOCTL 1
#define STRUCT_WINSIZE_IN_SYS_IOCTL 1
#define HAVE_STRUCT_DIRENT_D_INO 1
#define HAVE_STRUCT_DIRENT_D_FILENO 1
#define HAVE_DECL_AUDIT_USER_TTY 1
#define HAVE_WCTYPE_H 1
#define HAVE_WCHAR_H 1
#define HAVE_LANGINFO_H 1
#define HAVE_MBRLEN 1
#define HAVE_MBSNRTOWCS 1
#define HAVE_MBSRTOWCS 1
#define HAVE_WCRTOMB 1
#define HAVE_WCSCOLL 1
#define HAVE_WCSDUP 1
#define HAVE_WCWIDTH 1
#define HAVE_WCTYPE 1
#define HAVE_WCSWIDTH 1
#define HAVE_MBRTOWC 1
#define HAVE_MBSTATE_T 1
#define HAVE_ISWLOWER 1
#define HAVE_ISWUPPER 1
#define HAVE_TOWLOWER 1
#define HAVE_TOWUPPER 1
#define HAVE_ISWCTYPE 1
#define HAVE_LANGINFO_CODESET 1
#define HAVE_WCHAR_T 1
#define HAVE_WCTYPE_T 1
#define HAVE_WINT_T 1
#define SIZEOF_WCHAR_T 4

configure: caught signal 2
configure: exit 0
