This file contains any messages produced by compilers while
running configure, to aid debugging if configure makes a mistake.

It was created by mpdecimal configure 2.4.2, which was
generated by GNU Autoconf 2.69.  Invocation command line was

  $ ./configure --prefix=/home/cc/ee147/fl21/class/ee147-aaf/software/python/1

## --------- ##
## Platform. ##
## --------- ##

hostname = eda-1.EECS.Berkeley.EDU
uname -m = x86_64
uname -r = 3.10.0-1160.45.1.el7.x86_64
uname -s = Linux
uname -v = #1 SMP Wed Oct 13 17:20:51 UTC 2021

/usr/bin/uname -p = x86_64
/bin/uname -X     = unknown

/bin/arch              = x86_64
/usr/bin/arch -k       = unknown
/usr/convex/getsysinfo = unknown
/usr/bin/hostinfo      = unknown
/bin/machine           = unknown
/usr/bin/oslevel       = unknown
/bin/universe          = unknown

PATH: /home/cc/ee147/fl21/class/ee147-aaf/software/Python-3.10.0/python3.10/bin
PATH: /share/b/grading/bin
PATH: /home/ff/ee147/bin
PATH: /home/ff/ee147/bin/arch/x86_64
PATH: /usr/local/bin
PATH: /usr/sww/bin
PATH: /usr/bin
PATH: /bin
PATH: /usr/ucb
PATH: /usr/sfw/bin
PATH: /share/b/grading/bin
PATH: /share/b/grading/sbin
PATH: /share/b/runas/x86_64
PATH: /share/b/bin
PATH: /home/aa/projects/scheme/bin
PATH: /share/instsww/mgc/tanner/bin


## ----------- ##
## Core tests. ##
## ----------- ##

configure:2425: checking build system type
configure:2439: result: x86_64-unknown-linux-gnu
configure:2459: checking host system type
configure:2472: result: x86_64-unknown-linux-gnu
configure:2551: checking for gcc
configure:2567: found /usr/bin/gcc
configure:2578: result: gcc
configure:2807: checking for C compiler version
configure:2816: gcc --version >&5
gcc (GCC) 4.8.5 20150623 (Red Hat 4.8.5-44)
Copyright (C) 2015 Free Software Foundation, Inc.
This is free software; see the source for copying conditions.  There is NO
warranty; not even for MERCHANTABILITY or FITNESS FOR A PARTICULAR PURPOSE.

configure:2827: $? = 0
configure:2816: gcc -v >&5
Using built-in specs.
COLLECT_GCC=gcc
COLLECT_LTO_WRAPPER=/usr/libexec/gcc/x86_64-redhat-linux/4.8.5/lto-wrapper
Target: x86_64-redhat-linux
Configured with: ../configure --prefix=/usr --mandir=/usr/share/man --infodir=/usr/share/info --with-bugurl=http://bugzilla.redhat.com/bugzilla --enable-bootstrap --enable-shared --enable-threads=posix --enable-checking=release --with-system-zlib --enable-__cxa_atexit --disable-libunwind-exceptions --enable-gnu-unique-object --enable-linker-build-id --with-linker-hash-style=gnu --enable-languages=c,c++,objc,obj-c++,java,fortran,ada,go,lto --enable-plugin --enable-initfini-array --disable-libgcj --with-isl=/builddir/build/BUILD/gcc-4.8.5-20150702/obj-x86_64-redhat-linux/isl-install --with-cloog=/builddir/build/BUILD/gcc-4.8.5-20150702/obj-x86_64-redhat-linux/cloog-install --enable-gnu-indirect-function --with-tune=generic --with-arch_32=x86-64 --build=x86_64-redhat-linux
Thread model: posix
gcc version 4.8.5 20150623 (Red Hat 4.8.5-44) (GCC) 
configure:2827: $? = 0
configure:2816: gcc -V >&5
gcc: error: unrecognized command line option '-V'
gcc: fatal error: no input files
compilation terminated.
configure:2827: $? = 4
configure:2816: gcc -qversion >&5
gcc: error: unrecognized command line option '-qversion'
gcc: fatal error: no input files
compilation terminated.
configure:2827: $? = 4
configure:2847: checking whether the C compiler works
configure:2869: gcc -Wl,-rpath,/home/cc/ee147/fl21/class/ee147-aaf/software/python/1/lib:/home/cc/ee147/fl21/class/ee147-aaf/software/python/1/lib64 -I/home/cc/ee147/fl21/class/ee147-aaf/software/python/1/include -Wl,-rpath,/home/cc/ee147/fl21/class/ee147-aaf/software/python/1/lib:/home/cc/ee147/fl21/class/ee147-aaf/software/python/1/lib64 -I/home/cc/ee147/fl21/class/ee147-aaf/software/python/1/include -Wl,-rpath,/home/cc/ee147/fl21/class/ee147-aaf/software/python/1/lib:/home/cc/ee147/fl21/class/ee147-aaf/software/python/1/lib64 -L/home/cc/ee147/fl21/class/ee147-aaf/software/python/1/lib:/home/cc/ee147/fl21/class/ee147-aaf/software/python/1/lib64 conftest.c  >&5
configure:2873: $? = 0
configure:2921: result: yes
configure:2924: checking for C compiler default output file name
configure:2926: result: a.out
configure:2932: checking for suffix of executables
configure:2939: gcc -o conftest -Wl,-rpath,/home/cc/ee147/fl21/class/ee147-aaf/software/python/1/lib:/home/cc/ee147/fl21/class/ee147-aaf/software/python/1/lib64 -I/home/cc/ee147/fl21/class/ee147-aaf/software/python/1/include -Wl,-rpath,/home/cc/ee147/fl21/class/ee147-aaf/software/python/1/lib:/home/cc/ee147/fl21/class/ee147-aaf/software/python/1/lib64 -I/home/cc/ee147/fl21/class/ee147-aaf/software/python/1/include -Wl,-rpath,/home/cc/ee147/fl21/class/ee147-aaf/software/python/1/lib:/home/cc/ee147/fl21/class/ee147-aaf/software/python/1/lib64 -L/home/cc/ee147/fl21/class/ee147-aaf/software/python/1/lib:/home/cc/ee147/fl21/class/ee147-aaf/software/python/1/lib64 conftest.c  >&5
configure:2943: $? = 0
configure:2965: result: 
configure:2987: checking whether we are cross compiling
configure:2995: gcc -o conftest -Wl,-rpath,/home/cc/ee147/fl21/class/ee147-aaf/software/python/1/lib:/home/cc/ee147/fl21/class/ee147-aaf/software/python/1/lib64 -I/home/cc/ee147/fl21/class/ee147-aaf/software/python/1/include -Wl,-rpath,/home/cc/ee147/fl21/class/ee147-aaf/software/python/1/lib:/home/cc/ee147/fl21/class/ee147-aaf/software/python/1/lib64 -I/home/cc/ee147/fl21/class/ee147-aaf/software/python/1/include -Wl,-rpath,/home/cc/ee147/fl21/class/ee147-aaf/software/python/1/lib:/home/cc/ee147/fl21/class/ee147-aaf/software/python/1/lib64 -L/home/cc/ee147/fl21/class/ee147-aaf/software/python/1/lib:/home/cc/ee147/fl21/class/ee147-aaf/software/python/1/lib64 conftest.c  >&5
configure:2999: $? = 0
configure:3006: ./conftest
configure:3010: $? = 0
configure:3025: result: no
configure:3030: checking for suffix of object files
configure:3052: gcc -c -Wl,-rpath,/home/cc/ee147/fl21/class/ee147-aaf/software/python/1/lib:/home/cc/ee147/fl21/class/ee147-aaf/software/python/1/lib64 -I/home/cc/ee147/fl21/class/ee147-aaf/software/python/1/include -Wl,-rpath,/home/cc/ee147/fl21/class/ee147-aaf/software/python/1/lib:/home/cc/ee147/fl21/class/ee147-aaf/software/python/1/lib64 -I/home/cc/ee147/fl21/class/ee147-aaf/software/python/1/include conftest.c >&5
configure:3056: $? = 0
configure:3077: result: o
configure:3081: checking whether we are using the GNU C compiler
configure:3100: gcc -c -Wl,-rpath,/home/cc/ee147/fl21/class/ee147-aaf/software/python/1/lib:/home/cc/ee147/fl21/class/ee147-aaf/software/python/1/lib64 -I/home/cc/ee147/fl21/class/ee147-aaf/software/python/1/include -Wl,-rpath,/home/cc/ee147/fl21/class/ee147-aaf/software/python/1/lib:/home/cc/ee147/fl21/class/ee147-aaf/software/python/1/lib64 -I/home/cc/ee147/fl21/class/ee147-aaf/software/python/1/include conftest.c >&5
configure:3100: $? = 0
configure:3109: result: yes
configure:3118: checking whether gcc accepts -g
configure:3138: gcc -c -g -Wl,-rpath,/home/cc/ee147/fl21/class/ee147-aaf/software/python/1/lib:/home/cc/ee147/fl21/class/ee147-aaf/software/python/1/lib64 -I/home/cc/ee147/fl21/class/ee147-aaf/software/python/1/include conftest.c >&5
configure:3138: $? = 0
configure:3179: result: yes
configure:3196: checking for gcc option to accept ISO C89
configure:3259: gcc  -c -Wl,-rpath,/home/cc/ee147/fl21/class/ee147-aaf/software/python/1/lib:/home/cc/ee147/fl21/class/ee147-aaf/software/python/1/lib64 -I/home/cc/ee147/fl21/class/ee147-aaf/software/python/1/include -Wl,-rpath,/home/cc/ee147/fl21/class/ee147-aaf/software/python/1/lib:/home/cc/ee147/fl21/class/ee147-aaf/software/python/1/lib64 -I/home/cc/ee147/fl21/class/ee147-aaf/software/python/1/include conftest.c >&5
configure:3259: $? = 0
configure:3272: result: none needed
configure:3338: checking for ar
configure:3354: found /usr/bin/ar
configure:3365: result: ar
configure:3430: checking for ranlib
configure:3446: found /usr/bin/ranlib
configure:3457: result: ranlib
configure:3482: checking system as reported by uname -s
configure:3485: result: Linux
configure:3495: checking how to run the C preprocessor
configure:3526: gcc -E -Wl,-rpath,/home/cc/ee147/fl21/class/ee147-aaf/software/python/1/lib:/home/cc/ee147/fl21/class/ee147-aaf/software/python/1/lib64 -I/home/cc/ee147/fl21/class/ee147-aaf/software/python/1/include conftest.c
configure:3526: $? = 0
configure:3540: gcc -E -Wl,-rpath,/home/cc/ee147/fl21/class/ee147-aaf/software/python/1/lib:/home/cc/ee147/fl21/class/ee147-aaf/software/python/1/lib64 -I/home/cc/ee147/fl21/class/ee147-aaf/software/python/1/include conftest.c
conftest.c:9:28: fatal error: ac_nonexistent.h: No such file or directory
 #include <ac_nonexistent.h>
                            ^
compilation terminated.
configure:3540: $? = 1
configure: failed program was:
| /* confdefs.h */
| #define PACKAGE_NAME "mpdecimal"
| #define PACKAGE_TARNAME "mpdecimal"
| #define PACKAGE_VERSION "2.4.2"
| #define PACKAGE_STRING "mpdecimal 2.4.2"
| #define PACKAGE_BUGREPORT "mpdecimal-bugs@bytereef.org"
| #define PACKAGE_URL "http://www.bytereef.org/mpdecimal/index.html"
| /* end confdefs.h.  */
| #include <ac_nonexistent.h>
configure:3565: result: gcc -E
configure:3585: gcc -E -Wl,-rpath,/home/cc/ee147/fl21/class/ee147-aaf/software/python/1/lib:/home/cc/ee147/fl21/class/ee147-aaf/software/python/1/lib64 -I/home/cc/ee147/fl21/class/ee147-aaf/software/python/1/include conftest.c
configure:3585: $? = 0
configure:3599: gcc -E -Wl,-rpath,/home/cc/ee147/fl21/class/ee147-aaf/software/python/1/lib:/home/cc/ee147/fl21/class/ee147-aaf/software/python/1/lib64 -I/home/cc/ee147/fl21/class/ee147-aaf/software/python/1/include conftest.c
conftest.c:9:28: fatal error: ac_nonexistent.h: No such file or directory
 #include <ac_nonexistent.h>
                            ^
compilation terminated.
configure:3599: $? = 1
configure: failed program was:
| /* confdefs.h */
| #define PACKAGE_NAME "mpdecimal"
| #define PACKAGE_TARNAME "mpdecimal"
| #define PACKAGE_VERSION "2.4.2"
| #define PACKAGE_STRING "mpdecimal 2.4.2"
| #define PACKAGE_BUGREPORT "mpdecimal-bugs@bytereef.org"
| #define PACKAGE_URL "http://www.bytereef.org/mpdecimal/index.html"
| /* end confdefs.h.  */
| #include <ac_nonexistent.h>
configure:3628: checking for grep that handles long lines and -e
configure:3686: result: /usr/bin/grep
configure:3691: checking for egrep
configure:3753: result: /usr/bin/grep -E
configure:3758: checking for ANSI C header files
configure:3778: gcc -c -Wl,-rpath,/home/cc/ee147/fl21/class/ee147-aaf/software/python/1/lib:/home/cc/ee147/fl21/class/ee147-aaf/software/python/1/lib64 -I/home/cc/ee147/fl21/class/ee147-aaf/software/python/1/include -Wl,-rpath,/home/cc/ee147/fl21/class/ee147-aaf/software/python/1/lib:/home/cc/ee147/fl21/class/ee147-aaf/software/python/1/lib64 -I/home/cc/ee147/fl21/class/ee147-aaf/software/python/1/include conftest.c >&5
configure:3778: $? = 0
configure:3851: gcc -o conftest -Wl,-rpath,/home/cc/ee147/fl21/class/ee147-aaf/software/python/1/lib:/home/cc/ee147/fl21/class/ee147-aaf/software/python/1/lib64 -I/home/cc/ee147/fl21/class/ee147-aaf/software/python/1/include -Wl,-rpath,/home/cc/ee147/fl21/class/ee147-aaf/software/python/1/lib:/home/cc/ee147/fl21/class/ee147-aaf/software/python/1/lib64 -I/home/cc/ee147/fl21/class/ee147-aaf/software/python/1/include -Wl,-rpath,/home/cc/ee147/fl21/class/ee147-aaf/software/python/1/lib:/home/cc/ee147/fl21/class/ee147-aaf/software/python/1/lib64 -L/home/cc/ee147/fl21/class/ee147-aaf/software/python/1/lib:/home/cc/ee147/fl21/class/ee147-aaf/software/python/1/lib64 conftest.c  >&5
configure:3851: $? = 0
configure:3851: ./conftest
configure:3851: $? = 0
configure:3862: result: yes
configure:3875: checking for sys/types.h
configure:3875: gcc -c -Wl,-rpath,/home/cc/ee147/fl21/class/ee147-aaf/software/python/1/lib:/home/cc/ee147/fl21/class/ee147-aaf/software/python/1/lib64 -I/home/cc/ee147/fl21/class/ee147-aaf/software/python/1/include -Wl,-rpath,/home/cc/ee147/fl21/class/ee147-aaf/software/python/1/lib:/home/cc/ee147/fl21/class/ee147-aaf/software/python/1/lib64 -I/home/cc/ee147/fl21/class/ee147-aaf/software/python/1/include conftest.c >&5
configure:3875: $? = 0
configure:3875: result: yes
configure:3875: checking for sys/stat.h
configure:3875: gcc -c -Wl,-rpath,/home/cc/ee147/fl21/class/ee147-aaf/software/python/1/lib:/home/cc/ee147/fl21/class/ee147-aaf/software/python/1/lib64 -I/home/cc/ee147/fl21/class/ee147-aaf/software/python/1/include -Wl,-rpath,/home/cc/ee147/fl21/class/ee147-aaf/software/python/1/lib:/home/cc/ee147/fl21/class/ee147-aaf/software/python/1/lib64 -I/home/cc/ee147/fl21/class/ee147-aaf/software/python/1/include conftest.c >&5
configure:3875: $? = 0
configure:3875: result: yes
configure:3875: checking for stdlib.h
configure:3875: gcc -c -Wl,-rpath,/home/cc/ee147/fl21/class/ee147-aaf/software/python/1/lib:/home/cc/ee147/fl21/class/ee147-aaf/software/python/1/lib64 -I/home/cc/ee147/fl21/class/ee147-aaf/software/python/1/include -Wl,-rpath,/home/cc/ee147/fl21/class/ee147-aaf/software/python/1/lib:/home/cc/ee147/fl21/class/ee147-aaf/software/python/1/lib64 -I/home/cc/ee147/fl21/class/ee147-aaf/software/python/1/include conftest.c >&5
configure:3875: $? = 0
configure:3875: result: yes
configure:3875: checking for string.h
configure:3875: gcc -c -Wl,-rpath,/home/cc/ee147/fl21/class/ee147-aaf/software/python/1/lib:/home/cc/ee147/fl21/class/ee147-aaf/software/python/1/lib64 -I/home/cc/ee147/fl21/class/ee147-aaf/software/python/1/include -Wl,-rpath,/home/cc/ee147/fl21/class/ee147-aaf/software/python/1/lib:/home/cc/ee147/fl21/class/ee147-aaf/software/python/1/lib64 -I/home/cc/ee147/fl21/class/ee147-aaf/software/python/1/include conftest.c >&5
configure:3875: $? = 0
configure:3875: result: yes
configure:3875: checking for memory.h
configure:3875: gcc -c -Wl,-rpath,/home/cc/ee147/fl21/class/ee147-aaf/software/python/1/lib:/home/cc/ee147/fl21/class/ee147-aaf/software/python/1/lib64 -I/home/cc/ee147/fl21/class/ee147-aaf/software/python/1/include -Wl,-rpath,/home/cc/ee147/fl21/class/ee147-aaf/software/python/1/lib:/home/cc/ee147/fl21/class/ee147-aaf/software/python/1/lib64 -I/home/cc/ee147/fl21/class/ee147-aaf/software/python/1/include conftest.c >&5
configure:3875: $? = 0
configure:3875: result: yes
configure:3875: checking for strings.h
configure:3875: gcc -c -Wl,-rpath,/home/cc/ee147/fl21/class/ee147-aaf/software/python/1/lib:/home/cc/ee147/fl21/class/ee147-aaf/software/python/1/lib64 -I/home/cc/ee147/fl21/class/ee147-aaf/software/python/1/include -Wl,-rpath,/home/cc/ee147/fl21/class/ee147-aaf/software/python/1/lib:/home/cc/ee147/fl21/class/ee147-aaf/software/python/1/lib64 -I/home/cc/ee147/fl21/class/ee147-aaf/software/python/1/include conftest.c >&5
configure:3875: $? = 0
configure:3875: result: yes
configure:3875: checking for inttypes.h
configure:3875: gcc -c -Wl,-rpath,/home/cc/ee147/fl21/class/ee147-aaf/software/python/1/lib:/home/cc/ee147/fl21/class/ee147-aaf/software/python/1/lib64 -I/home/cc/ee147/fl21/class/ee147-aaf/software/python/1/include -Wl,-rpath,/home/cc/ee147/fl21/class/ee147-aaf/software/python/1/lib:/home/cc/ee147/fl21/class/ee147-aaf/software/python/1/lib64 -I/home/cc/ee147/fl21/class/ee147-aaf/software/python/1/include conftest.c >&5
configure:3875: $? = 0
configure:3875: result: yes
configure:3875: checking for stdint.h
configure:3875: gcc -c -Wl,-rpath,/home/cc/ee147/fl21/class/ee147-aaf/software/python/1/lib:/home/cc/ee147/fl21/class/ee147-aaf/software/python/1/lib64 -I/home/cc/ee147/fl21/class/ee147-aaf/software/python/1/include -Wl,-rpath,/home/cc/ee147/fl21/class/ee147-aaf/software/python/1/lib:/home/cc/ee147/fl21/class/ee147-aaf/software/python/1/lib64 -I/home/cc/ee147/fl21/class/ee147-aaf/software/python/1/include conftest.c >&5
configure:3875: $? = 0
configure:3875: result: yes
configure:3875: checking for unistd.h
configure:3875: gcc -c -Wl,-rpath,/home/cc/ee147/fl21/class/ee147-aaf/software/python/1/lib:/home/cc/ee147/fl21/class/ee147-aaf/software/python/1/lib64 -I/home/cc/ee147/fl21/class/ee147-aaf/software/python/1/include -Wl,-rpath,/home/cc/ee147/fl21/class/ee147-aaf/software/python/1/lib:/home/cc/ee147/fl21/class/ee147-aaf/software/python/1/lib64 -I/home/cc/ee147/fl21/class/ee147-aaf/software/python/1/include conftest.c >&5
configure:3875: $? = 0
configure:3875: result: yes
configure:3890: checking for inttypes.h
configure:3890: result: yes
configure:3890: checking for stdint.h
configure:3890: result: yes
configure:3902: checking for size_t
configure:3902: gcc -c -Wl,-rpath,/home/cc/ee147/fl21/class/ee147-aaf/software/python/1/lib:/home/cc/ee147/fl21/class/ee147-aaf/software/python/1/lib64 -I/home/cc/ee147/fl21/class/ee147-aaf/software/python/1/include -Wl,-rpath,/home/cc/ee147/fl21/class/ee147-aaf/software/python/1/lib:/home/cc/ee147/fl21/class/ee147-aaf/software/python/1/lib64 -I/home/cc/ee147/fl21/class/ee147-aaf/software/python/1/include conftest.c >&5
configure:3902: $? = 0
configure:3902: gcc -c -Wl,-rpath,/home/cc/ee147/fl21/class/ee147-aaf/software/python/1/lib:/home/cc/ee147/fl21/class/ee147-aaf/software/python/1/lib64 -I/home/cc/ee147/fl21/class/ee147-aaf/software/python/1/include -Wl,-rpath,/home/cc/ee147/fl21/class/ee147-aaf/software/python/1/lib:/home/cc/ee147/fl21/class/ee147-aaf/software/python/1/lib64 -I/home/cc/ee147/fl21/class/ee147-aaf/software/python/1/include conftest.c >&5
conftest.c: In function 'main':
conftest.c:57:21: error: expected expression before ')' token
 if (sizeof ((size_t)))
                     ^
configure:3902: $? = 1
configure: failed program was:
| /* confdefs.h */
| #define PACKAGE_NAME "mpdecimal"
| #define PACKAGE_TARNAME "mpdecimal"
| #define PACKAGE_VERSION "2.4.2"
| #define PACKAGE_STRING "mpdecimal 2.4.2"
| #define PACKAGE_BUGREPORT "mpdecimal-bugs@bytereef.org"
| #define PACKAGE_URL "http://www.bytereef.org/mpdecimal/index.html"
| #define STDC_HEADERS 1
| #define HAVE_SYS_TYPES_H 1
| #define HAVE_SYS_STAT_H 1
| #define HAVE_STDLIB_H 1
| #define HAVE_STRING_H 1
| #define HAVE_MEMORY_H 1
| #define HAVE_STRINGS_H 1
| #define HAVE_INTTYPES_H 1
| #define HAVE_STDINT_H 1
| #define HAVE_UNISTD_H 1
| #define HAVE_INTTYPES_H 1
| #define HAVE_STDINT_H 1
| /* end confdefs.h.  */
| #include <stdio.h>
| #ifdef HAVE_SYS_TYPES_H
| # include <sys/types.h>
| #endif
| #ifdef HAVE_SYS_STAT_H
| # include <sys/stat.h>
| #endif
| #ifdef STDC_HEADERS
| # include <stdlib.h>
| # include <stddef.h>
| #else
| # ifdef HAVE_STDLIB_H
| #  include <stdlib.h>
| # endif
| #endif
| #ifdef HAVE_STRING_H
| # if !defined STDC_HEADERS && defined HAVE_MEMORY_H
| #  include <memory.h>
| # endif
| # include <string.h>
| #endif
| #ifdef HAVE_STRINGS_H
| # include <strings.h>
| #endif
| #ifdef HAVE_INTTYPES_H
| # include <inttypes.h>
| #endif
| #ifdef HAVE_STDINT_H
| # include <stdint.h>
| #endif
| #ifdef HAVE_UNISTD_H
| # include <unistd.h>
| #endif
| int
| main ()
| {
| if (sizeof ((size_t)))
| 	    return 0;
|   ;
|   return 0;
| }
configure:3902: result: yes
configure:3913: checking for int32_t
configure:3913: gcc -c -Wl,-rpath,/home/cc/ee147/fl21/class/ee147-aaf/software/python/1/lib:/home/cc/ee147/fl21/class/ee147-aaf/software/python/1/lib64 -I/home/cc/ee147/fl21/class/ee147-aaf/software/python/1/include -Wl,-rpath,/home/cc/ee147/fl21/class/ee147-aaf/software/python/1/lib:/home/cc/ee147/fl21/class/ee147-aaf/software/python/1/lib64 -I/home/cc/ee147/fl21/class/ee147-aaf/software/python/1/include conftest.c >&5
configure:3913: $? = 0
configure:3913: gcc -c -Wl,-rpath,/home/cc/ee147/fl21/class/ee147-aaf/software/python/1/lib:/home/cc/ee147/fl21/class/ee147-aaf/software/python/1/lib64 -I/home/cc/ee147/fl21/class/ee147-aaf/software/python/1/include -Wl,-rpath,/home/cc/ee147/fl21/class/ee147-aaf/software/python/1/lib:/home/cc/ee147/fl21/class/ee147-aaf/software/python/1/lib64 -I/home/cc/ee147/fl21/class/ee147-aaf/software/python/1/include conftest.c >&5
conftest.c: In function 'main':
conftest.c:59:53: warning: integer overflow in expression [-Woverflow]
    < (int32_t) (((((int32_t) 1 << N) << N) - 1) * 2 + 2))];
                                                     ^
conftest.c:58:12: error: storage size of 'test_array' isn't constant
 static int test_array [1 - 2 * !((int32_t) (((((int32_t) 1 << N) << N) - 1) * 2 + 1)
            ^
configure:3913: $? = 1
configure: failed program was:
| /* confdefs.h */
| #define PACKAGE_NAME "mpdecimal"
| #define PACKAGE_TARNAME "mpdecimal"
| #define PACKAGE_VERSION "2.4.2"
| #define PACKAGE_STRING "mpdecimal 2.4.2"
| #define PACKAGE_BUGREPORT "mpdecimal-bugs@bytereef.org"
| #define PACKAGE_URL "http://www.bytereef.org/mpdecimal/index.html"
| #define STDC_HEADERS 1
| #define HAVE_SYS_TYPES_H 1
| #define HAVE_SYS_STAT_H 1
| #define HAVE_STDLIB_H 1
| #define HAVE_STRING_H 1
| #define HAVE_MEMORY_H 1
| #define HAVE_STRINGS_H 1
| #define HAVE_INTTYPES_H 1
| #define HAVE_STDINT_H 1
| #define HAVE_UNISTD_H 1
| #define HAVE_INTTYPES_H 1
| #define HAVE_STDINT_H 1
| /* end confdefs.h.  */
| #include <stdio.h>
| #ifdef HAVE_SYS_TYPES_H
| # include <sys/types.h>
| #endif
| #ifdef HAVE_SYS_STAT_H
| # include <sys/stat.h>
| #endif
| #ifdef STDC_HEADERS
| # include <stdlib.h>
| # include <stddef.h>
| #else
| # ifdef HAVE_STDLIB_H
| #  include <stdlib.h>
| # endif
| #endif
| #ifdef HAVE_STRING_H
| # if !defined STDC_HEADERS && defined HAVE_MEMORY_H
| #  include <memory.h>
| # endif
| # include <string.h>
| #endif
| #ifdef HAVE_STRINGS_H
| # include <strings.h>
| #endif
| #ifdef HAVE_INTTYPES_H
| # include <inttypes.h>
| #endif
| #ifdef HAVE_STDINT_H
| # include <stdint.h>
| #endif
| #ifdef HAVE_UNISTD_H
| # include <unistd.h>
| #endif
| 	        enum { N = 32 / 2 - 1 };
| int
| main ()
| {
| static int test_array [1 - 2 * !((int32_t) (((((int32_t) 1 << N) << N) - 1) * 2 + 1)
| 		 < (int32_t) (((((int32_t) 1 << N) << N) - 1) * 2 + 2))];
| test_array [0] = 0;
| return test_array [0];
| 
|   ;
|   return 0;
| }
configure:3913: result: yes
configure:3924: checking for int64_t
configure:3924: gcc -c -Wl,-rpath,/home/cc/ee147/fl21/class/ee147-aaf/software/python/1/lib:/home/cc/ee147/fl21/class/ee147-aaf/software/python/1/lib64 -I/home/cc/ee147/fl21/class/ee147-aaf/software/python/1/include -Wl,-rpath,/home/cc/ee147/fl21/class/ee147-aaf/software/python/1/lib:/home/cc/ee147/fl21/class/ee147-aaf/software/python/1/lib64 -I/home/cc/ee147/fl21/class/ee147-aaf/software/python/1/include conftest.c >&5
configure:3924: $? = 0
configure:3924: gcc -c -Wl,-rpath,/home/cc/ee147/fl21/class/ee147-aaf/software/python/1/lib:/home/cc/ee147/fl21/class/ee147-aaf/software/python/1/lib64 -I/home/cc/ee147/fl21/class/ee147-aaf/software/python/1/include -Wl,-rpath,/home/cc/ee147/fl21/class/ee147-aaf/software/python/1/lib:/home/cc/ee147/fl21/class/ee147-aaf/software/python/1/lib64 -I/home/cc/ee147/fl21/class/ee147-aaf/software/python/1/include conftest.c >&5
conftest.c: In function 'main':
conftest.c:59:53: warning: integer overflow in expression [-Woverflow]
    < (int64_t) (((((int64_t) 1 << N) << N) - 1) * 2 + 2))];
                                                     ^
conftest.c:58:12: error: storage size of 'test_array' isn't constant
 static int test_array [1 - 2 * !((int64_t) (((((int64_t) 1 << N) << N) - 1) * 2 + 1)
            ^
configure:3924: $? = 1
configure: failed program was:
| /* confdefs.h */
| #define PACKAGE_NAME "mpdecimal"
| #define PACKAGE_TARNAME "mpdecimal"
| #define PACKAGE_VERSION "2.4.2"
| #define PACKAGE_STRING "mpdecimal 2.4.2"
| #define PACKAGE_BUGREPORT "mpdecimal-bugs@bytereef.org"
| #define PACKAGE_URL "http://www.bytereef.org/mpdecimal/index.html"
| #define STDC_HEADERS 1
| #define HAVE_SYS_TYPES_H 1
| #define HAVE_SYS_STAT_H 1
| #define HAVE_STDLIB_H 1
| #define HAVE_STRING_H 1
| #define HAVE_MEMORY_H 1
| #define HAVE_STRINGS_H 1
| #define HAVE_INTTYPES_H 1
| #define HAVE_STDINT_H 1
| #define HAVE_UNISTD_H 1
| #define HAVE_INTTYPES_H 1
| #define HAVE_STDINT_H 1
| /* end confdefs.h.  */
| #include <stdio.h>
| #ifdef HAVE_SYS_TYPES_H
| # include <sys/types.h>
| #endif
| #ifdef HAVE_SYS_STAT_H
| # include <sys/stat.h>
| #endif
| #ifdef STDC_HEADERS
| # include <stdlib.h>
| # include <stddef.h>
| #else
| # ifdef HAVE_STDLIB_H
| #  include <stdlib.h>
| # endif
| #endif
| #ifdef HAVE_STRING_H
| # if !defined STDC_HEADERS && defined HAVE_MEMORY_H
| #  include <memory.h>
| # endif
| # include <string.h>
| #endif
| #ifdef HAVE_STRINGS_H
| # include <strings.h>
| #endif
| #ifdef HAVE_INTTYPES_H
| # include <inttypes.h>
| #endif
| #ifdef HAVE_STDINT_H
| # include <stdint.h>
| #endif
| #ifdef HAVE_UNISTD_H
| # include <unistd.h>
| #endif
| 	        enum { N = 64 / 2 - 1 };
| int
| main ()
| {
| static int test_array [1 - 2 * !((int64_t) (((((int64_t) 1 << N) << N) - 1) * 2 + 1)
| 		 < (int64_t) (((((int64_t) 1 << N) << N) - 1) * 2 + 2))];
| test_array [0] = 0;
| return test_array [0];
| 
|   ;
|   return 0;
| }
configure:3924: result: yes
configure:3935: checking for uint32_t
configure:3935: gcc -c -Wl,-rpath,/home/cc/ee147/fl21/class/ee147-aaf/software/python/1/lib:/home/cc/ee147/fl21/class/ee147-aaf/software/python/1/lib64 -I/home/cc/ee147/fl21/class/ee147-aaf/software/python/1/include -Wl,-rpath,/home/cc/ee147/fl21/class/ee147-aaf/software/python/1/lib:/home/cc/ee147/fl21/class/ee147-aaf/software/python/1/lib64 -I/home/cc/ee147/fl21/class/ee147-aaf/software/python/1/include conftest.c >&5
configure:3935: $? = 0
configure:3935: result: yes
configure:3949: checking for uint64_t
configure:3949: gcc -c -Wl,-rpath,/home/cc/ee147/fl21/class/ee147-aaf/software/python/1/lib:/home/cc/ee147/fl21/class/ee147-aaf/software/python/1/lib64 -I/home/cc/ee147/fl21/class/ee147-aaf/software/python/1/include -Wl,-rpath,/home/cc/ee147/fl21/class/ee147-aaf/software/python/1/lib:/home/cc/ee147/fl21/class/ee147-aaf/software/python/1/lib64 -I/home/cc/ee147/fl21/class/ee147-aaf/software/python/1/include conftest.c >&5
configure:3949: $? = 0
configure:3949: result: yes
configure:3963: checking for __uint128_t
configure:3963: gcc -c -Wl,-rpath,/home/cc/ee147/fl21/class/ee147-aaf/software/python/1/lib:/home/cc/ee147/fl21/class/ee147-aaf/software/python/1/lib64 -I/home/cc/ee147/fl21/class/ee147-aaf/software/python/1/include -Wl,-rpath,/home/cc/ee147/fl21/class/ee147-aaf/software/python/1/lib:/home/cc/ee147/fl21/class/ee147-aaf/software/python/1/lib64 -I/home/cc/ee147/fl21/class/ee147-aaf/software/python/1/include conftest.c >&5
configure:3963: $? = 0
configure:3963: gcc -c -Wl,-rpath,/home/cc/ee147/fl21/class/ee147-aaf/software/python/1/lib:/home/cc/ee147/fl21/class/ee147-aaf/software/python/1/lib64 -I/home/cc/ee147/fl21/class/ee147-aaf/software/python/1/include -Wl,-rpath,/home/cc/ee147/fl21/class/ee147-aaf/software/python/1/lib:/home/cc/ee147/fl21/class/ee147-aaf/software/python/1/lib64 -I/home/cc/ee147/fl21/class/ee147-aaf/software/python/1/include conftest.c >&5
conftest.c: In function 'main':
conftest.c:57:26: error: expected expression before ')' token
 if (sizeof ((__uint128_t)))
                          ^
configure:3963: $? = 1
configure: failed program was:
| /* confdefs.h */
| #define PACKAGE_NAME "mpdecimal"
| #define PACKAGE_TARNAME "mpdecimal"
| #define PACKAGE_VERSION "2.4.2"
| #define PACKAGE_STRING "mpdecimal 2.4.2"
| #define PACKAGE_BUGREPORT "mpdecimal-bugs@bytereef.org"
| #define PACKAGE_URL "http://www.bytereef.org/mpdecimal/index.html"
| #define STDC_HEADERS 1
| #define HAVE_SYS_TYPES_H 1
| #define HAVE_SYS_STAT_H 1
| #define HAVE_STDLIB_H 1
| #define HAVE_STRING_H 1
| #define HAVE_MEMORY_H 1
| #define HAVE_STRINGS_H 1
| #define HAVE_INTTYPES_H 1
| #define HAVE_STDINT_H 1
| #define HAVE_UNISTD_H 1
| #define HAVE_INTTYPES_H 1
| #define HAVE_STDINT_H 1
| /* end confdefs.h.  */
| #include <stdio.h>
| #ifdef HAVE_SYS_TYPES_H
| # include <sys/types.h>
| #endif
| #ifdef HAVE_SYS_STAT_H
| # include <sys/stat.h>
| #endif
| #ifdef STDC_HEADERS
| # include <stdlib.h>
| # include <stddef.h>
| #else
| # ifdef HAVE_STDLIB_H
| #  include <stdlib.h>
| # endif
| #endif
| #ifdef HAVE_STRING_H
| # if !defined STDC_HEADERS && defined HAVE_MEMORY_H
| #  include <memory.h>
| # endif
| # include <string.h>
| #endif
| #ifdef HAVE_STRINGS_H
| # include <strings.h>
| #endif
| #ifdef HAVE_INTTYPES_H
| # include <inttypes.h>
| #endif
| #ifdef HAVE_STDINT_H
| # include <stdint.h>
| #endif
| #ifdef HAVE_UNISTD_H
| # include <unistd.h>
| #endif
| int
| main ()
| {
| if (sizeof ((__uint128_t)))
| 	    return 0;
|   ;
|   return 0;
| }
configure:3963: result: yes
configure:3976: checking size of size_t
configure:3981: gcc -o conftest -Wl,-rpath,/home/cc/ee147/fl21/class/ee147-aaf/software/python/1/lib:/home/cc/ee147/fl21/class/ee147-aaf/software/python/1/lib64 -I/home/cc/ee147/fl21/class/ee147-aaf/software/python/1/include -Wl,-rpath,/home/cc/ee147/fl21/class/ee147-aaf/software/python/1/lib:/home/cc/ee147/fl21/class/ee147-aaf/software/python/1/lib64 -I/home/cc/ee147/fl21/class/ee147-aaf/software/python/1/include -Wl,-rpath,/home/cc/ee147/fl21/class/ee147-aaf/software/python/1/lib:/home/cc/ee147/fl21/class/ee147-aaf/software/python/1/lib64 -L/home/cc/ee147/fl21/class/ee147-aaf/software/python/1/lib:/home/cc/ee147/fl21/class/ee147-aaf/software/python/1/lib64 conftest.c  >&5
configure:3981: $? = 0
configure:3981: ./conftest
configure:3981: $? = 0
configure:3995: result: 8
configure:4009: checking size of __uint128_t
configure:4014: gcc -o conftest -Wl,-rpath,/home/cc/ee147/fl21/class/ee147-aaf/software/python/1/lib:/home/cc/ee147/fl21/class/ee147-aaf/software/python/1/lib64 -I/home/cc/ee147/fl21/class/ee147-aaf/software/python/1/include -Wl,-rpath,/home/cc/ee147/fl21/class/ee147-aaf/software/python/1/lib:/home/cc/ee147/fl21/class/ee147-aaf/software/python/1/lib64 -I/home/cc/ee147/fl21/class/ee147-aaf/software/python/1/include -Wl,-rpath,/home/cc/ee147/fl21/class/ee147-aaf/software/python/1/lib:/home/cc/ee147/fl21/class/ee147-aaf/software/python/1/lib64 -L/home/cc/ee147/fl21/class/ee147-aaf/software/python/1/lib:/home/cc/ee147/fl21/class/ee147-aaf/software/python/1/lib64 conftest.c  >&5
configure:4014: $? = 0
configure:4014: ./conftest
configure:4014: $? = 0
configure:4028: result: 16
configure:4040: checking for x64 gcc inline assembler
configure:4055: gcc -c -Wl,-rpath,/home/cc/ee147/fl21/class/ee147-aaf/software/python/1/lib:/home/cc/ee147/fl21/class/ee147-aaf/software/python/1/lib64 -I/home/cc/ee147/fl21/class/ee147-aaf/software/python/1/include -Wl,-rpath,/home/cc/ee147/fl21/class/ee147-aaf/software/python/1/lib:/home/cc/ee147/fl21/class/ee147-aaf/software/python/1/lib64 -I/home/cc/ee147/fl21/class/ee147-aaf/software/python/1/include conftest.c >&5
configure:4055: $? = 0
configure:4061: result: yes
configure:4070: checking for x87 gcc inline assembler
configure:4087: gcc -c -Wl,-rpath,/home/cc/ee147/fl21/class/ee147-aaf/software/python/1/lib:/home/cc/ee147/fl21/class/ee147-aaf/software/python/1/lib64 -I/home/cc/ee147/fl21/class/ee147-aaf/software/python/1/include -Wl,-rpath,/home/cc/ee147/fl21/class/ee147-aaf/software/python/1/lib:/home/cc/ee147/fl21/class/ee147-aaf/software/python/1/lib64 -I/home/cc/ee147/fl21/class/ee147-aaf/software/python/1/include conftest.c >&5
configure:4087: $? = 0
configure:4093: result: yes
configure:4102: checking for -O2
configure:4118: gcc -c -O2 -Wl,-rpath,/home/cc/ee147/fl21/class/ee147-aaf/software/python/1/lib:/home/cc/ee147/fl21/class/ee147-aaf/software/python/1/lib64 -I/home/cc/ee147/fl21/class/ee147-aaf/software/python/1/include conftest.c >&5
configure:4118: $? = 0
configure:4124: result: yes
configure:4143: checking for a BSD-compatible install
configure:4211: result: /usr/bin/install -c
configure:4226: checking for glibc _FORTIFY_SOURCE/memmove bug
configure:4255: gcc -o conftest -O2 -D_FORTIFY_SOURCE=2 -Wl,-rpath,/home/cc/ee147/fl21/class/ee147-aaf/software/python/1/lib:/home/cc/ee147/fl21/class/ee147-aaf/software/python/1/lib64 -I/home/cc/ee147/fl21/class/ee147-aaf/software/python/1/include -Wl,-rpath,/home/cc/ee147/fl21/class/ee147-aaf/software/python/1/lib:/home/cc/ee147/fl21/class/ee147-aaf/software/python/1/lib64 -L/home/cc/ee147/fl21/class/ee147-aaf/software/python/1/lib:/home/cc/ee147/fl21/class/ee147-aaf/software/python/1/lib64 conftest.c  >&5
configure:4255: $? = 0
configure:4255: ./conftest
configure:4255: $? = 0
configure:4265: result: no
configure:4615: creating ./config.status

## ---------------------- ##
## Running config.status. ##
## ---------------------- ##

This file was extended by mpdecimal config.status 2.4.2, which was
generated by GNU Autoconf 2.69.  Invocation command line was

  CONFIG_FILES    = 
  CONFIG_HEADERS  = 
  CONFIG_LINKS    = 
  CONFIG_COMMANDS = 
  $ ./config.status 

on eda-1.EECS.Berkeley.EDU

config.status:852: creating Makefile
config.status:852: creating libmpdec/Makefile
config.status:852: creating tests/Makefile
config.status:852: creating libmpdec/mpdecimal.h
config.status:852: creating config.h

## ---------------- ##
## Cache variables. ##
## ---------------- ##


## ----------------- ##
## Output variables. ##
## ----------------- ##


  #define CONFIG_64
  #error "cannot use CONFIG_32 with 64-bit header."
#endif
#endif'
#ifdef CONFIG_32
#ifndef CONFIG_64
/* ABI: 64-bit */
AR='ar'
CC='gcc'
CFLAGS='-Wl,-rpath,/home/cc/ee147/fl21/class/ee147-aaf/software/python/1/lib:/home/cc/ee147/fl21/class/ee147-aaf/software/python/1/lib64 -I/home/cc/ee147/fl21/class/ee147-aaf/software/python/1/include'
CONFIGURE_CFLAGS='-Wall -W -Wno-unknown-pragmas -std=c99 -pedantic -DCONFIG_64 -DASM -O2 -Wl,-rpath,/home/cc/ee147/fl21/class/ee147-aaf/software/python/1/lib:/home/cc/ee147/fl21/class/ee147-aaf/software/python/1/lib64 -I/home/cc/ee147/fl21/class/ee147-aaf/software/python/1/include'
CONFIGURE_LDFLAGS='-Wl,-rpath,/home/cc/ee147/fl21/class/ee147-aaf/software/python/1/lib:/home/cc/ee147/fl21/class/ee147-aaf/software/python/1/lib64 -L/home/cc/ee147/fl21/class/ee147-aaf/software/python/1/lib:/home/cc/ee147/fl21/class/ee147-aaf/software/python/1/lib64'
CPP='gcc -E'
CPPFLAGS='-Wl,-rpath,/home/cc/ee147/fl21/class/ee147-aaf/software/python/1/lib:/home/cc/ee147/fl21/class/ee147-aaf/software/python/1/lib64 -I/home/cc/ee147/fl21/class/ee147-aaf/software/python/1/include'
DEFS='-DHAVE_CONFIG_H'
ECHO_C=''
ECHO_N='-n'
ECHO_T=''
EGREP='/usr/bin/grep -E'
EXEEXT=''
GREP='/usr/bin/grep'
INSTALL='/usr/bin/install -c'
INSTALL_DATA='${INSTALL} -m 644'
INSTALL_PROGRAM='${INSTALL}'
INSTALL_SCRIPT='${INSTALL}'
LD='gcc'
LDFLAGS='-Wl,-rpath,/home/cc/ee147/fl21/class/ee147-aaf/software/python/1/lib:/home/cc/ee147/fl21/class/ee147-aaf/software/python/1/lib64 -L/home/cc/ee147/fl21/class/ee147-aaf/software/python/1/lib:/home/cc/ee147/fl21/class/ee147-aaf/software/python/1/lib64'
LIBOBJS=''
LIBS=''
LIBSHARED='libmpdec.so.2.4.2'
LIBSONAME='libmpdec.so.2'
LIBSTATIC='libmpdec.a'
LTLIBOBJS=''
MACHINE='x64'
MPD_CONFIG='-DCONFIG_64 -DASM'
MPD_DPREC='38'
MPD_HEADER=''
MPD_HEADER_CONFIG='
MPD_OPT='-O2'
MPD_PGEN='-fprofile-generate -fprofile-values'
MPD_PREC='19'
MPD_PUSE='-fprofile-use -freorder-blocks'
MPD_WARN='-Wall -W -Wno-unknown-pragmas -std=c99 -pedantic'
OBJEXT='o'
PACKAGE_BUGREPORT='mpdecimal-bugs@bytereef.org'
PACKAGE_NAME='mpdecimal'
PACKAGE_STRING='mpdecimal 2.4.2'
PACKAGE_TARNAME='mpdecimal'
PACKAGE_URL='http://www.bytereef.org/mpdecimal/index.html'
PACKAGE_VERSION='2.4.2'
PATH_SEPARATOR=':'
RANLIB='ranlib'
SHELL='/usr/bin/ksh'
ac_ct_CC='gcc'
bindir='${exec_prefix}/bin'
build='x86_64-unknown-linux-gnu'
build_alias=''
build_cpu='x86_64'
build_os='linux-gnu'
build_vendor='unknown'
datadir='${datarootdir}'
datarootdir='${prefix}/share'
docdir='${datarootdir}/doc/${PACKAGE_TARNAME}'
dvidir='${docdir}'
exec_prefix='${prefix}'
host='x86_64-unknown-linux-gnu'
host_alias=''
host_cpu='x86_64'
host_os='linux-gnu'
host_vendor='unknown'
htmldir='${docdir}'
includedir='${prefix}/include'
infodir='${datarootdir}/info'
libdir='${exec_prefix}/lib'
libexecdir='${exec_prefix}/libexec'
localedir='${datarootdir}/locale'
localstatedir='${prefix}/var'
mandir='${datarootdir}/man'
oldincludedir='/usr/include'
pdfdir='${docdir}'
prefix='/home/cc/ee147/fl21/class/ee147-aaf/software/python/1'
program_transform_name='s,x,x,'
psdir='${docdir}'
sbindir='${exec_prefix}/sbin'
sharedstatedir='${prefix}/com'
sysconfdir='${prefix}/etc'
target_alias=''

## ----------- ##
## confdefs.h. ##
## ----------- ##

/* confdefs.h */
#define PACKAGE_NAME "mpdecimal"
#define PACKAGE_TARNAME "mpdecimal"
#define PACKAGE_VERSION "2.4.2"
#define PACKAGE_STRING "mpdecimal 2.4.2"
#define PACKAGE_BUGREPORT "mpdecimal-bugs@bytereef.org"
#define PACKAGE_URL "http://www.bytereef.org/mpdecimal/index.html"
#define STDC_HEADERS 1
#define HAVE_SYS_TYPES_H 1
#define HAVE_SYS_STAT_H 1
#define HAVE_STDLIB_H 1
#define HAVE_STRING_H 1
#define HAVE_MEMORY_H 1
#define HAVE_STRINGS_H 1
#define HAVE_INTTYPES_H 1
#define HAVE_STDINT_H 1
#define HAVE_UNISTD_H 1
#define HAVE_INTTYPES_H 1
#define HAVE_STDINT_H 1
#define HAVE_UINT128_T 1
#define SIZEOF_SIZE_T 8
#define SIZEOF___UINT128_T 16
#define HAVE_GCC_ASM_FOR_X64 1
#define HAVE_GCC_ASM_FOR_X87 1

configure: caught signal 2
configure: exit 0
