This file contains any messages produced by compilers while
running configure, to aid debugging if configure makes a mistake.

It was created by sqlite configure 3.28.0, which was
generated by GNU Autoconf 2.69.  Invocation command line was

  $ ./configure --prefix=/home/cc/ee147/fl21/class/ee147-aaf/software/python/1 --enable-shared --enable-static --enable-readline --enable-threadsafe --enable-dynamic-extensions

## --------- ##
## Platform. ##
## --------- ##

hostname = eda-1.EECS.Berkeley.EDU
uname -m = x86_64
uname -r = 3.10.0-1160.45.1.el7.x86_64
uname -s = Linux
uname -v = #1 SMP Wed Oct 13 17:20:51 UTC 2021

/usr/bin/uname -p = x86_64
/bin/uname -X     = unknown

/bin/arch              = x86_64
/usr/bin/arch -k       = unknown
/usr/convex/getsysinfo = unknown
/usr/bin/hostinfo      = unknown
/bin/machine           = unknown
/usr/bin/oslevel       = unknown
/bin/universe          = unknown

PATH: /home/cc/ee147/fl21/class/ee147-aaf/software/Python-3.10.0/python3.10/bin
PATH: /share/b/grading/bin
PATH: /home/ff/ee147/bin
PATH: /home/ff/ee147/bin/arch/x86_64
PATH: /usr/local/bin
PATH: /usr/sww/bin
PATH: /usr/bin
PATH: /bin
PATH: /usr/ucb
PATH: /usr/sfw/bin
PATH: /share/b/grading/bin
PATH: /share/b/grading/sbin
PATH: /share/b/runas/x86_64
PATH: /share/b/bin
PATH: /home/aa/projects/scheme/bin
PATH: /share/instsww/mgc/tanner/bin


## ----------- ##
## Core tests. ##
## ----------- ##

configure:2351: checking for a BSD-compatible install
configure:2419: result: /usr/bin/install -c
configure:2430: checking whether build environment is sane
configure:2485: result: yes
configure:2636: checking for a thread-safe mkdir -p
configure:2675: result: /usr/bin/mkdir -p
configure:2682: checking for gawk
configure:2698: found /usr/bin/gawk
configure:2709: result: gawk
configure:2720: checking whether make sets $(MAKE)
configure:2742: result: yes
configure:2771: checking whether make supports nested variables
configure:2788: result: yes
configure:2927: checking for style of include used by make
configure:2955: result: GNU
configure:3026: checking for gcc
configure:3042: found /usr/bin/gcc
configure:3053: result: gcc
configure:3282: checking for C compiler version
configure:3291: gcc --version >&5
gcc (GCC) 4.8.5 20150623 (Red Hat 4.8.5-44)
Copyright (C) 2015 Free Software Foundation, Inc.
This is free software; see the source for copying conditions.  There is NO
warranty; not even for MERCHANTABILITY or FITNESS FOR A PARTICULAR PURPOSE.

configure:3302: $? = 0
configure:3291: gcc -v >&5
Using built-in specs.
COLLECT_GCC=gcc
COLLECT_LTO_WRAPPER=/usr/libexec/gcc/x86_64-redhat-linux/4.8.5/lto-wrapper
Target: x86_64-redhat-linux
Configured with: ../configure --prefix=/usr --mandir=/usr/share/man --infodir=/usr/share/info --with-bugurl=http://bugzilla.redhat.com/bugzilla --enable-bootstrap --enable-shared --enable-threads=posix --enable-checking=release --with-system-zlib --enable-__cxa_atexit --disable-libunwind-exceptions --enable-gnu-unique-object --enable-linker-build-id --with-linker-hash-style=gnu --enable-languages=c,c++,objc,obj-c++,java,fortran,ada,go,lto --enable-plugin --enable-initfini-array --disable-libgcj --with-isl=/builddir/build/BUILD/gcc-4.8.5-20150702/obj-x86_64-redhat-linux/isl-install --with-cloog=/builddir/build/BUILD/gcc-4.8.5-20150702/obj-x86_64-redhat-linux/cloog-install --enable-gnu-indirect-function --with-tune=generic --with-arch_32=x86-64 --build=x86_64-redhat-linux
Thread model: posix
gcc version 4.8.5 20150623 (Red Hat 4.8.5-44) (GCC) 
configure:3302: $? = 0
configure:3291: gcc -V >&5
gcc: error: unrecognized command line option '-V'
gcc: fatal error: no input files
compilation terminated.
configure:3302: $? = 4
configure:3291: gcc -qversion >&5
gcc: error: unrecognized command line option '-qversion'
gcc: fatal error: no input files
compilation terminated.
configure:3302: $? = 4
configure:3322: checking whether the C compiler works
configure:3344: gcc -Wl,-rpath,/home/cc/ee147/fl21/class/ee147-aaf/software/python/1/lib:/home/cc/ee147/fl21/class/ee147-aaf/software/python/1/lib64 -I/home/cc/ee147/fl21/class/ee147-aaf/software/python/1/include -Wl,-rpath,/home/cc/ee147/fl21/class/ee147-aaf/software/python/1/lib:/home/cc/ee147/fl21/class/ee147-aaf/software/python/1/lib64 -I/home/cc/ee147/fl21/class/ee147-aaf/software/python/1/include -Wl,-rpath,/home/cc/ee147/fl21/class/ee147-aaf/software/python/1/lib:/home/cc/ee147/fl21/class/ee147-aaf/software/python/1/lib64 -L/home/cc/ee147/fl21/class/ee147-aaf/software/python/1/lib:/home/cc/ee147/fl21/class/ee147-aaf/software/python/1/lib64 conftest.c  >&5
configure:3348: $? = 0
configure:3396: result: yes
configure:3399: checking for C compiler default output file name
configure:3401: result: a.out
configure:3407: checking for suffix of executables
configure:3414: gcc -o conftest -Wl,-rpath,/home/cc/ee147/fl21/class/ee147-aaf/software/python/1/lib:/home/cc/ee147/fl21/class/ee147-aaf/software/python/1/lib64 -I/home/cc/ee147/fl21/class/ee147-aaf/software/python/1/include -Wl,-rpath,/home/cc/ee147/fl21/class/ee147-aaf/software/python/1/lib:/home/cc/ee147/fl21/class/ee147-aaf/software/python/1/lib64 -I/home/cc/ee147/fl21/class/ee147-aaf/software/python/1/include -Wl,-rpath,/home/cc/ee147/fl21/class/ee147-aaf/software/python/1/lib:/home/cc/ee147/fl21/class/ee147-aaf/software/python/1/lib64 -L/home/cc/ee147/fl21/class/ee147-aaf/software/python/1/lib:/home/cc/ee147/fl21/class/ee147-aaf/software/python/1/lib64 conftest.c  >&5
configure:3418: $? = 0
configure:3440: result: 
configure:3462: checking whether we are cross compiling
configure:3470: gcc -o conftest -Wl,-rpath,/home/cc/ee147/fl21/class/ee147-aaf/software/python/1/lib:/home/cc/ee147/fl21/class/ee147-aaf/software/python/1/lib64 -I/home/cc/ee147/fl21/class/ee147-aaf/software/python/1/include -Wl,-rpath,/home/cc/ee147/fl21/class/ee147-aaf/software/python/1/lib:/home/cc/ee147/fl21/class/ee147-aaf/software/python/1/lib64 -I/home/cc/ee147/fl21/class/ee147-aaf/software/python/1/include -Wl,-rpath,/home/cc/ee147/fl21/class/ee147-aaf/software/python/1/lib:/home/cc/ee147/fl21/class/ee147-aaf/software/python/1/lib64 -L/home/cc/ee147/fl21/class/ee147-aaf/software/python/1/lib:/home/cc/ee147/fl21/class/ee147-aaf/software/python/1/lib64 conftest.c  >&5
configure:3474: $? = 0
configure:3481: ./conftest
configure:3485: $? = 0
configure:3500: result: no
configure:3505: checking for suffix of object files
configure:3527: gcc -c -Wl,-rpath,/home/cc/ee147/fl21/class/ee147-aaf/software/python/1/lib:/home/cc/ee147/fl21/class/ee147-aaf/software/python/1/lib64 -I/home/cc/ee147/fl21/class/ee147-aaf/software/python/1/include -Wl,-rpath,/home/cc/ee147/fl21/class/ee147-aaf/software/python/1/lib:/home/cc/ee147/fl21/class/ee147-aaf/software/python/1/lib64 -I/home/cc/ee147/fl21/class/ee147-aaf/software/python/1/include conftest.c >&5
configure:3531: $? = 0
configure:3552: result: o
configure:3556: checking whether we are using the GNU C compiler
configure:3575: gcc -c -Wl,-rpath,/home/cc/ee147/fl21/class/ee147-aaf/software/python/1/lib:/home/cc/ee147/fl21/class/ee147-aaf/software/python/1/lib64 -I/home/cc/ee147/fl21/class/ee147-aaf/software/python/1/include -Wl,-rpath,/home/cc/ee147/fl21/class/ee147-aaf/software/python/1/lib:/home/cc/ee147/fl21/class/ee147-aaf/software/python/1/lib64 -I/home/cc/ee147/fl21/class/ee147-aaf/software/python/1/include conftest.c >&5
configure:3575: $? = 0
configure:3584: result: yes
configure:3593: checking whether gcc accepts -g
configure:3613: gcc -c -g -Wl,-rpath,/home/cc/ee147/fl21/class/ee147-aaf/software/python/1/lib:/home/cc/ee147/fl21/class/ee147-aaf/software/python/1/lib64 -I/home/cc/ee147/fl21/class/ee147-aaf/software/python/1/include conftest.c >&5
configure:3613: $? = 0
configure:3654: result: yes
configure:3671: checking for gcc option to accept ISO C89
configure:3734: gcc  -c -Wl,-rpath,/home/cc/ee147/fl21/class/ee147-aaf/software/python/1/lib:/home/cc/ee147/fl21/class/ee147-aaf/software/python/1/lib64 -I/home/cc/ee147/fl21/class/ee147-aaf/software/python/1/include -Wl,-rpath,/home/cc/ee147/fl21/class/ee147-aaf/software/python/1/lib:/home/cc/ee147/fl21/class/ee147-aaf/software/python/1/lib64 -I/home/cc/ee147/fl21/class/ee147-aaf/software/python/1/include conftest.c >&5
configure:3734: $? = 0
configure:3747: result: none needed
configure:3772: checking whether gcc understands -c and -o together
configure:3794: gcc -c conftest.c -o conftest2.o
configure:3797: $? = 0
configure:3794: gcc -c conftest.c -o conftest2.o
configure:3797: $? = 0
configure:3809: result: yes
configure:3828: checking dependency style of gcc
configure:3939: result: gcc3
configure:3962: checking for special C compiler options needed for large files
configure:4007: result: no
configure:4013: checking for _FILE_OFFSET_BITS value needed for large files
configure:4038: gcc -c -Wl,-rpath,/home/cc/ee147/fl21/class/ee147-aaf/software/python/1/lib:/home/cc/ee147/fl21/class/ee147-aaf/software/python/1/lib64 -I/home/cc/ee147/fl21/class/ee147-aaf/software/python/1/include -Wl,-rpath,/home/cc/ee147/fl21/class/ee147-aaf/software/python/1/lib:/home/cc/ee147/fl21/class/ee147-aaf/software/python/1/lib64 -I/home/cc/ee147/fl21/class/ee147-aaf/software/python/1/include conftest.c >&5
configure:4038: $? = 0
configure:4070: result: no
configure:4205: checking for gcc
configure:4232: result: gcc
configure:4461: checking for C compiler version
configure:4470: gcc --version >&5
gcc (GCC) 4.8.5 20150623 (Red Hat 4.8.5-44)
Copyright (C) 2015 Free Software Foundation, Inc.
This is free software; see the source for copying conditions.  There is NO
warranty; not even for MERCHANTABILITY or FITNESS FOR A PARTICULAR PURPOSE.

configure:4481: $? = 0
configure:4470: gcc -v >&5
Using built-in specs.
COLLECT_GCC=gcc
COLLECT_LTO_WRAPPER=/usr/libexec/gcc/x86_64-redhat-linux/4.8.5/lto-wrapper
Target: x86_64-redhat-linux
Configured with: ../configure --prefix=/usr --mandir=/usr/share/man --infodir=/usr/share/info --with-bugurl=http://bugzilla.redhat.com/bugzilla --enable-bootstrap --enable-shared --enable-threads=posix --enable-checking=release --with-system-zlib --enable-__cxa_atexit --disable-libunwind-exceptions --enable-gnu-unique-object --enable-linker-build-id --with-linker-hash-style=gnu --enable-languages=c,c++,objc,obj-c++,java,fortran,ada,go,lto --enable-plugin --enable-initfini-array --disable-libgcj --with-isl=/builddir/build/BUILD/gcc-4.8.5-20150702/obj-x86_64-redhat-linux/isl-install --with-cloog=/builddir/build/BUILD/gcc-4.8.5-20150702/obj-x86_64-redhat-linux/cloog-install --enable-gnu-indirect-function --with-tune=generic --with-arch_32=x86-64 --build=x86_64-redhat-linux
Thread model: posix
gcc version 4.8.5 20150623 (Red Hat 4.8.5-44) (GCC) 
configure:4481: $? = 0
configure:4470: gcc -V >&5
gcc: error: unrecognized command line option '-V'
gcc: fatal error: no input files
compilation terminated.
configure:4481: $? = 4
configure:4470: gcc -qversion >&5
gcc: error: unrecognized command line option '-qversion'
gcc: fatal error: no input files
compilation terminated.
configure:4481: $? = 4
configure:4485: checking whether we are using the GNU C compiler
configure:4513: result: yes
configure:4522: checking whether gcc accepts -g
configure:4583: result: yes
configure:4600: checking for gcc option to accept ISO C89
configure:4676: result: none needed
configure:4701: checking whether gcc understands -c and -o together
configure:4738: result: yes
configure:4757: checking dependency style of gcc
configure:4868: result: gcc3
configure:4912: checking build system type
configure:4926: result: x86_64-pc-linux-gnu
configure:4946: checking host system type
configure:4959: result: x86_64-pc-linux-gnu
configure:5000: checking how to print strings
configure:5029: result: print -r
configure:5048: checking for a sed that does not truncate output
configure:5112: result: /usr/bin/sed
configure:5130: checking for grep that handles long lines and -e
configure:5188: result: /usr/bin/grep
configure:5193: checking for egrep
configure:5255: result: /usr/bin/grep -E
configure:5260: checking for fgrep
configure:5322: result: /usr/bin/grep -F
configure:5357: checking for ld used by gcc
configure:5424: result: /usr/bin/ld
configure:5431: checking if the linker (/usr/bin/ld) is GNU ld
configure:5446: result: yes
configure:5458: checking for BSD- or MS-compatible name lister (nm)
configure:5512: result: /usr/bin/nm -B
configure:5642: checking the name lister (/usr/bin/nm -B) interface
configure:5649: gcc -c -Wl,-rpath,/home/cc/ee147/fl21/class/ee147-aaf/software/python/1/lib:/home/cc/ee147/fl21/class/ee147-aaf/software/python/1/lib64 -I/home/cc/ee147/fl21/class/ee147-aaf/software/python/1/include -Wl,-rpath,/home/cc/ee147/fl21/class/ee147-aaf/software/python/1/lib:/home/cc/ee147/fl21/class/ee147-aaf/software/python/1/lib64 -I/home/cc/ee147/fl21/class/ee147-aaf/software/python/1/include conftest.c >&5
configure:5652: /usr/bin/nm -B "conftest.o"
configure:5655: output
0000000000000000 B some_variable
configure:5662: result: BSD nm
configure:5665: checking whether ln -s works
configure:5669: result: yes
configure:5677: checking the maximum length of command line arguments
configure:5808: result: 1572864
configure:5856: checking how to convert x86_64-pc-linux-gnu file names to x86_64-pc-linux-gnu format
configure:5896: result: func_convert_file_noop
configure:5903: checking how to convert x86_64-pc-linux-gnu file names to toolchain format
configure:5923: result: func_convert_file_noop
configure:5930: checking for /usr/bin/ld option to reload object files
configure:5937: result: -r
configure:6011: checking for objdump
configure:6027: found /usr/bin/objdump
configure:6038: result: objdump
configure:6070: checking how to recognize dependent libraries
configure:6270: result: pass_all
configure:6355: checking for dlltool
configure:6385: result: no
configure:6415: checking how to associate runtime and link libraries
configure:6442: result: print -r --
configure:6502: checking for ar
configure:6518: found /usr/bin/ar
configure:6529: result: ar
configure:6566: checking for archiver @FILE support
configure:6583: gcc -c -Wl,-rpath,/home/cc/ee147/fl21/class/ee147-aaf/software/python/1/lib:/home/cc/ee147/fl21/class/ee147-aaf/software/python/1/lib64 -I/home/cc/ee147/fl21/class/ee147-aaf/software/python/1/include -Wl,-rpath,/home/cc/ee147/fl21/class/ee147-aaf/software/python/1/lib:/home/cc/ee147/fl21/class/ee147-aaf/software/python/1/lib64 -I/home/cc/ee147/fl21/class/ee147-aaf/software/python/1/include conftest.c >&5
configure:6583: $? = 0
configure:6586: ar cru libconftest.a @conftest.lst >&5
configure:6589: $? = 0
configure:6594: ar cru libconftest.a @conftest.lst >&5
ar: conftest.o: No such file or directory
configure:6597: $? = 1
configure:6609: result: @
configure:6667: checking for strip
configure:6683: found /usr/bin/strip
configure:6694: result: strip
configure:6766: checking for ranlib
configure:6782: found /usr/bin/ranlib
configure:6793: result: ranlib
configure:6895: checking command to parse /usr/bin/nm -B output from gcc object
configure:7048: gcc -c -Wl,-rpath,/home/cc/ee147/fl21/class/ee147-aaf/software/python/1/lib:/home/cc/ee147/fl21/class/ee147-aaf/software/python/1/lib64 -I/home/cc/ee147/fl21/class/ee147-aaf/software/python/1/include -Wl,-rpath,/home/cc/ee147/fl21/class/ee147-aaf/software/python/1/lib:/home/cc/ee147/fl21/class/ee147-aaf/software/python/1/lib64 -I/home/cc/ee147/fl21/class/ee147-aaf/software/python/1/include conftest.c >&5
configure:7051: $? = 0
configure:7055: /usr/bin/nm -B conftest.o \| sed -n -e 's/^.*[ ]\([ABCDGIRSTW][ABCDGIRSTW]*\)[ ][ ]*\([_A-Za-z][_A-Za-z0-9]*\)$/\1 \2 \2/p' | sed '/ __gnu_lto/d' \> conftest.nm
configure:7058: $? = 0
configure:7124: gcc -o conftest -Wl,-rpath,/home/cc/ee147/fl21/class/ee147-aaf/software/python/1/lib:/home/cc/ee147/fl21/class/ee147-aaf/software/python/1/lib64 -I/home/cc/ee147/fl21/class/ee147-aaf/software/python/1/include -Wl,-rpath,/home/cc/ee147/fl21/class/ee147-aaf/software/python/1/lib:/home/cc/ee147/fl21/class/ee147-aaf/software/python/1/lib64 -I/home/cc/ee147/fl21/class/ee147-aaf/software/python/1/include -Wl,-rpath,/home/cc/ee147/fl21/class/ee147-aaf/software/python/1/lib:/home/cc/ee147/fl21/class/ee147-aaf/software/python/1/lib64 -L/home/cc/ee147/fl21/class/ee147-aaf/software/python/1/lib:/home/cc/ee147/fl21/class/ee147-aaf/software/python/1/lib64 conftest.c conftstm.o >&5
configure:7127: $? = 0
configure:7165: result: ok
configure:7212: checking for sysroot
configure:7242: result: no
configure:7249: checking for a working dd
configure:7287: result: /usr/bin/dd
configure:7291: checking how to truncate binary pipes
configure:7306: result: /usr/bin/dd bs=4096 count=1
configure:7442: gcc -c -Wl,-rpath,/home/cc/ee147/fl21/class/ee147-aaf/software/python/1/lib:/home/cc/ee147/fl21/class/ee147-aaf/software/python/1/lib64 -I/home/cc/ee147/fl21/class/ee147-aaf/software/python/1/include -Wl,-rpath,/home/cc/ee147/fl21/class/ee147-aaf/software/python/1/lib:/home/cc/ee147/fl21/class/ee147-aaf/software/python/1/lib64 -I/home/cc/ee147/fl21/class/ee147-aaf/software/python/1/include conftest.c >&5
configure:7445: $? = 0
configure:7635: checking for mt
configure:7665: result: no
configure:7685: checking if : is a manifest tool
configure:7691: : '-?'
configure:7699: result: no
configure:8376: checking how to run the C preprocessor
configure:8407: gcc -E -Wl,-rpath,/home/cc/ee147/fl21/class/ee147-aaf/software/python/1/lib:/home/cc/ee147/fl21/class/ee147-aaf/software/python/1/lib64 -I/home/cc/ee147/fl21/class/ee147-aaf/software/python/1/include conftest.c
configure:8407: $? = 0
configure:8421: gcc -E -Wl,-rpath,/home/cc/ee147/fl21/class/ee147-aaf/software/python/1/lib:/home/cc/ee147/fl21/class/ee147-aaf/software/python/1/lib64 -I/home/cc/ee147/fl21/class/ee147-aaf/software/python/1/include conftest.c
conftest.c:11:28: fatal error: ac_nonexistent.h: No such file or directory
 #include <ac_nonexistent.h>
                            ^
compilation terminated.
configure:8421: $? = 1
configure: failed program was:
| /* confdefs.h */
| #define PACKAGE_NAME "sqlite"
| #define PACKAGE_TARNAME "sqlite"
| #define PACKAGE_VERSION "3.28.0"
| #define PACKAGE_STRING "sqlite 3.28.0"
| #define PACKAGE_BUGREPORT "http://www.sqlite.org"
| #define PACKAGE_URL ""
| #define PACKAGE "sqlite"
| #define VERSION "3.28.0"
| /* end confdefs.h.  */
| #include <ac_nonexistent.h>
configure:8446: result: gcc -E
configure:8466: gcc -E -Wl,-rpath,/home/cc/ee147/fl21/class/ee147-aaf/software/python/1/lib:/home/cc/ee147/fl21/class/ee147-aaf/software/python/1/lib64 -I/home/cc/ee147/fl21/class/ee147-aaf/software/python/1/include conftest.c
configure:8466: $? = 0
configure:8480: gcc -E -Wl,-rpath,/home/cc/ee147/fl21/class/ee147-aaf/software/python/1/lib:/home/cc/ee147/fl21/class/ee147-aaf/software/python/1/lib64 -I/home/cc/ee147/fl21/class/ee147-aaf/software/python/1/include conftest.c
conftest.c:11:28: fatal error: ac_nonexistent.h: No such file or directory
 #include <ac_nonexistent.h>
                            ^
compilation terminated.
configure:8480: $? = 1
configure: failed program was:
| /* confdefs.h */
| #define PACKAGE_NAME "sqlite"
| #define PACKAGE_TARNAME "sqlite"
| #define PACKAGE_VERSION "3.28.0"
| #define PACKAGE_STRING "sqlite 3.28.0"
| #define PACKAGE_BUGREPORT "http://www.sqlite.org"
| #define PACKAGE_URL ""
| #define PACKAGE "sqlite"
| #define VERSION "3.28.0"
| /* end confdefs.h.  */
| #include <ac_nonexistent.h>
configure:8509: checking for ANSI C header files
configure:8529: gcc -c -Wl,-rpath,/home/cc/ee147/fl21/class/ee147-aaf/software/python/1/lib:/home/cc/ee147/fl21/class/ee147-aaf/software/python/1/lib64 -I/home/cc/ee147/fl21/class/ee147-aaf/software/python/1/include -Wl,-rpath,/home/cc/ee147/fl21/class/ee147-aaf/software/python/1/lib:/home/cc/ee147/fl21/class/ee147-aaf/software/python/1/lib64 -I/home/cc/ee147/fl21/class/ee147-aaf/software/python/1/include conftest.c >&5
configure:8529: $? = 0
configure:8602: gcc -o conftest -Wl,-rpath,/home/cc/ee147/fl21/class/ee147-aaf/software/python/1/lib:/home/cc/ee147/fl21/class/ee147-aaf/software/python/1/lib64 -I/home/cc/ee147/fl21/class/ee147-aaf/software/python/1/include -Wl,-rpath,/home/cc/ee147/fl21/class/ee147-aaf/software/python/1/lib:/home/cc/ee147/fl21/class/ee147-aaf/software/python/1/lib64 -I/home/cc/ee147/fl21/class/ee147-aaf/software/python/1/include -Wl,-rpath,/home/cc/ee147/fl21/class/ee147-aaf/software/python/1/lib:/home/cc/ee147/fl21/class/ee147-aaf/software/python/1/lib64 -L/home/cc/ee147/fl21/class/ee147-aaf/software/python/1/lib:/home/cc/ee147/fl21/class/ee147-aaf/software/python/1/lib64 conftest.c  >&5
configure:8602: $? = 0
configure:8602: ./conftest
configure:8602: $? = 0
configure:8613: result: yes
configure:8626: checking for sys/types.h
configure:8626: gcc -c -Wl,-rpath,/home/cc/ee147/fl21/class/ee147-aaf/software/python/1/lib:/home/cc/ee147/fl21/class/ee147-aaf/software/python/1/lib64 -I/home/cc/ee147/fl21/class/ee147-aaf/software/python/1/include -Wl,-rpath,/home/cc/ee147/fl21/class/ee147-aaf/software/python/1/lib:/home/cc/ee147/fl21/class/ee147-aaf/software/python/1/lib64 -I/home/cc/ee147/fl21/class/ee147-aaf/software/python/1/include conftest.c >&5
configure:8626: $? = 0
configure:8626: result: yes
configure:8626: checking for sys/stat.h
configure:8626: gcc -c -Wl,-rpath,/home/cc/ee147/fl21/class/ee147-aaf/software/python/1/lib:/home/cc/ee147/fl21/class/ee147-aaf/software/python/1/lib64 -I/home/cc/ee147/fl21/class/ee147-aaf/software/python/1/include -Wl,-rpath,/home/cc/ee147/fl21/class/ee147-aaf/software/python/1/lib:/home/cc/ee147/fl21/class/ee147-aaf/software/python/1/lib64 -I/home/cc/ee147/fl21/class/ee147-aaf/software/python/1/include conftest.c >&5
configure:8626: $? = 0
configure:8626: result: yes
configure:8626: checking for stdlib.h
configure:8626: gcc -c -Wl,-rpath,/home/cc/ee147/fl21/class/ee147-aaf/software/python/1/lib:/home/cc/ee147/fl21/class/ee147-aaf/software/python/1/lib64 -I/home/cc/ee147/fl21/class/ee147-aaf/software/python/1/include -Wl,-rpath,/home/cc/ee147/fl21/class/ee147-aaf/software/python/1/lib:/home/cc/ee147/fl21/class/ee147-aaf/software/python/1/lib64 -I/home/cc/ee147/fl21/class/ee147-aaf/software/python/1/include conftest.c >&5
configure:8626: $? = 0
configure:8626: result: yes
configure:8626: checking for string.h
configure:8626: gcc -c -Wl,-rpath,/home/cc/ee147/fl21/class/ee147-aaf/software/python/1/lib:/home/cc/ee147/fl21/class/ee147-aaf/software/python/1/lib64 -I/home/cc/ee147/fl21/class/ee147-aaf/software/python/1/include -Wl,-rpath,/home/cc/ee147/fl21/class/ee147-aaf/software/python/1/lib:/home/cc/ee147/fl21/class/ee147-aaf/software/python/1/lib64 -I/home/cc/ee147/fl21/class/ee147-aaf/software/python/1/include conftest.c >&5
configure:8626: $? = 0
configure:8626: result: yes
configure:8626: checking for memory.h
configure:8626: gcc -c -Wl,-rpath,/home/cc/ee147/fl21/class/ee147-aaf/software/python/1/lib:/home/cc/ee147/fl21/class/ee147-aaf/software/python/1/lib64 -I/home/cc/ee147/fl21/class/ee147-aaf/software/python/1/include -Wl,-rpath,/home/cc/ee147/fl21/class/ee147-aaf/software/python/1/lib:/home/cc/ee147/fl21/class/ee147-aaf/software/python/1/lib64 -I/home/cc/ee147/fl21/class/ee147-aaf/software/python/1/include conftest.c >&5
configure:8626: $? = 0
configure:8626: result: yes
configure:8626: checking for strings.h
configure:8626: gcc -c -Wl,-rpath,/home/cc/ee147/fl21/class/ee147-aaf/software/python/1/lib:/home/cc/ee147/fl21/class/ee147-aaf/software/python/1/lib64 -I/home/cc/ee147/fl21/class/ee147-aaf/software/python/1/include -Wl,-rpath,/home/cc/ee147/fl21/class/ee147-aaf/software/python/1/lib:/home/cc/ee147/fl21/class/ee147-aaf/software/python/1/lib64 -I/home/cc/ee147/fl21/class/ee147-aaf/software/python/1/include conftest.c >&5
configure:8626: $? = 0
configure:8626: result: yes
configure:8626: checking for inttypes.h
configure:8626: gcc -c -Wl,-rpath,/home/cc/ee147/fl21/class/ee147-aaf/software/python/1/lib:/home/cc/ee147/fl21/class/ee147-aaf/software/python/1/lib64 -I/home/cc/ee147/fl21/class/ee147-aaf/software/python/1/include -Wl,-rpath,/home/cc/ee147/fl21/class/ee147-aaf/software/python/1/lib:/home/cc/ee147/fl21/class/ee147-aaf/software/python/1/lib64 -I/home/cc/ee147/fl21/class/ee147-aaf/software/python/1/include conftest.c >&5
configure:8626: $? = 0
configure:8626: result: yes
configure:8626: checking for stdint.h
configure:8626: gcc -c -Wl,-rpath,/home/cc/ee147/fl21/class/ee147-aaf/software/python/1/lib:/home/cc/ee147/fl21/class/ee147-aaf/software/python/1/lib64 -I/home/cc/ee147/fl21/class/ee147-aaf/software/python/1/include -Wl,-rpath,/home/cc/ee147/fl21/class/ee147-aaf/software/python/1/lib:/home/cc/ee147/fl21/class/ee147-aaf/software/python/1/lib64 -I/home/cc/ee147/fl21/class/ee147-aaf/software/python/1/include conftest.c >&5
configure:8626: $? = 0
configure:8626: result: yes
configure:8626: checking for unistd.h
configure:8626: gcc -c -Wl,-rpath,/home/cc/ee147/fl21/class/ee147-aaf/software/python/1/lib:/home/cc/ee147/fl21/class/ee147-aaf/software/python/1/lib64 -I/home/cc/ee147/fl21/class/ee147-aaf/software/python/1/include -Wl,-rpath,/home/cc/ee147/fl21/class/ee147-aaf/software/python/1/lib:/home/cc/ee147/fl21/class/ee147-aaf/software/python/1/lib64 -I/home/cc/ee147/fl21/class/ee147-aaf/software/python/1/include conftest.c >&5
configure:8626: $? = 0
configure:8626: result: yes
configure:8640: checking for dlfcn.h
configure:8640: gcc -c -Wl,-rpath,/home/cc/ee147/fl21/class/ee147-aaf/software/python/1/lib:/home/cc/ee147/fl21/class/ee147-aaf/software/python/1/lib64 -I/home/cc/ee147/fl21/class/ee147-aaf/software/python/1/include -Wl,-rpath,/home/cc/ee147/fl21/class/ee147-aaf/software/python/1/lib:/home/cc/ee147/fl21/class/ee147-aaf/software/python/1/lib64 -I/home/cc/ee147/fl21/class/ee147-aaf/software/python/1/include conftest.c >&5
configure:8640: $? = 0
configure:8640: result: yes
configure:8896: checking for objdir
configure:8911: result: .libs
configure:9171: checking if gcc supports -fno-rtti -fno-exceptions
configure:9189: gcc -c -Wl,-rpath,/home/cc/ee147/fl21/class/ee147-aaf/software/python/1/lib:/home/cc/ee147/fl21/class/ee147-aaf/software/python/1/lib64 -I/home/cc/ee147/fl21/class/ee147-aaf/software/python/1/include -Wl,-rpath,/home/cc/ee147/fl21/class/ee147-aaf/software/python/1/lib:/home/cc/ee147/fl21/class/ee147-aaf/software/python/1/lib64 -I/home/cc/ee147/fl21/class/ee147-aaf/software/python/1/include -fno-rtti -fno-exceptions conftest.c >&5
cc1: warning: command line option '-fno-rtti' is valid for C++/ObjC++ but not for C [enabled by default]
configure:9193: $? = 0
configure:9206: result: no
configure:9564: checking for gcc option to produce PIC
configure:9571: result: -fPIC -DPIC
configure:9579: checking if gcc PIC flag -fPIC -DPIC works
configure:9597: gcc -c -Wl,-rpath,/home/cc/ee147/fl21/class/ee147-aaf/software/python/1/lib:/home/cc/ee147/fl21/class/ee147-aaf/software/python/1/lib64 -I/home/cc/ee147/fl21/class/ee147-aaf/software/python/1/include -Wl,-rpath,/home/cc/ee147/fl21/class/ee147-aaf/software/python/1/lib:/home/cc/ee147/fl21/class/ee147-aaf/software/python/1/lib64 -I/home/cc/ee147/fl21/class/ee147-aaf/software/python/1/include -fPIC -DPIC -DPIC conftest.c >&5
configure:9601: $? = 0
configure:9614: result: yes
configure:9643: checking if gcc static flag -static works
configure:9671: result: no
configure:9686: checking if gcc supports -c -o file.o
configure:9707: gcc -c -Wl,-rpath,/home/cc/ee147/fl21/class/ee147-aaf/software/python/1/lib:/home/cc/ee147/fl21/class/ee147-aaf/software/python/1/lib64 -I/home/cc/ee147/fl21/class/ee147-aaf/software/python/1/include -Wl,-rpath,/home/cc/ee147/fl21/class/ee147-aaf/software/python/1/lib:/home/cc/ee147/fl21/class/ee147-aaf/software/python/1/lib64 -I/home/cc/ee147/fl21/class/ee147-aaf/software/python/1/include -o out/conftest2.o conftest.c >&5
configure:9711: $? = 0
configure:9733: result: yes
configure:9741: checking if gcc supports -c -o file.o
configure:9788: result: yes
configure:9821: checking whether the gcc linker (/usr/bin/ld -m elf_x86_64) supports shared libraries
configure:11084: result: yes
configure:11121: checking whether -lc should be explicitly linked in
configure:11129: gcc -c -Wl,-rpath,/home/cc/ee147/fl21/class/ee147-aaf/software/python/1/lib:/home/cc/ee147/fl21/class/ee147-aaf/software/python/1/lib64 -I/home/cc/ee147/fl21/class/ee147-aaf/software/python/1/include -Wl,-rpath,/home/cc/ee147/fl21/class/ee147-aaf/software/python/1/lib:/home/cc/ee147/fl21/class/ee147-aaf/software/python/1/lib64 -I/home/cc/ee147/fl21/class/ee147-aaf/software/python/1/include conftest.c >&5
configure:11132: $? = 0
configure:11147: gcc -shared  -fPIC -DPIC conftest.o  -v -Wl,-soname -Wl,conftest -o conftest 2\>\&1 \| /usr/bin/grep  -lc  \>/dev/null 2\>\&1
configure:11150: $? = 0
configure:11164: result: no
configure:11324: checking dynamic linker characteristics
configure:11905: gcc -o conftest -Wl,-rpath,/home/cc/ee147/fl21/class/ee147-aaf/software/python/1/lib:/home/cc/ee147/fl21/class/ee147-aaf/software/python/1/lib64 -I/home/cc/ee147/fl21/class/ee147-aaf/software/python/1/include -Wl,-rpath,/home/cc/ee147/fl21/class/ee147-aaf/software/python/1/lib:/home/cc/ee147/fl21/class/ee147-aaf/software/python/1/lib64 -I/home/cc/ee147/fl21/class/ee147-aaf/software/python/1/include -Wl,-rpath,/home/cc/ee147/fl21/class/ee147-aaf/software/python/1/lib:/home/cc/ee147/fl21/class/ee147-aaf/software/python/1/lib64 -L/home/cc/ee147/fl21/class/ee147-aaf/software/python/1/lib:/home/cc/ee147/fl21/class/ee147-aaf/software/python/1/lib64 -Wl,-rpath -Wl,/foo conftest.c  >&5
configure:11905: $? = 0
configure:12154: result: GNU/Linux ld.so
configure:12276: checking how to hardcode library paths into programs
configure:12301: result: immediate
configure:12849: checking whether stripping libraries is possible
configure:12854: result: yes
configure:12889: checking if libtool supports shared libraries
configure:12891: result: yes
configure:12894: checking whether to build shared libraries
configure:12919: result: yes
configure:12922: checking whether to build static libraries
configure:12926: result: yes
configure:12969: checking for fdatasync
configure:12969: gcc -o conftest -Wl,-rpath,/home/cc/ee147/fl21/class/ee147-aaf/software/python/1/lib:/home/cc/ee147/fl21/class/ee147-aaf/software/python/1/lib64 -I/home/cc/ee147/fl21/class/ee147-aaf/software/python/1/include -Wl,-rpath,/home/cc/ee147/fl21/class/ee147-aaf/software/python/1/lib:/home/cc/ee147/fl21/class/ee147-aaf/software/python/1/lib64 -I/home/cc/ee147/fl21/class/ee147-aaf/software/python/1/include -Wl,-rpath,/home/cc/ee147/fl21/class/ee147-aaf/software/python/1/lib:/home/cc/ee147/fl21/class/ee147-aaf/software/python/1/lib64 -L/home/cc/ee147/fl21/class/ee147-aaf/software/python/1/lib:/home/cc/ee147/fl21/class/ee147-aaf/software/python/1/lib64 conftest.c  >&5
configure:12969: $? = 0
configure:12969: result: yes
configure:12969: checking for usleep
configure:12969: gcc -o conftest -Wl,-rpath,/home/cc/ee147/fl21/class/ee147-aaf/software/python/1/lib:/home/cc/ee147/fl21/class/ee147-aaf/software/python/1/lib64 -I/home/cc/ee147/fl21/class/ee147-aaf/software/python/1/include -Wl,-rpath,/home/cc/ee147/fl21/class/ee147-aaf/software/python/1/lib:/home/cc/ee147/fl21/class/ee147-aaf/software/python/1/lib64 -I/home/cc/ee147/fl21/class/ee147-aaf/software/python/1/include -Wl,-rpath,/home/cc/ee147/fl21/class/ee147-aaf/software/python/1/lib:/home/cc/ee147/fl21/class/ee147-aaf/software/python/1/lib64 -L/home/cc/ee147/fl21/class/ee147-aaf/software/python/1/lib:/home/cc/ee147/fl21/class/ee147-aaf/software/python/1/lib64 conftest.c  >&5
configure:12969: $? = 0
configure:12969: result: yes
configure:12969: checking for fullfsync
configure:12969: gcc -o conftest -Wl,-rpath,/home/cc/ee147/fl21/class/ee147-aaf/software/python/1/lib:/home/cc/ee147/fl21/class/ee147-aaf/software/python/1/lib64 -I/home/cc/ee147/fl21/class/ee147-aaf/software/python/1/include -Wl,-rpath,/home/cc/ee147/fl21/class/ee147-aaf/software/python/1/lib:/home/cc/ee147/fl21/class/ee147-aaf/software/python/1/lib64 -I/home/cc/ee147/fl21/class/ee147-aaf/software/python/1/include -Wl,-rpath,/home/cc/ee147/fl21/class/ee147-aaf/software/python/1/lib:/home/cc/ee147/fl21/class/ee147-aaf/software/python/1/lib64 -L/home/cc/ee147/fl21/class/ee147-aaf/software/python/1/lib:/home/cc/ee147/fl21/class/ee147-aaf/software/python/1/lib64 conftest.c  >&5
/tmp/ccK07n3B.o: In function `main':
conftest.c:(.text+0xa): undefined reference to `fullfsync'
collect2: error: ld returned 1 exit status
configure:12969: $? = 1
configure: failed program was:
| /* confdefs.h */
| #define PACKAGE_NAME "sqlite"
| #define PACKAGE_TARNAME "sqlite"
| #define PACKAGE_VERSION "3.28.0"
| #define PACKAGE_STRING "sqlite 3.28.0"
| #define PACKAGE_BUGREPORT "http://www.sqlite.org"
| #define PACKAGE_URL ""
| #define PACKAGE "sqlite"
| #define VERSION "3.28.0"
| #define STDC_HEADERS 1
| #define HAVE_SYS_TYPES_H 1
| #define HAVE_SYS_STAT_H 1
| #define HAVE_STDLIB_H 1
| #define HAVE_STRING_H 1
| #define HAVE_MEMORY_H 1
| #define HAVE_STRINGS_H 1
| #define HAVE_INTTYPES_H 1
| #define HAVE_STDINT_H 1
| #define HAVE_UNISTD_H 1
| #define HAVE_DLFCN_H 1
| #define LT_OBJDIR ".libs/"
| #define HAVE_FDATASYNC 1
| #define HAVE_USLEEP 1
| /* end confdefs.h.  */
| /* Define fullfsync to an innocuous variant, in case <limits.h> declares fullfsync.
|    For example, HP-UX 11i <limits.h> declares gettimeofday.  */
| #define fullfsync innocuous_fullfsync
| 
| /* System header to define __stub macros and hopefully few prototypes,
|     which can conflict with char fullfsync (); below.
|     Prefer <limits.h> to <assert.h> if __STDC__ is defined, since
|     <limits.h> exists even on freestanding compilers.  */
| 
| #ifdef __STDC__
| # include <limits.h>
| #else
| # include <assert.h>
| #endif
| 
| #undef fullfsync
| 
| /* Override any GCC internal prototype to avoid an error.
|    Use char because int might match the return type of a GCC
|    builtin and then its argument prototype would still apply.  */
| #ifdef __cplusplus
| extern "C"
| #endif
| char fullfsync ();
| /* The GNU C library defines this for functions which it implements
|     to always fail with ENOSYS.  Some functions are actually named
|     something starting with __ and the normal name is an alias.  */
| #if defined __stub_fullfsync || defined __stub___fullfsync
| choke me
| #endif
| 
| int
| main ()
| {
| return fullfsync ();
|   ;
|   return 0;
| }
configure:12969: result: no
configure:12969: checking for localtime_r
configure:12969: gcc -o conftest -Wl,-rpath,/home/cc/ee147/fl21/class/ee147-aaf/software/python/1/lib:/home/cc/ee147/fl21/class/ee147-aaf/software/python/1/lib64 -I/home/cc/ee147/fl21/class/ee147-aaf/software/python/1/include -Wl,-rpath,/home/cc/ee147/fl21/class/ee147-aaf/software/python/1/lib:/home/cc/ee147/fl21/class/ee147-aaf/software/python/1/lib64 -I/home/cc/ee147/fl21/class/ee147-aaf/software/python/1/include -Wl,-rpath,/home/cc/ee147/fl21/class/ee147-aaf/software/python/1/lib:/home/cc/ee147/fl21/class/ee147-aaf/software/python/1/lib64 -L/home/cc/ee147/fl21/class/ee147-aaf/software/python/1/lib:/home/cc/ee147/fl21/class/ee147-aaf/software/python/1/lib64 conftest.c  >&5
configure:12969: $? = 0
configure:12969: result: yes
configure:12969: checking for gmtime_r
configure:12969: gcc -o conftest -Wl,-rpath,/home/cc/ee147/fl21/class/ee147-aaf/software/python/1/lib:/home/cc/ee147/fl21/class/ee147-aaf/software/python/1/lib64 -I/home/cc/ee147/fl21/class/ee147-aaf/software/python/1/include -Wl,-rpath,/home/cc/ee147/fl21/class/ee147-aaf/software/python/1/lib:/home/cc/ee147/fl21/class/ee147-aaf/software/python/1/lib64 -I/home/cc/ee147/fl21/class/ee147-aaf/software/python/1/include -Wl,-rpath,/home/cc/ee147/fl21/class/ee147-aaf/software/python/1/lib:/home/cc/ee147/fl21/class/ee147-aaf/software/python/1/lib64 -L/home/cc/ee147/fl21/class/ee147-aaf/software/python/1/lib:/home/cc/ee147/fl21/class/ee147-aaf/software/python/1/lib64 conftest.c  >&5
configure:12969: $? = 0
configure:12969: result: yes
configure:12978: checking whether strerror_r is declared
configure:12978: gcc -c -Wl,-rpath,/home/cc/ee147/fl21/class/ee147-aaf/software/python/1/lib:/home/cc/ee147/fl21/class/ee147-aaf/software/python/1/lib64 -I/home/cc/ee147/fl21/class/ee147-aaf/software/python/1/include -Wl,-rpath,/home/cc/ee147/fl21/class/ee147-aaf/software/python/1/lib:/home/cc/ee147/fl21/class/ee147-aaf/software/python/1/lib64 -I/home/cc/ee147/fl21/class/ee147-aaf/software/python/1/include conftest.c >&5
configure:12978: $? = 0
configure:12978: result: yes
configure:12991: checking for strerror_r
configure:12991: gcc -o conftest -Wl,-rpath,/home/cc/ee147/fl21/class/ee147-aaf/software/python/1/lib:/home/cc/ee147/fl21/class/ee147-aaf/software/python/1/lib64 -I/home/cc/ee147/fl21/class/ee147-aaf/software/python/1/include -Wl,-rpath,/home/cc/ee147/fl21/class/ee147-aaf/software/python/1/lib:/home/cc/ee147/fl21/class/ee147-aaf/software/python/1/lib64 -I/home/cc/ee147/fl21/class/ee147-aaf/software/python/1/include -Wl,-rpath,/home/cc/ee147/fl21/class/ee147-aaf/software/python/1/lib:/home/cc/ee147/fl21/class/ee147-aaf/software/python/1/lib64 -L/home/cc/ee147/fl21/class/ee147-aaf/software/python/1/lib:/home/cc/ee147/fl21/class/ee147-aaf/software/python/1/lib64 conftest.c  >&5
configure:12991: $? = 0
configure:12991: result: yes
configure:13000: checking whether strerror_r returns char *
configure:13024: gcc -c -Wl,-rpath,/home/cc/ee147/fl21/class/ee147-aaf/software/python/1/lib:/home/cc/ee147/fl21/class/ee147-aaf/software/python/1/lib64 -I/home/cc/ee147/fl21/class/ee147-aaf/software/python/1/include -Wl,-rpath,/home/cc/ee147/fl21/class/ee147-aaf/software/python/1/lib:/home/cc/ee147/fl21/class/ee147-aaf/software/python/1/lib64 -I/home/cc/ee147/fl21/class/ee147-aaf/software/python/1/include conftest.c >&5
conftest.c: In function 'main':
conftest.c:67:13: error: invalid type argument of unary '*' (have 'int')
    char x = *strerror_r (0, buf, sizeof buf);
             ^
conftest.c:68:14: warning: initialization makes pointer from integer without a cast [enabled by default]
    char *p = strerror_r (0, buf, sizeof buf);
              ^
configure:13024: $? = 1
configure: failed program was:
| /* confdefs.h */
| #define PACKAGE_NAME "sqlite"
| #define PACKAGE_TARNAME "sqlite"
| #define PACKAGE_VERSION "3.28.0"
| #define PACKAGE_STRING "sqlite 3.28.0"
| #define PACKAGE_BUGREPORT "http://www.sqlite.org"
| #define PACKAGE_URL ""
| #define PACKAGE "sqlite"
| #define VERSION "3.28.0"
| #define STDC_HEADERS 1
| #define HAVE_SYS_TYPES_H 1
| #define HAVE_SYS_STAT_H 1
| #define HAVE_STDLIB_H 1
| #define HAVE_STRING_H 1
| #define HAVE_MEMORY_H 1
| #define HAVE_STRINGS_H 1
| #define HAVE_INTTYPES_H 1
| #define HAVE_STDINT_H 1
| #define HAVE_UNISTD_H 1
| #define HAVE_DLFCN_H 1
| #define LT_OBJDIR ".libs/"
| #define HAVE_FDATASYNC 1
| #define HAVE_USLEEP 1
| #define HAVE_LOCALTIME_R 1
| #define HAVE_GMTIME_R 1
| #define HAVE_DECL_STRERROR_R 1
| #define HAVE_STRERROR_R 1
| /* end confdefs.h.  */
| #include <stdio.h>
| #ifdef HAVE_SYS_TYPES_H
| # include <sys/types.h>
| #endif
| #ifdef HAVE_SYS_STAT_H
| # include <sys/stat.h>
| #endif
| #ifdef STDC_HEADERS
| # include <stdlib.h>
| # include <stddef.h>
| #else
| # ifdef HAVE_STDLIB_H
| #  include <stdlib.h>
| # endif
| #endif
| #ifdef HAVE_STRING_H
| # if !defined STDC_HEADERS && defined HAVE_MEMORY_H
| #  include <memory.h>
| # endif
| # include <string.h>
| #endif
| #ifdef HAVE_STRINGS_H
| # include <strings.h>
| #endif
| #ifdef HAVE_INTTYPES_H
| # include <inttypes.h>
| #endif
| #ifdef HAVE_STDINT_H
| # include <stdint.h>
| #endif
| #ifdef HAVE_UNISTD_H
| # include <unistd.h>
| #endif
| int
| main ()
| {
| 
| 	  char buf[100];
| 	  char x = *strerror_r (0, buf, sizeof buf);
| 	  char *p = strerror_r (0, buf, sizeof buf);
| 	  return !p || x;
| 
|   ;
|   return 0;
| }
configure:13062: result: no
configure:13107: checking editline/readline.h usability
configure:13107: gcc -c -Wl,-rpath,/home/cc/ee147/fl21/class/ee147-aaf/software/python/1/lib:/home/cc/ee147/fl21/class/ee147-aaf/software/python/1/lib64 -I/home/cc/ee147/fl21/class/ee147-aaf/software/python/1/include -Wl,-rpath,/home/cc/ee147/fl21/class/ee147-aaf/software/python/1/lib:/home/cc/ee147/fl21/class/ee147-aaf/software/python/1/lib64 -I/home/cc/ee147/fl21/class/ee147-aaf/software/python/1/include conftest.c >&5
conftest.c:62:31: fatal error: editline/readline.h: No such file or directory
 #include <editline/readline.h>
                               ^
compilation terminated.
configure:13107: $? = 1
configure: failed program was:
| /* confdefs.h */
| #define PACKAGE_NAME "sqlite"
| #define PACKAGE_TARNAME "sqlite"
| #define PACKAGE_VERSION "3.28.0"
| #define PACKAGE_STRING "sqlite 3.28.0"
| #define PACKAGE_BUGREPORT "http://www.sqlite.org"
| #define PACKAGE_URL ""
| #define PACKAGE "sqlite"
| #define VERSION "3.28.0"
| #define STDC_HEADERS 1
| #define HAVE_SYS_TYPES_H 1
| #define HAVE_SYS_STAT_H 1
| #define HAVE_STDLIB_H 1
| #define HAVE_STRING_H 1
| #define HAVE_MEMORY_H 1
| #define HAVE_STRINGS_H 1
| #define HAVE_INTTYPES_H 1
| #define HAVE_STDINT_H 1
| #define HAVE_UNISTD_H 1
| #define HAVE_DLFCN_H 1
| #define LT_OBJDIR ".libs/"
| #define HAVE_FDATASYNC 1
| #define HAVE_USLEEP 1
| #define HAVE_LOCALTIME_R 1
| #define HAVE_GMTIME_R 1
| #define HAVE_DECL_STRERROR_R 1
| #define HAVE_STRERROR_R 1
| /* end confdefs.h.  */
| #include <stdio.h>
| #ifdef HAVE_SYS_TYPES_H
| # include <sys/types.h>
| #endif
| #ifdef HAVE_SYS_STAT_H
| # include <sys/stat.h>
| #endif
| #ifdef STDC_HEADERS
| # include <stdlib.h>
| # include <stddef.h>
| #else
| # ifdef HAVE_STDLIB_H
| #  include <stdlib.h>
| # endif
| #endif
| #ifdef HAVE_STRING_H
| # if !defined STDC_HEADERS && defined HAVE_MEMORY_H
| #  include <memory.h>
| # endif
| # include <string.h>
| #endif
| #ifdef HAVE_STRINGS_H
| # include <strings.h>
| #endif
| #ifdef HAVE_INTTYPES_H
| # include <inttypes.h>
| #endif
| #ifdef HAVE_STDINT_H
| # include <stdint.h>
| #endif
| #ifdef HAVE_UNISTD_H
| # include <unistd.h>
| #endif
| #include <editline/readline.h>
configure:13107: result: no
configure:13107: checking editline/readline.h presence
configure:13107: gcc -E -Wl,-rpath,/home/cc/ee147/fl21/class/ee147-aaf/software/python/1/lib:/home/cc/ee147/fl21/class/ee147-aaf/software/python/1/lib64 -I/home/cc/ee147/fl21/class/ee147-aaf/software/python/1/include conftest.c
conftest.c:29:31: fatal error: editline/readline.h: No such file or directory
 #include <editline/readline.h>
                               ^
compilation terminated.
configure:13107: $? = 1
configure: failed program was:
| /* confdefs.h */
| #define PACKAGE_NAME "sqlite"
| #define PACKAGE_TARNAME "sqlite"
| #define PACKAGE_VERSION "3.28.0"
| #define PACKAGE_STRING "sqlite 3.28.0"
| #define PACKAGE_BUGREPORT "http://www.sqlite.org"
| #define PACKAGE_URL ""
| #define PACKAGE "sqlite"
| #define VERSION "3.28.0"
| #define STDC_HEADERS 1
| #define HAVE_SYS_TYPES_H 1
| #define HAVE_SYS_STAT_H 1
| #define HAVE_STDLIB_H 1
| #define HAVE_STRING_H 1
| #define HAVE_MEMORY_H 1
| #define HAVE_STRINGS_H 1
| #define HAVE_INTTYPES_H 1
| #define HAVE_STDINT_H 1
| #define HAVE_UNISTD_H 1
| #define HAVE_DLFCN_H 1
| #define LT_OBJDIR ".libs/"
| #define HAVE_FDATASYNC 1
| #define HAVE_USLEEP 1
| #define HAVE_LOCALTIME_R 1
| #define HAVE_GMTIME_R 1
| #define HAVE_DECL_STRERROR_R 1
| #define HAVE_STRERROR_R 1
| /* end confdefs.h.  */
| #include <editline/readline.h>
configure:13107: result: no
configure:13107: checking for editline/readline.h
configure:13107: result: no
configure:13191: checking readline/readline.h usability
configure:13191: gcc -c -Wl,-rpath,/home/cc/ee147/fl21/class/ee147-aaf/software/python/1/lib:/home/cc/ee147/fl21/class/ee147-aaf/software/python/1/lib64 -I/home/cc/ee147/fl21/class/ee147-aaf/software/python/1/include -Wl,-rpath,/home/cc/ee147/fl21/class/ee147-aaf/software/python/1/lib:/home/cc/ee147/fl21/class/ee147-aaf/software/python/1/lib64 -I/home/cc/ee147/fl21/class/ee147-aaf/software/python/1/include conftest.c >&5
configure:13191: $? = 0
configure:13191: result: yes
configure:13191: checking readline/readline.h presence
configure:13191: gcc -E -Wl,-rpath,/home/cc/ee147/fl21/class/ee147-aaf/software/python/1/lib:/home/cc/ee147/fl21/class/ee147-aaf/software/python/1/lib64 -I/home/cc/ee147/fl21/class/ee147-aaf/software/python/1/include conftest.c
configure:13191: $? = 0
configure:13191: result: yes
configure:13191: checking for readline/readline.h
configure:13191: result: yes
configure:13199: checking for library containing tgetent
configure:13230: gcc -o conftest -Wl,-rpath,/home/cc/ee147/fl21/class/ee147-aaf/software/python/1/lib:/home/cc/ee147/fl21/class/ee147-aaf/software/python/1/lib64 -I/home/cc/ee147/fl21/class/ee147-aaf/software/python/1/include -Wl,-rpath,/home/cc/ee147/fl21/class/ee147-aaf/software/python/1/lib:/home/cc/ee147/fl21/class/ee147-aaf/software/python/1/lib64 -I/home/cc/ee147/fl21/class/ee147-aaf/software/python/1/include -Wl,-rpath,/home/cc/ee147/fl21/class/ee147-aaf/software/python/1/lib:/home/cc/ee147/fl21/class/ee147-aaf/software/python/1/lib64 -L/home/cc/ee147/fl21/class/ee147-aaf/software/python/1/lib:/home/cc/ee147/fl21/class/ee147-aaf/software/python/1/lib64 conftest.c  >&5
/tmp/ccz9ushv.o: In function `main':
conftest.c:(.text+0xa): undefined reference to `tgetent'
collect2: error: ld returned 1 exit status
configure:13230: $? = 1
configure: failed program was:
| /* confdefs.h */
| #define PACKAGE_NAME "sqlite"
| #define PACKAGE_TARNAME "sqlite"
| #define PACKAGE_VERSION "3.28.0"
| #define PACKAGE_STRING "sqlite 3.28.0"
| #define PACKAGE_BUGREPORT "http://www.sqlite.org"
| #define PACKAGE_URL ""
| #define PACKAGE "sqlite"
| #define VERSION "3.28.0"
| #define STDC_HEADERS 1
| #define HAVE_SYS_TYPES_H 1
| #define HAVE_SYS_STAT_H 1
| #define HAVE_STDLIB_H 1
| #define HAVE_STRING_H 1
| #define HAVE_MEMORY_H 1
| #define HAVE_STRINGS_H 1
| #define HAVE_INTTYPES_H 1
| #define HAVE_STDINT_H 1
| #define HAVE_UNISTD_H 1
| #define HAVE_DLFCN_H 1
| #define LT_OBJDIR ".libs/"
| #define HAVE_FDATASYNC 1
| #define HAVE_USLEEP 1
| #define HAVE_LOCALTIME_R 1
| #define HAVE_GMTIME_R 1
| #define HAVE_DECL_STRERROR_R 1
| #define HAVE_STRERROR_R 1
| #define HAVE_READLINE_READLINE_H 1
| /* end confdefs.h.  */
| 
| /* Override any GCC internal prototype to avoid an error.
|    Use char because int might match the return type of a GCC
|    builtin and then its argument prototype would still apply.  */
| #ifdef __cplusplus
| extern "C"
| #endif
| char tgetent ();
| int
| main ()
| {
| return tgetent ();
|   ;
|   return 0;
| }
configure:13230: gcc -o conftest -Wl,-rpath,/home/cc/ee147/fl21/class/ee147-aaf/software/python/1/lib:/home/cc/ee147/fl21/class/ee147-aaf/software/python/1/lib64 -I/home/cc/ee147/fl21/class/ee147-aaf/software/python/1/include -Wl,-rpath,/home/cc/ee147/fl21/class/ee147-aaf/software/python/1/lib:/home/cc/ee147/fl21/class/ee147-aaf/software/python/1/lib64 -I/home/cc/ee147/fl21/class/ee147-aaf/software/python/1/include -Wl,-rpath,/home/cc/ee147/fl21/class/ee147-aaf/software/python/1/lib:/home/cc/ee147/fl21/class/ee147-aaf/software/python/1/lib64 -L/home/cc/ee147/fl21/class/ee147-aaf/software/python/1/lib:/home/cc/ee147/fl21/class/ee147-aaf/software/python/1/lib64 conftest.c -ltermcap   >&5
configure:13230: $? = 0
configure:13247: result: -ltermcap
configure:13255: checking for library containing readline
configure:13286: gcc -o conftest -Wl,-rpath,/home/cc/ee147/fl21/class/ee147-aaf/software/python/1/lib:/home/cc/ee147/fl21/class/ee147-aaf/software/python/1/lib64 -I/home/cc/ee147/fl21/class/ee147-aaf/software/python/1/include -Wl,-rpath,/home/cc/ee147/fl21/class/ee147-aaf/software/python/1/lib:/home/cc/ee147/fl21/class/ee147-aaf/software/python/1/lib64 -I/home/cc/ee147/fl21/class/ee147-aaf/software/python/1/include -Wl,-rpath,/home/cc/ee147/fl21/class/ee147-aaf/software/python/1/lib:/home/cc/ee147/fl21/class/ee147-aaf/software/python/1/lib64 -L/home/cc/ee147/fl21/class/ee147-aaf/software/python/1/lib:/home/cc/ee147/fl21/class/ee147-aaf/software/python/1/lib64 conftest.c -ltermcap  >&5
/tmp/cc5sOLRH.o: In function `main':
conftest.c:(.text+0xa): undefined reference to `readline'
collect2: error: ld returned 1 exit status
configure:13286: $? = 1
configure: failed program was:
| /* confdefs.h */
| #define PACKAGE_NAME "sqlite"
| #define PACKAGE_TARNAME "sqlite"
| #define PACKAGE_VERSION "3.28.0"
| #define PACKAGE_STRING "sqlite 3.28.0"
| #define PACKAGE_BUGREPORT "http://www.sqlite.org"
| #define PACKAGE_URL ""
| #define PACKAGE "sqlite"
| #define VERSION "3.28.0"
| #define STDC_HEADERS 1
| #define HAVE_SYS_TYPES_H 1
| #define HAVE_SYS_STAT_H 1
| #define HAVE_STDLIB_H 1
| #define HAVE_STRING_H 1
| #define HAVE_MEMORY_H 1
| #define HAVE_STRINGS_H 1
| #define HAVE_INTTYPES_H 1
| #define HAVE_STDINT_H 1
| #define HAVE_UNISTD_H 1
| #define HAVE_DLFCN_H 1
| #define LT_OBJDIR ".libs/"
| #define HAVE_FDATASYNC 1
| #define HAVE_USLEEP 1
| #define HAVE_LOCALTIME_R 1
| #define HAVE_GMTIME_R 1
| #define HAVE_DECL_STRERROR_R 1
| #define HAVE_STRERROR_R 1
| #define HAVE_READLINE_READLINE_H 1
| /* end confdefs.h.  */
| 
| /* Override any GCC internal prototype to avoid an error.
|    Use char because int might match the return type of a GCC
|    builtin and then its argument prototype would still apply.  */
| #ifdef __cplusplus
| extern "C"
| #endif
| char readline ();
| int
| main ()
| {
| return readline ();
|   ;
|   return 0;
| }
configure:13286: gcc -o conftest -Wl,-rpath,/home/cc/ee147/fl21/class/ee147-aaf/software/python/1/lib:/home/cc/ee147/fl21/class/ee147-aaf/software/python/1/lib64 -I/home/cc/ee147/fl21/class/ee147-aaf/software/python/1/include -Wl,-rpath,/home/cc/ee147/fl21/class/ee147-aaf/software/python/1/lib:/home/cc/ee147/fl21/class/ee147-aaf/software/python/1/lib64 -I/home/cc/ee147/fl21/class/ee147-aaf/software/python/1/include -Wl,-rpath,/home/cc/ee147/fl21/class/ee147-aaf/software/python/1/lib:/home/cc/ee147/fl21/class/ee147-aaf/software/python/1/lib64 -L/home/cc/ee147/fl21/class/ee147-aaf/software/python/1/lib:/home/cc/ee147/fl21/class/ee147-aaf/software/python/1/lib64 conftest.c -lreadline  -ltermcap  >&5
configure:13286: $? = 0
configure:13303: result: -lreadline
configure:13340: checking for library containing pthread_create
configure:13371: gcc -o conftest -Wl,-rpath,/home/cc/ee147/fl21/class/ee147-aaf/software/python/1/lib:/home/cc/ee147/fl21/class/ee147-aaf/software/python/1/lib64 -I/home/cc/ee147/fl21/class/ee147-aaf/software/python/1/include -Wl,-rpath,/home/cc/ee147/fl21/class/ee147-aaf/software/python/1/lib:/home/cc/ee147/fl21/class/ee147-aaf/software/python/1/lib64 -I/home/cc/ee147/fl21/class/ee147-aaf/software/python/1/include -Wl,-rpath,/home/cc/ee147/fl21/class/ee147-aaf/software/python/1/lib:/home/cc/ee147/fl21/class/ee147-aaf/software/python/1/lib64 -L/home/cc/ee147/fl21/class/ee147-aaf/software/python/1/lib:/home/cc/ee147/fl21/class/ee147-aaf/software/python/1/lib64 conftest.c  >&5
/tmp/ccbF2mAT.o: In function `main':
conftest.c:(.text+0xa): undefined reference to `pthread_create'
collect2: error: ld returned 1 exit status
configure:13371: $? = 1
configure: failed program was:
| /* confdefs.h */
| #define PACKAGE_NAME "sqlite"
| #define PACKAGE_TARNAME "sqlite"
| #define PACKAGE_VERSION "3.28.0"
| #define PACKAGE_STRING "sqlite 3.28.0"
| #define PACKAGE_BUGREPORT "http://www.sqlite.org"
| #define PACKAGE_URL ""
| #define PACKAGE "sqlite"
| #define VERSION "3.28.0"
| #define STDC_HEADERS 1
| #define HAVE_SYS_TYPES_H 1
| #define HAVE_SYS_STAT_H 1
| #define HAVE_STDLIB_H 1
| #define HAVE_STRING_H 1
| #define HAVE_MEMORY_H 1
| #define HAVE_STRINGS_H 1
| #define HAVE_INTTYPES_H 1
| #define HAVE_STDINT_H 1
| #define HAVE_UNISTD_H 1
| #define HAVE_DLFCN_H 1
| #define LT_OBJDIR ".libs/"
| #define HAVE_FDATASYNC 1
| #define HAVE_USLEEP 1
| #define HAVE_LOCALTIME_R 1
| #define HAVE_GMTIME_R 1
| #define HAVE_DECL_STRERROR_R 1
| #define HAVE_STRERROR_R 1
| #define HAVE_READLINE_READLINE_H 1
| #define HAVE_READLINE 1
| /* end confdefs.h.  */
| 
| /* Override any GCC internal prototype to avoid an error.
|    Use char because int might match the return type of a GCC
|    builtin and then its argument prototype would still apply.  */
| #ifdef __cplusplus
| extern "C"
| #endif
| char pthread_create ();
| int
| main ()
| {
| return pthread_create ();
|   ;
|   return 0;
| }
configure:13371: gcc -o conftest -Wl,-rpath,/home/cc/ee147/fl21/class/ee147-aaf/software/python/1/lib:/home/cc/ee147/fl21/class/ee147-aaf/software/python/1/lib64 -I/home/cc/ee147/fl21/class/ee147-aaf/software/python/1/include -Wl,-rpath,/home/cc/ee147/fl21/class/ee147-aaf/software/python/1/lib:/home/cc/ee147/fl21/class/ee147-aaf/software/python/1/lib64 -I/home/cc/ee147/fl21/class/ee147-aaf/software/python/1/include -Wl,-rpath,/home/cc/ee147/fl21/class/ee147-aaf/software/python/1/lib:/home/cc/ee147/fl21/class/ee147-aaf/software/python/1/lib64 -L/home/cc/ee147/fl21/class/ee147-aaf/software/python/1/lib:/home/cc/ee147/fl21/class/ee147-aaf/software/python/1/lib64 conftest.c -lpthread   >&5
configure:13371: $? = 0
configure:13388: result: -lpthread
configure:13396: checking for library containing pthread_mutexattr_init
configure:13427: gcc -o conftest -Wl,-rpath,/home/cc/ee147/fl21/class/ee147-aaf/software/python/1/lib:/home/cc/ee147/fl21/class/ee147-aaf/software/python/1/lib64 -I/home/cc/ee147/fl21/class/ee147-aaf/software/python/1/include -Wl,-rpath,/home/cc/ee147/fl21/class/ee147-aaf/software/python/1/lib:/home/cc/ee147/fl21/class/ee147-aaf/software/python/1/lib64 -I/home/cc/ee147/fl21/class/ee147-aaf/software/python/1/include -Wl,-rpath,/home/cc/ee147/fl21/class/ee147-aaf/software/python/1/lib:/home/cc/ee147/fl21/class/ee147-aaf/software/python/1/lib64 -L/home/cc/ee147/fl21/class/ee147-aaf/software/python/1/lib:/home/cc/ee147/fl21/class/ee147-aaf/software/python/1/lib64 conftest.c -lpthread  >&5
configure:13427: $? = 0
configure:13444: result: none required
configure:13466: checking for library containing dlopen
configure:13497: gcc -o conftest -Wl,-rpath,/home/cc/ee147/fl21/class/ee147-aaf/software/python/1/lib:/home/cc/ee147/fl21/class/ee147-aaf/software/python/1/lib64 -I/home/cc/ee147/fl21/class/ee147-aaf/software/python/1/include -Wl,-rpath,/home/cc/ee147/fl21/class/ee147-aaf/software/python/1/lib:/home/cc/ee147/fl21/class/ee147-aaf/software/python/1/lib64 -I/home/cc/ee147/fl21/class/ee147-aaf/software/python/1/include -Wl,-rpath,/home/cc/ee147/fl21/class/ee147-aaf/software/python/1/lib:/home/cc/ee147/fl21/class/ee147-aaf/software/python/1/lib64 -L/home/cc/ee147/fl21/class/ee147-aaf/software/python/1/lib:/home/cc/ee147/fl21/class/ee147-aaf/software/python/1/lib64 conftest.c -lpthread  >&5
/tmp/ccLXRIUe.o: In function `main':
conftest.c:(.text+0xa): undefined reference to `dlopen'
collect2: error: ld returned 1 exit status
configure:13497: $? = 1
configure: failed program was:
| /* confdefs.h */
| #define PACKAGE_NAME "sqlite"
| #define PACKAGE_TARNAME "sqlite"
| #define PACKAGE_VERSION "3.28.0"
| #define PACKAGE_STRING "sqlite 3.28.0"
| #define PACKAGE_BUGREPORT "http://www.sqlite.org"
| #define PACKAGE_URL ""
| #define PACKAGE "sqlite"
| #define VERSION "3.28.0"
| #define STDC_HEADERS 1
| #define HAVE_SYS_TYPES_H 1
| #define HAVE_SYS_STAT_H 1
| #define HAVE_STDLIB_H 1
| #define HAVE_STRING_H 1
| #define HAVE_MEMORY_H 1
| #define HAVE_STRINGS_H 1
| #define HAVE_INTTYPES_H 1
| #define HAVE_STDINT_H 1
| #define HAVE_UNISTD_H 1
| #define HAVE_DLFCN_H 1
| #define LT_OBJDIR ".libs/"
| #define HAVE_FDATASYNC 1
| #define HAVE_USLEEP 1
| #define HAVE_LOCALTIME_R 1
| #define HAVE_GMTIME_R 1
| #define HAVE_DECL_STRERROR_R 1
| #define HAVE_STRERROR_R 1
| #define HAVE_READLINE_READLINE_H 1
| #define HAVE_READLINE 1
| /* end confdefs.h.  */
| 
| /* Override any GCC internal prototype to avoid an error.
|    Use char because int might match the return type of a GCC
|    builtin and then its argument prototype would still apply.  */
| #ifdef __cplusplus
| extern "C"
| #endif
| char dlopen ();
| int
| main ()
| {
| return dlopen ();
|   ;
|   return 0;
| }
configure:13497: gcc -o conftest -Wl,-rpath,/home/cc/ee147/fl21/class/ee147-aaf/software/python/1/lib:/home/cc/ee147/fl21/class/ee147-aaf/software/python/1/lib64 -I/home/cc/ee147/fl21/class/ee147-aaf/software/python/1/include -Wl,-rpath,/home/cc/ee147/fl21/class/ee147-aaf/software/python/1/lib:/home/cc/ee147/fl21/class/ee147-aaf/software/python/1/lib64 -I/home/cc/ee147/fl21/class/ee147-aaf/software/python/1/include -Wl,-rpath,/home/cc/ee147/fl21/class/ee147-aaf/software/python/1/lib:/home/cc/ee147/fl21/class/ee147-aaf/software/python/1/lib64 -L/home/cc/ee147/fl21/class/ee147-aaf/software/python/1/lib:/home/cc/ee147/fl21/class/ee147-aaf/software/python/1/lib64 conftest.c -ldl  -lpthread  >&5
configure:13497: $? = 0
configure:13514: result: -ldl
configure:13525: checking for whether to support dynamic extensions
configure:13527: result: yes
configure:13570: checking for library containing log
configure:13601: gcc -o conftest -Wl,-rpath,/home/cc/ee147/fl21/class/ee147-aaf/software/python/1/lib:/home/cc/ee147/fl21/class/ee147-aaf/software/python/1/lib64 -I/home/cc/ee147/fl21/class/ee147-aaf/software/python/1/include -Wl,-rpath,/home/cc/ee147/fl21/class/ee147-aaf/software/python/1/lib:/home/cc/ee147/fl21/class/ee147-aaf/software/python/1/lib64 -I/home/cc/ee147/fl21/class/ee147-aaf/software/python/1/include -Wl,-rpath,/home/cc/ee147/fl21/class/ee147-aaf/software/python/1/lib:/home/cc/ee147/fl21/class/ee147-aaf/software/python/1/lib64 -L/home/cc/ee147/fl21/class/ee147-aaf/software/python/1/lib:/home/cc/ee147/fl21/class/ee147-aaf/software/python/1/lib64 conftest.c -ldl -lpthread  >&5
conftest.c:38:6: warning: conflicting types for built-in function 'log' [enabled by default]
 char log ();
      ^
/tmp/ccWmxHor.o: In function `main':
conftest.c:(.text+0xa): undefined reference to `log'
collect2: error: ld returned 1 exit status
configure:13601: $? = 1
configure: failed program was:
| /* confdefs.h */
| #define PACKAGE_NAME "sqlite"
| #define PACKAGE_TARNAME "sqlite"
| #define PACKAGE_VERSION "3.28.0"
| #define PACKAGE_STRING "sqlite 3.28.0"
| #define PACKAGE_BUGREPORT "http://www.sqlite.org"
| #define PACKAGE_URL ""
| #define PACKAGE "sqlite"
| #define VERSION "3.28.0"
| #define STDC_HEADERS 1
| #define HAVE_SYS_TYPES_H 1
| #define HAVE_SYS_STAT_H 1
| #define HAVE_STDLIB_H 1
| #define HAVE_STRING_H 1
| #define HAVE_MEMORY_H 1
| #define HAVE_STRINGS_H 1
| #define HAVE_INTTYPES_H 1
| #define HAVE_STDINT_H 1
| #define HAVE_UNISTD_H 1
| #define HAVE_DLFCN_H 1
| #define LT_OBJDIR ".libs/"
| #define HAVE_FDATASYNC 1
| #define HAVE_USLEEP 1
| #define HAVE_LOCALTIME_R 1
| #define HAVE_GMTIME_R 1
| #define HAVE_DECL_STRERROR_R 1
| #define HAVE_STRERROR_R 1
| #define HAVE_READLINE_READLINE_H 1
| #define HAVE_READLINE 1
| /* end confdefs.h.  */
| 
| /* Override any GCC internal prototype to avoid an error.
|    Use char because int might match the return type of a GCC
|    builtin and then its argument prototype would still apply.  */
| #ifdef __cplusplus
| extern "C"
| #endif
| char log ();
| int
| main ()
| {
| return log ();
|   ;
|   return 0;
| }
configure:13601: gcc -o conftest -Wl,-rpath,/home/cc/ee147/fl21/class/ee147-aaf/software/python/1/lib:/home/cc/ee147/fl21/class/ee147-aaf/software/python/1/lib64 -I/home/cc/ee147/fl21/class/ee147-aaf/software/python/1/include -Wl,-rpath,/home/cc/ee147/fl21/class/ee147-aaf/software/python/1/lib:/home/cc/ee147/fl21/class/ee147-aaf/software/python/1/lib64 -I/home/cc/ee147/fl21/class/ee147-aaf/software/python/1/include -Wl,-rpath,/home/cc/ee147/fl21/class/ee147-aaf/software/python/1/lib:/home/cc/ee147/fl21/class/ee147-aaf/software/python/1/lib64 -L/home/cc/ee147/fl21/class/ee147-aaf/software/python/1/lib:/home/cc/ee147/fl21/class/ee147-aaf/software/python/1/lib64 conftest.c -lm  -ldl -lpthread  >&5
conftest.c:38:6: warning: conflicting types for built-in function 'log' [enabled by default]
 char log ();
      ^
configure:13601: $? = 0
configure:13618: result: -lm
configure:13707: checking for posix_fallocate
configure:13707: gcc -o conftest -Wl,-rpath,/home/cc/ee147/fl21/class/ee147-aaf/software/python/1/lib:/home/cc/ee147/fl21/class/ee147-aaf/software/python/1/lib64 -I/home/cc/ee147/fl21/class/ee147-aaf/software/python/1/include -Wl,-rpath,/home/cc/ee147/fl21/class/ee147-aaf/software/python/1/lib:/home/cc/ee147/fl21/class/ee147-aaf/software/python/1/lib64 -I/home/cc/ee147/fl21/class/ee147-aaf/software/python/1/include -Wl,-rpath,/home/cc/ee147/fl21/class/ee147-aaf/software/python/1/lib:/home/cc/ee147/fl21/class/ee147-aaf/software/python/1/lib64 -L/home/cc/ee147/fl21/class/ee147-aaf/software/python/1/lib:/home/cc/ee147/fl21/class/ee147-aaf/software/python/1/lib64 conftest.c -lm -ldl -lpthread  >&5
configure:13707: $? = 0
configure:13707: result: yes
configure:13718: checking zlib.h usability
configure:13718: gcc -c -Wl,-rpath,/home/cc/ee147/fl21/class/ee147-aaf/software/python/1/lib:/home/cc/ee147/fl21/class/ee147-aaf/software/python/1/lib64 -I/home/cc/ee147/fl21/class/ee147-aaf/software/python/1/include -Wl,-rpath,/home/cc/ee147/fl21/class/ee147-aaf/software/python/1/lib:/home/cc/ee147/fl21/class/ee147-aaf/software/python/1/lib64 -I/home/cc/ee147/fl21/class/ee147-aaf/software/python/1/include conftest.c >&5
configure:13718: $? = 0
configure:13718: result: yes
configure:13718: checking zlib.h presence
configure:13718: gcc -E -Wl,-rpath,/home/cc/ee147/fl21/class/ee147-aaf/software/python/1/lib:/home/cc/ee147/fl21/class/ee147-aaf/software/python/1/lib64 -I/home/cc/ee147/fl21/class/ee147-aaf/software/python/1/include conftest.c
configure:13718: $? = 0
configure:13718: result: yes
configure:13718: checking for zlib.h
configure:13718: result: yes
configure:13724: checking for library containing deflate
configure:13755: gcc -o conftest -Wl,-rpath,/home/cc/ee147/fl21/class/ee147-aaf/software/python/1/lib:/home/cc/ee147/fl21/class/ee147-aaf/software/python/1/lib64 -I/home/cc/ee147/fl21/class/ee147-aaf/software/python/1/include -Wl,-rpath,/home/cc/ee147/fl21/class/ee147-aaf/software/python/1/lib:/home/cc/ee147/fl21/class/ee147-aaf/software/python/1/lib64 -I/home/cc/ee147/fl21/class/ee147-aaf/software/python/1/include -Wl,-rpath,/home/cc/ee147/fl21/class/ee147-aaf/software/python/1/lib:/home/cc/ee147/fl21/class/ee147-aaf/software/python/1/lib64 -L/home/cc/ee147/fl21/class/ee147-aaf/software/python/1/lib:/home/cc/ee147/fl21/class/ee147-aaf/software/python/1/lib64 conftest.c -lm -ldl -lpthread  >&5
/tmp/cceqGpvL.o: In function `main':
conftest.c:(.text+0xa): undefined reference to `deflate'
collect2: error: ld returned 1 exit status
configure:13755: $? = 1
configure: failed program was:
| /* confdefs.h */
| #define PACKAGE_NAME "sqlite"
| #define PACKAGE_TARNAME "sqlite"
| #define PACKAGE_VERSION "3.28.0"
| #define PACKAGE_STRING "sqlite 3.28.0"
| #define PACKAGE_BUGREPORT "http://www.sqlite.org"
| #define PACKAGE_URL ""
| #define PACKAGE "sqlite"
| #define VERSION "3.28.0"
| #define STDC_HEADERS 1
| #define HAVE_SYS_TYPES_H 1
| #define HAVE_SYS_STAT_H 1
| #define HAVE_STDLIB_H 1
| #define HAVE_STRING_H 1
| #define HAVE_MEMORY_H 1
| #define HAVE_STRINGS_H 1
| #define HAVE_INTTYPES_H 1
| #define HAVE_STDINT_H 1
| #define HAVE_UNISTD_H 1
| #define HAVE_DLFCN_H 1
| #define LT_OBJDIR ".libs/"
| #define HAVE_FDATASYNC 1
| #define HAVE_USLEEP 1
| #define HAVE_LOCALTIME_R 1
| #define HAVE_GMTIME_R 1
| #define HAVE_DECL_STRERROR_R 1
| #define HAVE_STRERROR_R 1
| #define HAVE_READLINE_READLINE_H 1
| #define HAVE_READLINE 1
| #define HAVE_POSIX_FALLOCATE 1
| #define HAVE_ZLIB_H 1
| /* end confdefs.h.  */
| 
| /* Override any GCC internal prototype to avoid an error.
|    Use char because int might match the return type of a GCC
|    builtin and then its argument prototype would still apply.  */
| #ifdef __cplusplus
| extern "C"
| #endif
| char deflate ();
| int
| main ()
| {
| return deflate ();
|   ;
|   return 0;
| }
configure:13755: gcc -o conftest -Wl,-rpath,/home/cc/ee147/fl21/class/ee147-aaf/software/python/1/lib:/home/cc/ee147/fl21/class/ee147-aaf/software/python/1/lib64 -I/home/cc/ee147/fl21/class/ee147-aaf/software/python/1/include -Wl,-rpath,/home/cc/ee147/fl21/class/ee147-aaf/software/python/1/lib:/home/cc/ee147/fl21/class/ee147-aaf/software/python/1/lib64 -I/home/cc/ee147/fl21/class/ee147-aaf/software/python/1/include -Wl,-rpath,/home/cc/ee147/fl21/class/ee147-aaf/software/python/1/lib:/home/cc/ee147/fl21/class/ee147-aaf/software/python/1/lib64 -L/home/cc/ee147/fl21/class/ee147-aaf/software/python/1/lib:/home/cc/ee147/fl21/class/ee147-aaf/software/python/1/lib64 conftest.c -lz  -lm -ldl -lpthread  >&5
configure:13755: $? = 0
configure:13772: result: -lz
configure:13786: checking for library containing system
configure:13817: gcc -o conftest -Wl,-rpath,/home/cc/ee147/fl21/class/ee147-aaf/software/python/1/lib:/home/cc/ee147/fl21/class/ee147-aaf/software/python/1/lib64 -I/home/cc/ee147/fl21/class/ee147-aaf/software/python/1/include -Wl,-rpath,/home/cc/ee147/fl21/class/ee147-aaf/software/python/1/lib:/home/cc/ee147/fl21/class/ee147-aaf/software/python/1/lib64 -I/home/cc/ee147/fl21/class/ee147-aaf/software/python/1/include -Wl,-rpath,/home/cc/ee147/fl21/class/ee147-aaf/software/python/1/lib:/home/cc/ee147/fl21/class/ee147-aaf/software/python/1/lib64 -L/home/cc/ee147/fl21/class/ee147-aaf/software/python/1/lib:/home/cc/ee147/fl21/class/ee147-aaf/software/python/1/lib64 conftest.c -lz -lm -ldl -lpthread  >&5
configure:13817: $? = 0
configure:13834: result: none required
configure:13952: checking that generated files are newer than configure
configure:13958: result: done
configure:13985: creating ./config.status

## ---------------------- ##
## Running config.status. ##
## ---------------------- ##

This file was extended by sqlite config.status 3.28.0, which was
generated by GNU Autoconf 2.69.  Invocation command line was

  CONFIG_FILES    = 
  CONFIG_HEADERS  = 
  CONFIG_LINKS    = 
  CONFIG_COMMANDS = 
  $ ./config.status 

on eda-1.EECS.Berkeley.EDU

config.status:1016: creating Makefile
config.status:1016: creating sqlite3.pc
config.status:1188: executing depfiles commands
config.status:1188: executing libtool commands

## ---------------- ##
## Cache variables. ##
## ---------------- ##


## ----------------- ##
## Output variables. ##
## ----------------- ##

ACLOCAL='${SHELL} /home/cc/ee147/fl21/class/ee147-aaf/software/sqlite-autoconf-3280000/missing aclocal-1.15'
AMDEPBACKSLASH='\'
AMDEP_FALSE='#'
AMDEP_TRUE=''
AMTAR='$${TAR-tar}'
AM_BACKSLASH='\'
AM_DEFAULT_V='$(AM_DEFAULT_VERBOSITY)'
AM_DEFAULT_VERBOSITY='1'
AM_V='$(V)'
AR='ar'
AUTOCONF='${SHELL} /home/cc/ee147/fl21/class/ee147-aaf/software/sqlite-autoconf-3280000/missing autoconf'
AUTOHEADER='${SHELL} /home/cc/ee147/fl21/class/ee147-aaf/software/sqlite-autoconf-3280000/missing autoheader'
AUTOMAKE='${SHELL} /home/cc/ee147/fl21/class/ee147-aaf/software/sqlite-autoconf-3280000/missing automake-1.15'
AWK='gawk'
BUILD_CFLAGS=' -D_REENTRANT=1 -DSQLITE_THREADSAFE=1 -DSQLITE_ENABLE_FTS4 -DSQLITE_ENABLE_FTS5 -DSQLITE_ENABLE_JSON1 -DSQLITE_ENABLE_RTREE -DSQLITE_HAVE_ZLIB'
CC='gcc'
CCDEPMODE='depmode=gcc3'
CFLAGS='-Wl,-rpath,/home/cc/ee147/fl21/class/ee147-aaf/software/python/1/lib:/home/cc/ee147/fl21/class/ee147-aaf/software/python/1/lib64 -I/home/cc/ee147/fl21/class/ee147-aaf/software/python/1/include'
CPP='gcc -E'
CPPFLAGS='-Wl,-rpath,/home/cc/ee147/fl21/class/ee147-aaf/software/python/1/lib:/home/cc/ee147/fl21/class/ee147-aaf/software/python/1/lib64 -I/home/cc/ee147/fl21/class/ee147-aaf/software/python/1/include'
CYGPATH_W='echo'
DEFS='-DPACKAGE_NAME=\"sqlite\" -DPACKAGE_TARNAME=\"sqlite\" -DPACKAGE_VERSION=\"3.28.0\" -DPACKAGE_STRING=\"sqlite\ 3.28.0\" -DPACKAGE_BUGREPORT=\"http://www.sqlite.org\" -DPACKAGE_URL=\"\" -DPACKAGE=\"sqlite\" -DVERSION=\"3.28.0\" -DSTDC_HEADERS=1 -DHAVE_SYS_TYPES_H=1 -DHAVE_SYS_STAT_H=1 -DHAVE_STDLIB_H=1 -DHAVE_STRING_H=1 -DHAVE_MEMORY_H=1 -DHAVE_STRINGS_H=1 -DHAVE_INTTYPES_H=1 -DHAVE_STDINT_H=1 -DHAVE_UNISTD_H=1 -DHAVE_DLFCN_H=1 -DLT_OBJDIR=\".libs/\" -DHAVE_FDATASYNC=1 -DHAVE_USLEEP=1 -DHAVE_LOCALTIME_R=1 -DHAVE_GMTIME_R=1 -DHAVE_DECL_STRERROR_R=1 -DHAVE_STRERROR_R=1 -DHAVE_READLINE_READLINE_H=1 -DHAVE_READLINE=1 -DHAVE_POSIX_FALLOCATE=1 -DHAVE_ZLIB_H=1'
DEPDIR='.deps'
DLLTOOL='false'
DSYMUTIL=''
DUMPBIN=''
ECHO_C=''
ECHO_N='-n'
ECHO_T=''
EGREP='/usr/bin/grep -E'
EXEEXT=''
EXTRA_SHELL_OBJ='sqlite3-sqlite3.o'
FGREP='/usr/bin/grep -F'
GREP='/usr/bin/grep'
INSTALL_DATA='${INSTALL} -m 644'
INSTALL_PROGRAM='${INSTALL}'
INSTALL_SCRIPT='${INSTALL}'
INSTALL_STRIP_PROGRAM='$(install_sh) -c -s'
LD='/usr/bin/ld -m elf_x86_64'
LDFLAGS='-Wl,-rpath,/home/cc/ee147/fl21/class/ee147-aaf/software/python/1/lib:/home/cc/ee147/fl21/class/ee147-aaf/software/python/1/lib64 -L/home/cc/ee147/fl21/class/ee147-aaf/software/python/1/lib:/home/cc/ee147/fl21/class/ee147-aaf/software/python/1/lib64'
LIBOBJS=''
LIBS='-lz -lm -ldl -lpthread '
LIBTOOL='$(SHELL) $(top_builddir)/libtool'
LIPO=''
LN_S='ln -s'
LTLIBOBJS=''
LT_SYS_LIBRARY_PATH=''
MAKEINFO='${SHELL} /home/cc/ee147/fl21/class/ee147-aaf/software/sqlite-autoconf-3280000/missing makeinfo'
MANIFEST_TOOL=':'
MKDIR_P='/usr/bin/mkdir -p'
NM='/usr/bin/nm -B'
NMEDIT=''
OBJDUMP='objdump'
OBJEXT='o'
OTOOL64=''
OTOOL=''
PACKAGE='sqlite'
PACKAGE_BUGREPORT='http://www.sqlite.org'
PACKAGE_NAME='sqlite'
PACKAGE_STRING='sqlite 3.28.0'
PACKAGE_TARNAME='sqlite'
PACKAGE_URL=''
PACKAGE_VERSION='3.28.0'
PATH_SEPARATOR=':'
RANLIB='ranlib'
READLINE_LIBS='-lreadline -ltermcap '
SED='/usr/bin/sed'
SET_MAKE=''
SHELL='/usr/bin/ksh'
SHELL_CFLAGS=''
STRIP='strip'
VERSION='3.28.0'
ac_ct_AR='ar'
ac_ct_CC='gcc'
ac_ct_DUMPBIN=''
am__EXEEXT_FALSE=''
am__EXEEXT_TRUE='#'
am__fastdepCC_FALSE='#'
am__fastdepCC_TRUE=''
am__include='include'
am__isrc=''
am__leading_dot='.'
am__nodep='_no'
am__quote=''
am__tar='$${TAR-tar} chof - "$$tardir"'
am__untar='$${TAR-tar} xf -'
bindir='${exec_prefix}/bin'
build='x86_64-pc-linux-gnu'
build_alias=''
build_cpu='x86_64'
build_os='linux-gnu'
build_vendor='pc'
datadir='${datarootdir}'
datarootdir='${prefix}/share'
docdir='${datarootdir}/doc/${PACKAGE_TARNAME}'
dvidir='${docdir}'
exec_prefix='${prefix}'
host='x86_64-pc-linux-gnu'
host_alias=''
host_cpu='x86_64'
host_os='linux-gnu'
host_vendor='pc'
htmldir='${docdir}'
includedir='${prefix}/include'
infodir='${datarootdir}/info'
install_sh='${SHELL} /home/cc/ee147/fl21/class/ee147-aaf/software/sqlite-autoconf-3280000/install-sh'
libdir='${exec_prefix}/lib'
libexecdir='${exec_prefix}/libexec'
localedir='${datarootdir}/locale'
localstatedir='${prefix}/var'
mandir='${datarootdir}/man'
mkdir_p='$(MKDIR_P)'
oldincludedir='/usr/include'
pdfdir='${docdir}'
prefix='/home/cc/ee147/fl21/class/ee147-aaf/software/python/1'
program_transform_name='s,x,x,'
psdir='${docdir}'
runstatedir='${localstatedir}/run'
sbindir='${exec_prefix}/sbin'
sharedstatedir='${prefix}/com'
sysconfdir='${prefix}/etc'
target_alias=''

## ----------- ##
## confdefs.h. ##
## ----------- ##

/* confdefs.h */
#define PACKAGE_NAME "sqlite"
#define PACKAGE_TARNAME "sqlite"
#define PACKAGE_VERSION "3.28.0"
#define PACKAGE_STRING "sqlite 3.28.0"
#define PACKAGE_BUGREPORT "http://www.sqlite.org"
#define PACKAGE_URL ""
#define PACKAGE "sqlite"
#define VERSION "3.28.0"
#define STDC_HEADERS 1
#define HAVE_SYS_TYPES_H 1
#define HAVE_SYS_STAT_H 1
#define HAVE_STDLIB_H 1
#define HAVE_STRING_H 1
#define HAVE_MEMORY_H 1
#define HAVE_STRINGS_H 1
#define HAVE_INTTYPES_H 1
#define HAVE_STDINT_H 1
#define HAVE_UNISTD_H 1
#define HAVE_DLFCN_H 1
#define LT_OBJDIR ".libs/"
#define HAVE_FDATASYNC 1
#define HAVE_USLEEP 1
#define HAVE_LOCALTIME_R 1
#define HAVE_GMTIME_R 1
#define HAVE_DECL_STRERROR_R 1
#define HAVE_STRERROR_R 1
#define HAVE_READLINE_READLINE_H 1
#define HAVE_READLINE 1
#define HAVE_POSIX_FALLOCATE 1
#define HAVE_ZLIB_H 1

configure: caught signal 2
configure: exit 0
