This file contains any messages produced by compilers while
running configure, to aid debugging if configure makes a mistake.

It was created by expat configure 2.2.6, which was
generated by GNU Autoconf 2.69.  Invocation command line was

  $ ./configure --prefix=/home/cc/ee147/fl21/class/ee147-aaf/software/python/1 --enable-shared --enable-static --without-docbook

## --------- ##
## Platform. ##
## --------- ##

hostname = eda-1.EECS.Berkeley.EDU
uname -m = x86_64
uname -r = 3.10.0-1160.45.1.el7.x86_64
uname -s = Linux
uname -v = #1 SMP Wed Oct 13 17:20:51 UTC 2021

/usr/bin/uname -p = x86_64
/bin/uname -X     = unknown

/bin/arch              = x86_64
/usr/bin/arch -k       = unknown
/usr/convex/getsysinfo = unknown
/usr/bin/hostinfo      = unknown
/bin/machine           = unknown
/usr/bin/oslevel       = unknown
/bin/universe          = unknown

PATH: /home/cc/ee147/fl21/class/ee147-aaf/software/Python-3.10.0/python3.10/bin
PATH: /share/b/grading/bin
PATH: /home/ff/ee147/bin
PATH: /home/ff/ee147/bin/arch/x86_64
PATH: /usr/local/bin
PATH: /usr/sww/bin
PATH: /usr/bin
PATH: /bin
PATH: /usr/ucb
PATH: /usr/sfw/bin
PATH: /share/b/grading/bin
PATH: /share/b/grading/sbin
PATH: /share/b/runas/x86_64
PATH: /share/b/bin
PATH: /home/aa/projects/scheme/bin
PATH: /share/instsww/mgc/tanner/bin


## ----------- ##
## Core tests. ##
## ----------- ##

configure:2486: checking for a BSD-compatible install
configure:2554: result: /usr/bin/install -c
configure:2565: checking whether build environment is sane
configure:2620: result: yes
configure:2771: checking for a thread-safe mkdir -p
configure:2810: result: /usr/bin/mkdir -p
configure:2817: checking for gawk
configure:2833: found /usr/bin/gawk
configure:2844: result: gawk
configure:2855: checking whether make sets $(MAKE)
configure:2877: result: yes
configure:2906: checking whether make supports nested variables
configure:2923: result: yes
configure:3068: checking build system type
configure:3082: result: x86_64-pc-linux-gnu
configure:3102: checking host system type
configure:3115: result: x86_64-pc-linux-gnu
configure:3484: checking how to print strings
configure:3513: result: print -r
configure:3544: checking for style of include used by make
configure:3572: result: GNU
configure:3643: checking for gcc
configure:3659: found /usr/bin/gcc
configure:3670: result: gcc
configure:3899: checking for C compiler version
configure:3908: gcc --version >&5
gcc (GCC) 4.8.5 20150623 (Red Hat 4.8.5-44)
Copyright (C) 2015 Free Software Foundation, Inc.
This is free software; see the source for copying conditions.  There is NO
warranty; not even for MERCHANTABILITY or FITNESS FOR A PARTICULAR PURPOSE.

configure:3919: $? = 0
configure:3908: gcc -v >&5
Using built-in specs.
COLLECT_GCC=gcc
COLLECT_LTO_WRAPPER=/usr/libexec/gcc/x86_64-redhat-linux/4.8.5/lto-wrapper
Target: x86_64-redhat-linux
Configured with: ../configure --prefix=/usr --mandir=/usr/share/man --infodir=/usr/share/info --with-bugurl=http://bugzilla.redhat.com/bugzilla --enable-bootstrap --enable-shared --enable-threads=posix --enable-checking=release --with-system-zlib --enable-__cxa_atexit --disable-libunwind-exceptions --enable-gnu-unique-object --enable-linker-build-id --with-linker-hash-style=gnu --enable-languages=c,c++,objc,obj-c++,java,fortran,ada,go,lto --enable-plugin --enable-initfini-array --disable-libgcj --with-isl=/builddir/build/BUILD/gcc-4.8.5-20150702/obj-x86_64-redhat-linux/isl-install --with-cloog=/builddir/build/BUILD/gcc-4.8.5-20150702/obj-x86_64-redhat-linux/cloog-install --enable-gnu-indirect-function --with-tune=generic --with-arch_32=x86-64 --build=x86_64-redhat-linux
Thread model: posix
gcc version 4.8.5 20150623 (Red Hat 4.8.5-44) (GCC) 
configure:3919: $? = 0
configure:3908: gcc -V >&5
gcc: error: unrecognized command line option '-V'
gcc: fatal error: no input files
compilation terminated.
configure:3919: $? = 4
configure:3908: gcc -qversion >&5
gcc: error: unrecognized command line option '-qversion'
gcc: fatal error: no input files
compilation terminated.
configure:3919: $? = 4
configure:3939: checking whether the C compiler works
configure:3961: gcc -Wl,-rpath,/home/cc/ee147/fl21/class/ee147-aaf/software/python/1/lib:/home/cc/ee147/fl21/class/ee147-aaf/software/python/1/lib64 -I/home/cc/ee147/fl21/class/ee147-aaf/software/python/1/include -Wl,-rpath,/home/cc/ee147/fl21/class/ee147-aaf/software/python/1/lib:/home/cc/ee147/fl21/class/ee147-aaf/software/python/1/lib64 -I/home/cc/ee147/fl21/class/ee147-aaf/software/python/1/include -DHAVE_EXPAT_CONFIG_H -Wl,-rpath,/home/cc/ee147/fl21/class/ee147-aaf/software/python/1/lib:/home/cc/ee147/fl21/class/ee147-aaf/software/python/1/lib64 -L/home/cc/ee147/fl21/class/ee147-aaf/software/python/1/lib:/home/cc/ee147/fl21/class/ee147-aaf/software/python/1/lib64 conftest.c  >&5
configure:3965: $? = 0
configure:4013: result: yes
configure:4016: checking for C compiler default output file name
configure:4018: result: a.out
configure:4024: checking for suffix of executables
configure:4031: gcc -o conftest -Wl,-rpath,/home/cc/ee147/fl21/class/ee147-aaf/software/python/1/lib:/home/cc/ee147/fl21/class/ee147-aaf/software/python/1/lib64 -I/home/cc/ee147/fl21/class/ee147-aaf/software/python/1/include -Wl,-rpath,/home/cc/ee147/fl21/class/ee147-aaf/software/python/1/lib:/home/cc/ee147/fl21/class/ee147-aaf/software/python/1/lib64 -I/home/cc/ee147/fl21/class/ee147-aaf/software/python/1/include -DHAVE_EXPAT_CONFIG_H -Wl,-rpath,/home/cc/ee147/fl21/class/ee147-aaf/software/python/1/lib:/home/cc/ee147/fl21/class/ee147-aaf/software/python/1/lib64 -L/home/cc/ee147/fl21/class/ee147-aaf/software/python/1/lib:/home/cc/ee147/fl21/class/ee147-aaf/software/python/1/lib64 conftest.c  >&5
configure:4035: $? = 0
configure:4057: result: 
configure:4079: checking whether we are cross compiling
configure:4087: gcc -o conftest -Wl,-rpath,/home/cc/ee147/fl21/class/ee147-aaf/software/python/1/lib:/home/cc/ee147/fl21/class/ee147-aaf/software/python/1/lib64 -I/home/cc/ee147/fl21/class/ee147-aaf/software/python/1/include -Wl,-rpath,/home/cc/ee147/fl21/class/ee147-aaf/software/python/1/lib:/home/cc/ee147/fl21/class/ee147-aaf/software/python/1/lib64 -I/home/cc/ee147/fl21/class/ee147-aaf/software/python/1/include -DHAVE_EXPAT_CONFIG_H -Wl,-rpath,/home/cc/ee147/fl21/class/ee147-aaf/software/python/1/lib:/home/cc/ee147/fl21/class/ee147-aaf/software/python/1/lib64 -L/home/cc/ee147/fl21/class/ee147-aaf/software/python/1/lib:/home/cc/ee147/fl21/class/ee147-aaf/software/python/1/lib64 conftest.c  >&5
configure:4091: $? = 0
configure:4098: ./conftest
configure:4102: $? = 0
configure:4117: result: no
configure:4122: checking for suffix of object files
configure:4144: gcc -c -Wl,-rpath,/home/cc/ee147/fl21/class/ee147-aaf/software/python/1/lib:/home/cc/ee147/fl21/class/ee147-aaf/software/python/1/lib64 -I/home/cc/ee147/fl21/class/ee147-aaf/software/python/1/include -Wl,-rpath,/home/cc/ee147/fl21/class/ee147-aaf/software/python/1/lib:/home/cc/ee147/fl21/class/ee147-aaf/software/python/1/lib64 -I/home/cc/ee147/fl21/class/ee147-aaf/software/python/1/include -DHAVE_EXPAT_CONFIG_H conftest.c >&5
configure:4148: $? = 0
configure:4169: result: o
configure:4173: checking whether we are using the GNU C compiler
configure:4192: gcc -c -Wl,-rpath,/home/cc/ee147/fl21/class/ee147-aaf/software/python/1/lib:/home/cc/ee147/fl21/class/ee147-aaf/software/python/1/lib64 -I/home/cc/ee147/fl21/class/ee147-aaf/software/python/1/include -Wl,-rpath,/home/cc/ee147/fl21/class/ee147-aaf/software/python/1/lib:/home/cc/ee147/fl21/class/ee147-aaf/software/python/1/lib64 -I/home/cc/ee147/fl21/class/ee147-aaf/software/python/1/include -DHAVE_EXPAT_CONFIG_H conftest.c >&5
configure:4192: $? = 0
configure:4201: result: yes
configure:4210: checking whether gcc accepts -g
configure:4230: gcc -c -g -Wl,-rpath,/home/cc/ee147/fl21/class/ee147-aaf/software/python/1/lib:/home/cc/ee147/fl21/class/ee147-aaf/software/python/1/lib64 -I/home/cc/ee147/fl21/class/ee147-aaf/software/python/1/include -DHAVE_EXPAT_CONFIG_H conftest.c >&5
configure:4230: $? = 0
configure:4271: result: yes
configure:4288: checking for gcc option to accept ISO C89
configure:4351: gcc  -c -Wl,-rpath,/home/cc/ee147/fl21/class/ee147-aaf/software/python/1/lib:/home/cc/ee147/fl21/class/ee147-aaf/software/python/1/lib64 -I/home/cc/ee147/fl21/class/ee147-aaf/software/python/1/include -Wl,-rpath,/home/cc/ee147/fl21/class/ee147-aaf/software/python/1/lib:/home/cc/ee147/fl21/class/ee147-aaf/software/python/1/lib64 -I/home/cc/ee147/fl21/class/ee147-aaf/software/python/1/include -DHAVE_EXPAT_CONFIG_H conftest.c >&5
configure:4351: $? = 0
configure:4364: result: none needed
configure:4389: checking whether gcc understands -c and -o together
configure:4411: gcc -c conftest.c -o conftest2.o
configure:4414: $? = 0
configure:4411: gcc -c conftest.c -o conftest2.o
configure:4414: $? = 0
configure:4426: result: yes
configure:4445: checking dependency style of gcc
configure:4556: result: gcc3
configure:4571: checking for a sed that does not truncate output
configure:4635: result: /usr/bin/sed
configure:4653: checking for grep that handles long lines and -e
configure:4711: result: /usr/bin/grep
configure:4716: checking for egrep
configure:4778: result: /usr/bin/grep -E
configure:4783: checking for fgrep
configure:4845: result: /usr/bin/grep -F
configure:4880: checking for ld used by gcc
configure:4947: result: /usr/bin/ld
configure:4954: checking if the linker (/usr/bin/ld) is GNU ld
configure:4969: result: yes
configure:4981: checking for BSD- or MS-compatible name lister (nm)
configure:5035: result: /usr/bin/nm -B
configure:5165: checking the name lister (/usr/bin/nm -B) interface
configure:5172: gcc -c -Wl,-rpath,/home/cc/ee147/fl21/class/ee147-aaf/software/python/1/lib:/home/cc/ee147/fl21/class/ee147-aaf/software/python/1/lib64 -I/home/cc/ee147/fl21/class/ee147-aaf/software/python/1/include -Wl,-rpath,/home/cc/ee147/fl21/class/ee147-aaf/software/python/1/lib:/home/cc/ee147/fl21/class/ee147-aaf/software/python/1/lib64 -I/home/cc/ee147/fl21/class/ee147-aaf/software/python/1/include -DHAVE_EXPAT_CONFIG_H conftest.c >&5
configure:5175: /usr/bin/nm -B "conftest.o"
configure:5178: output
0000000000000000 B some_variable
configure:5185: result: BSD nm
configure:5188: checking whether ln -s works
configure:5192: result: yes
configure:5200: checking the maximum length of command line arguments
configure:5336: result: 1572864
configure:5384: checking how to convert x86_64-pc-linux-gnu file names to x86_64-pc-linux-gnu format
configure:5424: result: func_convert_file_noop
configure:5431: checking how to convert x86_64-pc-linux-gnu file names to toolchain format
configure:5451: result: func_convert_file_noop
configure:5458: checking for /usr/bin/ld option to reload object files
configure:5465: result: -r
configure:5539: checking for objdump
configure:5566: result: objdump
configure:5595: checking how to recognize dependent libraries
configure:5795: result: pass_all
configure:5880: checking for dlltool
configure:5907: result: dlltool
configure:5937: checking how to associate runtime and link libraries
configure:5964: result: print -r --
configure:6025: checking for ar
configure:6041: found /usr/bin/ar
configure:6052: result: ar
configure:6089: checking for archiver @FILE support
configure:6106: gcc -c -Wl,-rpath,/home/cc/ee147/fl21/class/ee147-aaf/software/python/1/lib:/home/cc/ee147/fl21/class/ee147-aaf/software/python/1/lib64 -I/home/cc/ee147/fl21/class/ee147-aaf/software/python/1/include -Wl,-rpath,/home/cc/ee147/fl21/class/ee147-aaf/software/python/1/lib:/home/cc/ee147/fl21/class/ee147-aaf/software/python/1/lib64 -I/home/cc/ee147/fl21/class/ee147-aaf/software/python/1/include -DHAVE_EXPAT_CONFIG_H conftest.c >&5
configure:6106: $? = 0
configure:6109: ar cru libconftest.a @conftest.lst >&5
configure:6112: $? = 0
configure:6117: ar cru libconftest.a @conftest.lst >&5
ar: conftest.o: No such file or directory
configure:6120: $? = 1
configure:6132: result: @
configure:6190: checking for strip
configure:6206: found /usr/bin/strip
configure:6217: result: strip
configure:6289: checking for ranlib
configure:6305: found /usr/bin/ranlib
configure:6316: result: ranlib
configure:6418: checking command to parse /usr/bin/nm -B output from gcc object
configure:6571: gcc -c -Wl,-rpath,/home/cc/ee147/fl21/class/ee147-aaf/software/python/1/lib:/home/cc/ee147/fl21/class/ee147-aaf/software/python/1/lib64 -I/home/cc/ee147/fl21/class/ee147-aaf/software/python/1/include -Wl,-rpath,/home/cc/ee147/fl21/class/ee147-aaf/software/python/1/lib:/home/cc/ee147/fl21/class/ee147-aaf/software/python/1/lib64 -I/home/cc/ee147/fl21/class/ee147-aaf/software/python/1/include -DHAVE_EXPAT_CONFIG_H conftest.c >&5
configure:6574: $? = 0
configure:6578: /usr/bin/nm -B conftest.o \| sed -n -e 's/^.*[ ]\([ABCDGIRSTW][ABCDGIRSTW]*\)[ ][ ]*\([_A-Za-z][_A-Za-z0-9]*\)$/\1 \2 \2/p' | sed '/ __gnu_lto/d' \> conftest.nm
configure:6581: $? = 0
configure:6647: gcc -o conftest -Wl,-rpath,/home/cc/ee147/fl21/class/ee147-aaf/software/python/1/lib:/home/cc/ee147/fl21/class/ee147-aaf/software/python/1/lib64 -I/home/cc/ee147/fl21/class/ee147-aaf/software/python/1/include -Wl,-rpath,/home/cc/ee147/fl21/class/ee147-aaf/software/python/1/lib:/home/cc/ee147/fl21/class/ee147-aaf/software/python/1/lib64 -I/home/cc/ee147/fl21/class/ee147-aaf/software/python/1/include -DHAVE_EXPAT_CONFIG_H -Wl,-rpath,/home/cc/ee147/fl21/class/ee147-aaf/software/python/1/lib:/home/cc/ee147/fl21/class/ee147-aaf/software/python/1/lib64 -L/home/cc/ee147/fl21/class/ee147-aaf/software/python/1/lib:/home/cc/ee147/fl21/class/ee147-aaf/software/python/1/lib64 conftest.c conftstm.o >&5
configure:6650: $? = 0
configure:6688: result: ok
configure:6735: checking for sysroot
configure:6765: result: no
configure:6772: checking for a working dd
configure:6810: result: /usr/bin/dd
configure:6814: checking how to truncate binary pipes
configure:6829: result: /usr/bin/dd bs=4096 count=1
configure:6965: gcc -c -Wl,-rpath,/home/cc/ee147/fl21/class/ee147-aaf/software/python/1/lib:/home/cc/ee147/fl21/class/ee147-aaf/software/python/1/lib64 -I/home/cc/ee147/fl21/class/ee147-aaf/software/python/1/include -Wl,-rpath,/home/cc/ee147/fl21/class/ee147-aaf/software/python/1/lib:/home/cc/ee147/fl21/class/ee147-aaf/software/python/1/lib64 -I/home/cc/ee147/fl21/class/ee147-aaf/software/python/1/include -DHAVE_EXPAT_CONFIG_H conftest.c >&5
configure:6968: $? = 0
configure:7158: checking for mt
configure:7188: result: no
configure:7208: checking if : is a manifest tool
configure:7214: : '-?'
configure:7222: result: no
configure:7899: checking how to run the C preprocessor
configure:7930: gcc -E -Wl,-rpath,/home/cc/ee147/fl21/class/ee147-aaf/software/python/1/lib:/home/cc/ee147/fl21/class/ee147-aaf/software/python/1/lib64 -I/home/cc/ee147/fl21/class/ee147-aaf/software/python/1/include -DHAVE_EXPAT_CONFIG_H conftest.c
configure:7930: $? = 0
configure:7944: gcc -E -Wl,-rpath,/home/cc/ee147/fl21/class/ee147-aaf/software/python/1/lib:/home/cc/ee147/fl21/class/ee147-aaf/software/python/1/lib64 -I/home/cc/ee147/fl21/class/ee147-aaf/software/python/1/include -DHAVE_EXPAT_CONFIG_H conftest.c
conftest.c:11:28: fatal error: ac_nonexistent.h: No such file or directory
 #include <ac_nonexistent.h>
                            ^
compilation terminated.
configure:7944: $? = 1
configure: failed program was:
| /* confdefs.h */
| #define PACKAGE_NAME "expat"
| #define PACKAGE_TARNAME "expat"
| #define PACKAGE_VERSION "2.2.6"
| #define PACKAGE_STRING "expat 2.2.6"
| #define PACKAGE_BUGREPORT "expat-bugs@libexpat.org"
| #define PACKAGE_URL ""
| #define PACKAGE "expat"
| #define VERSION "2.2.6"
| /* end confdefs.h.  */
| #include <ac_nonexistent.h>
configure:7969: result: gcc -E
configure:7989: gcc -E -Wl,-rpath,/home/cc/ee147/fl21/class/ee147-aaf/software/python/1/lib:/home/cc/ee147/fl21/class/ee147-aaf/software/python/1/lib64 -I/home/cc/ee147/fl21/class/ee147-aaf/software/python/1/include -DHAVE_EXPAT_CONFIG_H conftest.c
configure:7989: $? = 0
configure:8003: gcc -E -Wl,-rpath,/home/cc/ee147/fl21/class/ee147-aaf/software/python/1/lib:/home/cc/ee147/fl21/class/ee147-aaf/software/python/1/lib64 -I/home/cc/ee147/fl21/class/ee147-aaf/software/python/1/include -DHAVE_EXPAT_CONFIG_H conftest.c
conftest.c:11:28: fatal error: ac_nonexistent.h: No such file or directory
 #include <ac_nonexistent.h>
                            ^
compilation terminated.
configure:8003: $? = 1
configure: failed program was:
| /* confdefs.h */
| #define PACKAGE_NAME "expat"
| #define PACKAGE_TARNAME "expat"
| #define PACKAGE_VERSION "2.2.6"
| #define PACKAGE_STRING "expat 2.2.6"
| #define PACKAGE_BUGREPORT "expat-bugs@libexpat.org"
| #define PACKAGE_URL ""
| #define PACKAGE "expat"
| #define VERSION "2.2.6"
| /* end confdefs.h.  */
| #include <ac_nonexistent.h>
configure:8032: checking for ANSI C header files
configure:8052: gcc -c -Wl,-rpath,/home/cc/ee147/fl21/class/ee147-aaf/software/python/1/lib:/home/cc/ee147/fl21/class/ee147-aaf/software/python/1/lib64 -I/home/cc/ee147/fl21/class/ee147-aaf/software/python/1/include -Wl,-rpath,/home/cc/ee147/fl21/class/ee147-aaf/software/python/1/lib:/home/cc/ee147/fl21/class/ee147-aaf/software/python/1/lib64 -I/home/cc/ee147/fl21/class/ee147-aaf/software/python/1/include -DHAVE_EXPAT_CONFIG_H conftest.c >&5
configure:8052: $? = 0
configure:8125: gcc -o conftest -Wl,-rpath,/home/cc/ee147/fl21/class/ee147-aaf/software/python/1/lib:/home/cc/ee147/fl21/class/ee147-aaf/software/python/1/lib64 -I/home/cc/ee147/fl21/class/ee147-aaf/software/python/1/include -Wl,-rpath,/home/cc/ee147/fl21/class/ee147-aaf/software/python/1/lib:/home/cc/ee147/fl21/class/ee147-aaf/software/python/1/lib64 -I/home/cc/ee147/fl21/class/ee147-aaf/software/python/1/include -DHAVE_EXPAT_CONFIG_H -Wl,-rpath,/home/cc/ee147/fl21/class/ee147-aaf/software/python/1/lib:/home/cc/ee147/fl21/class/ee147-aaf/software/python/1/lib64 -L/home/cc/ee147/fl21/class/ee147-aaf/software/python/1/lib:/home/cc/ee147/fl21/class/ee147-aaf/software/python/1/lib64 conftest.c  >&5
configure:8125: $? = 0
configure:8125: ./conftest
configure:8125: $? = 0
configure:8136: result: yes
configure:8149: checking for sys/types.h
configure:8149: gcc -c -Wl,-rpath,/home/cc/ee147/fl21/class/ee147-aaf/software/python/1/lib:/home/cc/ee147/fl21/class/ee147-aaf/software/python/1/lib64 -I/home/cc/ee147/fl21/class/ee147-aaf/software/python/1/include -Wl,-rpath,/home/cc/ee147/fl21/class/ee147-aaf/software/python/1/lib:/home/cc/ee147/fl21/class/ee147-aaf/software/python/1/lib64 -I/home/cc/ee147/fl21/class/ee147-aaf/software/python/1/include -DHAVE_EXPAT_CONFIG_H conftest.c >&5
configure:8149: $? = 0
configure:8149: result: yes
configure:8149: checking for sys/stat.h
configure:8149: gcc -c -Wl,-rpath,/home/cc/ee147/fl21/class/ee147-aaf/software/python/1/lib:/home/cc/ee147/fl21/class/ee147-aaf/software/python/1/lib64 -I/home/cc/ee147/fl21/class/ee147-aaf/software/python/1/include -Wl,-rpath,/home/cc/ee147/fl21/class/ee147-aaf/software/python/1/lib:/home/cc/ee147/fl21/class/ee147-aaf/software/python/1/lib64 -I/home/cc/ee147/fl21/class/ee147-aaf/software/python/1/include -DHAVE_EXPAT_CONFIG_H conftest.c >&5
configure:8149: $? = 0
configure:8149: result: yes
configure:8149: checking for stdlib.h
configure:8149: gcc -c -Wl,-rpath,/home/cc/ee147/fl21/class/ee147-aaf/software/python/1/lib:/home/cc/ee147/fl21/class/ee147-aaf/software/python/1/lib64 -I/home/cc/ee147/fl21/class/ee147-aaf/software/python/1/include -Wl,-rpath,/home/cc/ee147/fl21/class/ee147-aaf/software/python/1/lib:/home/cc/ee147/fl21/class/ee147-aaf/software/python/1/lib64 -I/home/cc/ee147/fl21/class/ee147-aaf/software/python/1/include -DHAVE_EXPAT_CONFIG_H conftest.c >&5
configure:8149: $? = 0
configure:8149: result: yes
configure:8149: checking for string.h
configure:8149: gcc -c -Wl,-rpath,/home/cc/ee147/fl21/class/ee147-aaf/software/python/1/lib:/home/cc/ee147/fl21/class/ee147-aaf/software/python/1/lib64 -I/home/cc/ee147/fl21/class/ee147-aaf/software/python/1/include -Wl,-rpath,/home/cc/ee147/fl21/class/ee147-aaf/software/python/1/lib:/home/cc/ee147/fl21/class/ee147-aaf/software/python/1/lib64 -I/home/cc/ee147/fl21/class/ee147-aaf/software/python/1/include -DHAVE_EXPAT_CONFIG_H conftest.c >&5
configure:8149: $? = 0
configure:8149: result: yes
configure:8149: checking for memory.h
configure:8149: gcc -c -Wl,-rpath,/home/cc/ee147/fl21/class/ee147-aaf/software/python/1/lib:/home/cc/ee147/fl21/class/ee147-aaf/software/python/1/lib64 -I/home/cc/ee147/fl21/class/ee147-aaf/software/python/1/include -Wl,-rpath,/home/cc/ee147/fl21/class/ee147-aaf/software/python/1/lib:/home/cc/ee147/fl21/class/ee147-aaf/software/python/1/lib64 -I/home/cc/ee147/fl21/class/ee147-aaf/software/python/1/include -DHAVE_EXPAT_CONFIG_H conftest.c >&5
configure:8149: $? = 0
configure:8149: result: yes
configure:8149: checking for strings.h
configure:8149: gcc -c -Wl,-rpath,/home/cc/ee147/fl21/class/ee147-aaf/software/python/1/lib:/home/cc/ee147/fl21/class/ee147-aaf/software/python/1/lib64 -I/home/cc/ee147/fl21/class/ee147-aaf/software/python/1/include -Wl,-rpath,/home/cc/ee147/fl21/class/ee147-aaf/software/python/1/lib:/home/cc/ee147/fl21/class/ee147-aaf/software/python/1/lib64 -I/home/cc/ee147/fl21/class/ee147-aaf/software/python/1/include -DHAVE_EXPAT_CONFIG_H conftest.c >&5
configure:8149: $? = 0
configure:8149: result: yes
configure:8149: checking for inttypes.h
configure:8149: gcc -c -Wl,-rpath,/home/cc/ee147/fl21/class/ee147-aaf/software/python/1/lib:/home/cc/ee147/fl21/class/ee147-aaf/software/python/1/lib64 -I/home/cc/ee147/fl21/class/ee147-aaf/software/python/1/include -Wl,-rpath,/home/cc/ee147/fl21/class/ee147-aaf/software/python/1/lib:/home/cc/ee147/fl21/class/ee147-aaf/software/python/1/lib64 -I/home/cc/ee147/fl21/class/ee147-aaf/software/python/1/include -DHAVE_EXPAT_CONFIG_H conftest.c >&5
configure:8149: $? = 0
configure:8149: result: yes
configure:8149: checking for stdint.h
configure:8149: gcc -c -Wl,-rpath,/home/cc/ee147/fl21/class/ee147-aaf/software/python/1/lib:/home/cc/ee147/fl21/class/ee147-aaf/software/python/1/lib64 -I/home/cc/ee147/fl21/class/ee147-aaf/software/python/1/include -Wl,-rpath,/home/cc/ee147/fl21/class/ee147-aaf/software/python/1/lib:/home/cc/ee147/fl21/class/ee147-aaf/software/python/1/lib64 -I/home/cc/ee147/fl21/class/ee147-aaf/software/python/1/include -DHAVE_EXPAT_CONFIG_H conftest.c >&5
configure:8149: $? = 0
configure:8149: result: yes
configure:8149: checking for unistd.h
configure:8149: gcc -c -Wl,-rpath,/home/cc/ee147/fl21/class/ee147-aaf/software/python/1/lib:/home/cc/ee147/fl21/class/ee147-aaf/software/python/1/lib64 -I/home/cc/ee147/fl21/class/ee147-aaf/software/python/1/include -Wl,-rpath,/home/cc/ee147/fl21/class/ee147-aaf/software/python/1/lib:/home/cc/ee147/fl21/class/ee147-aaf/software/python/1/lib64 -I/home/cc/ee147/fl21/class/ee147-aaf/software/python/1/include -DHAVE_EXPAT_CONFIG_H conftest.c >&5
configure:8149: $? = 0
configure:8149: result: yes
configure:8163: checking for dlfcn.h
configure:8163: gcc -c -Wl,-rpath,/home/cc/ee147/fl21/class/ee147-aaf/software/python/1/lib:/home/cc/ee147/fl21/class/ee147-aaf/software/python/1/lib64 -I/home/cc/ee147/fl21/class/ee147-aaf/software/python/1/include -Wl,-rpath,/home/cc/ee147/fl21/class/ee147-aaf/software/python/1/lib:/home/cc/ee147/fl21/class/ee147-aaf/software/python/1/lib64 -I/home/cc/ee147/fl21/class/ee147-aaf/software/python/1/include -DHAVE_EXPAT_CONFIG_H conftest.c >&5
configure:8163: $? = 0
configure:8163: result: yes
configure:8417: checking for objdir
configure:8432: result: .libs
configure:8696: checking if gcc supports -fno-rtti -fno-exceptions
configure:8714: gcc -c -Wl,-rpath,/home/cc/ee147/fl21/class/ee147-aaf/software/python/1/lib:/home/cc/ee147/fl21/class/ee147-aaf/software/python/1/lib64 -I/home/cc/ee147/fl21/class/ee147-aaf/software/python/1/include -Wl,-rpath,/home/cc/ee147/fl21/class/ee147-aaf/software/python/1/lib:/home/cc/ee147/fl21/class/ee147-aaf/software/python/1/lib64 -I/home/cc/ee147/fl21/class/ee147-aaf/software/python/1/include -DHAVE_EXPAT_CONFIG_H -fno-rtti -fno-exceptions conftest.c >&5
cc1: warning: command line option '-fno-rtti' is valid for C++/ObjC++ but not for C [enabled by default]
configure:8718: $? = 0
configure:8731: result: no
configure:9089: checking for gcc option to produce PIC
configure:9096: result: -fPIC -DPIC
configure:9104: checking if gcc PIC flag -fPIC -DPIC works
configure:9122: gcc -c -Wl,-rpath,/home/cc/ee147/fl21/class/ee147-aaf/software/python/1/lib:/home/cc/ee147/fl21/class/ee147-aaf/software/python/1/lib64 -I/home/cc/ee147/fl21/class/ee147-aaf/software/python/1/include -Wl,-rpath,/home/cc/ee147/fl21/class/ee147-aaf/software/python/1/lib:/home/cc/ee147/fl21/class/ee147-aaf/software/python/1/lib64 -I/home/cc/ee147/fl21/class/ee147-aaf/software/python/1/include -DHAVE_EXPAT_CONFIG_H -fPIC -DPIC -DPIC conftest.c >&5
configure:9126: $? = 0
configure:9139: result: yes
configure:9168: checking if gcc static flag -static works
configure:9196: result: no
configure:9211: checking if gcc supports -c -o file.o
configure:9232: gcc -c -Wl,-rpath,/home/cc/ee147/fl21/class/ee147-aaf/software/python/1/lib:/home/cc/ee147/fl21/class/ee147-aaf/software/python/1/lib64 -I/home/cc/ee147/fl21/class/ee147-aaf/software/python/1/include -Wl,-rpath,/home/cc/ee147/fl21/class/ee147-aaf/software/python/1/lib:/home/cc/ee147/fl21/class/ee147-aaf/software/python/1/lib64 -I/home/cc/ee147/fl21/class/ee147-aaf/software/python/1/include -DHAVE_EXPAT_CONFIG_H -o out/conftest2.o conftest.c >&5
configure:9236: $? = 0
configure:9258: result: yes
configure:9266: checking if gcc supports -c -o file.o
configure:9313: result: yes
configure:9346: checking whether the gcc linker (/usr/bin/ld -m elf_x86_64) supports shared libraries
configure:10605: result: yes
configure:10642: checking whether -lc should be explicitly linked in
configure:10650: gcc -c -Wl,-rpath,/home/cc/ee147/fl21/class/ee147-aaf/software/python/1/lib:/home/cc/ee147/fl21/class/ee147-aaf/software/python/1/lib64 -I/home/cc/ee147/fl21/class/ee147-aaf/software/python/1/include -Wl,-rpath,/home/cc/ee147/fl21/class/ee147-aaf/software/python/1/lib:/home/cc/ee147/fl21/class/ee147-aaf/software/python/1/lib64 -I/home/cc/ee147/fl21/class/ee147-aaf/software/python/1/include -DHAVE_EXPAT_CONFIG_H conftest.c >&5
configure:10653: $? = 0
configure:10668: gcc -shared  -fPIC -DPIC conftest.o  -v -Wl,-soname -Wl,conftest -o conftest 2\>\&1 \| /usr/bin/grep  -lc  \>/dev/null 2\>\&1
configure:10671: $? = 0
configure:10685: result: no
configure:10845: checking dynamic linker characteristics
configure:11439: gcc -o conftest -Wl,-rpath,/home/cc/ee147/fl21/class/ee147-aaf/software/python/1/lib:/home/cc/ee147/fl21/class/ee147-aaf/software/python/1/lib64 -I/home/cc/ee147/fl21/class/ee147-aaf/software/python/1/include -Wl,-rpath,/home/cc/ee147/fl21/class/ee147-aaf/software/python/1/lib:/home/cc/ee147/fl21/class/ee147-aaf/software/python/1/lib64 -I/home/cc/ee147/fl21/class/ee147-aaf/software/python/1/include -DHAVE_EXPAT_CONFIG_H -Wl,-rpath,/home/cc/ee147/fl21/class/ee147-aaf/software/python/1/lib:/home/cc/ee147/fl21/class/ee147-aaf/software/python/1/lib64 -L/home/cc/ee147/fl21/class/ee147-aaf/software/python/1/lib:/home/cc/ee147/fl21/class/ee147-aaf/software/python/1/lib64 -Wl,-rpath -Wl,/foo conftest.c  >&5
configure:11439: $? = 0
configure:11676: result: GNU/Linux ld.so
configure:11798: checking how to hardcode library paths into programs
configure:11823: result: immediate
configure:12371: checking whether stripping libraries is possible
configure:12376: result: yes
configure:12411: checking if libtool supports shared libraries
configure:12413: result: yes
configure:12416: checking whether to build shared libraries
configure:12441: result: yes
configure:12444: checking whether to build static libraries
configure:12448: result: yes
configure:12490: checking for gcc option to accept ISO C99
configure:12639: gcc  -c -Wl,-rpath,/home/cc/ee147/fl21/class/ee147-aaf/software/python/1/lib:/home/cc/ee147/fl21/class/ee147-aaf/software/python/1/lib64 -I/home/cc/ee147/fl21/class/ee147-aaf/software/python/1/include -Wl,-rpath,/home/cc/ee147/fl21/class/ee147-aaf/software/python/1/lib:/home/cc/ee147/fl21/class/ee147-aaf/software/python/1/lib64 -I/home/cc/ee147/fl21/class/ee147-aaf/software/python/1/include -DHAVE_EXPAT_CONFIG_H conftest.c >&5
conftest.c:73:29: error: expected ';', ',' or ')' before 'text'
 test_restrict (ccp restrict text)
                             ^
conftest.c: In function 'main':
conftest.c:127:18: error: expected '=', ',', ';', 'asm' or '__attribute__' before 'newvar'
   char *restrict newvar = "Another string";
                  ^
conftest.c:127:18: error: 'newvar' undeclared (first use in this function)
conftest.c:127:18: note: each undeclared identifier is reported only once for each function it appears in
conftest.c:137:3: error: 'for' loop initial declarations are only allowed in C99 mode
   for (int i = 0; i < ia->datasize; ++i)
   ^
conftest.c:137:3: note: use option -std=c99 or -std=gnu99 to compile your code
configure:12639: $? = 1
configure: failed program was:
| /* confdefs.h */
| #define PACKAGE_NAME "expat"
| #define PACKAGE_TARNAME "expat"
| #define PACKAGE_VERSION "2.2.6"
| #define PACKAGE_STRING "expat 2.2.6"
| #define PACKAGE_BUGREPORT "expat-bugs@libexpat.org"
| #define PACKAGE_URL ""
| #define PACKAGE "expat"
| #define VERSION "2.2.6"
| #define STDC_HEADERS 1
| #define HAVE_SYS_TYPES_H 1
| #define HAVE_SYS_STAT_H 1
| #define HAVE_STDLIB_H 1
| #define HAVE_STRING_H 1
| #define HAVE_MEMORY_H 1
| #define HAVE_STRINGS_H 1
| #define HAVE_INTTYPES_H 1
| #define HAVE_STDINT_H 1
| #define HAVE_UNISTD_H 1
| #define HAVE_DLFCN_H 1
| #define LT_OBJDIR ".libs/"
| /* end confdefs.h.  */
| #include <stdarg.h>
| #include <stdbool.h>
| #include <stdlib.h>
| #include <wchar.h>
| #include <stdio.h>
| 
| // Check varargs macros.  These examples are taken from C99 6.10.3.5.
| #define debug(...) fprintf (stderr, __VA_ARGS__)
| #define showlist(...) puts (#__VA_ARGS__)
| #define report(test,...) ((test) ? puts (#test) : printf (__VA_ARGS__))
| static void
| test_varargs_macros (void)
| {
|   int x = 1234;
|   int y = 5678;
|   debug ("Flag");
|   debug ("X = %d\n", x);
|   showlist (The first, second, and third items.);
|   report (x>y, "x is %d but y is %d", x, y);
| }
| 
| // Check long long types.
| #define BIG64 18446744073709551615ull
| #define BIG32 4294967295ul
| #define BIG_OK (BIG64 / BIG32 == 4294967297ull && BIG64 % BIG32 == 0)
| #if !BIG_OK
|   your preprocessor is broken;
| #endif
| #if BIG_OK
| #else
|   your preprocessor is broken;
| #endif
| static long long int bignum = -9223372036854775807LL;
| static unsigned long long int ubignum = BIG64;
| 
| struct incomplete_array
| {
|   int datasize;
|   double data[];
| };
| 
| struct named_init {
|   int number;
|   const wchar_t *name;
|   double average;
| };
| 
| typedef const char *ccp;
| 
| static inline int
| test_restrict (ccp restrict text)
| {
|   // See if C++-style comments work.
|   // Iterate through items via the restricted pointer.
|   // Also check for declarations in for loops.
|   for (unsigned int i = 0; *(text+i) != '\0'; ++i)
|     continue;
|   return 0;
| }
| 
| // Check varargs and va_copy.
| static void
| test_varargs (const char *format, ...)
| {
|   va_list args;
|   va_start (args, format);
|   va_list args_copy;
|   va_copy (args_copy, args);
| 
|   const char *str;
|   int number;
|   float fnumber;
| 
|   while (*format)
|     {
|       switch (*format++)
| 	{
| 	case 's': // string
| 	  str = va_arg (args_copy, const char *);
| 	  break;
| 	case 'd': // int
| 	  number = va_arg (args_copy, int);
| 	  break;
| 	case 'f': // float
| 	  fnumber = va_arg (args_copy, double);
| 	  break;
| 	default:
| 	  break;
| 	}
|     }
|   va_end (args_copy);
|   va_end (args);
| }
| 
| int
| main ()
| {
| 
|   // Check bool.
|   _Bool success = false;
| 
|   // Check restrict.
|   if (test_restrict ("String literal") == 0)
|     success = true;
|   char *restrict newvar = "Another string";
| 
|   // Check varargs.
|   test_varargs ("s, d' f .", "string", 65, 34.234);
|   test_varargs_macros ();
| 
|   // Check flexible array members.
|   struct incomplete_array *ia =
|     malloc (sizeof (struct incomplete_array) + (sizeof (double) * 10));
|   ia->datasize = 10;
|   for (int i = 0; i < ia->datasize; ++i)
|     ia->data[i] = i * 1.234;
| 
|   // Check named initializers.
|   struct named_init ni = {
|     .number = 34,
|     .name = L"Test wide string",
|     .average = 543.34343,
|   };
| 
|   ni.number = 58;
| 
|   int dynamic_array[ni.number];
|   dynamic_array[ni.number - 1] = 543;
| 
|   // work around unused variable warnings
|   return (!success || bignum == 0LL || ubignum == 0uLL || newvar[0] == 'x'
| 	  || dynamic_array[ni.number - 1] != 543);
| 
|   ;
|   return 0;
| }
configure:12639: gcc -std=gnu99 -c -Wl,-rpath,/home/cc/ee147/fl21/class/ee147-aaf/software/python/1/lib:/home/cc/ee147/fl21/class/ee147-aaf/software/python/1/lib64 -I/home/cc/ee147/fl21/class/ee147-aaf/software/python/1/include -Wl,-rpath,/home/cc/ee147/fl21/class/ee147-aaf/software/python/1/lib:/home/cc/ee147/fl21/class/ee147-aaf/software/python/1/lib64 -I/home/cc/ee147/fl21/class/ee147-aaf/software/python/1/include -DHAVE_EXPAT_CONFIG_H conftest.c >&5
configure:12639: $? = 0
configure:12659: result: -std=gnu99
configure:12725: checking for g++
configure:12741: found /usr/bin/g++
configure:12752: result: g++
configure:12779: checking for C++ compiler version
configure:12788: g++ --version >&5
g++ (GCC) 4.8.5 20150623 (Red Hat 4.8.5-44)
Copyright (C) 2015 Free Software Foundation, Inc.
This is free software; see the source for copying conditions.  There is NO
warranty; not even for MERCHANTABILITY or FITNESS FOR A PARTICULAR PURPOSE.

configure:12799: $? = 0
configure:12788: g++ -v >&5
Using built-in specs.
COLLECT_GCC=g++
COLLECT_LTO_WRAPPER=/usr/libexec/gcc/x86_64-redhat-linux/4.8.5/lto-wrapper
Target: x86_64-redhat-linux
Configured with: ../configure --prefix=/usr --mandir=/usr/share/man --infodir=/usr/share/info --with-bugurl=http://bugzilla.redhat.com/bugzilla --enable-bootstrap --enable-shared --enable-threads=posix --enable-checking=release --with-system-zlib --enable-__cxa_atexit --disable-libunwind-exceptions --enable-gnu-unique-object --enable-linker-build-id --with-linker-hash-style=gnu --enable-languages=c,c++,objc,obj-c++,java,fortran,ada,go,lto --enable-plugin --enable-initfini-array --disable-libgcj --with-isl=/builddir/build/BUILD/gcc-4.8.5-20150702/obj-x86_64-redhat-linux/isl-install --with-cloog=/builddir/build/BUILD/gcc-4.8.5-20150702/obj-x86_64-redhat-linux/cloog-install --enable-gnu-indirect-function --with-tune=generic --with-arch_32=x86-64 --build=x86_64-redhat-linux
Thread model: posix
gcc version 4.8.5 20150623 (Red Hat 4.8.5-44) (GCC) 
configure:12799: $? = 0
configure:12788: g++ -V >&5
g++: error: unrecognized command line option '-V'
g++: fatal error: no input files
compilation terminated.
configure:12799: $? = 4
configure:12788: g++ -qversion >&5
g++: error: unrecognized command line option '-qversion'
g++: fatal error: no input files
compilation terminated.
configure:12799: $? = 4
configure:12803: checking whether we are using the GNU C++ compiler
configure:12822: g++ -c  -Wl,-rpath,/home/cc/ee147/fl21/class/ee147-aaf/software/python/1/lib:/home/cc/ee147/fl21/class/ee147-aaf/software/python/1/lib64 -I/home/cc/ee147/fl21/class/ee147-aaf/software/python/1/include -DHAVE_EXPAT_CONFIG_H conftest.cpp >&5
configure:12822: $? = 0
configure:12831: result: yes
configure:12840: checking whether g++ accepts -g
configure:12860: g++ -c -g -Wl,-rpath,/home/cc/ee147/fl21/class/ee147-aaf/software/python/1/lib:/home/cc/ee147/fl21/class/ee147-aaf/software/python/1/lib64 -I/home/cc/ee147/fl21/class/ee147-aaf/software/python/1/include -DHAVE_EXPAT_CONFIG_H conftest.cpp >&5
configure:12860: $? = 0
configure:12901: result: yes
configure:12926: checking dependency style of g++
configure:13037: result: gcc3
configure:13070: checking how to run the C++ preprocessor
configure:13097: g++ -E -Wl,-rpath,/home/cc/ee147/fl21/class/ee147-aaf/software/python/1/lib:/home/cc/ee147/fl21/class/ee147-aaf/software/python/1/lib64 -I/home/cc/ee147/fl21/class/ee147-aaf/software/python/1/include -DHAVE_EXPAT_CONFIG_H conftest.cpp
configure:13097: $? = 0
configure:13111: g++ -E -Wl,-rpath,/home/cc/ee147/fl21/class/ee147-aaf/software/python/1/lib:/home/cc/ee147/fl21/class/ee147-aaf/software/python/1/lib64 -I/home/cc/ee147/fl21/class/ee147-aaf/software/python/1/include -DHAVE_EXPAT_CONFIG_H conftest.cpp
conftest.cpp:23:28: fatal error: ac_nonexistent.h: No such file or directory
 #include <ac_nonexistent.h>
                            ^
compilation terminated.
configure:13111: $? = 1
configure: failed program was:
| /* confdefs.h */
| #define PACKAGE_NAME "expat"
| #define PACKAGE_TARNAME "expat"
| #define PACKAGE_VERSION "2.2.6"
| #define PACKAGE_STRING "expat 2.2.6"
| #define PACKAGE_BUGREPORT "expat-bugs@libexpat.org"
| #define PACKAGE_URL ""
| #define PACKAGE "expat"
| #define VERSION "2.2.6"
| #define STDC_HEADERS 1
| #define HAVE_SYS_TYPES_H 1
| #define HAVE_SYS_STAT_H 1
| #define HAVE_STDLIB_H 1
| #define HAVE_STRING_H 1
| #define HAVE_MEMORY_H 1
| #define HAVE_STRINGS_H 1
| #define HAVE_INTTYPES_H 1
| #define HAVE_STDINT_H 1
| #define HAVE_UNISTD_H 1
| #define HAVE_DLFCN_H 1
| #define LT_OBJDIR ".libs/"
| /* end confdefs.h.  */
| #include <ac_nonexistent.h>
configure:13136: result: g++ -E
configure:13156: g++ -E -Wl,-rpath,/home/cc/ee147/fl21/class/ee147-aaf/software/python/1/lib:/home/cc/ee147/fl21/class/ee147-aaf/software/python/1/lib64 -I/home/cc/ee147/fl21/class/ee147-aaf/software/python/1/include -DHAVE_EXPAT_CONFIG_H conftest.cpp
configure:13156: $? = 0
configure:13170: g++ -E -Wl,-rpath,/home/cc/ee147/fl21/class/ee147-aaf/software/python/1/lib:/home/cc/ee147/fl21/class/ee147-aaf/software/python/1/lib64 -I/home/cc/ee147/fl21/class/ee147-aaf/software/python/1/include -DHAVE_EXPAT_CONFIG_H conftest.cpp
conftest.cpp:23:28: fatal error: ac_nonexistent.h: No such file or directory
 #include <ac_nonexistent.h>
                            ^
compilation terminated.
configure:13170: $? = 1
configure: failed program was:
| /* confdefs.h */
| #define PACKAGE_NAME "expat"
| #define PACKAGE_TARNAME "expat"
| #define PACKAGE_VERSION "2.2.6"
| #define PACKAGE_STRING "expat 2.2.6"
| #define PACKAGE_BUGREPORT "expat-bugs@libexpat.org"
| #define PACKAGE_URL ""
| #define PACKAGE "expat"
| #define VERSION "2.2.6"
| #define STDC_HEADERS 1
| #define HAVE_SYS_TYPES_H 1
| #define HAVE_SYS_STAT_H 1
| #define HAVE_STDLIB_H 1
| #define HAVE_STRING_H 1
| #define HAVE_MEMORY_H 1
| #define HAVE_STRINGS_H 1
| #define HAVE_INTTYPES_H 1
| #define HAVE_STDINT_H 1
| #define HAVE_UNISTD_H 1
| #define HAVE_DLFCN_H 1
| #define LT_OBJDIR ".libs/"
| /* end confdefs.h.  */
| #include <ac_nonexistent.h>
configure:13332: checking for ld used by g++
configure:13399: result: /usr/bin/ld -m elf_x86_64
configure:13406: checking if the linker (/usr/bin/ld -m elf_x86_64) is GNU ld
configure:13421: result: yes
configure:13476: checking whether the g++ linker (/usr/bin/ld -m elf_x86_64) supports shared libraries
configure:14549: result: yes
configure:14585: g++ -c -g -O2 -Wl,-rpath,/home/cc/ee147/fl21/class/ee147-aaf/software/python/1/lib:/home/cc/ee147/fl21/class/ee147-aaf/software/python/1/lib64 -I/home/cc/ee147/fl21/class/ee147-aaf/software/python/1/include -DHAVE_EXPAT_CONFIG_H conftest.cpp >&5
configure:14588: $? = 0
configure:15069: checking for g++ option to produce PIC
configure:15076: result: -fPIC -DPIC
configure:15084: checking if g++ PIC flag -fPIC -DPIC works
configure:15102: g++ -c -g -O2 -Wl,-rpath,/home/cc/ee147/fl21/class/ee147-aaf/software/python/1/lib:/home/cc/ee147/fl21/class/ee147-aaf/software/python/1/lib64 -I/home/cc/ee147/fl21/class/ee147-aaf/software/python/1/include -DHAVE_EXPAT_CONFIG_H -fPIC -DPIC -DPIC conftest.cpp >&5
configure:15106: $? = 0
configure:15119: result: yes
configure:15142: checking if g++ static flag -static works
configure:15170: result: no
configure:15182: checking if g++ supports -c -o file.o
configure:15203: g++ -c -g -O2 -Wl,-rpath,/home/cc/ee147/fl21/class/ee147-aaf/software/python/1/lib:/home/cc/ee147/fl21/class/ee147-aaf/software/python/1/lib64 -I/home/cc/ee147/fl21/class/ee147-aaf/software/python/1/include -DHAVE_EXPAT_CONFIG_H -o out/conftest2.o conftest.cpp >&5
configure:15207: $? = 0
configure:15229: result: yes
configure:15234: checking if g++ supports -c -o file.o
configure:15281: result: yes
configure:15311: checking whether the g++ linker (/usr/bin/ld -m elf_x86_64) supports shared libraries
configure:15351: result: yes
configure:15492: checking dynamic linker characteristics
configure:16250: result: GNU/Linux ld.so
configure:16315: checking how to hardcode library paths into programs
configure:16340: result: immediate
configure:16385: checking whether gcc -std=gnu99 accepts -fexceptions
configure:16398: gcc -std=gnu99 -o conftest -Wl,-rpath,/home/cc/ee147/fl21/class/ee147-aaf/software/python/1/lib:/home/cc/ee147/fl21/class/ee147-aaf/software/python/1/lib64 -I/home/cc/ee147/fl21/class/ee147-aaf/software/python/1/include -Wall -Wmissing-prototypes -Wstrict-prototypes -fexceptions -Wl,-rpath,/home/cc/ee147/fl21/class/ee147-aaf/software/python/1/lib:/home/cc/ee147/fl21/class/ee147-aaf/software/python/1/lib64 -I/home/cc/ee147/fl21/class/ee147-aaf/software/python/1/include -DHAVE_EXPAT_CONFIG_H -Wl,-rpath,/home/cc/ee147/fl21/class/ee147-aaf/software/python/1/lib:/home/cc/ee147/fl21/class/ee147-aaf/software/python/1/lib64 -L/home/cc/ee147/fl21/class/ee147-aaf/software/python/1/lib:/home/cc/ee147/fl21/class/ee147-aaf/software/python/1/lib64 conftest.c  >&5
conftest.c:25:1: warning: function declaration isn't a prototype [-Wstrict-prototypes]
 main ()
 ^
configure:16398: $? = 0
configure:16399: result: yes
configure:16416: checking for ANSI C header files
configure:16520: result: yes
configure:16530: checking whether byte ordering is bigendian
configure:16552: gcc -std=gnu99 -c -Wl,-rpath,/home/cc/ee147/fl21/class/ee147-aaf/software/python/1/lib:/home/cc/ee147/fl21/class/ee147-aaf/software/python/1/lib64 -I/home/cc/ee147/fl21/class/ee147-aaf/software/python/1/include -Wall -Wmissing-prototypes -Wstrict-prototypes -fexceptions -fno-strict-aliasing -Wl,-rpath,/home/cc/ee147/fl21/class/ee147-aaf/software/python/1/lib:/home/cc/ee147/fl21/class/ee147-aaf/software/python/1/lib64 -I/home/cc/ee147/fl21/class/ee147-aaf/software/python/1/include -DHAVE_EXPAT_CONFIG_H conftest.c >&5
conftest.c:27:1: warning: function declaration isn't a prototype [-Wstrict-prototypes]
 main ()
 ^
configure:16552: $? = 0
configure:16569: gcc -std=gnu99 -c -Wl,-rpath,/home/cc/ee147/fl21/class/ee147-aaf/software/python/1/lib:/home/cc/ee147/fl21/class/ee147-aaf/software/python/1/lib64 -I/home/cc/ee147/fl21/class/ee147-aaf/software/python/1/include -Wall -Wmissing-prototypes -Wstrict-prototypes -fexceptions -fno-strict-aliasing -Wl,-rpath,/home/cc/ee147/fl21/class/ee147-aaf/software/python/1/lib:/home/cc/ee147/fl21/class/ee147-aaf/software/python/1/lib64 -I/home/cc/ee147/fl21/class/ee147-aaf/software/python/1/include -DHAVE_EXPAT_CONFIG_H conftest.c >&5
conftest.c:27:1: warning: function declaration isn't a prototype [-Wstrict-prototypes]
 main ()
 ^
conftest.c: In function 'main':
conftest.c:31:2: error: unknown type name 'not'
  not big endian
  ^
conftest.c:31:10: error: expected '=', ',', ';', 'asm' or '__attribute__' before 'endian'
  not big endian
          ^
configure:16569: $? = 1
configure: failed program was:
| /* confdefs.h */
| #define PACKAGE_NAME "expat"
| #define PACKAGE_TARNAME "expat"
| #define PACKAGE_VERSION "2.2.6"
| #define PACKAGE_STRING "expat 2.2.6"
| #define PACKAGE_BUGREPORT "expat-bugs@libexpat.org"
| #define PACKAGE_URL ""
| #define PACKAGE "expat"
| #define VERSION "2.2.6"
| #define STDC_HEADERS 1
| #define HAVE_SYS_TYPES_H 1
| #define HAVE_SYS_STAT_H 1
| #define HAVE_STDLIB_H 1
| #define HAVE_STRING_H 1
| #define HAVE_MEMORY_H 1
| #define HAVE_STRINGS_H 1
| #define HAVE_INTTYPES_H 1
| #define HAVE_STDINT_H 1
| #define HAVE_UNISTD_H 1
| #define HAVE_DLFCN_H 1
| #define LT_OBJDIR ".libs/"
| #define STDC_HEADERS 1
| /* end confdefs.h.  */
| #include <sys/types.h>
| #include <sys/param.h>
| int
| main ()
| {
| 
| #if BYTE_ORDER != BIG_ENDIAN
|  not big endian
| #endif
|   ;
|   return 0;
| }
configure:16605: result: no
configure:16658: checking for an ANSI C-conforming const
configure:16724: gcc -std=gnu99 -c -Wl,-rpath,/home/cc/ee147/fl21/class/ee147-aaf/software/python/1/lib:/home/cc/ee147/fl21/class/ee147-aaf/software/python/1/lib64 -I/home/cc/ee147/fl21/class/ee147-aaf/software/python/1/include -Wall -Wmissing-prototypes -Wstrict-prototypes -fexceptions -fno-strict-aliasing -Wl,-rpath,/home/cc/ee147/fl21/class/ee147-aaf/software/python/1/lib:/home/cc/ee147/fl21/class/ee147-aaf/software/python/1/lib64 -I/home/cc/ee147/fl21/class/ee147-aaf/software/python/1/include -DHAVE_EXPAT_CONFIG_H conftest.c >&5
conftest.c:27:1: warning: function declaration isn't a prototype [-Wstrict-prototypes]
 main ()
 ^
configure:16724: $? = 0
configure:16731: result: yes
configure:16739: checking for size_t
configure:16739: gcc -std=gnu99 -c -Wl,-rpath,/home/cc/ee147/fl21/class/ee147-aaf/software/python/1/lib:/home/cc/ee147/fl21/class/ee147-aaf/software/python/1/lib64 -I/home/cc/ee147/fl21/class/ee147-aaf/software/python/1/include -Wall -Wmissing-prototypes -Wstrict-prototypes -fexceptions -fno-strict-aliasing -Wl,-rpath,/home/cc/ee147/fl21/class/ee147-aaf/software/python/1/lib:/home/cc/ee147/fl21/class/ee147-aaf/software/python/1/lib64 -I/home/cc/ee147/fl21/class/ee147-aaf/software/python/1/include -DHAVE_EXPAT_CONFIG_H conftest.c >&5
conftest.c:59:1: warning: function declaration isn't a prototype [-Wstrict-prototypes]
 main ()
 ^
configure:16739: $? = 0
configure:16739: gcc -std=gnu99 -c -Wl,-rpath,/home/cc/ee147/fl21/class/ee147-aaf/software/python/1/lib:/home/cc/ee147/fl21/class/ee147-aaf/software/python/1/lib64 -I/home/cc/ee147/fl21/class/ee147-aaf/software/python/1/include -Wall -Wmissing-prototypes -Wstrict-prototypes -fexceptions -fno-strict-aliasing -Wl,-rpath,/home/cc/ee147/fl21/class/ee147-aaf/software/python/1/lib:/home/cc/ee147/fl21/class/ee147-aaf/software/python/1/lib64 -I/home/cc/ee147/fl21/class/ee147-aaf/software/python/1/include -DHAVE_EXPAT_CONFIG_H conftest.c >&5
conftest.c:59:1: warning: function declaration isn't a prototype [-Wstrict-prototypes]
 main ()
 ^
conftest.c: In function 'main':
conftest.c:61:21: error: expected expression before ')' token
 if (sizeof ((size_t)))
                     ^
configure:16739: $? = 1
configure: failed program was:
| /* confdefs.h */
| #define PACKAGE_NAME "expat"
| #define PACKAGE_TARNAME "expat"
| #define PACKAGE_VERSION "2.2.6"
| #define PACKAGE_STRING "expat 2.2.6"
| #define PACKAGE_BUGREPORT "expat-bugs@libexpat.org"
| #define PACKAGE_URL ""
| #define PACKAGE "expat"
| #define VERSION "2.2.6"
| #define STDC_HEADERS 1
| #define HAVE_SYS_TYPES_H 1
| #define HAVE_SYS_STAT_H 1
| #define HAVE_STDLIB_H 1
| #define HAVE_STRING_H 1
| #define HAVE_MEMORY_H 1
| #define HAVE_STRINGS_H 1
| #define HAVE_INTTYPES_H 1
| #define HAVE_STDINT_H 1
| #define HAVE_UNISTD_H 1
| #define HAVE_DLFCN_H 1
| #define LT_OBJDIR ".libs/"
| #define STDC_HEADERS 1
| #define BYTEORDER 1234
| /* end confdefs.h.  */
| #include <stdio.h>
| #ifdef HAVE_SYS_TYPES_H
| # include <sys/types.h>
| #endif
| #ifdef HAVE_SYS_STAT_H
| # include <sys/stat.h>
| #endif
| #ifdef STDC_HEADERS
| # include <stdlib.h>
| # include <stddef.h>
| #else
| # ifdef HAVE_STDLIB_H
| #  include <stdlib.h>
| # endif
| #endif
| #ifdef HAVE_STRING_H
| # if !defined STDC_HEADERS && defined HAVE_MEMORY_H
| #  include <memory.h>
| # endif
| # include <string.h>
| #endif
| #ifdef HAVE_STRINGS_H
| # include <strings.h>
| #endif
| #ifdef HAVE_INTTYPES_H
| # include <inttypes.h>
| #endif
| #ifdef HAVE_STDINT_H
| # include <stdint.h>
| #endif
| #ifdef HAVE_UNISTD_H
| # include <unistd.h>
| #endif
| int
| main ()
| {
| if (sizeof ((size_t)))
| 	    return 0;
|   ;
|   return 0;
| }
configure:16739: result: yes
configure:16753: checking for memmove
configure:16753: gcc -std=gnu99 -o conftest -Wl,-rpath,/home/cc/ee147/fl21/class/ee147-aaf/software/python/1/lib:/home/cc/ee147/fl21/class/ee147-aaf/software/python/1/lib64 -I/home/cc/ee147/fl21/class/ee147-aaf/software/python/1/include -Wall -Wmissing-prototypes -Wstrict-prototypes -fexceptions -fno-strict-aliasing -Wl,-rpath,/home/cc/ee147/fl21/class/ee147-aaf/software/python/1/lib:/home/cc/ee147/fl21/class/ee147-aaf/software/python/1/lib64 -I/home/cc/ee147/fl21/class/ee147-aaf/software/python/1/include -DHAVE_EXPAT_CONFIG_H -Wl,-rpath,/home/cc/ee147/fl21/class/ee147-aaf/software/python/1/lib:/home/cc/ee147/fl21/class/ee147-aaf/software/python/1/lib64 -L/home/cc/ee147/fl21/class/ee147-aaf/software/python/1/lib:/home/cc/ee147/fl21/class/ee147-aaf/software/python/1/lib64 -fno-strict-aliasing conftest.c  >&5
conftest.c:48:1: warning: function declaration isn't a prototype [-Wstrict-prototypes]
 char memmove ();
 ^
conftest.c:48:6: warning: conflicting types for built-in function 'memmove' [enabled by default]
 char memmove ();
      ^
conftest.c:57:1: warning: function declaration isn't a prototype [-Wstrict-prototypes]
 main ()
 ^
configure:16753: $? = 0
configure:16753: result: yes
configure:16753: checking for bcopy
configure:16753: gcc -std=gnu99 -o conftest -Wl,-rpath,/home/cc/ee147/fl21/class/ee147-aaf/software/python/1/lib:/home/cc/ee147/fl21/class/ee147-aaf/software/python/1/lib64 -I/home/cc/ee147/fl21/class/ee147-aaf/software/python/1/include -Wall -Wmissing-prototypes -Wstrict-prototypes -fexceptions -fno-strict-aliasing -Wl,-rpath,/home/cc/ee147/fl21/class/ee147-aaf/software/python/1/lib:/home/cc/ee147/fl21/class/ee147-aaf/software/python/1/lib64 -I/home/cc/ee147/fl21/class/ee147-aaf/software/python/1/include -DHAVE_EXPAT_CONFIG_H -Wl,-rpath,/home/cc/ee147/fl21/class/ee147-aaf/software/python/1/lib:/home/cc/ee147/fl21/class/ee147-aaf/software/python/1/lib64 -L/home/cc/ee147/fl21/class/ee147-aaf/software/python/1/lib:/home/cc/ee147/fl21/class/ee147-aaf/software/python/1/lib64 -fno-strict-aliasing conftest.c  >&5
conftest.c:49:1: warning: function declaration isn't a prototype [-Wstrict-prototypes]
 char bcopy ();
 ^
conftest.c:49:6: warning: conflicting types for built-in function 'bcopy' [enabled by default]
 char bcopy ();
      ^
conftest.c:58:1: warning: function declaration isn't a prototype [-Wstrict-prototypes]
 main ()
 ^
configure:16753: $? = 0
configure:16753: result: yes
configure:16864: checking for arc4random_buf (BSD or libbsd)
configure:16879: gcc -std=gnu99 -o conftest -Wl,-rpath,/home/cc/ee147/fl21/class/ee147-aaf/software/python/1/lib:/home/cc/ee147/fl21/class/ee147-aaf/software/python/1/lib64 -I/home/cc/ee147/fl21/class/ee147-aaf/software/python/1/include -Wall -Wmissing-prototypes -Wstrict-prototypes -fexceptions -fno-strict-aliasing -Wl,-rpath,/home/cc/ee147/fl21/class/ee147-aaf/software/python/1/lib:/home/cc/ee147/fl21/class/ee147-aaf/software/python/1/lib64 -I/home/cc/ee147/fl21/class/ee147-aaf/software/python/1/include -DHAVE_EXPAT_CONFIG_H -Wl,-rpath,/home/cc/ee147/fl21/class/ee147-aaf/software/python/1/lib:/home/cc/ee147/fl21/class/ee147-aaf/software/python/1/lib64 -L/home/cc/ee147/fl21/class/ee147-aaf/software/python/1/lib:/home/cc/ee147/fl21/class/ee147-aaf/software/python/1/lib64 -fno-strict-aliasing conftest.c  >&5
conftest.c:32:7: warning: function declaration isn't a prototype [-Wstrict-prototypes]
   int main() {
       ^
conftest.c: In function 'main':
conftest.c:33:5: warning: implicit declaration of function 'arc4random_buf' [-Wimplicit-function-declaration]
     arc4random_buf(NULL, 0U);
     ^
/tmp/ccA3XoKe.o: In function `main':
conftest.c:(.text+0x14): undefined reference to `arc4random_buf'
collect2: error: ld returned 1 exit status
configure:16879: $? = 1
configure: failed program was:
| /* confdefs.h */
| #define PACKAGE_NAME "expat"
| #define PACKAGE_TARNAME "expat"
| #define PACKAGE_VERSION "2.2.6"
| #define PACKAGE_STRING "expat 2.2.6"
| #define PACKAGE_BUGREPORT "expat-bugs@libexpat.org"
| #define PACKAGE_URL ""
| #define PACKAGE "expat"
| #define VERSION "2.2.6"
| #define STDC_HEADERS 1
| #define HAVE_SYS_TYPES_H 1
| #define HAVE_SYS_STAT_H 1
| #define HAVE_STDLIB_H 1
| #define HAVE_STRING_H 1
| #define HAVE_MEMORY_H 1
| #define HAVE_STRINGS_H 1
| #define HAVE_INTTYPES_H 1
| #define HAVE_STDINT_H 1
| #define HAVE_UNISTD_H 1
| #define HAVE_DLFCN_H 1
| #define LT_OBJDIR ".libs/"
| #define STDC_HEADERS 1
| #define BYTEORDER 1234
| #define HAVE_MEMMOVE 1
| #define HAVE_BCOPY 1
| /* end confdefs.h.  */
| 
|   #include <stdlib.h>  /* for arc4random_buf on BSD, for NULL */
|   #if defined(HAVE_LIBBSD)
|   # include <bsd/stdlib.h>
|   #endif
|   int main() {
|     arc4random_buf(NULL, 0U);
|     return 0;
|   }
| 
configure:16889: result: no
configure:16892: checking for arc4random (BSD, macOS or libbsd)
configure:16908: gcc -std=gnu99 -o conftest -Wl,-rpath,/home/cc/ee147/fl21/class/ee147-aaf/software/python/1/lib:/home/cc/ee147/fl21/class/ee147-aaf/software/python/1/lib64 -I/home/cc/ee147/fl21/class/ee147-aaf/software/python/1/include -Wall -Wmissing-prototypes -Wstrict-prototypes -fexceptions -fno-strict-aliasing -Wl,-rpath,/home/cc/ee147/fl21/class/ee147-aaf/software/python/1/lib:/home/cc/ee147/fl21/class/ee147-aaf/software/python/1/lib64 -I/home/cc/ee147/fl21/class/ee147-aaf/software/python/1/include -DHAVE_EXPAT_CONFIG_H -Wl,-rpath,/home/cc/ee147/fl21/class/ee147-aaf/software/python/1/lib:/home/cc/ee147/fl21/class/ee147-aaf/software/python/1/lib64 -L/home/cc/ee147/fl21/class/ee147-aaf/software/python/1/lib:/home/cc/ee147/fl21/class/ee147-aaf/software/python/1/lib64 -fno-strict-aliasing conftest.c  >&5
conftest.c:33:11: warning: function declaration isn't a prototype [-Wstrict-prototypes]
       int main() {
           ^
conftest.c: In function 'main':
conftest.c:34:11: warning: implicit declaration of function 'arc4random' [-Wimplicit-function-declaration]
           arc4random();
           ^
/tmp/ccgGhOVk.o: In function `main':
conftest.c:(.text+0xa): undefined reference to `arc4random'
collect2: error: ld returned 1 exit status
configure:16908: $? = 1
configure: failed program was:
| /* confdefs.h */
| #define PACKAGE_NAME "expat"
| #define PACKAGE_TARNAME "expat"
| #define PACKAGE_VERSION "2.2.6"
| #define PACKAGE_STRING "expat 2.2.6"
| #define PACKAGE_BUGREPORT "expat-bugs@libexpat.org"
| #define PACKAGE_URL ""
| #define PACKAGE "expat"
| #define VERSION "2.2.6"
| #define STDC_HEADERS 1
| #define HAVE_SYS_TYPES_H 1
| #define HAVE_SYS_STAT_H 1
| #define HAVE_STDLIB_H 1
| #define HAVE_STRING_H 1
| #define HAVE_MEMORY_H 1
| #define HAVE_STRINGS_H 1
| #define HAVE_INTTYPES_H 1
| #define HAVE_STDINT_H 1
| #define HAVE_UNISTD_H 1
| #define HAVE_DLFCN_H 1
| #define LT_OBJDIR ".libs/"
| #define STDC_HEADERS 1
| #define BYTEORDER 1234
| #define HAVE_MEMMOVE 1
| #define HAVE_BCOPY 1
| /* end confdefs.h.  */
| 
|       #if defined(HAVE_LIBBSD)
|       # include <bsd/stdlib.h>
|       #else
|       # include <stdlib.h>
|       #endif
|       int main() {
|           arc4random();
|           return 0;
|       }
| 
configure:16918: result: no
configure:16930: checking for getrandom (Linux 3.17+, glibc 2.25+)
configure:16942: gcc -std=gnu99 -o conftest -Wl,-rpath,/home/cc/ee147/fl21/class/ee147-aaf/software/python/1/lib:/home/cc/ee147/fl21/class/ee147-aaf/software/python/1/lib64 -I/home/cc/ee147/fl21/class/ee147-aaf/software/python/1/include -Wall -Wmissing-prototypes -Wstrict-prototypes -fexceptions -fno-strict-aliasing -Wl,-rpath,/home/cc/ee147/fl21/class/ee147-aaf/software/python/1/lib:/home/cc/ee147/fl21/class/ee147-aaf/software/python/1/lib64 -I/home/cc/ee147/fl21/class/ee147-aaf/software/python/1/include -DHAVE_EXPAT_CONFIG_H -Wl,-rpath,/home/cc/ee147/fl21/class/ee147-aaf/software/python/1/lib:/home/cc/ee147/fl21/class/ee147-aaf/software/python/1/lib64 -L/home/cc/ee147/fl21/class/ee147-aaf/software/python/1/lib:/home/cc/ee147/fl21/class/ee147-aaf/software/python/1/lib64 -fno-strict-aliasing conftest.c  >&5
conftest.c:29:26: fatal error: sys/random.h: No such file or directory
   #include <sys/random.h>
                          ^
compilation terminated.
configure:16942: $? = 1
configure: failed program was:
| /* confdefs.h */
| #define PACKAGE_NAME "expat"
| #define PACKAGE_TARNAME "expat"
| #define PACKAGE_VERSION "2.2.6"
| #define PACKAGE_STRING "expat 2.2.6"
| #define PACKAGE_BUGREPORT "expat-bugs@libexpat.org"
| #define PACKAGE_URL ""
| #define PACKAGE "expat"
| #define VERSION "2.2.6"
| #define STDC_HEADERS 1
| #define HAVE_SYS_TYPES_H 1
| #define HAVE_SYS_STAT_H 1
| #define HAVE_STDLIB_H 1
| #define HAVE_STRING_H 1
| #define HAVE_MEMORY_H 1
| #define HAVE_STRINGS_H 1
| #define HAVE_INTTYPES_H 1
| #define HAVE_STDINT_H 1
| #define HAVE_UNISTD_H 1
| #define HAVE_DLFCN_H 1
| #define LT_OBJDIR ".libs/"
| #define STDC_HEADERS 1
| #define BYTEORDER 1234
| #define HAVE_MEMMOVE 1
| #define HAVE_BCOPY 1
| /* end confdefs.h.  */
| 
|   #include <stdlib.h>  /* for NULL */
|   #include <sys/random.h>
|   int main() {
|     return getrandom(NULL, 0U, 0U);
|   }
| 
configure:16952: result: no
configure:16955: checking for syscall SYS_getrandom (Linux 3.17+)
configure:16969: gcc -std=gnu99 -o conftest -Wl,-rpath,/home/cc/ee147/fl21/class/ee147-aaf/software/python/1/lib:/home/cc/ee147/fl21/class/ee147-aaf/software/python/1/lib64 -I/home/cc/ee147/fl21/class/ee147-aaf/software/python/1/include -Wall -Wmissing-prototypes -Wstrict-prototypes -fexceptions -fno-strict-aliasing -Wl,-rpath,/home/cc/ee147/fl21/class/ee147-aaf/software/python/1/lib:/home/cc/ee147/fl21/class/ee147-aaf/software/python/1/lib64 -I/home/cc/ee147/fl21/class/ee147-aaf/software/python/1/include -DHAVE_EXPAT_CONFIG_H -Wl,-rpath,/home/cc/ee147/fl21/class/ee147-aaf/software/python/1/lib:/home/cc/ee147/fl21/class/ee147-aaf/software/python/1/lib64 -L/home/cc/ee147/fl21/class/ee147-aaf/software/python/1/lib:/home/cc/ee147/fl21/class/ee147-aaf/software/python/1/lib64 -fno-strict-aliasing conftest.c  >&5
conftest.c:31:11: warning: function declaration isn't a prototype [-Wstrict-prototypes]
       int main() {
           ^
configure:16969: $? = 0
configure:16974: result: yes
configure:16994: checking fcntl.h usability
configure:16994: gcc -std=gnu99 -c -Wl,-rpath,/home/cc/ee147/fl21/class/ee147-aaf/software/python/1/lib:/home/cc/ee147/fl21/class/ee147-aaf/software/python/1/lib64 -I/home/cc/ee147/fl21/class/ee147-aaf/software/python/1/include -Wall -Wmissing-prototypes -Wstrict-prototypes -fexceptions -fno-strict-aliasing -Wl,-rpath,/home/cc/ee147/fl21/class/ee147-aaf/software/python/1/lib:/home/cc/ee147/fl21/class/ee147-aaf/software/python/1/lib64 -I/home/cc/ee147/fl21/class/ee147-aaf/software/python/1/include -DHAVE_EXPAT_CONFIG_H conftest.c >&5
configure:16994: $? = 0
configure:16994: result: yes
configure:16994: checking fcntl.h presence
configure:16994: gcc -E -Wl,-rpath,/home/cc/ee147/fl21/class/ee147-aaf/software/python/1/lib:/home/cc/ee147/fl21/class/ee147-aaf/software/python/1/lib64 -I/home/cc/ee147/fl21/class/ee147-aaf/software/python/1/include -DHAVE_EXPAT_CONFIG_H conftest.c
configure:16994: $? = 0
configure:16994: result: yes
configure:16994: checking for fcntl.h
configure:16994: result: yes
configure:16994: checking for unistd.h
configure:16994: result: yes
configure:17004: checking for off_t
configure:17004: gcc -std=gnu99 -c -Wl,-rpath,/home/cc/ee147/fl21/class/ee147-aaf/software/python/1/lib:/home/cc/ee147/fl21/class/ee147-aaf/software/python/1/lib64 -I/home/cc/ee147/fl21/class/ee147-aaf/software/python/1/include -Wall -Wmissing-prototypes -Wstrict-prototypes -fexceptions -fno-strict-aliasing -Wl,-rpath,/home/cc/ee147/fl21/class/ee147-aaf/software/python/1/lib:/home/cc/ee147/fl21/class/ee147-aaf/software/python/1/lib64 -I/home/cc/ee147/fl21/class/ee147-aaf/software/python/1/include -DHAVE_EXPAT_CONFIG_H conftest.c >&5
conftest.c:64:1: warning: function declaration isn't a prototype [-Wstrict-prototypes]
 main ()
 ^
configure:17004: $? = 0
configure:17004: gcc -std=gnu99 -c -Wl,-rpath,/home/cc/ee147/fl21/class/ee147-aaf/software/python/1/lib:/home/cc/ee147/fl21/class/ee147-aaf/software/python/1/lib64 -I/home/cc/ee147/fl21/class/ee147-aaf/software/python/1/include -Wall -Wmissing-prototypes -Wstrict-prototypes -fexceptions -fno-strict-aliasing -Wl,-rpath,/home/cc/ee147/fl21/class/ee147-aaf/software/python/1/lib:/home/cc/ee147/fl21/class/ee147-aaf/software/python/1/lib64 -I/home/cc/ee147/fl21/class/ee147-aaf/software/python/1/include -DHAVE_EXPAT_CONFIG_H conftest.c >&5
conftest.c:64:1: warning: function declaration isn't a prototype [-Wstrict-prototypes]
 main ()
 ^
conftest.c: In function 'main':
conftest.c:66:20: error: expected expression before ')' token
 if (sizeof ((off_t)))
                    ^
configure:17004: $? = 1
configure: failed program was:
| /* confdefs.h */
| #define PACKAGE_NAME "expat"
| #define PACKAGE_TARNAME "expat"
| #define PACKAGE_VERSION "2.2.6"
| #define PACKAGE_STRING "expat 2.2.6"
| #define PACKAGE_BUGREPORT "expat-bugs@libexpat.org"
| #define PACKAGE_URL ""
| #define PACKAGE "expat"
| #define VERSION "2.2.6"
| #define STDC_HEADERS 1
| #define HAVE_SYS_TYPES_H 1
| #define HAVE_SYS_STAT_H 1
| #define HAVE_STDLIB_H 1
| #define HAVE_STRING_H 1
| #define HAVE_MEMORY_H 1
| #define HAVE_STRINGS_H 1
| #define HAVE_INTTYPES_H 1
| #define HAVE_STDINT_H 1
| #define HAVE_UNISTD_H 1
| #define HAVE_DLFCN_H 1
| #define LT_OBJDIR ".libs/"
| #define STDC_HEADERS 1
| #define BYTEORDER 1234
| #define HAVE_MEMMOVE 1
| #define HAVE_BCOPY 1
| #define HAVE_SYSCALL_GETRANDOM 1
| #define HAVE_FCNTL_H 1
| #define HAVE_UNISTD_H 1
| /* end confdefs.h.  */
| #include <stdio.h>
| #ifdef HAVE_SYS_TYPES_H
| # include <sys/types.h>
| #endif
| #ifdef HAVE_SYS_STAT_H
| # include <sys/stat.h>
| #endif
| #ifdef STDC_HEADERS
| # include <stdlib.h>
| # include <stddef.h>
| #else
| # ifdef HAVE_STDLIB_H
| #  include <stdlib.h>
| # endif
| #endif
| #ifdef HAVE_STRING_H
| # if !defined STDC_HEADERS && defined HAVE_MEMORY_H
| #  include <memory.h>
| # endif
| # include <string.h>
| #endif
| #ifdef HAVE_STRINGS_H
| # include <strings.h>
| #endif
| #ifdef HAVE_INTTYPES_H
| # include <inttypes.h>
| #endif
| #ifdef HAVE_STDINT_H
| # include <stdint.h>
| #endif
| #ifdef HAVE_UNISTD_H
| # include <unistd.h>
| #endif
| int
| main ()
| {
| if (sizeof ((off_t)))
| 	    return 0;
|   ;
|   return 0;
| }
configure:17004: result: yes
configure:17021: checking for stdlib.h
configure:17021: result: yes
configure:17021: checking for unistd.h
configure:17021: result: yes
configure:17021: checking for sys/param.h
configure:17021: gcc -std=gnu99 -c -Wl,-rpath,/home/cc/ee147/fl21/class/ee147-aaf/software/python/1/lib:/home/cc/ee147/fl21/class/ee147-aaf/software/python/1/lib64 -I/home/cc/ee147/fl21/class/ee147-aaf/software/python/1/include -Wall -Wmissing-prototypes -Wstrict-prototypes -fexceptions -fno-strict-aliasing -Wl,-rpath,/home/cc/ee147/fl21/class/ee147-aaf/software/python/1/lib:/home/cc/ee147/fl21/class/ee147-aaf/software/python/1/lib64 -I/home/cc/ee147/fl21/class/ee147-aaf/software/python/1/include -DHAVE_EXPAT_CONFIG_H conftest.c >&5
configure:17021: $? = 0
configure:17021: result: yes
configure:17041: checking for getpagesize
configure:17041: gcc -std=gnu99 -o conftest -Wl,-rpath,/home/cc/ee147/fl21/class/ee147-aaf/software/python/1/lib:/home/cc/ee147/fl21/class/ee147-aaf/software/python/1/lib64 -I/home/cc/ee147/fl21/class/ee147-aaf/software/python/1/include -Wall -Wmissing-prototypes -Wstrict-prototypes -fexceptions -fno-strict-aliasing -Wl,-rpath,/home/cc/ee147/fl21/class/ee147-aaf/software/python/1/lib:/home/cc/ee147/fl21/class/ee147-aaf/software/python/1/lib64 -I/home/cc/ee147/fl21/class/ee147-aaf/software/python/1/include -DHAVE_EXPAT_CONFIG_H -Wl,-rpath,/home/cc/ee147/fl21/class/ee147-aaf/software/python/1/lib:/home/cc/ee147/fl21/class/ee147-aaf/software/python/1/lib64 -L/home/cc/ee147/fl21/class/ee147-aaf/software/python/1/lib:/home/cc/ee147/fl21/class/ee147-aaf/software/python/1/lib64 -fno-strict-aliasing conftest.c  >&5
conftest.c:56:1: warning: function declaration isn't a prototype [-Wstrict-prototypes]
 char getpagesize ();
 ^
conftest.c:65:1: warning: function declaration isn't a prototype [-Wstrict-prototypes]
 main ()
 ^
configure:17041: $? = 0
configure:17041: result: yes
configure:17050: checking for working mmap
configure:17197: gcc -std=gnu99 -o conftest -Wl,-rpath,/home/cc/ee147/fl21/class/ee147-aaf/software/python/1/lib:/home/cc/ee147/fl21/class/ee147-aaf/software/python/1/lib64 -I/home/cc/ee147/fl21/class/ee147-aaf/software/python/1/include -Wall -Wmissing-prototypes -Wstrict-prototypes -fexceptions -fno-strict-aliasing -Wl,-rpath,/home/cc/ee147/fl21/class/ee147-aaf/software/python/1/lib:/home/cc/ee147/fl21/class/ee147-aaf/software/python/1/lib64 -I/home/cc/ee147/fl21/class/ee147-aaf/software/python/1/include -DHAVE_EXPAT_CONFIG_H -Wl,-rpath,/home/cc/ee147/fl21/class/ee147-aaf/software/python/1/lib:/home/cc/ee147/fl21/class/ee147-aaf/software/python/1/lib64 -L/home/cc/ee147/fl21/class/ee147-aaf/software/python/1/lib:/home/cc/ee147/fl21/class/ee147-aaf/software/python/1/lib64 -fno-strict-aliasing conftest.c  >&5
conftest.c:132:1: warning: function declaration isn't a prototype [-Wstrict-prototypes]
 main ()
 ^
configure:17197: $? = 0
configure:17197: ./conftest
configure:17197: $? = 0
configure:17207: result: yes
configure:17379: checking that generated files are newer than configure
configure:17385: result: done
configure:17428: creating ./config.status

## ---------------------- ##
## Running config.status. ##
## ---------------------- ##

This file was extended by expat config.status 2.2.6, which was
generated by GNU Autoconf 2.69.  Invocation command line was

  CONFIG_FILES    = 
  CONFIG_HEADERS  = 
  CONFIG_LINKS    = 
  CONFIG_COMMANDS = 
  $ ./config.status 

on eda-1.EECS.Berkeley.EDU

config.status:1188: creating Makefile
config.status:1188: creating expat.pc
config.status:1188: creating doc/Makefile
config.status:1188: creating examples/Makefile
config.status:1188: creating lib/Makefile
config.status:1188: creating tests/Makefile
config.status:1188: creating tests/benchmark/Makefile
config.status:1188: creating xmlwf/Makefile
config.status:1188: creating run.sh
config.status:1188: creating expat_config.h
config.status:1369: expat_config.h is unchanged
config.status:1417: executing depfiles commands
config.status:1417: executing libtool commands

## ---------------- ##
## Cache variables. ##
## ---------------- ##


## ----------------- ##
## Output variables. ##
## ----------------- ##

ACLOCAL='${SHELL} /home/cc/ee147/fl21/class/ee147-aaf/software/expat-2.2.6/conftools/missing aclocal-1.15'
AMDEPBACKSLASH='\'
AMDEP_FALSE='#'
AMDEP_TRUE=''
AMTAR='$${TAR-tar}'
AM_BACKSLASH='\'
AM_DEFAULT_V='$(AM_DEFAULT_VERBOSITY)'
AM_DEFAULT_VERBOSITY='1'
AM_V='$(V)'
AR='ar'
AS='as'
AUTOCONF='${SHELL} /home/cc/ee147/fl21/class/ee147-aaf/software/expat-2.2.6/conftools/missing autoconf'
AUTOHEADER='${SHELL} /home/cc/ee147/fl21/class/ee147-aaf/software/expat-2.2.6/conftools/missing autoheader'
AUTOMAKE='${SHELL} /home/cc/ee147/fl21/class/ee147-aaf/software/expat-2.2.6/conftools/missing automake-1.15'
AWK='gawk'
CC='gcc -std=gnu99'
CCDEPMODE='depmode=gcc3'
CFLAGS='-Wl,-rpath,/home/cc/ee147/fl21/class/ee147-aaf/software/python/1/lib:/home/cc/ee147/fl21/class/ee147-aaf/software/python/1/lib64 -I/home/cc/ee147/fl21/class/ee147-aaf/software/python/1/include -Wall -Wmissing-prototypes -Wstrict-prototypes -fexceptions -fno-strict-aliasing'
CPP='gcc -E'
CPPFLAGS='-Wl,-rpath,/home/cc/ee147/fl21/class/ee147-aaf/software/python/1/lib:/home/cc/ee147/fl21/class/ee147-aaf/software/python/1/lib64 -I/home/cc/ee147/fl21/class/ee147-aaf/software/python/1/include -DHAVE_EXPAT_CONFIG_H'
CXX='g++'
CXXCPP='g++ -E'
CXXDEPMODE='depmode=gcc3'
CXXFLAGS='-g -O2 -fno-strict-aliasing'
CYGPATH_W='echo'
DEFS='-DHAVE_CONFIG_H'
DEPDIR='.deps'
DLLTOOL='dlltool'
DOCBOOK_TO_MAN=''
DSYMUTIL=''
DUMPBIN=''
ECHO_C=''
ECHO_N='-n'
ECHO_T=''
EGREP='/usr/bin/grep -E'
EXEEXT=''
FGREP='/usr/bin/grep -F'
FILEMAP='unixfilemap'
GREP='/usr/bin/grep'
INSTALL_DATA='${INSTALL} -m 644'
INSTALL_PROGRAM='${INSTALL}'
INSTALL_SCRIPT='${INSTALL}'
INSTALL_STRIP_PROGRAM='$(install_sh) -c -s'
LD='/usr/bin/ld -m elf_x86_64'
LDFLAGS='-Wl,-rpath,/home/cc/ee147/fl21/class/ee147-aaf/software/python/1/lib:/home/cc/ee147/fl21/class/ee147-aaf/software/python/1/lib64 -L/home/cc/ee147/fl21/class/ee147-aaf/software/python/1/lib:/home/cc/ee147/fl21/class/ee147-aaf/software/python/1/lib64 -fno-strict-aliasing'
LIBAGE='6'
LIBCURRENT='7'
LIBOBJS=''
LIBREVISION='8'
LIBS=''
LIBTOOL='$(SHELL) $(top_builddir)/libtool'
LIPO=''
LN_S='ln -s'
LTLIBOBJS=''
LT_SYS_LIBRARY_PATH=''
MAKEINFO='${SHELL} /home/cc/ee147/fl21/class/ee147-aaf/software/expat-2.2.6/conftools/missing makeinfo'
MANIFEST_TOOL=':'
MINGW_FALSE=''
MINGW_TRUE='#'
MKDIR_P='/usr/bin/mkdir -p'
NM='/usr/bin/nm -B'
NMEDIT=''
OBJDUMP='objdump'
OBJEXT='o'
OTOOL64=''
OTOOL=''
PACKAGE='expat'
PACKAGE_BUGREPORT='expat-bugs@libexpat.org'
PACKAGE_NAME='expat'
PACKAGE_STRING='expat 2.2.6'
PACKAGE_TARNAME='expat'
PACKAGE_URL=''
PACKAGE_VERSION='2.2.6'
PATH_SEPARATOR=':'
RANLIB='ranlib'
SED='/usr/bin/sed'
SET_MAKE=''
SHELL='/usr/bin/ksh'
STRIP='strip'
UNICODE_FALSE=''
UNICODE_TRUE='#'
VERSION='2.2.6'
WITH_DOCBOOK_FALSE=''
WITH_DOCBOOK_TRUE='#'
WITH_XMLWF_FALSE='#'
WITH_XMLWF_TRUE=''
ac_ct_AR='ar'
ac_ct_CC='gcc'
ac_ct_CXX='g++'
ac_ct_DUMPBIN=''
am__EXEEXT_FALSE=''
am__EXEEXT_TRUE='#'
am__fastdepCC_FALSE='#'
am__fastdepCC_TRUE=''
am__fastdepCXX_FALSE='#'
am__fastdepCXX_TRUE=''
am__include='include'
am__isrc=''
am__leading_dot='.'
am__nodep='_no'
am__quote=''
am__tar='$${TAR-tar} chof - "$$tardir"'
am__untar='$${TAR-tar} xf -'
bindir='${exec_prefix}/bin'
build='x86_64-pc-linux-gnu'
build_alias=''
build_cpu='x86_64'
build_os='linux-gnu'
build_vendor='pc'
datadir='${datarootdir}'
datarootdir='${prefix}/share'
docdir='${datarootdir}/doc/${PACKAGE_TARNAME}'
dvidir='${docdir}'
exec_prefix='${prefix}'
host='x86_64-pc-linux-gnu'
host_alias=''
host_cpu='x86_64'
host_os='linux-gnu'
host_vendor='pc'
htmldir='${docdir}'
includedir='${prefix}/include'
infodir='${datarootdir}/info'
install_sh='${SHELL} /home/cc/ee147/fl21/class/ee147-aaf/software/expat-2.2.6/conftools/install-sh'
libdir='${exec_prefix}/lib'
libexecdir='${exec_prefix}/libexec'
localedir='${datarootdir}/locale'
localstatedir='${prefix}/var'
mandir='${datarootdir}/man'
mkdir_p='$(MKDIR_P)'
oldincludedir='/usr/include'
pdfdir='${docdir}'
prefix='/home/cc/ee147/fl21/class/ee147-aaf/software/python/1'
program_transform_name='s,x,x,'
psdir='${docdir}'
sbindir='${exec_prefix}/sbin'
sharedstatedir='${prefix}/com'
sysconfdir='${prefix}/etc'
target_alias=''

## ----------- ##
## confdefs.h. ##
## ----------- ##

/* confdefs.h */
#define PACKAGE_NAME "expat"
#define PACKAGE_TARNAME "expat"
#define PACKAGE_VERSION "2.2.6"
#define PACKAGE_STRING "expat 2.2.6"
#define PACKAGE_BUGREPORT "expat-bugs@libexpat.org"
#define PACKAGE_URL ""
#define PACKAGE "expat"
#define VERSION "2.2.6"
#define STDC_HEADERS 1
#define HAVE_SYS_TYPES_H 1
#define HAVE_SYS_STAT_H 1
#define HAVE_STDLIB_H 1
#define HAVE_STRING_H 1
#define HAVE_MEMORY_H 1
#define HAVE_STRINGS_H 1
#define HAVE_INTTYPES_H 1
#define HAVE_STDINT_H 1
#define HAVE_UNISTD_H 1
#define HAVE_DLFCN_H 1
#define LT_OBJDIR ".libs/"
#define STDC_HEADERS 1
#define BYTEORDER 1234
#define HAVE_MEMMOVE 1
#define HAVE_BCOPY 1
#define HAVE_SYSCALL_GETRANDOM 1
#define HAVE_FCNTL_H 1
#define HAVE_UNISTD_H 1
#define HAVE_STDLIB_H 1
#define HAVE_UNISTD_H 1
#define HAVE_SYS_PARAM_H 1
#define HAVE_GETPAGESIZE 1
#define HAVE_MMAP 1
#define XML_NS 1
#define XML_DTD 1
#define XML_DEV_URANDOM 1
#define XML_CONTEXT_BYTES 1024

configure: caught signal 2
configure: exit 0
